
===========================================================================
 report_power
============================================================================
======================= Fastest Corner ===================================

Group                  Internal  Switching    Leakage      Total
                          Power      Power      Power      Power (Watts)
----------------------------------------------------------------
Sequential             2.23e-03   1.48e-04   2.78e-09   2.37e-03  39.5%
Combinational          9.24e-04   1.06e-03   1.67e-08   1.98e-03  33.0%
Clock                  7.46e-04   9.07e-04   5.69e-09   1.65e-03  27.5%
Macro                  0.00e+00   0.00e+00   0.00e+00   0.00e+00   0.0%
Pad                    0.00e+00   0.00e+00   0.00e+00   0.00e+00   0.0%
----------------------------------------------------------------
Total                  3.90e-03   2.11e-03   2.51e-08   6.01e-03 100.0%
                          64.8%      35.1%       0.0%

======================= Slowest Corner ===================================

Group                  Internal  Switching    Leakage      Total
                          Power      Power      Power      Power (Watts)
----------------------------------------------------------------
Sequential             1.49e-03   9.63e-05   2.53e-06   1.59e-03  38.9%
Combinational          6.69e-04   6.98e-04   1.04e-05   1.38e-03  33.7%
Clock                  5.35e-04   5.83e-04   3.30e-07   1.12e-03  27.4%
Macro                  0.00e+00   0.00e+00   0.00e+00   0.00e+00   0.0%
Pad                    0.00e+00   0.00e+00   0.00e+00   0.00e+00   0.0%
----------------------------------------------------------------
Total                  2.69e-03   1.38e-03   1.33e-05   4.08e-03 100.0%
                          66.0%      33.7%       0.3%

======================= Typical Corner ===================================

Group                  Internal  Switching    Leakage      Total
                          Power      Power      Power      Power (Watts)
----------------------------------------------------------------
Sequential             1.92e-03   1.24e-04   1.49e-09   2.04e-03  39.5%
Combinational          8.26e-04   8.92e-04   8.61e-09   1.72e-03  33.2%
Clock                  6.52e-04   7.63e-04   4.90e-09   1.41e-03  27.3%
Macro                  0.00e+00   0.00e+00   0.00e+00   0.00e+00   0.0%
Pad                    0.00e+00   0.00e+00   0.00e+00   0.00e+00   0.0%
----------------------------------------------------------------
Total                  3.40e-03   1.78e-03   1.50e-08   5.18e-03 100.0%
                          65.7%      34.3%       0.0%

