
===========================================================================
report_checks -unconstrained
===========================================================================
======================= Typical Corner ===================================

Startpoint: _4635_ (rising edge-triggered flip-flop clocked by clk)
Endpoint: _4783_ (rising edge-triggered flip-flop clocked by clk)
Path Group: clk
Path Type: max

Fanout     Cap    Slew   Delay    Time   Description
-----------------------------------------------------------------------------
                  0.15    0.00    0.00   clock clk (rise edge)
                          0.00    0.00   clock network delay (ideal)
                  0.15    0.00    0.00 ^ _4635_/CLK (sky130_fd_sc_hd__dfxtp_2)
     2    0.01    0.05    0.37    0.37 ^ _4635_/Q (sky130_fd_sc_hd__dfxtp_2)
                                         u_interface.u_compute_core.relu_data[0] (net)
                  0.05    0.00    0.37 ^ _2325_/A (sky130_fd_sc_hd__buf_1)
    10    0.03    0.35    0.31    0.68 ^ _2325_/X (sky130_fd_sc_hd__buf_1)
                                         _1818_ (net)
                  0.35    0.00    0.68 ^ _3246_/D (sky130_fd_sc_hd__nand4_2)
     4    0.01    0.12    0.18    0.86 v _3246_/Y (sky130_fd_sc_hd__nand4_2)
                                         _0486_ (net)
                  0.12    0.00    0.86 v _3248_/B2 (sky130_fd_sc_hd__a22o_2)
     2    0.01    0.05    0.27    1.14 v _3248_/X (sky130_fd_sc_hd__a22o_2)
                                         _0488_ (net)
                  0.05    0.00    1.14 v _3249_/C (sky130_fd_sc_hd__and3_2)
     3    0.01    0.05    0.23    1.37 v _3249_/X (sky130_fd_sc_hd__and3_2)
                                         _0489_ (net)
                  0.05    0.00    1.37 v _3256_/A (sky130_fd_sc_hd__or3_2)
     2    0.00    0.08    0.49    1.86 v _3256_/X (sky130_fd_sc_hd__or3_2)
                                         _0496_ (net)
                  0.08    0.00    1.86 v _3258_/A (sky130_fd_sc_hd__and2_2)
     2    0.01    0.06    0.21    2.07 v _3258_/X (sky130_fd_sc_hd__and2_2)
                                         _0498_ (net)
                  0.06    0.00    2.07 v _3259_/B (sky130_fd_sc_hd__xnor2_2)
     1    0.01    0.07    0.15    2.22 v _3259_/Y (sky130_fd_sc_hd__xnor2_2)
                                         _0499_ (net)
                  0.07    0.00    2.22 v _3260_/B (sky130_fd_sc_hd__xnor2_2)
     2    0.01    0.18    0.19    2.40 ^ _3260_/Y (sky130_fd_sc_hd__xnor2_2)
                                         _0500_ (net)
                  0.18    0.00    2.40 ^ _3266_/B (sky130_fd_sc_hd__and2_2)
     3    0.01    0.08    0.21    2.62 ^ _3266_/X (sky130_fd_sc_hd__and2_2)
                                         _0505_ (net)
                  0.08    0.00    2.62 ^ _3333_/A1 (sky130_fd_sc_hd__a21boi_2)
     2    0.01    0.06    0.08    2.70 v _3333_/Y (sky130_fd_sc_hd__a21boi_2)
                                         _0571_ (net)
                  0.06    0.00    2.70 v _3343_/A2 (sky130_fd_sc_hd__o21ai_2)
     2    0.01    0.18    0.18    2.88 ^ _3343_/Y (sky130_fd_sc_hd__o21ai_2)
                                         _0580_ (net)
                  0.18    0.00    2.88 ^ _3385_/A1 (sky130_fd_sc_hd__a21o_2)
     5    0.02    0.13    0.23    3.11 ^ _3385_/X (sky130_fd_sc_hd__a21o_2)
                                         _0621_ (net)
                  0.13    0.00    3.11 ^ _3603_/A (sky130_fd_sc_hd__nand4_2)
     3    0.01    0.12    0.12    3.23 v _3603_/Y (sky130_fd_sc_hd__nand4_2)
                                         _0835_ (net)
                  0.12    0.00    3.23 v _3854_/A1 (sky130_fd_sc_hd__a311o_2)
     6    0.02    0.09    0.41    3.64 v _3854_/X (sky130_fd_sc_hd__a311o_2)
                                         _1080_ (net)
                  0.09    0.00    3.64 v _4155_/A1 (sky130_fd_sc_hd__a2111o_2)
     4    0.01    0.10    0.50    4.14 v _4155_/X (sky130_fd_sc_hd__a2111o_2)
                                         _1375_ (net)
                  0.10    0.00    4.14 v _4245_/A2 (sky130_fd_sc_hd__a211o_2)
     5    0.02    0.08    0.41    4.55 v _4245_/X (sky130_fd_sc_hd__a211o_2)
                                         _1464_ (net)
                  0.08    0.00    4.55 v _4438_/A1 (sky130_fd_sc_hd__a311o_4)
     3    0.01    0.07    0.36    4.91 v _4438_/X (sky130_fd_sc_hd__a311o_4)
                                         _1653_ (net)
                  0.07    0.00    4.91 v _4471_/A2 (sky130_fd_sc_hd__a311o_2)
     3    0.01    0.08    0.42    5.32 v _4471_/X (sky130_fd_sc_hd__a311o_2)
                                         _1685_ (net)
                  0.08    0.00    5.32 v _4474_/B (sky130_fd_sc_hd__and3_4)
     2    0.01    0.04    0.19    5.52 v _4474_/X (sky130_fd_sc_hd__and3_4)
                                         _1688_ (net)
                  0.04    0.00    5.52 v _4476_/A (sky130_fd_sc_hd__or2_4)
     2    0.01    0.06    0.27    5.78 v _4476_/X (sky130_fd_sc_hd__or2_4)
                                         _1690_ (net)
                  0.06    0.00    5.78 v _4482_/B (sky130_fd_sc_hd__or2_4)
     2    0.00    0.05    0.24    6.02 v _4482_/X (sky130_fd_sc_hd__or2_4)
                                         _1695_ (net)
                  0.05    0.00    6.02 v _4484_/B (sky130_fd_sc_hd__or3_4)
     2    0.01    0.07    0.39    6.41 v _4484_/X (sky130_fd_sc_hd__or3_4)
                                         _1697_ (net)
                  0.07    0.00    6.41 v _4519_/A1 (sky130_fd_sc_hd__a21oi_2)
     2    0.01    0.12    0.15    6.56 ^ _4519_/Y (sky130_fd_sc_hd__a21oi_2)
                                         _1730_ (net)
                  0.12    0.00    6.56 ^ _4524_/A3 (sky130_fd_sc_hd__o31ai_2)
     3    0.01    0.07    0.09    6.66 v _4524_/Y (sky130_fd_sc_hd__o31ai_2)
                                         _1735_ (net)
                  0.07    0.00    6.66 v _4529_/B (sky130_fd_sc_hd__and3_4)
     1    0.00    0.03    0.18    6.84 v _4529_/X (sky130_fd_sc_hd__and3_4)
                                         _1739_ (net)
                  0.03    0.00    6.84 v _4532_/A2 (sky130_fd_sc_hd__o311a_4)
     1    0.00    0.04    0.34    7.18 v _4532_/X (sky130_fd_sc_hd__o311a_4)
                                         _0148_ (net)
                  0.04    0.00    7.18 v _4783_/D (sky130_fd_sc_hd__dfxtp_2)
                                  7.18   data arrival time

                  0.15    4.00    4.00   clock clk (rise edge)
                          0.00    4.00   clock network delay (ideal)
                         -0.25    3.75   clock uncertainty
                          0.00    3.75   clock reconvergence pessimism
                                  3.75 ^ _4783_/CLK (sky130_fd_sc_hd__dfxtp_2)
                         -0.09    3.66   library setup time
                                  3.66   data required time
-----------------------------------------------------------------------------
                                  3.66   data required time
                                 -7.18   data arrival time
-----------------------------------------------------------------------------
                                 -3.52   slack (VIOLATED)




===========================================================================
report_checks --slack_max -0.01
============================================================================
======================= Typical Corner ===================================

Startpoint: _4635_ (rising edge-triggered flip-flop clocked by clk)
Endpoint: _4783_ (rising edge-triggered flip-flop clocked by clk)
Path Group: clk
Path Type: max

Fanout     Cap    Slew   Delay    Time   Description
-----------------------------------------------------------------------------
                  0.15    0.00    0.00   clock clk (rise edge)
                          0.00    0.00   clock network delay (ideal)
                  0.15    0.00    0.00 ^ _4635_/CLK (sky130_fd_sc_hd__dfxtp_2)
     2    0.01    0.05    0.37    0.37 ^ _4635_/Q (sky130_fd_sc_hd__dfxtp_2)
                                         u_interface.u_compute_core.relu_data[0] (net)
                  0.05    0.00    0.37 ^ _2325_/A (sky130_fd_sc_hd__buf_1)
    10    0.03    0.35    0.31    0.68 ^ _2325_/X (sky130_fd_sc_hd__buf_1)
                                         _1818_ (net)
                  0.35    0.00    0.68 ^ _3246_/D (sky130_fd_sc_hd__nand4_2)
     4    0.01    0.12    0.18    0.86 v _3246_/Y (sky130_fd_sc_hd__nand4_2)
                                         _0486_ (net)
                  0.12    0.00    0.86 v _3248_/B2 (sky130_fd_sc_hd__a22o_2)
     2    0.01    0.05    0.27    1.14 v _3248_/X (sky130_fd_sc_hd__a22o_2)
                                         _0488_ (net)
                  0.05    0.00    1.14 v _3249_/C (sky130_fd_sc_hd__and3_2)
     3    0.01    0.05    0.23    1.37 v _3249_/X (sky130_fd_sc_hd__and3_2)
                                         _0489_ (net)
                  0.05    0.00    1.37 v _3256_/A (sky130_fd_sc_hd__or3_2)
     2    0.00    0.08    0.49    1.86 v _3256_/X (sky130_fd_sc_hd__or3_2)
                                         _0496_ (net)
                  0.08    0.00    1.86 v _3258_/A (sky130_fd_sc_hd__and2_2)
     2    0.01    0.06    0.21    2.07 v _3258_/X (sky130_fd_sc_hd__and2_2)
                                         _0498_ (net)
                  0.06    0.00    2.07 v _3259_/B (sky130_fd_sc_hd__xnor2_2)
     1    0.01    0.07    0.15    2.22 v _3259_/Y (sky130_fd_sc_hd__xnor2_2)
                                         _0499_ (net)
                  0.07    0.00    2.22 v _3260_/B (sky130_fd_sc_hd__xnor2_2)
     2    0.01    0.18    0.19    2.40 ^ _3260_/Y (sky130_fd_sc_hd__xnor2_2)
                                         _0500_ (net)
                  0.18    0.00    2.40 ^ _3266_/B (sky130_fd_sc_hd__and2_2)
     3    0.01    0.08    0.21    2.62 ^ _3266_/X (sky130_fd_sc_hd__and2_2)
                                         _0505_ (net)
                  0.08    0.00    2.62 ^ _3333_/A1 (sky130_fd_sc_hd__a21boi_2)
     2    0.01    0.06    0.08    2.70 v _3333_/Y (sky130_fd_sc_hd__a21boi_2)
                                         _0571_ (net)
                  0.06    0.00    2.70 v _3343_/A2 (sky130_fd_sc_hd__o21ai_2)
     2    0.01    0.18    0.18    2.88 ^ _3343_/Y (sky130_fd_sc_hd__o21ai_2)
                                         _0580_ (net)
                  0.18    0.00    2.88 ^ _3385_/A1 (sky130_fd_sc_hd__a21o_2)
     5    0.02    0.13    0.23    3.11 ^ _3385_/X (sky130_fd_sc_hd__a21o_2)
                                         _0621_ (net)
                  0.13    0.00    3.11 ^ _3603_/A (sky130_fd_sc_hd__nand4_2)
     3    0.01    0.12    0.12    3.23 v _3603_/Y (sky130_fd_sc_hd__nand4_2)
                                         _0835_ (net)
                  0.12    0.00    3.23 v _3854_/A1 (sky130_fd_sc_hd__a311o_2)
     6    0.02    0.09    0.41    3.64 v _3854_/X (sky130_fd_sc_hd__a311o_2)
                                         _1080_ (net)
                  0.09    0.00    3.64 v _4155_/A1 (sky130_fd_sc_hd__a2111o_2)
     4    0.01    0.10    0.50    4.14 v _4155_/X (sky130_fd_sc_hd__a2111o_2)
                                         _1375_ (net)
                  0.10    0.00    4.14 v _4245_/A2 (sky130_fd_sc_hd__a211o_2)
     5    0.02    0.08    0.41    4.55 v _4245_/X (sky130_fd_sc_hd__a211o_2)
                                         _1464_ (net)
                  0.08    0.00    4.55 v _4438_/A1 (sky130_fd_sc_hd__a311o_4)
     3    0.01    0.07    0.36    4.91 v _4438_/X (sky130_fd_sc_hd__a311o_4)
                                         _1653_ (net)
                  0.07    0.00    4.91 v _4471_/A2 (sky130_fd_sc_hd__a311o_2)
     3    0.01    0.08    0.42    5.32 v _4471_/X (sky130_fd_sc_hd__a311o_2)
                                         _1685_ (net)
                  0.08    0.00    5.32 v _4474_/B (sky130_fd_sc_hd__and3_4)
     2    0.01    0.04    0.19    5.52 v _4474_/X (sky130_fd_sc_hd__and3_4)
                                         _1688_ (net)
                  0.04    0.00    5.52 v _4476_/A (sky130_fd_sc_hd__or2_4)
     2    0.01    0.06    0.27    5.78 v _4476_/X (sky130_fd_sc_hd__or2_4)
                                         _1690_ (net)
                  0.06    0.00    5.78 v _4482_/B (sky130_fd_sc_hd__or2_4)
     2    0.00    0.05    0.24    6.02 v _4482_/X (sky130_fd_sc_hd__or2_4)
                                         _1695_ (net)
                  0.05    0.00    6.02 v _4484_/B (sky130_fd_sc_hd__or3_4)
     2    0.01    0.07    0.39    6.41 v _4484_/X (sky130_fd_sc_hd__or3_4)
                                         _1697_ (net)
                  0.07    0.00    6.41 v _4519_/A1 (sky130_fd_sc_hd__a21oi_2)
     2    0.01    0.12    0.15    6.56 ^ _4519_/Y (sky130_fd_sc_hd__a21oi_2)
                                         _1730_ (net)
                  0.12    0.00    6.56 ^ _4524_/A3 (sky130_fd_sc_hd__o31ai_2)
     3    0.01    0.07    0.09    6.66 v _4524_/Y (sky130_fd_sc_hd__o31ai_2)
                                         _1735_ (net)
                  0.07    0.00    6.66 v _4529_/B (sky130_fd_sc_hd__and3_4)
     1    0.00    0.03    0.18    6.84 v _4529_/X (sky130_fd_sc_hd__and3_4)
                                         _1739_ (net)
                  0.03    0.00    6.84 v _4532_/A2 (sky130_fd_sc_hd__o311a_4)
     1    0.00    0.04    0.34    7.18 v _4532_/X (sky130_fd_sc_hd__o311a_4)
                                         _0148_ (net)
                  0.04    0.00    7.18 v _4783_/D (sky130_fd_sc_hd__dfxtp_2)
                                  7.18   data arrival time

                  0.15    4.00    4.00   clock clk (rise edge)
                          0.00    4.00   clock network delay (ideal)
                         -0.25    3.75   clock uncertainty
                          0.00    3.75   clock reconvergence pessimism
                                  3.75 ^ _4783_/CLK (sky130_fd_sc_hd__dfxtp_2)
                         -0.09    3.66   library setup time
                                  3.66   data required time
-----------------------------------------------------------------------------
                                  3.66   data required time
                                 -7.18   data arrival time
-----------------------------------------------------------------------------
                                 -3.52   slack (VIOLATED)




===========================================================================
 report_check_types -max_slew -max_cap -max_fanout -violators
============================================================================
======================= Typical Corner ===================================


max slew violations count Typical: 0
max fanout violations count Typical: 0
max cap violations count Typical: 0

===========================================================================
report_parasitic_annotation -report_unannotated
============================================================================
Found 2529 unannotated drivers.
 clk
 m_tready
 rst
 s_tdata[0]
 s_tdata[10]
 s_tdata[11]
 s_tdata[12]
 s_tdata[13]
 s_tdata[14]
 s_tdata[15]
 s_tdata[16]
 s_tdata[17]
 s_tdata[18]
 s_tdata[19]
 s_tdata[1]
 s_tdata[20]
 s_tdata[21]
 s_tdata[22]
 s_tdata[23]
 s_tdata[2]
 s_tdata[3]
 s_tdata[4]
 s_tdata[5]
 s_tdata[6]
 s_tdata[7]
 s_tdata[8]
 s_tdata[9]
 s_tlast
 s_tvalid
 _2317_/Y
 _2318_/X
 _2319_/X
 _2320_/X
 _2321_/Y
 _2322_/X
 _2323_/X
 _2324_/X
 _2325_/X
 _2326_/X
 _2327_/X
 _2328_/X
 _2329_/X
 _2330_/Y
 _2331_/X
 _2332_/Y
 _2333_/X
 _2334_/Y
 _2335_/X
 _2336_/Y
 _2337_/Y
 _2338_/X
 _2339_/Y
 _2340_/X
 _2341_/Y
 _2342_/X
 _2343_/Y
 _2344_/X
 _2345_/Y
 _2346_/X
 _2347_/Y
 _2348_/X
 _2349_/Y
 _2350_/X
 _2351_/Y
 _2352_/X
 _2353_/Y
 _2354_/X
 _2355_/Y
 _2356_/X
 _2357_/Y
 _2358_/X
 _2359_/X
 _2360_/Y
 _2361_/X
 _2362_/Y
 _2363_/X
 _2364_/Y
 _2365_/X
 _2366_/X
 _2367_/X
 _2368_/Y
 _2369_/X
 _2370_/Y
 _2371_/X
 _2372_/Y
 _2373_/X
 _2374_/Y
 _2375_/X
 _2376_/Y
 _2377_/X
 _2378_/Y
 _2379_/X
 _2380_/Y
 _2381_/X
 _2382_/Y
 _2383_/X
 _2384_/Y
 _2385_/X
 _2386_/Y
 _2387_/X
 _2388_/Y
 _2389_/X
 _2390_/Y
 _2391_/X
 _2392_/Y
 _2393_/X
 _2394_/Y
 _2395_/X
 _2396_/Y
 _2397_/X
 _2398_/Y
 _2399_/X
 _2400_/Y
 _2401_/X
 _2402_/Y
 _2403_/Y
 _2404_/X
 _2405_/Y
 _2406_/X
 _2407_/Y
 _2408_/X
 _2409_/Y
 _2410_/Y
 _2411_/X
 _2412_/Y
 _2413_/X
 _2414_/Y
 _2415_/X
 _2416_/Y
 _2417_/X
 _2418_/Y
 _2419_/X
 _2420_/Y
 _2421_/X
 _2422_/Y
 _2423_/X
 _2424_/Y
 _2425_/X
 _2426_/Y
 _2427_/X
 _2428_/Y
 _2429_/Y
 _2430_/X
 _2431_/Y
 _2432_/Y
 _2433_/X
 _2434_/Y
 _2435_/X
 _2436_/X
 _2437_/X
 _2438_/X
 _2439_/X
 _2440_/X
 _2441_/X
 _2442_/X
 _2443_/X
 _2444_/X
 _2445_/X
 _2446_/X
 _2447_/X
 _2448_/X
 _2449_/X
 _2450_/X
 _2451_/X
 _2452_/X
 _2453_/X
 _2454_/X
 _2455_/X
 _2456_/X
 _2457_/X
 _2458_/X
 _2459_/X
 _2460_/X
 _2461_/X
 _2462_/X
 _2463_/X
 _2464_/X
 _2465_/X
 _2466_/X
 _2467_/X
 _2468_/X
 _2469_/X
 _2470_/X
 _2471_/X
 _2472_/X
 _2473_/X
 _2474_/X
 _2475_/X
 _2476_/X
 _2477_/X
 _2478_/X
 _2479_/X
 _2480_/X
 _2481_/X
 _2482_/X
 _2483_/X
 _2484_/X
 _2485_/X
 _2486_/X
 _2487_/X
 _2488_/X
 _2489_/X
 _2490_/X
 _2491_/X
 _2492_/X
 _2493_/X
 _2494_/X
 _2495_/X
 _2496_/X
 _2497_/X
 _2498_/X
 _2499_/X
 _2500_/X
 _2501_/X
 _2502_/X
 _2503_/X
 _2504_/X
 _2505_/X
 _2506_/X
 _2507_/X
 _2508_/X
 _2509_/X
 _2510_/X
 _2511_/X
 _2512_/X
 _2513_/X
 _2514_/X
 _2515_/X
 _2516_/X
 _2517_/X
 _2518_/X
 _2519_/X
 _2520_/X
 _2521_/X
 _2522_/X
 _2523_/X
 _2524_/X
 _2525_/X
 _2526_/X
 _2527_/X
 _2528_/X
 _2529_/X
 _2530_/X
 _2531_/X
 _2532_/Y
 _2533_/X
 _2534_/Y
 _2535_/X
 _2536_/Y
 _2537_/X
 _2538_/Y
 _2539_/X
 _2540_/X
 _2541_/Y
 _2542_/X
 _2543_/X
 _2544_/Y
 _2545_/X
 _2546_/Y
 _2547_/X
 _2548_/X
 _2549_/Y
 _2550_/X
 _2551_/X
 _2552_/X
 _2553_/X
 _2554_/Y
 _2555_/X
 _2556_/X
 _2557_/Y
 _2558_/X
 _2559_/X
 _2560_/X
 _2561_/X
 _2562_/Y
 _2563_/X
 _2564_/Y
 _2565_/X
 _2566_/X
 _2567_/Y
 _2568_/X
 _2569_/X
 _2570_/X
 _2571_/Y
 _2572_/Y
 _2573_/Y
 _2574_/Y
 _2575_/X
 _2576_/X
 _2577_/X
 _2578_/X
 _2579_/Y
 _2580_/X
 _2581_/X
 _2582_/X
 _2583_/X
 _2584_/Y
 _2585_/X
 _2586_/X
 _2587_/Y
 _2588_/X
 _2589_/X
 _2590_/X
 _2591_/Y
 _2592_/X
 _2593_/X
 _2594_/X
 _2595_/Y
 _2596_/X
 _2597_/X
 _2598_/Y
 _2599_/X
 _2600_/X
 _2601_/X
 _2602_/Y
 _2603_/X
 _2604_/Y
 _2605_/Y
 _2606_/Y
 _2607_/X
 _2608_/X
 _2609_/Y
 _2610_/X
 _2611_/Y
 _2612_/Y
 _2613_/Y
 _2614_/X
 _2615_/Y
 _2616_/X
 _2617_/Y
 _2618_/X
 _2619_/Y
 _2620_/Y
 _2621_/Y
 _2622_/X
 _2623_/Y
 _2624_/Y
 _2625_/X
 _2626_/Y
 _2627_/X
 _2628_/X
 _2629_/Y
 _2630_/X
 _2631_/Y
 _2632_/X
 _2633_/Y
 _2634_/Y
 _2635_/X
 _2636_/X
 _2637_/Y
 _2638_/X
 _2639_/Y
 _2640_/Y
 _2641_/X
 _2642_/X
 _2643_/Y
 _2644_/X
 _2645_/X
 _2646_/Y
 _2647_/X
 _2648_/X
 _2649_/X
 _2650_/X
 _2651_/Y
 _2652_/Y
 _2653_/X
 _2654_/X
 _2655_/X
 _2656_/Y
 _2657_/Y
 _2658_/Y
 _2659_/X
 _2660_/X
 _2661_/Y
 _2662_/X
 _2663_/Y
 _2664_/Y
 _2665_/X
 _2666_/X
 _2667_/X
 _2668_/Y
 _2669_/X
 _2670_/Y
 _2671_/Y
 _2672_/X
 _2673_/Y
 _2674_/X
 _2675_/X
 _2676_/Y
 _2677_/X
 _2678_/X
 _2679_/X
 _2680_/X
 _2681_/Y
 _2682_/X
 _2683_/X
 _2684_/X
 _2685_/Y
 _2686_/X
 _2687_/X
 _2688_/X
 _2689_/X
 _2690_/X
 _2691_/Y
 _2692_/X
 _2693_/Y
 _2694_/Y
 _2695_/X
 _2696_/X
 _2697_/Y
 _2698_/Y
 _2699_/X
 _2700_/X
 _2701_/X
 _2702_/X
 _2703_/Y
 _2704_/X
 _2705_/X
 _2706_/X
 _2707_/X
 _2708_/X
 _2709_/X
 _2710_/Y
 _2711_/X
 _2712_/Y
 _2713_/X
 _2714_/X
 _2715_/X
 _2716_/X
 _2717_/X
 _2718_/Y
 _2719_/X
 _2720_/X
 _2721_/X
 _2722_/X
 _2723_/Y
 _2724_/Y
 _2725_/Y
 _2726_/Y
 _2727_/X
 _2728_/X
 _2729_/X
 _2730_/Y
 _2731_/X
 _2732_/Y
 _2733_/X
 _2734_/X
 _2735_/X
 _2736_/Y
 _2737_/X
 _2738_/Y
 _2739_/X
 _2740_/X
 _2741_/X
 _2742_/Y
 _2743_/Y
 _2744_/Y
 _2745_/X
 _2746_/X
 _2747_/Y
 _2748_/X
 _2749_/Y
 _2750_/X
 _2751_/X
 _2752_/X
 _2753_/X
 _2754_/X
 _2755_/Y
 _2756_/X
 _2757_/Y
 _2758_/X
 _2759_/X
 _2760_/X
 _2761_/X
 _2762_/X
 _2763_/X
 _2764_/X
 _2765_/X
 _2766_/Y
 _2767_/X
 _2768_/X
 _2769_/X
 _2770_/X
 _2771_/Y
 _2772_/Y
 _2773_/X
 _2774_/X
 _2775_/X
 _2776_/Y
 _2777_/X
 _2778_/X
 _2779_/X
 _2780_/X
 _2781_/X
 _2782_/Y
 _2783_/X
 _2784_/Y
 _2785_/X
 _2786_/Y
 _2787_/X
 _2788_/X
 _2789_/Y
 _2790_/X
 _2791_/X
 _2792_/Y
 _2793_/X
 _2794_/X
 _2795_/X
 _2796_/X
 _2797_/Y
 _2798_/X
 _2799_/Y
 _2800_/Y
 _2801_/X
 _2802_/Y
 _2803_/Y
 _2804_/X
 _2805_/Y
 _2806_/X
 _2807_/Y
 _2808_/X
 _2809_/Y
 _2810_/Y
 _2811_/Y
 _2812_/Y
 _2813_/X
 _2814_/X
 _2815_/X
 _2816_/Y
 _2817_/Y
 _2818_/X
 _2819_/Y
 _2820_/Y
 _2821_/Y
 _2822_/Y
 _2823_/X
 _2824_/X
 _2825_/Y
 _2826_/Y
 _2827_/X
 _2828_/X
 _2829_/X
 _2830_/Y
 _2831_/X
 _2832_/Y
 _2833_/X
 _2834_/Y
 _2835_/Y
 _2836_/Y
 _2837_/X
 _2838_/X
 _2839_/Y
 _2840_/X
 _2841_/Y
 _2842_/X
 _2843_/X
 _2844_/X
 _2845_/X
 _2846_/X
 _2847_/X
 _2848_/X
 _2849_/Y
 _2850_/X
 _2851_/Y
 _2852_/X
 _2853_/Y
 _2854_/Y
 _2855_/Y
 _2856_/Y
 _2857_/X
 _2858_/X
 _2859_/X
 _2860_/X
 _2861_/Y
 _2862_/X
 _2863_/Y
 _2864_/Y
 _2865_/Y
 _2866_/Y
 _2867_/Y
 _2868_/X
 _2869_/Y
 _2870_/Y
 _2871_/Y
 _2872_/X
 _2873_/Y
 _2874_/X
 _2875_/Y
 _2876_/Y
 _2877_/X
 _2878_/X
 _2879_/X
 _2880_/Y
 _2881_/X
 _2882_/X
 _2883_/X
 _2884_/Y
 _2885_/Y
 _2886_/X
 _2887_/X
 _2888_/Y
 _2889_/Y
 _2890_/Y
 _2891_/Y
 _2892_/Y
 _2893_/X
 _2894_/X
 _2895_/Y
 _2896_/X
 _2897_/Y
 _2898_/X
 _2899_/X
 _2900_/X
 _2901_/Y
 _2902_/X
 _2903_/X
 _2904_/X
 _2905_/Y
 _2906_/Y
 _2907_/X
 _2908_/Y
 _2909_/Y
 _2910_/Y
 _2911_/X
 _2912_/Y
 _2913_/X
 _2914_/X
 _2915_/X
 _2916_/X
 _2917_/Y
 _2918_/X
 _2919_/X
 _2920_/Y
 _2921_/X
 _2922_/X
 _2923_/X
 _2924_/X
 _2925_/X
 _2926_/Y
 _2927_/X
 _2928_/X
 _2929_/X
 _2930_/Y
 _2931_/X
 _2932_/Y
 _2933_/Y
 _2934_/Y
 _2935_/X
 _2936_/X
 _2937_/Y
 _2938_/X
 _2939_/Y
 _2940_/X
 _2941_/X
 _2942_/Y
 _2943_/Y
 _2944_/Y
 _2945_/X
 _2946_/Y
 _2947_/X
 _2948_/X
 _2949_/Y
 _2950_/X
 _2951_/Y
 _2952_/Y
 _2953_/Y
 _2954_/Y
 _2955_/Y
 _2956_/X
 _2957_/X
 _2958_/X
 _2959_/Y
 _2960_/X
 _2961_/Y
 _2962_/X
 _2963_/Y
 _2964_/X
 _2965_/X
 _2966_/Y
 _2967_/Y
 _2968_/X
 _2969_/X
 _2970_/X
 _2971_/Y
 _2972_/Y
 _2973_/Y
 _2974_/X
 _2975_/X
 _2976_/Y
 _2977_/X
 _2978_/Y
 _2979_/Y
 _2980_/X
 _2981_/Y
 _2982_/Y
 _2983_/X
 _2984_/Y
 _2985_/X
 _2986_/Y
 _2987_/X
 _2988_/X
 _2989_/Y
 _2990_/X
 _2991_/Y
 _2992_/X
 _2993_/Y
 _2994_/X
 _2995_/Y
 _2996_/X
 _2997_/X
 _2998_/Y
 _2999_/X
 _3000_/X
 _3001_/X
 _3002_/X
 _3003_/Y
 _3004_/X
 _3005_/X
 _3006_/Y
 _3007_/X
 _3008_/X
 _3009_/Y
 _3010_/Y
 _3011_/X
 _3012_/Y
 _3013_/Y
 _3014_/X
 _3015_/X
 _3016_/X
 _3017_/X
 _3018_/X
 _3019_/Y
 _3020_/X
 _3021_/X
 _3022_/Y
 _3023_/X
 _3024_/X
 _3025_/Y
 _3026_/X
 _3027_/Y
 _3028_/X
 _3029_/Y
 _3030_/X
 _3031_/Y
 _3032_/Y
 _3033_/X
 _3034_/Y
 _3035_/Y
 _3036_/Y
 _3037_/Y
 _3038_/X
 _3039_/Y
 _3040_/X
 _3041_/X
 _3042_/Y
 _3043_/X
 _3044_/X
 _3045_/X
 _3046_/Y
 _3047_/Y
 _3048_/X
 _3049_/Y
 _3050_/X
 _3051_/X
 _3052_/X
 _3053_/X
 _3054_/Y
 _3055_/Y
 _3056_/X
 _3057_/Y
 _3058_/Y
 _3059_/X
 _3060_/Y
 _3061_/X
 _3062_/Y
 _3063_/X
 _3064_/Y
 _3065_/X
 _3066_/X
 _3067_/Y
 _3068_/Y
 _3069_/X
 _3070_/Y
 _3071_/Y
 _3072_/Y
 _3073_/X
 _3074_/Y
 _3075_/X
 _3076_/Y
 _3077_/X
 _3078_/Y
 _3079_/X
 _3080_/X
 _3081_/X
 _3082_/Y
 _3083_/Y
 _3084_/Y
 _3085_/X
 _3086_/Y
 _3087_/Y
 _3088_/Y
 _3089_/Y
 _3090_/X
 _3091_/X
 _3092_/X
 _3093_/Y
 _3094_/Y
 _3095_/Y
 _3096_/X
 _3097_/X
 _3098_/X
 _3099_/Y
 _3100_/Y
 _3101_/X
 _3102_/Y
 _3103_/X
 _3104_/X
 _3105_/Y
 _3106_/X
 _3107_/Y
 _3108_/X
 _3109_/Y
 _3110_/X
 _3111_/Y
 _3112_/Y
 _3113_/X
 _3114_/Y
 _3115_/X
 _3116_/X
 _3117_/Y
 _3118_/X
 _3119_/X
 _3120_/Y
 _3121_/X
 _3122_/Y
 _3123_/X
 _3124_/Y
 _3125_/X
 _3126_/Y
 _3127_/Y
 _3128_/X
 _3129_/X
 _3130_/Y
 _3131_/Y
 _3132_/X
 _3133_/X
 _3134_/X
 _3135_/X
 _3136_/X
 _3137_/Y
 _3138_/X
 _3139_/X
 _3140_/X
 _3141_/Y
 _3142_/X
 _3143_/Y
 _3144_/Y
 _3145_/Y
 _3146_/X
 _3147_/Y
 _3148_/X
 _3149_/Y
 _3150_/Y
 _3151_/Y
 _3152_/Y
 _3153_/X
 _3154_/X
 _3155_/X
 _3156_/Y
 _3157_/X
 _3158_/X
 _3159_/X
 _3160_/X
 _3161_/Y
 _3162_/Y
 _3163_/Y
 _3164_/Y
 _3165_/X
 _3166_/X
 _3167_/X
 _3168_/X
 _3169_/X
 _3170_/X
 _3171_/X
 _3172_/X
 _3173_/X
 _3174_/X
 _3175_/X
 _3176_/X
 _3177_/X
 _3178_/X
 _3179_/X
 _3180_/X
 _3181_/X
 _3182_/X
 _3183_/X
 _3184_/X
 _3185_/X
 _3186_/X
 _3187_/X
 _3188_/X
 _3189_/X
 _3190_/X
 _3191_/X
 _3192_/X
 _3193_/X
 _3194_/X
 _3195_/X
 _3196_/X
 _3197_/X
 _3198_/X
 _3199_/X
 _3200_/X
 _3201_/X
 _3202_/X
 _3203_/X
 _3204_/X
 _3205_/X
 _3206_/X
 _3207_/X
 _3208_/X
 _3209_/X
 _3210_/X
 _3211_/X
 _3212_/X
 _3213_/X
 _3214_/X
 _3215_/X
 _3216_/X
 _3217_/X
 _3218_/X
 _3219_/X
 _3220_/Y
 _3221_/X
 _3222_/X
 _3223_/X
 _3224_/X
 _3225_/X
 _3226_/Y
 _3227_/X
 _3228_/X
 _3229_/X
 _3230_/X
 _3231_/X
 _3232_/X
 _3233_/X
 _3234_/X
 _3235_/Y
 _3236_/Y
 _3237_/Y
 _3238_/X
 _3239_/X
 _3240_/X
 _3241_/Y
 _3242_/Y
 _3243_/X
 _3244_/X
 _3245_/X
 _3246_/Y
 _3247_/Y
 _3248_/X
 _3249_/X
 _3250_/Y
 _3251_/Y
 _3252_/Y
 _3253_/X
 _3254_/Y
 _3255_/Y
 _3256_/X
 _3257_/Y
 _3258_/X
 _3259_/Y
 _3260_/Y
 _3261_/Y
 _3262_/Y
 _3263_/X
 _3264_/X
 _3265_/X
 _3266_/X
 _3267_/X
 _3268_/Y
 _3269_/X
 _3270_/Y
 _3271_/Y
 _3272_/X
 _3273_/Y
 _3274_/X
 _3275_/Y
 _3276_/X
 _3277_/Y
 _3278_/Y
 _3279_/X
 _3280_/Y
 _3281_/X
 _3282_/Y
 _3283_/X
 _3284_/Y
 _3285_/X
 _3286_/X
 _3287_/Y
 _3288_/X
 _3289_/Y
 _3290_/X
 _3291_/X
 _3292_/Y
 _3293_/X
 _3294_/Y
 _3295_/X
 _3296_/X
 _3297_/X
 _3298_/X
 _3299_/X
 _3300_/Y
 _3301_/Y
 _3302_/X
 _3303_/X
 _3304_/Y
 _3305_/X
 _3306_/Y
 _3307_/X
 _3308_/Y
 _3309_/Y
 _3310_/Y
 _3311_/X
 _3312_/X
 _3313_/X
 _3314_/Y
 _3315_/X
 _3316_/Y
 _3317_/X
 _3318_/Y
 _3319_/Y
 _3320_/X
 _3321_/X
 _3322_/X
 _3323_/Y
 _3324_/Y
 _3325_/X
 _3326_/Y
 _3327_/X
 _3328_/Y
 _3329_/X
 _3330_/Y
 _3331_/Y
 _3332_/X
 _3333_/Y
 _3334_/X
 _3335_/X
 _3336_/X
 _3337_/X
 _3338_/X
 _3339_/Y
 _3340_/X
 _3341_/X
 _3342_/X
 _3343_/Y
 _3344_/X
 _3345_/X
 _3346_/Y
 _3347_/Y
 _3348_/Y
 _3349_/Y
 _3350_/X
 _3351_/Y
 _3352_/Y
 _3353_/Y
 _3354_/Y
 _3355_/X
 _3356_/X
 _3357_/Y
 _3358_/Y
 _3359_/X
 _3360_/Y
 _3361_/X
 _3362_/X
 _3363_/Y
 _3364_/X
 _3365_/X
 _3366_/Y
 _3367_/Y
 _3368_/X
 _3369_/Y
 _3370_/Y
 _3371_/Y
 _3372_/X
 _3373_/Y
 _3374_/X
 _3375_/Y
 _3376_/Y
 _3377_/X
 _3378_/X
 _3379_/X
 _3380_/X
 _3381_/X
 _3382_/Y
 _3383_/X
 _3384_/X
 _3385_/X
 _3386_/X
 _3387_/X
 _3388_/X
 _3389_/X
 _3390_/X
 _3391_/X
 _3392_/Y
 _3393_/X
 _3394_/X
 _3395_/X
 _3396_/Y
 _3397_/X
 _3398_/X
 _3399_/Y
 _3400_/Y
 _3401_/X
 _3402_/Y
 _3403_/X
 _3404_/Y
 _3405_/Y
 _3406_/Y
 _3407_/Y
 _3408_/Y
 _3409_/X
 _3410_/X
 _3411_/X
 _3412_/Y
 _3413_/X
 _3414_/X
 _3415_/Y
 _3416_/Y
 _3417_/Y
 _3418_/Y
 _3419_/X
 _3420_/Y
 _3421_/Y
 _3422_/Y
 _3423_/Y
 _3424_/X
 _3425_/Y
 _3426_/X
 _3427_/Y
 _3428_/Y
 _3429_/X
 _3430_/X
 _3431_/X
 _3432_/X
 _3433_/Y
 _3434_/X
 _3435_/Y
 _3436_/Y
 _3437_/X
 _3438_/X
 _3439_/X
 _3440_/X
 _3441_/X
 _3442_/Y
 _3443_/Y
 _3444_/X
 _3445_/X
 _3446_/Y
 _3447_/Y
 _3448_/Y
 _3449_/Y
 _3450_/X
 _3451_/Y
 _3452_/Y
 _3453_/Y
 _3454_/X
 _3455_/X
 _3456_/X
 _3457_/X
 _3458_/Y
 _3459_/X
 _3460_/Y
 _3461_/Y
 _3462_/X
 _3463_/X
 _3464_/X
 _3465_/Y
 _3466_/X
 _3467_/Y
 _3468_/Y
 _3469_/X
 _3470_/X
 _3471_/Y
 _3472_/Y
 _3473_/Y
 _3474_/X
 _3475_/Y
 _3476_/Y
 _3477_/X
 _3478_/X
 _3479_/X
 _3480_/X
 _3481_/X
 _3482_/X
 _3483_/X
 _3484_/Y
 _3485_/X
 _3486_/X
 _3487_/Y
 _3488_/Y
 _3489_/Y
 _3490_/X
 _3491_/Y
 _3492_/Y
 _3493_/Y
 _3494_/Y
 _3495_/Y
 _3496_/Y
 _3497_/Y
 _3498_/Y
 _3499_/X
 _3500_/X
 _3501_/X
 _3502_/Y
 _3503_/X
 _3504_/Y
 _3505_/Y
 _3506_/X
 _3507_/X
 _3508_/X
 _3509_/Y
 _3510_/Y
 _3511_/X
 _3512_/Y
 _3513_/X
 _3514_/X
 _3515_/X
 _3516_/X
 _3517_/X
 _3518_/X
 _3519_/X
 _3520_/X
 _3521_/X
 _3522_/X
 _3523_/X
 _3524_/Y
 _3525_/X
 _3526_/Y
 _3527_/X
 _3528_/X
 _3529_/X
 _3530_/X
 _3531_/X
 _3532_/Y
 _3533_/X
 _3534_/X
 _3535_/Y
 _3536_/Y
 _3537_/Y
 _3538_/X
 _3539_/Y
 _3540_/Y
 _3541_/Y
 _3542_/Y
 _3543_/X
 _3544_/Y
 _3545_/Y
 _3546_/Y
 _3547_/X
 _3548_/X
 _3549_/X
 _3550_/Y
 _3551_/X
 _3552_/Y
 _3553_/Y
 _3554_/X
 _3555_/X
 _3556_/X
 _3557_/Y
 _3558_/X
 _3559_/X
 _3560_/Y
 _3561_/Y
 _3562_/Y
 _3563_/X
 _3564_/X
 _3565_/X
 _3566_/Y
 _3567_/X
 _3568_/X
 _3569_/X
 _3570_/X
 _3571_/X
 _3572_/Y
 _3573_/X
 _3574_/X
 _3575_/Y
 _3576_/Y
 _3577_/Y
 _3578_/X
 _3579_/Y
 _3580_/Y
 _3581_/Y
 _3582_/Y
 _3583_/X
 _3584_/Y
 _3585_/Y
 _3586_/Y
 _3587_/X
 _3588_/X
 _3589_/X
 _3590_/Y
 _3591_/X
 _3592_/Y
 _3593_/Y
 _3594_/X
 _3595_/X
 _3596_/X
 _3597_/Y
 _3598_/Y
 _3599_/X
 _3600_/Y
 _3601_/X
 _3602_/X
 _3603_/Y
 _3604_/X
 _3605_/X
 _3606_/X
 _3607_/Y
 _3608_/Y
 _3609_/X
 _3610_/X
 _3611_/Y
 _3612_/Y
 _3613_/X
 _3614_/X
 _3615_/X
 _3616_/X
 _3617_/X
 _3618_/Y
 _3619_/X
 _3620_/X
 _3621_/Y
 _3622_/Y
 _3623_/Y
 _3624_/X
 _3625_/Y
 _3626_/Y
 _3627_/Y
 _3628_/Y
 _3629_/X
 _3630_/Y
 _3631_/Y
 _3632_/Y
 _3633_/X
 _3634_/X
 _3635_/X
 _3636_/Y
 _3637_/X
 _3638_/Y
 _3639_/Y
 _3640_/X
 _3641_/X
 _3642_/X
 _3643_/Y
 _3644_/Y
 _3645_/X
 _3646_/Y
 _3647_/X
 _3648_/X
 _3649_/X
 _3650_/X
 _3651_/Y
 _3652_/X
 _3653_/X
 _3654_/Y
 _3655_/Y
 _3656_/Y
 _3657_/X
 _3658_/Y
 _3659_/X
 _3660_/Y
 _3661_/X
 _3662_/X
 _3663_/X
 _3664_/X
 _3665_/X
 _3666_/X
 _3667_/X
 _3668_/Y
 _3669_/X
 _3670_/X
 _3671_/Y
 _3672_/Y
 _3673_/Y
 _3674_/X
 _3675_/Y
 _3676_/Y
 _3677_/Y
 _3678_/Y
 _3679_/X
 _3680_/Y
 _3681_/Y
 _3682_/Y
 _3683_/X
 _3684_/X
 _3685_/X
 _3686_/Y
 _3687_/X
 _3688_/Y
 _3689_/Y
 _3690_/X
 _3691_/X
 _3692_/Y
 _3693_/X
 _3694_/Y
 _3695_/X
 _3696_/Y
 _3697_/X
 _3698_/X
 _3699_/Y
 _3700_/X
 _3701_/X
 _3702_/Y
 _3703_/Y
 _3704_/X
 _3705_/Y
 _3706_/Y
 _3707_/X
 _3708_/X
 _3709_/X
 _3710_/X
 _3711_/X
 _3712_/X
 _3713_/X
 _3714_/X
 _3715_/X
 _3716_/Y
 _3717_/X
 _3718_/Y
 _3719_/X
 _3720_/X
 _3721_/Y
 _3722_/Y
 _3723_/Y
 _3724_/X
 _3725_/Y
 _3726_/Y
 _3727_/Y
 _3728_/Y
 _3729_/X
 _3730_/Y
 _3731_/Y
 _3732_/Y
 _3733_/X
 _3734_/X
 _3735_/X
 _3736_/Y
 _3737_/X
 _3738_/Y
 _3739_/Y
 _3740_/X
 _3741_/X
 _3742_/X
 _3743_/Y
 _3744_/Y
 _3745_/X
 _3746_/Y
 _3747_/Y
 _3748_/Y
 _3749_/Y
 _3750_/X
 _3751_/Y
 _3752_/X
 _3753_/Y
 _3754_/X
 _3755_/X
 _3756_/X
 _3757_/X
 _3758_/X
 _3759_/X
 _3760_/Y
 _3761_/X
 _3762_/X
 _3763_/Y
 _3764_/Y
 _3765_/Y
 _3766_/X
 _3767_/Y
 _3768_/Y
 _3769_/Y
 _3770_/Y
 _3771_/Y
 _3772_/Y
 _3773_/Y
 _3774_/Y
 _3775_/X
 _3776_/X
 _3777_/X
 _3778_/Y
 _3779_/X
 _3780_/Y
 _3781_/Y
 _3782_/X
 _3783_/X
 _3784_/X
 _3785_/Y
 _3786_/Y
 _3787_/X
 _3788_/Y
 _3789_/X
 _3790_/Y
 _3791_/X
 _3792_/X
 _3793_/X
 _3794_/Y
 _3795_/X
 _3796_/Y
 _3797_/X
 _3798_/X
 _3799_/Y
 _3800_/Y
 _3801_/Y
 _3802_/Y
 _3803_/X
 _3804_/Y
 _3805_/X
 _3806_/X
 _3807_/X
 _3808_/X
 _3809_/X
 _3810_/Y
 _3811_/X
 _3812_/X
 _3813_/X
 _3814_/Y
 _3815_/X
 _3816_/X
 _3817_/Y
 _3818_/X
 _3819_/X
 _3820_/Y
 _3821_/Y
 _3822_/Y
 _3823_/Y
 _3824_/X
 _3825_/X
 _3826_/X
 _3827_/Y
 _3828_/X
 _3829_/Y
 _3830_/Y
 _3831_/Y
 _3832_/Y
 _3833_/Y
 _3834_/Y
 _3835_/X
 _3836_/X
 _3837_/X
 _3838_/X
 _3839_/Y
 _3840_/Y
 _3841_/X
 _3842_/Y
 _3843_/X
 _3844_/Y
 _3845_/X
 _3846_/X
 _3847_/Y
 _3848_/X
 _3849_/Y
 _3850_/X
 _3851_/X
 _3852_/X
 _3853_/X
 _3854_/X
 _3855_/Y
 _3856_/Y
 _3857_/X
 _3858_/Y
 _3859_/X
 _3860_/X
 _3861_/Y
 _3862_/Y
 _3863_/Y
 _3864_/Y
 _3865_/Y
 _3866_/X
 _3867_/X
 _3868_/X
 _3869_/Y
 _3870_/X
 _3871_/Y
 _3872_/Y
 _3873_/Y
 _3874_/Y
 _3875_/Y
 _3876_/Y
 _3877_/Y
 _3878_/Y
 _3879_/Y
 _3880_/X
 _3881_/Y
 _3882_/X
 _3883_/X
 _3884_/Y
 _3885_/X
 _3886_/X
 _3887_/Y
 _3888_/Y
 _3889_/X
 _3890_/X
 _3891_/X
 _3892_/Y
 _3893_/Y
 _3894_/X
 _3895_/Y
 _3896_/X
 _3897_/Y
 _3898_/X
 _3899_/Y
 _3900_/Y
 _3901_/Y
 _3902_/X
 _3903_/X
 _3904_/X
 _3905_/X
 _3906_/Y
 _3907_/Y
 _3908_/Y
 _3909_/Y
 _3910_/Y
 _3911_/X
 _3912_/X
 _3913_/X
 _3914_/Y
 _3915_/X
 _3916_/Y
 _3917_/Y
 _3918_/Y
 _3919_/Y
 _3920_/Y
 _3921_/Y
 _3922_/Y
 _3923_/Y
 _3924_/Y
 _3925_/X
 _3926_/X
 _3927_/Y
 _3928_/X
 _3929_/X
 _3930_/Y
 _3931_/X
 _3932_/X
 _3933_/Y
 _3934_/X
 _3935_/X
 _3936_/Y
 _3937_/Y
 _3938_/X
 _3939_/X
 _3940_/X
 _3941_/Y
 _3942_/X
 _3943_/X
 _3944_/Y
 _3945_/Y
 _3946_/X
 _3947_/Y
 _3948_/X
 _3949_/Y
 _3950_/X
 _3951_/Y
 _3952_/X
 _3953_/X
 _3954_/X
 _3955_/X
 _3956_/Y
 _3957_/Y
 _3958_/Y
 _3959_/Y
 _3960_/X
 _3961_/X
 _3962_/X
 _3963_/Y
 _3964_/X
 _3965_/Y
 _3966_/Y
 _3967_/Y
 _3968_/Y
 _3969_/Y
 _3970_/Y
 _3971_/Y
 _3972_/X
 _3973_/X
 _3974_/X
 _3975_/X
 _3976_/Y
 _3977_/X
 _3978_/Y
 _3979_/Y
 _3980_/Y
 _3981_/X
 _3982_/Y
 _3983_/X
 _3984_/X
 _3985_/Y
 _3986_/Y
 _3987_/X
 _3988_/X
 _3989_/X
 _3990_/Y
 _3991_/Y
 _3992_/X
 _3993_/X
 _3994_/X
 _3995_/Y
 _3996_/Y
 _3997_/X
 _3998_/X
 _3999_/X
 _4000_/Y
 _4001_/Y
 _4002_/X
 _4003_/X
 _4004_/X
 _4005_/X
 _4006_/Y
 _4007_/Y
 _4008_/Y
 _4009_/Y
 _4010_/X
 _4011_/X
 _4012_/X
 _4013_/Y
 _4014_/X
 _4015_/Y
 _4016_/Y
 _4017_/Y
 _4018_/Y
 _4019_/Y
 _4020_/Y
 _4021_/Y
 _4022_/X
 _4023_/X
 _4024_/X
 _4025_/X
 _4026_/Y
 _4027_/X
 _4028_/Y
 _4029_/Y
 _4030_/Y
 _4031_/X
 _4032_/X
 _4033_/X
 _4034_/X
 _4035_/Y
 _4036_/X
 _4037_/Y
 _4038_/Y
 _4039_/X
 _4040_/X
 _4041_/Y
 _4042_/X
 _4043_/Y
 _4044_/Y
 _4045_/Y
 _4046_/Y
 _4047_/X
 _4048_/Y
 _4049_/Y
 _4050_/Y
 _4051_/X
 _4052_/X
 _4053_/X
 _4054_/X
 _4055_/X
 _4056_/Y
 _4057_/Y
 _4058_/Y
 _4059_/Y
 _4060_/Y
 _4061_/X
 _4062_/X
 _4063_/X
 _4064_/Y
 _4065_/X
 _4066_/Y
 _4067_/Y
 _4068_/Y
 _4069_/Y
 _4070_/Y
 _4071_/Y
 _4072_/Y
 _4073_/X
 _4074_/X
 _4075_/X
 _4076_/Y
 _4077_/X
 _4078_/Y
 _4079_/Y
 _4080_/Y
 _4081_/X
 _4082_/X
 _4083_/X
 _4084_/X
 _4085_/Y
 _4086_/X
 _4087_/Y
 _4088_/Y
 _4089_/Y
 _4090_/X
 _4091_/X
 _4092_/X
 _4093_/Y
 _4094_/Y
 _4095_/X
 _4096_/Y
 _4097_/X
 _4098_/X
 _4099_/X
 _4100_/X
 _4101_/X
 _4102_/X
 _4103_/X
 _4104_/Y
 _4105_/X
 _4106_/Y
 _4107_/Y
 _4108_/Y
 _4109_/Y
 _4110_/Y
 _4111_/Y
 _4112_/Y
 _4113_/Y
 _4114_/X
 _4115_/Y
 _4116_/Y
 _4117_/Y
 _4118_/Y
 _4119_/X
 _4120_/Y
 _4121_/Y
 _4122_/X
 _4123_/X
 _4124_/X
 _4125_/Y
 _4126_/X
 _4127_/Y
 _4128_/Y
 _4129_/Y
 _4130_/X
 _4131_/X
 _4132_/X
 _4133_/X
 _4134_/Y
 _4135_/Y
 _4136_/X
 _4137_/Y
 _4138_/X
 _4139_/Y
 _4140_/Y
 _4141_/Y
 _4142_/X
 _4143_/X
 _4144_/Y
 _4145_/X
 _4146_/X
 _4147_/X
 _4148_/Y
 _4149_/X
 _4150_/X
 _4151_/X
 _4152_/X
 _4153_/Y
 _4154_/X
 _4155_/X
 _4156_/X
 _4157_/X
 _4158_/X
 _4159_/Y
 _4160_/X
 _4161_/Y
 _4162_/Y
 _4163_/Y
 _4164_/X
 _4165_/Y
 _4166_/Y
 _4167_/Y
 _4168_/X
 _4169_/Y
 _4170_/Y
 _4171_/Y
 _4172_/Y
 _4173_/Y
 _4174_/Y
 _4175_/X
 _4176_/X
 _4177_/X
 _4178_/Y
 _4179_/X
 _4180_/Y
 _4181_/Y
 _4182_/Y
 _4183_/X
 _4184_/X
 _4185_/X
 _4186_/Y
 _4187_/Y
 _4188_/X
 _4189_/Y
 _4190_/Y
 _4191_/X
 _4192_/X
 _4193_/Y
 _4194_/X
 _4195_/X
 _4196_/X
 _4197_/Y
 _4198_/X
 _4199_/X
 _4200_/X
 _4201_/Y
 _4202_/Y
 _4203_/Y
 _4204_/X
 _4205_/Y
 _4206_/X
 _4207_/Y
 _4208_/X
 _4209_/Y
 _4210_/Y
 _4211_/Y
 _4212_/X
 _4213_/Y
 _4214_/Y
 _4215_/X
 _4216_/Y
 _4217_/X
 _4218_/Y
 _4219_/Y
 _4220_/Y
 _4221_/X
 _4222_/Y
 _4223_/Y
 _4224_/X
 _4225_/X
 _4226_/X
 _4227_/Y
 _4228_/X
 _4229_/Y
 _4230_/Y
 _4231_/Y
 _4232_/X
 _4233_/X
 _4234_/X
 _4235_/X
 _4236_/Y
 _4237_/X
 _4238_/Y
 _4239_/Y
 _4240_/X
 _4241_/Y
 _4242_/X
 _4243_/X
 _4244_/Y
 _4245_/X
 _4246_/Y
 _4247_/X
 _4248_/Y
 _4249_/Y
 _4250_/X
 _4251_/X
 _4252_/Y
 _4253_/X
 _4254_/X
 _4255_/X
 _4256_/X
 _4257_/X
 _4258_/X
 _4259_/Y
 _4260_/Y
 _4261_/Y
 _4262_/Y
 _4263_/X
 _4264_/Y
 _4265_/Y
 _4266_/X
 _4267_/Y
 _4268_/X
 _4269_/Y
 _4270_/Y
 _4271_/Y
 _4272_/X
 _4273_/Y
 _4274_/Y
 _4275_/Y
 _4276_/Y
 _4277_/Y
 _4278_/X
 _4279_/Y
 _4280_/Y
 _4281_/Y
 _4282_/X
 _4283_/Y
 _4284_/Y
 _4285_/X
 _4286_/X
 _4287_/X
 _4288_/Y
 _4289_/Y
 _4290_/X
 _4291_/Y
 _4292_/Y
 _4293_/Y
 _4294_/X
 _4295_/Y
 _4296_/X
 _4297_/Y
 _4298_/X
 _4299_/X
 _4300_/X
 _4301_/X
 _4302_/Y
 _4303_/X
 _4304_/X
 _4305_/Y
 _4306_/Y
 _4307_/X
 _4308_/Y
 _4309_/Y
 _4310_/Y
 _4311_/Y
 _4312_/X
 _4313_/X
 _4314_/X
 _4315_/X
 _4316_/Y
 _4317_/Y
 _4318_/Y
 _4319_/Y
 _4320_/X
 _4321_/Y
 _4322_/Y
 _4323_/X
 _4324_/Y
 _4325_/Y
 _4326_/Y
 _4327_/Y
 _4328_/X
 _4329_/Y
 _4330_/Y
 _4331_/Y
 _4332_/Y
 _4333_/X
 _4334_/Y
 _4335_/Y
 _4336_/Y
 _4337_/Y
 _4338_/X
 _4339_/X
 _4340_/X
 _4341_/X
 _4342_/Y
 _4343_/X
 _4344_/Y
 _4345_/Y
 _4346_/Y
 _4347_/X
 _4348_/Y
 _4349_/Y
 _4350_/X
 _4351_/X
 _4352_/X
 _4353_/Y
 _4354_/X
 _4355_/X
 _4356_/X
 _4357_/Y
 _4358_/Y
 _4359_/Y
 _4360_/X
 _4361_/X
 _4362_/X
 _4363_/X
 _4364_/Y
 _4365_/Y
 _4366_/Y
 _4367_/Y
 _4368_/X
 _4369_/Y
 _4370_/Y
 _4371_/X
 _4372_/Y
 _4373_/Y
 _4374_/Y
 _4375_/Y
 _4376_/X
 _4377_/Y
 _4378_/Y
 _4379_/X
 _4380_/X
 _4381_/X
 _4382_/Y
 _4383_/X
 _4384_/X
 _4385_/Y
 _4386_/X
 _4387_/X
 _4388_/Y
 _4389_/Y
 _4390_/X
 _4391_/Y
 _4392_/X
 _4393_/Y
 _4394_/Y
 _4395_/X
 _4396_/Y
 _4397_/X
 _4398_/Y
 _4399_/Y
 _4400_/X
 _4401_/X
 _4402_/X
 _4403_/X
 _4404_/Y
 _4405_/X
 _4406_/Y
 _4407_/Y
 _4408_/Y
 _4409_/X
 _4410_/X
 _4411_/Y
 _4412_/Y
 _4413_/Y
 _4414_/X
 _4415_/X
 _4416_/Y
 _4417_/X
 _4418_/Y
 _4419_/X
 _4420_/Y
 _4421_/X
 _4422_/X
 _4423_/X
 _4424_/Y
 _4425_/Y
 _4426_/Y
 _4427_/Y
 _4428_/Y
 _4429_/X
 _4430_/Y
 _4431_/X
 _4432_/Y
 _4433_/Y
 _4434_/X
 _4435_/X
 _4436_/Y
 _4437_/Y
 _4438_/X
 _4439_/Y
 _4440_/Y
 _4441_/Y
 _4442_/X
 _4443_/Y
 _4444_/Y
 _4445_/Y
 _4446_/X
 _4447_/Y
 _4448_/Y
 _4449_/X
 _4450_/Y
 _4451_/X
 _4452_/Y
 _4453_/Y
 _4454_/Y
 _4455_/X
 _4456_/Y
 _4457_/X
 _4458_/Y
 _4459_/X
 _4460_/Y
 _4461_/X
 _4462_/Y
 _4463_/X
 _4464_/X
 _4465_/Y
 _4466_/Y
 _4467_/X
 _4468_/Y
 _4469_/Y
 _4470_/Y
 _4471_/X
 _4472_/X
 _4473_/Y
 _4474_/X
 _4475_/Y
 _4476_/X
 _4477_/Y
 _4478_/X
 _4479_/Y
 _4480_/Y
 _4481_/Y
 _4482_/X
 _4483_/Y
 _4484_/X
 _4485_/Y
 _4486_/Y
 _4487_/X
 _4488_/Y
 _4489_/Y
 _4490_/X
 _4491_/Y
 _4492_/Y
 _4493_/X
 _4494_/X
 _4495_/Y
 _4496_/Y
 _4497_/Y
 _4498_/Y
 _4499_/X
 _4500_/Y
 _4501_/Y
 _4502_/Y
 _4503_/Y
 _4504_/Y
 _4505_/Y
 _4506_/Y
 _4507_/Y
 _4508_/X
 _4509_/X
 _4510_/X
 _4511_/Y
 _4512_/X
 _4513_/Y
 _4514_/Y
 _4515_/X
 _4516_/X
 _4517_/X
 _4518_/Y
 _4519_/Y
 _4520_/Y
 _4521_/X
 _4522_/Y
 _4523_/Y
 _4524_/Y
 _4525_/X
 _4526_/X
 _4527_/X
 _4528_/Y
 _4529_/X
 _4530_/Y
 _4531_/X
 _4532_/X
 _4533_/X
 _4534_/X
 _4535_/X
 _4536_/X
 _4537_/X
 _4538_/X
 _4539_/Y
 _4540_/X
 _4541_/X
 _4542_/X
 _4543_/X
 _4544_/X
 _4545_/X
 _4546_/X
 _4547_/X
 _4548_/X
 _4549_/X
 _4550_/X
 _4551_/X
 _4552_/X
 _4553_/X
 _4554_/X
 _4555_/X
 _4556_/X
 _4557_/X
 _4558_/X
 _4559_/X
 _4560_/X
 _4561_/X
 _4562_/X
 _4563_/X
 _4564_/X
 _4565_/X
 _4566_/X
 _4567_/X
 _4568_/X
 _4569_/X
 _4570_/X
 _4571_/X
 _4572_/X
 _4573_/X
 _4574_/X
 _4575_/X
 _4576_/X
 _4577_/X
 _4578_/X
 _4579_/X
 _4580_/X
 _4581_/X
 _4582_/X
 _4583_/X
 _4584_/X
 _4585_/X
 _4586_/X
 _4587_/X
 _4588_/X
 _4589_/X
 _4590_/X
 _4591_/X
 _4592_/X
 _4593_/X
 _4594_/X
 _4595_/X
 _4596_/X
 _4597_/X
 _4598_/X
 _4599_/X
 _4600_/X
 _4601_/X
 _4602_/X
 _4603_/X
 _4604_/X
 _4605_/X
 _4606_/X
 _4607_/X
 _4608_/X
 _4609_/X
 _4610_/X
 _4611_/X
 _4612_/X
 _4613_/X
 _4614_/X
 _4615_/X
 _4616_/X
 _4617_/X
 _4618_/X
 _4619_/X
 _4620_/X
 _4621_/X
 _4622_/X
 _4623_/X
 _4624_/X
 _4625_/X
 _4626_/X
 _4627_/X
 _4628_/X
 _4629_/X
 _4630_/X
 _4631_/X
 _4632_/X
 _4633_/X
 _4634_/X
 _4635_/Q
 _4636_/Q
 _4637_/Q
 _4638_/Q
 _4639_/Q
 _4640_/Q
 _4641_/Q
 _4642_/Q
 _4643_/Q
 _4644_/Q
 _4645_/Q
 _4646_/Q
 _4647_/Q
 _4648_/Q
 _4649_/Q
 _4650_/Q
 _4651_/Q
 _4652_/Q
 _4653_/Q
 _4654_/Q
 _4655_/Q
 _4656_/Q
 _4657_/Q
 _4658_/Q
 _4659_/Q
 _4660_/Q
 _4661_/Q
 _4662_/Q
 _4663_/Q
 _4664_/Q
 _4665_/Q
 _4666_/Q
 _4667_/Q
 _4668_/Q
 _4669_/Q
 _4670_/Q
 _4671_/Q
 _4672_/Q
 _4673_/Q
 _4674_/Q
 _4675_/Q
 _4676_/Q
 _4677_/Q
 _4678_/Q
 _4679_/Q
 _4680_/Q
 _4681_/Q
 _4682_/Q
 _4683_/Q
 _4684_/Q
 _4685_/Q
 _4686_/Q
 _4687_/Q
 _4688_/Q
 _4689_/Q
 _4690_/Q
 _4691_/Q
 _4692_/Q
 _4693_/Q
 _4694_/Q
 _4695_/Q
 _4696_/Q
 _4697_/Q
 _4698_/Q
 _4699_/Q
 _4700_/Q
 _4701_/Q
 _4702_/Q
 _4703_/Q
 _4704_/Q
 _4705_/Q
 _4706_/Q
 _4707_/Q
 _4708_/Q
 _4709_/Q
 _4710_/Q
 _4711_/Q
 _4712_/Q
 _4713_/Q
 _4714_/Q
 _4715_/Q
 _4716_/Q
 _4717_/Q
 _4718_/Q
 _4719_/Q
 _4720_/Q
 _4721_/Q
 _4722_/Q
 _4723_/Q
 _4724_/Q
 _4725_/Q
 _4726_/Q
 _4727_/Q
 _4728_/Q
 _4729_/Q
 _4730_/Q
 _4731_/Q
 _4732_/Q
 _4733_/Q
 _4734_/Q
 _4735_/Q
 _4736_/Q
 _4737_/Q
 _4738_/Q
 _4739_/Q
 _4740_/Q
 _4741_/Q
 _4742_/Q
 _4743_/Q
 _4744_/Q
 _4745_/Q
 _4746_/Q
 _4747_/Q
 _4748_/Q
 _4749_/Q
 _4750_/Q
 _4751_/Q
 _4752_/Q
 _4753_/Q
 _4754_/Q
 _4755_/Q
 _4756_/Q
 _4757_/Q
 _4758_/Q
 _4759_/Q
 _4760_/Q
 _4761_/Q
 _4762_/Q
 _4763_/Q
 _4764_/Q
 _4765_/Q
 _4766_/Q
 _4767_/Q
 _4768_/Q
 _4769_/Q
 _4770_/Q
 _4771_/Q
 _4772_/Q
 _4773_/Q
 _4774_/Q
 _4775_/Q
 _4776_/Q
 _4777_/Q
 _4778_/Q
 _4779_/Q
 _4780_/Q
 _4781_/Q
 _4782_/Q
 _4783_/Q
 _4784_/Q
 _4785_/Q
 _4786_/Q
 _4787_/Q
 _4788_/Q
 _4789_/Q
 _4790_/Q
 _4791_/Q
 _4792_/Q
 _4793_/Q
 _4794_/Q
 _4795_/Q
 _4796_/Q
 _4797_/Q
 _4798_/Q
 _4799_/Q
 _4800_/Q
 _4801_/Q
 _4802_/Q
 _4803_/Q
 _4804_/Q
 _4805_/Q
 _4806_/Q
 _4807_/Q
 _4808_/Q
 _4809_/Q
 _4810_/Q
 _4811_/Q
 _4812_/Q
 _4813_/Q
 _4814_/Q
 _4815_/Q
 _4816_/Q
Found 0 partially unannotated drivers.

===========================================================================
max slew violation count 0
max fanout violation count 0
max cap violation count 0
============================================================================

===========================================================================
check_setup -verbose -unconstrained_endpoints -multiple_clock -no_clock -no_input_delay -loops -generated_clocks
===========================================================================
