
===========================================================================
report_checks -unconstrained
===========================================================================
======================= Fastest Corner ===================================

Startpoint: _4750_ (rising edge-triggered flip-flop clocked by clk)
Endpoint: _4783_ (rising edge-triggered flip-flop clocked by clk)
Path Group: clk
Path Type: max
Corner: Fastest

Fanout     Cap    Slew   Delay    Time   Description
-----------------------------------------------------------------------------
                          0.00    0.00   clock clk (rise edge)
                          0.00    0.00   clock source latency
     1    0.04    0.13    0.10    0.10 ^ clk (in)
                                         clk (net)
                  0.13    0.00    0.10 ^ clkbuf_0_clk/A (sky130_fd_sc_hd__clkbuf_16)
    16    0.17    0.14    0.19    0.29 ^ clkbuf_0_clk/X (sky130_fd_sc_hd__clkbuf_16)
                                         clknet_0_clk (net)
                  0.14    0.01    0.30 ^ clkbuf_4_2_0_clk/A (sky130_fd_sc_hd__clkbuf_8)
    14    0.05    0.07    0.15    0.45 ^ clkbuf_4_2_0_clk/X (sky130_fd_sc_hd__clkbuf_8)
                                         clknet_4_2_0_clk (net)
                  0.07    0.00    0.46 ^ _4750_/CLK (sky130_fd_sc_hd__dfxtp_2)
     6    0.03    0.11    0.28    0.73 ^ _4750_/Q (sky130_fd_sc_hd__dfxtp_2)
                                         u_interface.u_compute_core.u_av.v_extended[6] (net)
                  0.11    0.00    0.74 ^ _3313_/A (sky130_fd_sc_hd__buf_2)
    10    0.04    0.15    0.18    0.92 ^ _3313_/X (sky130_fd_sc_hd__buf_2)
                                         _0551_ (net)
                  0.15    0.00    0.92 ^ _3445_/A (sky130_fd_sc_hd__clkbuf_4)
    10    0.04    0.10    0.18    1.09 ^ _3445_/X (sky130_fd_sc_hd__clkbuf_4)
                                         _0680_ (net)
                  0.10    0.00    1.10 ^ _3446_/B2 (sky130_fd_sc_hd__a22oi_1)
     1    0.00    0.06    0.05    1.15 v _3446_/Y (sky130_fd_sc_hd__a22oi_1)
                                         _0681_ (net)
                  0.06    0.00    1.15 v _3447_/B (sky130_fd_sc_hd__nor2_1)
     2    0.01    0.14    0.13    1.28 ^ _3447_/Y (sky130_fd_sc_hd__nor2_1)
                                         _0682_ (net)
                  0.14    0.00    1.28 ^ _3448_/B (sky130_fd_sc_hd__xnor2_1)
     2    0.01    0.08    0.10    1.38 v _3448_/Y (sky130_fd_sc_hd__xnor2_1)
                                         _0683_ (net)
                  0.08    0.00    1.38 v _3458_/A (sky130_fd_sc_hd__xnor2_2)
     2    0.02    0.22    0.23    1.61 ^ _3458_/Y (sky130_fd_sc_hd__xnor2_2)
                                         _0693_ (net)
                  0.22    0.00    1.61 ^ _3461_/B (sky130_fd_sc_hd__xnor2_2)
     2    0.01    0.08    0.06    1.67 v _3461_/Y (sky130_fd_sc_hd__xnor2_2)
                                         _0696_ (net)
                  0.08    0.00    1.67 v _3508_/A1 (sky130_fd_sc_hd__o21a_1)
     2    0.01    0.05    0.17    1.84 v _3508_/X (sky130_fd_sc_hd__o21a_1)
                                         _0742_ (net)
                  0.05    0.00    1.84 v _3509_/A (sky130_fd_sc_hd__xnor2_2)
     2    0.01    0.15    0.17    2.00 ^ _3509_/Y (sky130_fd_sc_hd__xnor2_2)
                                         _0743_ (net)
                  0.15    0.00    2.01 ^ _3528_/A2 (sky130_fd_sc_hd__a21o_1)
     3    0.01    0.08    0.13    2.13 ^ _3528_/X (sky130_fd_sc_hd__a21o_1)
                                         _0761_ (net)
                  0.08    0.00    2.13 ^ _3559_/A (sky130_fd_sc_hd__xor2_1)
     2    0.01    0.14    0.14    2.27 ^ _3559_/X (sky130_fd_sc_hd__xor2_1)
                                         _0792_ (net)
                  0.14    0.00    2.27 ^ _3602_/B (sky130_fd_sc_hd__and2_4)
     3    0.02    0.05    0.13    2.40 ^ _3602_/X (sky130_fd_sc_hd__and2_4)
                                         _0834_ (net)
                  0.05    0.00    2.40 ^ _3603_/D (sky130_fd_sc_hd__nand4_4)
     3    0.02    0.09    0.08    2.49 v _3603_/Y (sky130_fd_sc_hd__nand4_4)
                                         _0835_ (net)
                  0.09    0.00    2.49 v _3854_/A2 (sky130_fd_sc_hd__a311o_4)
     6    0.03    0.07    0.30    2.79 v _3854_/X (sky130_fd_sc_hd__a311o_4)
                                         _1080_ (net)
                  0.07    0.00    2.79 v _4155_/A1 (sky130_fd_sc_hd__a2111o_1)
     3    0.01    0.08    0.28    3.07 v _4155_/X (sky130_fd_sc_hd__a2111o_1)
                                         _1375_ (net)
                  0.08    0.00    3.08 v _4245_/A1 (sky130_fd_sc_hd__a211o_4)
     5    0.02    0.05    0.25    3.32 v _4245_/X (sky130_fd_sc_hd__a211o_4)
                                         _1464_ (net)
                  0.05    0.00    3.32 v _4438_/A1 (sky130_fd_sc_hd__a311o_1)
     3    0.01    0.07    0.21    3.53 v _4438_/X (sky130_fd_sc_hd__a311o_1)
                                         _1653_ (net)
                  0.07    0.00    3.53 v _4471_/A1 (sky130_fd_sc_hd__a311o_1)
     3    0.01    0.06    0.20    3.74 v _4471_/X (sky130_fd_sc_hd__a311o_1)
                                         _1685_ (net)
                  0.06    0.00    3.74 v _4474_/A (sky130_fd_sc_hd__and3_1)
     2    0.00    0.03    0.11    3.84 v _4474_/X (sky130_fd_sc_hd__and3_1)
                                         _1688_ (net)
                  0.03    0.00    3.85 v _4476_/A (sky130_fd_sc_hd__or2_4)
     2    0.01    0.04    0.17    4.01 v _4476_/X (sky130_fd_sc_hd__or2_4)
                                         _1690_ (net)
                  0.04    0.00    4.01 v _4482_/B (sky130_fd_sc_hd__or2_4)
     2    0.01    0.04    0.15    4.16 v _4482_/X (sky130_fd_sc_hd__or2_4)
                                         _1695_ (net)
                  0.04    0.00    4.16 v _4484_/C (sky130_fd_sc_hd__or3_4)
     2    0.01    0.05    0.22    4.38 v _4484_/X (sky130_fd_sc_hd__or3_4)
                                         _1697_ (net)
                  0.05    0.00    4.38 v _4519_/A1 (sky130_fd_sc_hd__a21oi_4)
     2    0.01    0.09    0.10    4.49 ^ _4519_/Y (sky130_fd_sc_hd__a21oi_4)
                                         _1730_ (net)
                  0.09    0.00    4.49 ^ _4524_/A3 (sky130_fd_sc_hd__o31ai_2)
     3    0.01    0.05    0.05    4.54 v _4524_/Y (sky130_fd_sc_hd__o31ai_2)
                                         _1735_ (net)
                  0.05    0.00    4.54 v _4529_/B (sky130_fd_sc_hd__and3_1)
     1    0.00    0.03    0.11    4.65 v _4529_/X (sky130_fd_sc_hd__and3_1)
                                         _1739_ (net)
                  0.03    0.00    4.65 v _4532_/A2 (sky130_fd_sc_hd__o311a_1)
     1    0.00    0.04    0.20    4.86 v _4532_/X (sky130_fd_sc_hd__o311a_1)
                                         _0148_ (net)
                  0.04    0.00    4.86 v _4783_/D (sky130_fd_sc_hd__dfxtp_1)
                                  4.86   data arrival time

                          4.00    4.00   clock clk (rise edge)
                          0.00    4.00   clock source latency
     1    0.04    0.13    0.09    4.09 ^ clk (in)
                                         clk (net)
                  0.13    0.00    4.09 ^ clkbuf_0_clk/A (sky130_fd_sc_hd__clkbuf_16)
    16    0.17    0.14    0.18    4.26 ^ clkbuf_0_clk/X (sky130_fd_sc_hd__clkbuf_16)
                                         clknet_0_clk (net)
                  0.14    0.01    4.28 ^ clkbuf_4_13_0_clk/A (sky130_fd_sc_hd__clkbuf_8)
     9    0.04    0.07    0.13    4.41 ^ clkbuf_4_13_0_clk/X (sky130_fd_sc_hd__clkbuf_8)
                                         clknet_4_13_0_clk (net)
                  0.07    0.00    4.41 ^ _4783_/CLK (sky130_fd_sc_hd__dfxtp_1)
                         -0.25    4.16   clock uncertainty
                          0.03    4.19   clock reconvergence pessimism
                         -0.07    4.12   library setup time
                                  4.12   data required time
-----------------------------------------------------------------------------
                                  4.12   data required time
                                 -4.86   data arrival time
-----------------------------------------------------------------------------
                                 -0.74   slack (VIOLATED)



======================= Slowest Corner ===================================

Startpoint: _4635_ (rising edge-triggered flip-flop clocked by clk)
Endpoint: _4783_ (rising edge-triggered flip-flop clocked by clk)
Path Group: clk
Path Type: max
Corner: Slowest

Fanout     Cap    Slew   Delay    Time   Description
-----------------------------------------------------------------------------
                          0.00    0.00   clock clk (rise edge)
                          0.00    0.00   clock source latency
     1    0.04    0.28    0.20    0.20 ^ clk (in)
                                         clk (net)
                  0.28    0.00    0.20 ^ clkbuf_0_clk/A (sky130_fd_sc_hd__clkbuf_16)
    16    0.17    0.27    0.50    0.70 ^ clkbuf_0_clk/X (sky130_fd_sc_hd__clkbuf_16)
                                         clknet_0_clk (net)
                  0.28    0.01    0.71 ^ clkbuf_4_3_0_clk/A (sky130_fd_sc_hd__clkbuf_8)
    14    0.05    0.15    0.40    1.12 ^ clkbuf_4_3_0_clk/X (sky130_fd_sc_hd__clkbuf_8)
                                         clknet_4_3_0_clk (net)
                  0.15    0.00    1.12 ^ _4635_/CLK (sky130_fd_sc_hd__dfxtp_1)
     2    0.02    0.26    0.85    1.97 ^ _4635_/Q (sky130_fd_sc_hd__dfxtp_1)
                                         u_interface.u_compute_core.relu_data[0] (net)
                  0.26    0.00    1.97 ^ _2325_/A (sky130_fd_sc_hd__buf_4)
    10    0.06    0.27    0.46    2.43 ^ _2325_/X (sky130_fd_sc_hd__buf_4)
                                         _1818_ (net)
                  0.27    0.01    2.44 ^ _3246_/D (sky130_fd_sc_hd__nand4_4)
     4    0.02    0.23    0.36    2.80 v _3246_/Y (sky130_fd_sc_hd__nand4_4)
                                         _0486_ (net)
                  0.23    0.00    2.80 v _3248_/B2 (sky130_fd_sc_hd__a22o_1)
     2    0.01    0.10    0.47    3.28 v _3248_/X (sky130_fd_sc_hd__a22o_1)
                                         _0488_ (net)
                  0.10    0.00    3.28 v _3249_/C (sky130_fd_sc_hd__and3_1)
     3    0.01    0.12    0.45    3.73 v _3249_/X (sky130_fd_sc_hd__and3_1)
                                         _0489_ (net)
                  0.12    0.00    3.73 v _3256_/A (sky130_fd_sc_hd__or3_1)
     2    0.00    0.14    0.91    4.64 v _3256_/X (sky130_fd_sc_hd__or3_1)
                                         _0496_ (net)
                  0.14    0.00    4.64 v _3286_/B_N (sky130_fd_sc_hd__or2b_1)
     2    0.01    0.14    0.39    5.03 ^ _3286_/X (sky130_fd_sc_hd__or2b_1)
                                         _0525_ (net)
                  0.14    0.00    5.03 ^ _3287_/C (sky130_fd_sc_hd__nand3_2)
     3    0.01    0.18    0.25    5.28 v _3287_/Y (sky130_fd_sc_hd__nand3_2)
                                         _0526_ (net)
                  0.18    0.00    5.28 v _3290_/A1 (sky130_fd_sc_hd__a21o_1)
     2    0.01    0.10    0.40    5.68 v _3290_/X (sky130_fd_sc_hd__a21o_1)
                                         _0529_ (net)
                  0.10    0.00    5.68 v _3293_/A2 (sky130_fd_sc_hd__a21o_1)
     3    0.01    0.14    0.43    6.10 v _3293_/X (sky130_fd_sc_hd__a21o_1)
                                         _0532_ (net)
                  0.14    0.00    6.11 v _3333_/A2 (sky130_fd_sc_hd__a21boi_2)
     2    0.01    0.21    0.32    6.42 ^ _3333_/Y (sky130_fd_sc_hd__a21boi_2)
                                         _0571_ (net)
                  0.21    0.00    6.43 ^ _3343_/A1 (sky130_fd_sc_hd__o21ai_1)
     2    0.01    0.13    0.23    6.66 v _3343_/Y (sky130_fd_sc_hd__o21ai_1)
                                         _0580_ (net)
                  0.13    0.00    6.66 v _3385_/A1 (sky130_fd_sc_hd__a21o_1)
     3    0.02    0.16    0.43    7.09 v _3385_/X (sky130_fd_sc_hd__a21o_1)
                                         _0621_ (net)
                  0.16    0.00    7.09 v rebuffer1/A (sky130_fd_sc_hd__dlygate4sd1_1)
     3    0.01    0.11    0.60    7.69 v rebuffer1/X (sky130_fd_sc_hd__dlygate4sd1_1)
                                         net65 (net)
                  0.11    0.00    7.69 v _3649_/A1 (sky130_fd_sc_hd__a311o_1)
     2    0.01    0.18    0.65    8.34 v _3649_/X (sky130_fd_sc_hd__a311o_1)
                                         _0880_ (net)
                  0.18    0.00    8.35 v _3700_/A1 (sky130_fd_sc_hd__a41o_1)
     2    0.01    0.16    0.49    8.84 v _3700_/X (sky130_fd_sc_hd__a41o_1)
                                         _0930_ (net)
                  0.16    0.00    8.84 v _3701_/B (sky130_fd_sc_hd__xor2_2)
     2    0.01    0.29    0.36    9.20 ^ _3701_/X (sky130_fd_sc_hd__xor2_2)
                                         _0931_ (net)
                  0.29    0.00    9.20 ^ _3703_/A (sky130_fd_sc_hd__nand2_1)
     3    0.01    0.18    0.27    9.47 v _3703_/Y (sky130_fd_sc_hd__nand2_1)
                                         _0933_ (net)
                  0.18    0.00    9.47 v _3710_/A2 (sky130_fd_sc_hd__a21o_1)
     1    0.00    0.06    0.38    9.85 v _3710_/X (sky130_fd_sc_hd__a21o_1)
                                         _0939_ (net)
                  0.06    0.00    9.85 v _3711_/C1 (sky130_fd_sc_hd__o211a_1)
     3    0.02    0.20    0.33   10.18 v _3711_/X (sky130_fd_sc_hd__o211a_1)
                                         _0940_ (net)
                  0.20    0.00   10.18 v _3950_/A (sky130_fd_sc_hd__or4b_4)
     2    0.01    0.18    1.20   11.38 v _3950_/X (sky130_fd_sc_hd__or4b_4)
                                         _1175_ (net)
                  0.18    0.00   11.38 v _4147_/A2 (sky130_fd_sc_hd__a21bo_1)
     2    0.01    0.13    0.48   11.86 v _4147_/X (sky130_fd_sc_hd__a21bo_1)
                                         _1368_ (net)
                  0.13    0.00   11.86 v _4312_/A1 (sky130_fd_sc_hd__o211a_1)
     3    0.01    0.14    0.53   12.39 v _4312_/X (sky130_fd_sc_hd__o211a_1)
                                         _1529_ (net)
                  0.14    0.00   12.39 v _4484_/A (sky130_fd_sc_hd__or3_4)
     2    0.01    0.14    0.86   13.25 v _4484_/X (sky130_fd_sc_hd__or3_4)
                                         _1697_ (net)
                  0.14    0.00   13.25 v _4519_/A1 (sky130_fd_sc_hd__a21oi_4)
     2    0.01    0.18    0.26   13.51 ^ _4519_/Y (sky130_fd_sc_hd__a21oi_4)
                                         _1730_ (net)
                  0.18    0.00   13.51 ^ _4524_/A3 (sky130_fd_sc_hd__o31ai_2)
     3    0.01    0.13    0.19   13.70 v _4524_/Y (sky130_fd_sc_hd__o31ai_2)
                                         _1735_ (net)
                  0.13    0.00   13.70 v _4529_/B (sky130_fd_sc_hd__and3_1)
     1    0.00    0.08    0.39   14.08 v _4529_/X (sky130_fd_sc_hd__and3_1)
                                         _1739_ (net)
                  0.08    0.00   14.08 v _4532_/A2 (sky130_fd_sc_hd__o311a_1)
     1    0.00    0.09    0.64   14.72 v _4532_/X (sky130_fd_sc_hd__o311a_1)
                                         _0148_ (net)
                  0.09    0.00   14.72 v _4783_/D (sky130_fd_sc_hd__dfxtp_1)
                                 14.72   data arrival time

                          4.00    4.00   clock clk (rise edge)
                          0.00    4.00   clock source latency
     1    0.04    0.28    0.18    4.18 ^ clk (in)
                                         clk (net)
                  0.28    0.00    4.18 ^ clkbuf_0_clk/A (sky130_fd_sc_hd__clkbuf_16)
    16    0.17    0.27    0.45    4.64 ^ clkbuf_0_clk/X (sky130_fd_sc_hd__clkbuf_16)
                                         clknet_0_clk (net)
                  0.28    0.01    4.65 ^ clkbuf_4_13_0_clk/A (sky130_fd_sc_hd__clkbuf_8)
     9    0.04    0.13    0.35    5.00 ^ clkbuf_4_13_0_clk/X (sky130_fd_sc_hd__clkbuf_8)
                                         clknet_4_13_0_clk (net)
                  0.13    0.00    5.00 ^ _4783_/CLK (sky130_fd_sc_hd__dfxtp_1)
                         -0.25    4.75   clock uncertainty
                          0.07    4.82   clock reconvergence pessimism
                         -0.26    4.56   library setup time
                                  4.56   data required time
-----------------------------------------------------------------------------
                                  4.56   data required time
                                -14.72   data arrival time
-----------------------------------------------------------------------------
                                -10.16   slack (VIOLATED)



======================= Typical Corner ===================================

Startpoint: _4750_ (rising edge-triggered flip-flop clocked by clk)
Endpoint: _4783_ (rising edge-triggered flip-flop clocked by clk)
Path Group: clk
Path Type: max
Corner: Typical

Fanout     Cap    Slew   Delay    Time   Description
-----------------------------------------------------------------------------
                          0.00    0.00   clock clk (rise edge)
                          0.00    0.00   clock source latency
     1    0.04    0.18    0.13    0.13 ^ clk (in)
                                         clk (net)
                  0.18    0.00    0.13 ^ clkbuf_0_clk/A (sky130_fd_sc_hd__clkbuf_16)
    16    0.17    0.18    0.28    0.41 ^ clkbuf_0_clk/X (sky130_fd_sc_hd__clkbuf_16)
                                         clknet_0_clk (net)
                  0.18    0.01    0.43 ^ clkbuf_4_2_0_clk/A (sky130_fd_sc_hd__clkbuf_8)
    14    0.05    0.10    0.22    0.65 ^ clkbuf_4_2_0_clk/X (sky130_fd_sc_hd__clkbuf_8)
                                         clknet_4_2_0_clk (net)
                  0.10    0.00    0.65 ^ _4750_/CLK (sky130_fd_sc_hd__dfxtp_2)
     6    0.03    0.15    0.43    1.09 ^ _4750_/Q (sky130_fd_sc_hd__dfxtp_2)
                                         u_interface.u_compute_core.u_av.v_extended[6] (net)
                  0.15    0.00    1.09 ^ _3313_/A (sky130_fd_sc_hd__buf_2)
    10    0.04    0.20    0.26    1.35 ^ _3313_/X (sky130_fd_sc_hd__buf_2)
                                         _0551_ (net)
                  0.20    0.00    1.35 ^ _3445_/A (sky130_fd_sc_hd__clkbuf_4)
    10    0.04    0.13    0.27    1.62 ^ _3445_/X (sky130_fd_sc_hd__clkbuf_4)
                                         _0680_ (net)
                  0.14    0.00    1.62 ^ _3446_/B2 (sky130_fd_sc_hd__a22oi_1)
     1    0.00    0.09    0.09    1.71 v _3446_/Y (sky130_fd_sc_hd__a22oi_1)
                                         _0681_ (net)
                  0.09    0.00    1.71 v _3447_/B (sky130_fd_sc_hd__nor2_1)
     2    0.01    0.19    0.19    1.91 ^ _3447_/Y (sky130_fd_sc_hd__nor2_1)
                                         _0682_ (net)
                  0.19    0.00    1.91 ^ _3448_/B (sky130_fd_sc_hd__xnor2_1)
     2    0.01    0.35    0.24    2.15 ^ _3448_/Y (sky130_fd_sc_hd__xnor2_1)
                                         _0683_ (net)
                  0.35    0.00    2.15 ^ _3504_/A1 (sky130_fd_sc_hd__a21oi_2)
     2    0.02    0.12    0.16    2.31 v _3504_/Y (sky130_fd_sc_hd__a21oi_2)
                                         _0738_ (net)
                  0.12    0.00    2.31 v _3505_/A (sky130_fd_sc_hd__xnor2_2)
     2    0.01    0.09    0.20    2.51 v _3505_/Y (sky130_fd_sc_hd__xnor2_2)
                                         _0739_ (net)
                  0.09    0.00    2.51 v _3556_/A2 (sky130_fd_sc_hd__o21a_1)
     2    0.01    0.07    0.23    2.74 v _3556_/X (sky130_fd_sc_hd__o21a_1)
                                         _0789_ (net)
                  0.07    0.00    2.74 v _3557_/A (sky130_fd_sc_hd__xnor2_2)
     2    0.01    0.07    0.17    2.91 v _3557_/Y (sky130_fd_sc_hd__xnor2_2)
                                         _0790_ (net)
                  0.07    0.00    2.91 v rebuffer13/A (sky130_fd_sc_hd__buf_2)
     1    0.01    0.04    0.15    3.06 v rebuffer13/X (sky130_fd_sc_hd__buf_2)
                                         net77 (net)
                  0.04    0.00    3.06 v _3600_/A2 (sky130_fd_sc_hd__a21oi_4)
     3    0.02    0.20    0.23    3.29 ^ _3600_/Y (sky130_fd_sc_hd__a21oi_4)
                                         _0832_ (net)
                  0.20    0.00    3.29 ^ _3601_/B (sky130_fd_sc_hd__xor2_4)
     4    0.02    0.21    0.26    3.55 ^ _3601_/X (sky130_fd_sc_hd__xor2_4)
                                         _0833_ (net)
                  0.21    0.00    3.55 ^ _3795_/A (sky130_fd_sc_hd__and4_1)
     1    0.00    0.06    0.23    3.77 ^ _3795_/X (sky130_fd_sc_hd__and4_1)
                                         _1023_ (net)
                  0.06    0.00    3.77 ^ _3796_/C1 (sky130_fd_sc_hd__a211oi_1)
     2    0.01    0.11    0.07    3.84 v _3796_/Y (sky130_fd_sc_hd__a211oi_1)
                                         _1024_ (net)
                  0.11    0.00    3.84 v _3854_/B1 (sky130_fd_sc_hd__a311o_4)
     6    0.03    0.09    0.46    4.30 v _3854_/X (sky130_fd_sc_hd__a311o_4)
                                         _1080_ (net)
                  0.09    0.00    4.31 v _4155_/A1 (sky130_fd_sc_hd__a2111o_1)
     3    0.01    0.11    0.45    4.76 v _4155_/X (sky130_fd_sc_hd__a2111o_1)
                                         _1375_ (net)
                  0.11    0.00    4.76 v _4245_/A1 (sky130_fd_sc_hd__a211o_4)
     5    0.02    0.07    0.39    5.15 v _4245_/X (sky130_fd_sc_hd__a211o_4)
                                         _1464_ (net)
                  0.07    0.00    5.16 v _4438_/A1 (sky130_fd_sc_hd__a311o_1)
     3    0.01    0.09    0.33    5.49 v _4438_/X (sky130_fd_sc_hd__a311o_1)
                                         _1653_ (net)
                  0.09    0.00    5.49 v _4471_/A1 (sky130_fd_sc_hd__a311o_1)
     3    0.01    0.08    0.32    5.81 v _4471_/X (sky130_fd_sc_hd__a311o_1)
                                         _1685_ (net)
                  0.08    0.00    5.81 v _4474_/A (sky130_fd_sc_hd__and3_1)
     2    0.00    0.05    0.17    5.98 v _4474_/X (sky130_fd_sc_hd__and3_1)
                                         _1688_ (net)
                  0.05    0.00    5.98 v _4476_/A (sky130_fd_sc_hd__or2_4)
     2    0.01    0.05    0.27    6.25 v _4476_/X (sky130_fd_sc_hd__or2_4)
                                         _1690_ (net)
                  0.05    0.00    6.25 v _4482_/B (sky130_fd_sc_hd__or2_4)
     2    0.01    0.05    0.25    6.49 v _4482_/X (sky130_fd_sc_hd__or2_4)
                                         _1695_ (net)
                  0.05    0.00    6.49 v _4484_/C (sky130_fd_sc_hd__or3_4)
     2    0.01    0.08    0.37    6.86 v _4484_/X (sky130_fd_sc_hd__or3_4)
                                         _1697_ (net)
                  0.08    0.00    6.86 v _4519_/A1 (sky130_fd_sc_hd__a21oi_4)
     2    0.01    0.12    0.15    7.01 ^ _4519_/Y (sky130_fd_sc_hd__a21oi_4)
                                         _1730_ (net)
                  0.12    0.00    7.01 ^ _4524_/A3 (sky130_fd_sc_hd__o31ai_2)
     3    0.01    0.07    0.09    7.10 v _4524_/Y (sky130_fd_sc_hd__o31ai_2)
                                         _1735_ (net)
                  0.07    0.00    7.10 v _4529_/B (sky130_fd_sc_hd__and3_1)
     1    0.00    0.04    0.18    7.28 v _4529_/X (sky130_fd_sc_hd__and3_1)
                                         _1739_ (net)
                  0.04    0.00    7.28 v _4532_/A2 (sky130_fd_sc_hd__o311a_1)
     1    0.00    0.05    0.33    7.61 v _4532_/X (sky130_fd_sc_hd__o311a_1)
                                         _0148_ (net)
                  0.05    0.00    7.61 v _4783_/D (sky130_fd_sc_hd__dfxtp_1)
                                  7.61   data arrival time

                          4.00    4.00   clock clk (rise edge)
                          0.00    4.00   clock source latency
     1    0.04    0.18    0.12    4.12 ^ clk (in)
                                         clk (net)
                  0.18    0.00    4.12 ^ clkbuf_0_clk/A (sky130_fd_sc_hd__clkbuf_16)
    16    0.17    0.18    0.26    4.38 ^ clkbuf_0_clk/X (sky130_fd_sc_hd__clkbuf_16)
                                         clknet_0_clk (net)
                  0.18    0.01    4.39 ^ clkbuf_4_13_0_clk/A (sky130_fd_sc_hd__clkbuf_8)
     9    0.04    0.09    0.19    4.58 ^ clkbuf_4_13_0_clk/X (sky130_fd_sc_hd__clkbuf_8)
                                         clknet_4_13_0_clk (net)
                  0.09    0.00    4.59 ^ _4783_/CLK (sky130_fd_sc_hd__dfxtp_1)
                         -0.25    4.34   clock uncertainty
                          0.04    4.37   clock reconvergence pessimism
                         -0.10    4.27   library setup time
                                  4.27   data required time
-----------------------------------------------------------------------------
                                  4.27   data required time
                                 -7.61   data arrival time
-----------------------------------------------------------------------------
                                 -3.34   slack (VIOLATED)




===========================================================================
report_checks --slack_max -0.01
============================================================================
======================= Fastest Corner ===================================

Startpoint: _4750_ (rising edge-triggered flip-flop clocked by clk)
Endpoint: _4783_ (rising edge-triggered flip-flop clocked by clk)
Path Group: clk
Path Type: max
Corner: Fastest

Fanout     Cap    Slew   Delay    Time   Description
-----------------------------------------------------------------------------
                          0.00    0.00   clock clk (rise edge)
                          0.00    0.00   clock source latency
     1    0.04    0.13    0.10    0.10 ^ clk (in)
                                         clk (net)
                  0.13    0.00    0.10 ^ clkbuf_0_clk/A (sky130_fd_sc_hd__clkbuf_16)
    16    0.17    0.14    0.19    0.29 ^ clkbuf_0_clk/X (sky130_fd_sc_hd__clkbuf_16)
                                         clknet_0_clk (net)
                  0.14    0.01    0.30 ^ clkbuf_4_2_0_clk/A (sky130_fd_sc_hd__clkbuf_8)
    14    0.05    0.07    0.15    0.45 ^ clkbuf_4_2_0_clk/X (sky130_fd_sc_hd__clkbuf_8)
                                         clknet_4_2_0_clk (net)
                  0.07    0.00    0.46 ^ _4750_/CLK (sky130_fd_sc_hd__dfxtp_2)
     6    0.03    0.11    0.28    0.73 ^ _4750_/Q (sky130_fd_sc_hd__dfxtp_2)
                                         u_interface.u_compute_core.u_av.v_extended[6] (net)
                  0.11    0.00    0.74 ^ _3313_/A (sky130_fd_sc_hd__buf_2)
    10    0.04    0.15    0.18    0.92 ^ _3313_/X (sky130_fd_sc_hd__buf_2)
                                         _0551_ (net)
                  0.15    0.00    0.92 ^ _3445_/A (sky130_fd_sc_hd__clkbuf_4)
    10    0.04    0.10    0.18    1.09 ^ _3445_/X (sky130_fd_sc_hd__clkbuf_4)
                                         _0680_ (net)
                  0.10    0.00    1.10 ^ _3446_/B2 (sky130_fd_sc_hd__a22oi_1)
     1    0.00    0.06    0.05    1.15 v _3446_/Y (sky130_fd_sc_hd__a22oi_1)
                                         _0681_ (net)
                  0.06    0.00    1.15 v _3447_/B (sky130_fd_sc_hd__nor2_1)
     2    0.01    0.14    0.13    1.28 ^ _3447_/Y (sky130_fd_sc_hd__nor2_1)
                                         _0682_ (net)
                  0.14    0.00    1.28 ^ _3448_/B (sky130_fd_sc_hd__xnor2_1)
     2    0.01    0.08    0.10    1.38 v _3448_/Y (sky130_fd_sc_hd__xnor2_1)
                                         _0683_ (net)
                  0.08    0.00    1.38 v _3458_/A (sky130_fd_sc_hd__xnor2_2)
     2    0.02    0.22    0.23    1.61 ^ _3458_/Y (sky130_fd_sc_hd__xnor2_2)
                                         _0693_ (net)
                  0.22    0.00    1.61 ^ _3461_/B (sky130_fd_sc_hd__xnor2_2)
     2    0.01    0.08    0.06    1.67 v _3461_/Y (sky130_fd_sc_hd__xnor2_2)
                                         _0696_ (net)
                  0.08    0.00    1.67 v _3508_/A1 (sky130_fd_sc_hd__o21a_1)
     2    0.01    0.05    0.17    1.84 v _3508_/X (sky130_fd_sc_hd__o21a_1)
                                         _0742_ (net)
                  0.05    0.00    1.84 v _3509_/A (sky130_fd_sc_hd__xnor2_2)
     2    0.01    0.15    0.17    2.00 ^ _3509_/Y (sky130_fd_sc_hd__xnor2_2)
                                         _0743_ (net)
                  0.15    0.00    2.01 ^ _3528_/A2 (sky130_fd_sc_hd__a21o_1)
     3    0.01    0.08    0.13    2.13 ^ _3528_/X (sky130_fd_sc_hd__a21o_1)
                                         _0761_ (net)
                  0.08    0.00    2.13 ^ _3559_/A (sky130_fd_sc_hd__xor2_1)
     2    0.01    0.14    0.14    2.27 ^ _3559_/X (sky130_fd_sc_hd__xor2_1)
                                         _0792_ (net)
                  0.14    0.00    2.27 ^ _3602_/B (sky130_fd_sc_hd__and2_4)
     3    0.02    0.05    0.13    2.40 ^ _3602_/X (sky130_fd_sc_hd__and2_4)
                                         _0834_ (net)
                  0.05    0.00    2.40 ^ _3603_/D (sky130_fd_sc_hd__nand4_4)
     3    0.02    0.09    0.08    2.49 v _3603_/Y (sky130_fd_sc_hd__nand4_4)
                                         _0835_ (net)
                  0.09    0.00    2.49 v _3854_/A2 (sky130_fd_sc_hd__a311o_4)
     6    0.03    0.07    0.30    2.79 v _3854_/X (sky130_fd_sc_hd__a311o_4)
                                         _1080_ (net)
                  0.07    0.00    2.79 v _4155_/A1 (sky130_fd_sc_hd__a2111o_1)
     3    0.01    0.08    0.28    3.07 v _4155_/X (sky130_fd_sc_hd__a2111o_1)
                                         _1375_ (net)
                  0.08    0.00    3.08 v _4245_/A1 (sky130_fd_sc_hd__a211o_4)
     5    0.02    0.05    0.25    3.32 v _4245_/X (sky130_fd_sc_hd__a211o_4)
                                         _1464_ (net)
                  0.05    0.00    3.32 v _4438_/A1 (sky130_fd_sc_hd__a311o_1)
     3    0.01    0.07    0.21    3.53 v _4438_/X (sky130_fd_sc_hd__a311o_1)
                                         _1653_ (net)
                  0.07    0.00    3.53 v _4471_/A1 (sky130_fd_sc_hd__a311o_1)
     3    0.01    0.06    0.20    3.74 v _4471_/X (sky130_fd_sc_hd__a311o_1)
                                         _1685_ (net)
                  0.06    0.00    3.74 v _4474_/A (sky130_fd_sc_hd__and3_1)
     2    0.00    0.03    0.11    3.84 v _4474_/X (sky130_fd_sc_hd__and3_1)
                                         _1688_ (net)
                  0.03    0.00    3.85 v _4476_/A (sky130_fd_sc_hd__or2_4)
     2    0.01    0.04    0.17    4.01 v _4476_/X (sky130_fd_sc_hd__or2_4)
                                         _1690_ (net)
                  0.04    0.00    4.01 v _4482_/B (sky130_fd_sc_hd__or2_4)
     2    0.01    0.04    0.15    4.16 v _4482_/X (sky130_fd_sc_hd__or2_4)
                                         _1695_ (net)
                  0.04    0.00    4.16 v _4484_/C (sky130_fd_sc_hd__or3_4)
     2    0.01    0.05    0.22    4.38 v _4484_/X (sky130_fd_sc_hd__or3_4)
                                         _1697_ (net)
                  0.05    0.00    4.38 v _4519_/A1 (sky130_fd_sc_hd__a21oi_4)
     2    0.01    0.09    0.10    4.49 ^ _4519_/Y (sky130_fd_sc_hd__a21oi_4)
                                         _1730_ (net)
                  0.09    0.00    4.49 ^ _4524_/A3 (sky130_fd_sc_hd__o31ai_2)
     3    0.01    0.05    0.05    4.54 v _4524_/Y (sky130_fd_sc_hd__o31ai_2)
                                         _1735_ (net)
                  0.05    0.00    4.54 v _4529_/B (sky130_fd_sc_hd__and3_1)
     1    0.00    0.03    0.11    4.65 v _4529_/X (sky130_fd_sc_hd__and3_1)
                                         _1739_ (net)
                  0.03    0.00    4.65 v _4532_/A2 (sky130_fd_sc_hd__o311a_1)
     1    0.00    0.04    0.20    4.86 v _4532_/X (sky130_fd_sc_hd__o311a_1)
                                         _0148_ (net)
                  0.04    0.00    4.86 v _4783_/D (sky130_fd_sc_hd__dfxtp_1)
                                  4.86   data arrival time

                          4.00    4.00   clock clk (rise edge)
                          0.00    4.00   clock source latency
     1    0.04    0.13    0.09    4.09 ^ clk (in)
                                         clk (net)
                  0.13    0.00    4.09 ^ clkbuf_0_clk/A (sky130_fd_sc_hd__clkbuf_16)
    16    0.17    0.14    0.18    4.26 ^ clkbuf_0_clk/X (sky130_fd_sc_hd__clkbuf_16)
                                         clknet_0_clk (net)
                  0.14    0.01    4.28 ^ clkbuf_4_13_0_clk/A (sky130_fd_sc_hd__clkbuf_8)
     9    0.04    0.07    0.13    4.41 ^ clkbuf_4_13_0_clk/X (sky130_fd_sc_hd__clkbuf_8)
                                         clknet_4_13_0_clk (net)
                  0.07    0.00    4.41 ^ _4783_/CLK (sky130_fd_sc_hd__dfxtp_1)
                         -0.25    4.16   clock uncertainty
                          0.03    4.19   clock reconvergence pessimism
                         -0.07    4.12   library setup time
                                  4.12   data required time
-----------------------------------------------------------------------------
                                  4.12   data required time
                                 -4.86   data arrival time
-----------------------------------------------------------------------------
                                 -0.74   slack (VIOLATED)



======================= Slowest Corner ===================================

Startpoint: _4635_ (rising edge-triggered flip-flop clocked by clk)
Endpoint: _4783_ (rising edge-triggered flip-flop clocked by clk)
Path Group: clk
Path Type: max
Corner: Slowest

Fanout     Cap    Slew   Delay    Time   Description
-----------------------------------------------------------------------------
                          0.00    0.00   clock clk (rise edge)
                          0.00    0.00   clock source latency
     1    0.04    0.28    0.20    0.20 ^ clk (in)
                                         clk (net)
                  0.28    0.00    0.20 ^ clkbuf_0_clk/A (sky130_fd_sc_hd__clkbuf_16)
    16    0.17    0.27    0.50    0.70 ^ clkbuf_0_clk/X (sky130_fd_sc_hd__clkbuf_16)
                                         clknet_0_clk (net)
                  0.28    0.01    0.71 ^ clkbuf_4_3_0_clk/A (sky130_fd_sc_hd__clkbuf_8)
    14    0.05    0.15    0.40    1.12 ^ clkbuf_4_3_0_clk/X (sky130_fd_sc_hd__clkbuf_8)
                                         clknet_4_3_0_clk (net)
                  0.15    0.00    1.12 ^ _4635_/CLK (sky130_fd_sc_hd__dfxtp_1)
     2    0.02    0.26    0.85    1.97 ^ _4635_/Q (sky130_fd_sc_hd__dfxtp_1)
                                         u_interface.u_compute_core.relu_data[0] (net)
                  0.26    0.00    1.97 ^ _2325_/A (sky130_fd_sc_hd__buf_4)
    10    0.06    0.27    0.46    2.43 ^ _2325_/X (sky130_fd_sc_hd__buf_4)
                                         _1818_ (net)
                  0.27    0.01    2.44 ^ _3246_/D (sky130_fd_sc_hd__nand4_4)
     4    0.02    0.23    0.36    2.80 v _3246_/Y (sky130_fd_sc_hd__nand4_4)
                                         _0486_ (net)
                  0.23    0.00    2.80 v _3248_/B2 (sky130_fd_sc_hd__a22o_1)
     2    0.01    0.10    0.47    3.28 v _3248_/X (sky130_fd_sc_hd__a22o_1)
                                         _0488_ (net)
                  0.10    0.00    3.28 v _3249_/C (sky130_fd_sc_hd__and3_1)
     3    0.01    0.12    0.45    3.73 v _3249_/X (sky130_fd_sc_hd__and3_1)
                                         _0489_ (net)
                  0.12    0.00    3.73 v _3256_/A (sky130_fd_sc_hd__or3_1)
     2    0.00    0.14    0.91    4.64 v _3256_/X (sky130_fd_sc_hd__or3_1)
                                         _0496_ (net)
                  0.14    0.00    4.64 v _3286_/B_N (sky130_fd_sc_hd__or2b_1)
     2    0.01    0.14    0.39    5.03 ^ _3286_/X (sky130_fd_sc_hd__or2b_1)
                                         _0525_ (net)
                  0.14    0.00    5.03 ^ _3287_/C (sky130_fd_sc_hd__nand3_2)
     3    0.01    0.18    0.25    5.28 v _3287_/Y (sky130_fd_sc_hd__nand3_2)
                                         _0526_ (net)
                  0.18    0.00    5.28 v _3290_/A1 (sky130_fd_sc_hd__a21o_1)
     2    0.01    0.10    0.40    5.68 v _3290_/X (sky130_fd_sc_hd__a21o_1)
                                         _0529_ (net)
                  0.10    0.00    5.68 v _3293_/A2 (sky130_fd_sc_hd__a21o_1)
     3    0.01    0.14    0.43    6.10 v _3293_/X (sky130_fd_sc_hd__a21o_1)
                                         _0532_ (net)
                  0.14    0.00    6.11 v _3333_/A2 (sky130_fd_sc_hd__a21boi_2)
     2    0.01    0.21    0.32    6.42 ^ _3333_/Y (sky130_fd_sc_hd__a21boi_2)
                                         _0571_ (net)
                  0.21    0.00    6.43 ^ _3343_/A1 (sky130_fd_sc_hd__o21ai_1)
     2    0.01    0.13    0.23    6.66 v _3343_/Y (sky130_fd_sc_hd__o21ai_1)
                                         _0580_ (net)
                  0.13    0.00    6.66 v _3385_/A1 (sky130_fd_sc_hd__a21o_1)
     3    0.02    0.16    0.43    7.09 v _3385_/X (sky130_fd_sc_hd__a21o_1)
                                         _0621_ (net)
                  0.16    0.00    7.09 v rebuffer1/A (sky130_fd_sc_hd__dlygate4sd1_1)
     3    0.01    0.11    0.60    7.69 v rebuffer1/X (sky130_fd_sc_hd__dlygate4sd1_1)
                                         net65 (net)
                  0.11    0.00    7.69 v _3649_/A1 (sky130_fd_sc_hd__a311o_1)
     2    0.01    0.18    0.65    8.34 v _3649_/X (sky130_fd_sc_hd__a311o_1)
                                         _0880_ (net)
                  0.18    0.00    8.35 v _3700_/A1 (sky130_fd_sc_hd__a41o_1)
     2    0.01    0.16    0.49    8.84 v _3700_/X (sky130_fd_sc_hd__a41o_1)
                                         _0930_ (net)
                  0.16    0.00    8.84 v _3701_/B (sky130_fd_sc_hd__xor2_2)
     2    0.01    0.29    0.36    9.20 ^ _3701_/X (sky130_fd_sc_hd__xor2_2)
                                         _0931_ (net)
                  0.29    0.00    9.20 ^ _3703_/A (sky130_fd_sc_hd__nand2_1)
     3    0.01    0.18    0.27    9.47 v _3703_/Y (sky130_fd_sc_hd__nand2_1)
                                         _0933_ (net)
                  0.18    0.00    9.47 v _3710_/A2 (sky130_fd_sc_hd__a21o_1)
     1    0.00    0.06    0.38    9.85 v _3710_/X (sky130_fd_sc_hd__a21o_1)
                                         _0939_ (net)
                  0.06    0.00    9.85 v _3711_/C1 (sky130_fd_sc_hd__o211a_1)
     3    0.02    0.20    0.33   10.18 v _3711_/X (sky130_fd_sc_hd__o211a_1)
                                         _0940_ (net)
                  0.20    0.00   10.18 v _3950_/A (sky130_fd_sc_hd__or4b_4)
     2    0.01    0.18    1.20   11.38 v _3950_/X (sky130_fd_sc_hd__or4b_4)
                                         _1175_ (net)
                  0.18    0.00   11.38 v _4147_/A2 (sky130_fd_sc_hd__a21bo_1)
     2    0.01    0.13    0.48   11.86 v _4147_/X (sky130_fd_sc_hd__a21bo_1)
                                         _1368_ (net)
                  0.13    0.00   11.86 v _4312_/A1 (sky130_fd_sc_hd__o211a_1)
     3    0.01    0.14    0.53   12.39 v _4312_/X (sky130_fd_sc_hd__o211a_1)
                                         _1529_ (net)
                  0.14    0.00   12.39 v _4484_/A (sky130_fd_sc_hd__or3_4)
     2    0.01    0.14    0.86   13.25 v _4484_/X (sky130_fd_sc_hd__or3_4)
                                         _1697_ (net)
                  0.14    0.00   13.25 v _4519_/A1 (sky130_fd_sc_hd__a21oi_4)
     2    0.01    0.18    0.26   13.51 ^ _4519_/Y (sky130_fd_sc_hd__a21oi_4)
                                         _1730_ (net)
                  0.18    0.00   13.51 ^ _4524_/A3 (sky130_fd_sc_hd__o31ai_2)
     3    0.01    0.13    0.19   13.70 v _4524_/Y (sky130_fd_sc_hd__o31ai_2)
                                         _1735_ (net)
                  0.13    0.00   13.70 v _4529_/B (sky130_fd_sc_hd__and3_1)
     1    0.00    0.08    0.39   14.08 v _4529_/X (sky130_fd_sc_hd__and3_1)
                                         _1739_ (net)
                  0.08    0.00   14.08 v _4532_/A2 (sky130_fd_sc_hd__o311a_1)
     1    0.00    0.09    0.64   14.72 v _4532_/X (sky130_fd_sc_hd__o311a_1)
                                         _0148_ (net)
                  0.09    0.00   14.72 v _4783_/D (sky130_fd_sc_hd__dfxtp_1)
                                 14.72   data arrival time

                          4.00    4.00   clock clk (rise edge)
                          0.00    4.00   clock source latency
     1    0.04    0.28    0.18    4.18 ^ clk (in)
                                         clk (net)
                  0.28    0.00    4.18 ^ clkbuf_0_clk/A (sky130_fd_sc_hd__clkbuf_16)
    16    0.17    0.27    0.45    4.64 ^ clkbuf_0_clk/X (sky130_fd_sc_hd__clkbuf_16)
                                         clknet_0_clk (net)
                  0.28    0.01    4.65 ^ clkbuf_4_13_0_clk/A (sky130_fd_sc_hd__clkbuf_8)
     9    0.04    0.13    0.35    5.00 ^ clkbuf_4_13_0_clk/X (sky130_fd_sc_hd__clkbuf_8)
                                         clknet_4_13_0_clk (net)
                  0.13    0.00    5.00 ^ _4783_/CLK (sky130_fd_sc_hd__dfxtp_1)
                         -0.25    4.75   clock uncertainty
                          0.07    4.82   clock reconvergence pessimism
                         -0.26    4.56   library setup time
                                  4.56   data required time
-----------------------------------------------------------------------------
                                  4.56   data required time
                                -14.72   data arrival time
-----------------------------------------------------------------------------
                                -10.16   slack (VIOLATED)



======================= Typical Corner ===================================

Startpoint: _4750_ (rising edge-triggered flip-flop clocked by clk)
Endpoint: _4783_ (rising edge-triggered flip-flop clocked by clk)
Path Group: clk
Path Type: max
Corner: Typical

Fanout     Cap    Slew   Delay    Time   Description
-----------------------------------------------------------------------------
                          0.00    0.00   clock clk (rise edge)
                          0.00    0.00   clock source latency
     1    0.04    0.18    0.13    0.13 ^ clk (in)
                                         clk (net)
                  0.18    0.00    0.13 ^ clkbuf_0_clk/A (sky130_fd_sc_hd__clkbuf_16)
    16    0.17    0.18    0.28    0.41 ^ clkbuf_0_clk/X (sky130_fd_sc_hd__clkbuf_16)
                                         clknet_0_clk (net)
                  0.18    0.01    0.43 ^ clkbuf_4_2_0_clk/A (sky130_fd_sc_hd__clkbuf_8)
    14    0.05    0.10    0.22    0.65 ^ clkbuf_4_2_0_clk/X (sky130_fd_sc_hd__clkbuf_8)
                                         clknet_4_2_0_clk (net)
                  0.10    0.00    0.65 ^ _4750_/CLK (sky130_fd_sc_hd__dfxtp_2)
     6    0.03    0.15    0.43    1.09 ^ _4750_/Q (sky130_fd_sc_hd__dfxtp_2)
                                         u_interface.u_compute_core.u_av.v_extended[6] (net)
                  0.15    0.00    1.09 ^ _3313_/A (sky130_fd_sc_hd__buf_2)
    10    0.04    0.20    0.26    1.35 ^ _3313_/X (sky130_fd_sc_hd__buf_2)
                                         _0551_ (net)
                  0.20    0.00    1.35 ^ _3445_/A (sky130_fd_sc_hd__clkbuf_4)
    10    0.04    0.13    0.27    1.62 ^ _3445_/X (sky130_fd_sc_hd__clkbuf_4)
                                         _0680_ (net)
                  0.14    0.00    1.62 ^ _3446_/B2 (sky130_fd_sc_hd__a22oi_1)
     1    0.00    0.09    0.09    1.71 v _3446_/Y (sky130_fd_sc_hd__a22oi_1)
                                         _0681_ (net)
                  0.09    0.00    1.71 v _3447_/B (sky130_fd_sc_hd__nor2_1)
     2    0.01    0.19    0.19    1.91 ^ _3447_/Y (sky130_fd_sc_hd__nor2_1)
                                         _0682_ (net)
                  0.19    0.00    1.91 ^ _3448_/B (sky130_fd_sc_hd__xnor2_1)
     2    0.01    0.35    0.24    2.15 ^ _3448_/Y (sky130_fd_sc_hd__xnor2_1)
                                         _0683_ (net)
                  0.35    0.00    2.15 ^ _3504_/A1 (sky130_fd_sc_hd__a21oi_2)
     2    0.02    0.12    0.16    2.31 v _3504_/Y (sky130_fd_sc_hd__a21oi_2)
                                         _0738_ (net)
                  0.12    0.00    2.31 v _3505_/A (sky130_fd_sc_hd__xnor2_2)
     2    0.01    0.09    0.20    2.51 v _3505_/Y (sky130_fd_sc_hd__xnor2_2)
                                         _0739_ (net)
                  0.09    0.00    2.51 v _3556_/A2 (sky130_fd_sc_hd__o21a_1)
     2    0.01    0.07    0.23    2.74 v _3556_/X (sky130_fd_sc_hd__o21a_1)
                                         _0789_ (net)
                  0.07    0.00    2.74 v _3557_/A (sky130_fd_sc_hd__xnor2_2)
     2    0.01    0.07    0.17    2.91 v _3557_/Y (sky130_fd_sc_hd__xnor2_2)
                                         _0790_ (net)
                  0.07    0.00    2.91 v rebuffer13/A (sky130_fd_sc_hd__buf_2)
     1    0.01    0.04    0.15    3.06 v rebuffer13/X (sky130_fd_sc_hd__buf_2)
                                         net77 (net)
                  0.04    0.00    3.06 v _3600_/A2 (sky130_fd_sc_hd__a21oi_4)
     3    0.02    0.20    0.23    3.29 ^ _3600_/Y (sky130_fd_sc_hd__a21oi_4)
                                         _0832_ (net)
                  0.20    0.00    3.29 ^ _3601_/B (sky130_fd_sc_hd__xor2_4)
     4    0.02    0.21    0.26    3.55 ^ _3601_/X (sky130_fd_sc_hd__xor2_4)
                                         _0833_ (net)
                  0.21    0.00    3.55 ^ _3795_/A (sky130_fd_sc_hd__and4_1)
     1    0.00    0.06    0.23    3.77 ^ _3795_/X (sky130_fd_sc_hd__and4_1)
                                         _1023_ (net)
                  0.06    0.00    3.77 ^ _3796_/C1 (sky130_fd_sc_hd__a211oi_1)
     2    0.01    0.11    0.07    3.84 v _3796_/Y (sky130_fd_sc_hd__a211oi_1)
                                         _1024_ (net)
                  0.11    0.00    3.84 v _3854_/B1 (sky130_fd_sc_hd__a311o_4)
     6    0.03    0.09    0.46    4.30 v _3854_/X (sky130_fd_sc_hd__a311o_4)
                                         _1080_ (net)
                  0.09    0.00    4.31 v _4155_/A1 (sky130_fd_sc_hd__a2111o_1)
     3    0.01    0.11    0.45    4.76 v _4155_/X (sky130_fd_sc_hd__a2111o_1)
                                         _1375_ (net)
                  0.11    0.00    4.76 v _4245_/A1 (sky130_fd_sc_hd__a211o_4)
     5    0.02    0.07    0.39    5.15 v _4245_/X (sky130_fd_sc_hd__a211o_4)
                                         _1464_ (net)
                  0.07    0.00    5.16 v _4438_/A1 (sky130_fd_sc_hd__a311o_1)
     3    0.01    0.09    0.33    5.49 v _4438_/X (sky130_fd_sc_hd__a311o_1)
                                         _1653_ (net)
                  0.09    0.00    5.49 v _4471_/A1 (sky130_fd_sc_hd__a311o_1)
     3    0.01    0.08    0.32    5.81 v _4471_/X (sky130_fd_sc_hd__a311o_1)
                                         _1685_ (net)
                  0.08    0.00    5.81 v _4474_/A (sky130_fd_sc_hd__and3_1)
     2    0.00    0.05    0.17    5.98 v _4474_/X (sky130_fd_sc_hd__and3_1)
                                         _1688_ (net)
                  0.05    0.00    5.98 v _4476_/A (sky130_fd_sc_hd__or2_4)
     2    0.01    0.05    0.27    6.25 v _4476_/X (sky130_fd_sc_hd__or2_4)
                                         _1690_ (net)
                  0.05    0.00    6.25 v _4482_/B (sky130_fd_sc_hd__or2_4)
     2    0.01    0.05    0.25    6.49 v _4482_/X (sky130_fd_sc_hd__or2_4)
                                         _1695_ (net)
                  0.05    0.00    6.49 v _4484_/C (sky130_fd_sc_hd__or3_4)
     2    0.01    0.08    0.37    6.86 v _4484_/X (sky130_fd_sc_hd__or3_4)
                                         _1697_ (net)
                  0.08    0.00    6.86 v _4519_/A1 (sky130_fd_sc_hd__a21oi_4)
     2    0.01    0.12    0.15    7.01 ^ _4519_/Y (sky130_fd_sc_hd__a21oi_4)
                                         _1730_ (net)
                  0.12    0.00    7.01 ^ _4524_/A3 (sky130_fd_sc_hd__o31ai_2)
     3    0.01    0.07    0.09    7.10 v _4524_/Y (sky130_fd_sc_hd__o31ai_2)
                                         _1735_ (net)
                  0.07    0.00    7.10 v _4529_/B (sky130_fd_sc_hd__and3_1)
     1    0.00    0.04    0.18    7.28 v _4529_/X (sky130_fd_sc_hd__and3_1)
                                         _1739_ (net)
                  0.04    0.00    7.28 v _4532_/A2 (sky130_fd_sc_hd__o311a_1)
     1    0.00    0.05    0.33    7.61 v _4532_/X (sky130_fd_sc_hd__o311a_1)
                                         _0148_ (net)
                  0.05    0.00    7.61 v _4783_/D (sky130_fd_sc_hd__dfxtp_1)
                                  7.61   data arrival time

                          4.00    4.00   clock clk (rise edge)
                          0.00    4.00   clock source latency
     1    0.04    0.18    0.12    4.12 ^ clk (in)
                                         clk (net)
                  0.18    0.00    4.12 ^ clkbuf_0_clk/A (sky130_fd_sc_hd__clkbuf_16)
    16    0.17    0.18    0.26    4.38 ^ clkbuf_0_clk/X (sky130_fd_sc_hd__clkbuf_16)
                                         clknet_0_clk (net)
                  0.18    0.01    4.39 ^ clkbuf_4_13_0_clk/A (sky130_fd_sc_hd__clkbuf_8)
     9    0.04    0.09    0.19    4.58 ^ clkbuf_4_13_0_clk/X (sky130_fd_sc_hd__clkbuf_8)
                                         clknet_4_13_0_clk (net)
                  0.09    0.00    4.59 ^ _4783_/CLK (sky130_fd_sc_hd__dfxtp_1)
                         -0.25    4.34   clock uncertainty
                          0.04    4.37   clock reconvergence pessimism
                         -0.10    4.27   library setup time
                                  4.27   data required time
-----------------------------------------------------------------------------
                                  4.27   data required time
                                 -7.61   data arrival time
-----------------------------------------------------------------------------
                                 -3.34   slack (VIOLATED)




===========================================================================
 report_check_types -max_slew -max_cap -max_fanout -violators
============================================================================
======================= Fastest Corner ===================================

max fanout

Pin                                   Limit Fanout  Slack
---------------------------------------------------------
clkbuf_4_7_0_clk/X                       10     17     -7 (VIOLATED)
clkbuf_0_clk/X                           10     16     -6 (VIOLATED)
clkbuf_4_10_0_clk/X                      10     15     -5 (VIOLATED)
clkbuf_4_1_0_clk/X                       10     15     -5 (VIOLATED)
clkbuf_4_4_0_clk/X                       10     15     -5 (VIOLATED)
clkbuf_4_6_0_clk/X                       10     15     -5 (VIOLATED)
clkbuf_4_2_0_clk/X                       10     14     -4 (VIOLATED)
clkbuf_4_3_0_clk/X                       10     14     -4 (VIOLATED)
clkbuf_4_5_0_clk/X                       10     14     -4 (VIOLATED)
clkbuf_4_0_0_clk/X                       10     12     -2 (VIOLATED)
_2406_/X                                 10     11        (VIOLATED)
clkbuf_4_11_0_clk/X                      10     11        (VIOLATED)
clkbuf_4_14_0_clk/X                      10     11        (VIOLATED)


max slew violations count Fastest: 0
max fanout violations count Fastest: 13
max cap violations count Fastest: 0
======================= Slowest Corner ===================================

max slew

Pin                                    Limit    Slew   Slack
------------------------------------------------------------
_2681_/Y                                0.75    0.86   -0.11 (VIOLATED)
_2707_/A                                0.75    0.86   -0.11 (VIOLATED)
max_cap63/A                             0.75    0.86   -0.11 (VIOLATED)

max fanout

Pin                                   Limit Fanout  Slack
---------------------------------------------------------
clkbuf_4_7_0_clk/X                       10     17     -7 (VIOLATED)
clkbuf_0_clk/X                           10     16     -6 (VIOLATED)
clkbuf_4_10_0_clk/X                      10     15     -5 (VIOLATED)
clkbuf_4_1_0_clk/X                       10     15     -5 (VIOLATED)
clkbuf_4_4_0_clk/X                       10     15     -5 (VIOLATED)
clkbuf_4_6_0_clk/X                       10     15     -5 (VIOLATED)
clkbuf_4_2_0_clk/X                       10     14     -4 (VIOLATED)
clkbuf_4_3_0_clk/X                       10     14     -4 (VIOLATED)
clkbuf_4_5_0_clk/X                       10     14     -4 (VIOLATED)
clkbuf_4_0_0_clk/X                       10     12     -2 (VIOLATED)
_2406_/X                                 10     11        (VIOLATED)
clkbuf_4_11_0_clk/X                      10     11        (VIOLATED)
clkbuf_4_14_0_clk/X                      10     11        (VIOLATED)


max slew violations count Slowest: 3
max fanout violations count Slowest: 13
max cap violations count Slowest: 0
======================= Typical Corner ===================================

max fanout

Pin                                   Limit Fanout  Slack
---------------------------------------------------------
clkbuf_4_7_0_clk/X                       10     17     -7 (VIOLATED)
clkbuf_0_clk/X                           10     16     -6 (VIOLATED)
clkbuf_4_10_0_clk/X                      10     15     -5 (VIOLATED)
clkbuf_4_1_0_clk/X                       10     15     -5 (VIOLATED)
clkbuf_4_4_0_clk/X                       10     15     -5 (VIOLATED)
clkbuf_4_6_0_clk/X                       10     15     -5 (VIOLATED)
clkbuf_4_2_0_clk/X                       10     14     -4 (VIOLATED)
clkbuf_4_3_0_clk/X                       10     14     -4 (VIOLATED)
clkbuf_4_5_0_clk/X                       10     14     -4 (VIOLATED)
clkbuf_4_0_0_clk/X                       10     12     -2 (VIOLATED)
_2406_/X                                 10     11        (VIOLATED)
clkbuf_4_11_0_clk/X                      10     11        (VIOLATED)
clkbuf_4_14_0_clk/X                      10     11        (VIOLATED)


max slew violations count Typical: 0
max fanout violations count Typical: 13
max cap violations count Typical: 0

===========================================================================
report_parasitic_annotation -report_unannotated
============================================================================
Found 15 unannotated drivers.
 clkload0/Y
 clkload1/Y
 clkload10/Y
 clkload11/Y
 clkload12/Y
 clkload13/Y
 clkload14/Y
 clkload2/Y
 clkload3/Y
 clkload4/Y
 clkload5/Y
 clkload6/Y
 clkload7/Y
 clkload8/Y
 clkload9/Y
Found 0 partially unannotated drivers.

===========================================================================
max slew violation count 3
max fanout violation count 13
max cap violation count 0
============================================================================

===========================================================================
check_setup -verbose -unconstrained_endpoints -multiple_clock -no_clock -no_input_delay -loops -generated_clocks
===========================================================================
