
===========================================================================
 report_power
============================================================================
======================= Fastest Corner ===================================

Group                  Internal  Switching    Leakage      Total
                          Power      Power      Power      Power (Watts)
----------------------------------------------------------------
Sequential             2.23e-03   1.53e-04   2.78e-09   2.38e-03  39.2%
Combinational          9.25e-04   1.09e-03   1.67e-08   2.02e-03  33.2%
Clock                  7.46e-04   9.37e-04   5.69e-09   1.68e-03  27.7%
Macro                  0.00e+00   0.00e+00   0.00e+00   0.00e+00   0.0%
Pad                    0.00e+00   0.00e+00   0.00e+00   0.00e+00   0.0%
----------------------------------------------------------------
Total                  3.90e-03   2.18e-03   2.51e-08   6.08e-03 100.0%
                          64.1%      35.9%       0.0%

======================= Slowest Corner ===================================

Group                  Internal  Switching    Leakage      Total
                          Power      Power      Power      Power (Watts)
----------------------------------------------------------------
Sequential             1.49e-03   1.00e-04   2.53e-06   1.59e-03  38.5%
Combinational          6.69e-04   7.21e-04   1.04e-05   1.40e-03  33.9%
Clock                  5.35e-04   6.03e-04   3.30e-07   1.14e-03  27.6%
Macro                  0.00e+00   0.00e+00   0.00e+00   0.00e+00   0.0%
Pad                    0.00e+00   0.00e+00   0.00e+00   0.00e+00   0.0%
----------------------------------------------------------------
Total                  2.69e-03   1.42e-03   1.33e-05   4.13e-03 100.0%
                          65.2%      34.5%       0.3%

======================= Typical Corner ===================================

Group                  Internal  Switching    Leakage      Total
                          Power      Power      Power      Power (Watts)
----------------------------------------------------------------
Sequential             1.92e-03   1.29e-04   1.49e-09   2.05e-03  39.1%
Combinational          8.26e-04   9.21e-04   8.61e-09   1.75e-03  33.4%
Clock                  6.52e-04   7.88e-04   4.90e-09   1.44e-03  27.5%
Macro                  0.00e+00   0.00e+00   0.00e+00   0.00e+00   0.0%
Pad                    0.00e+00   0.00e+00   0.00e+00   0.00e+00   0.0%
----------------------------------------------------------------
Total                  3.40e-03   1.84e-03   1.50e-08   5.24e-03 100.0%
                          64.9%      35.1%       0.0%

