
149. Printing statistics.

=== top ===

   Number of wires:               3723
   Number of wire bits:           3777
   Number of public wires:         158
   Number of public wire bits:     212
   Number of memories:               0
   Number of memory bits:            0
   Number of processes:              0
   Number of cells:               3748
     sky130_fd_sc_hd__a211o_2       19
     sky130_fd_sc_hd__a211oi_2       1
     sky130_fd_sc_hd__a21bo_2       14
     sky130_fd_sc_hd__a21boi_2      23
     sky130_fd_sc_hd__a21o_2        63
     sky130_fd_sc_hd__a21o_4         1
     sky130_fd_sc_hd__a21oi_2       68
     sky130_fd_sc_hd__a21oi_4       13
     sky130_fd_sc_hd__a221o_2        2
     sky130_fd_sc_hd__a221oi_2       1
     sky130_fd_sc_hd__a22o_2        55
     sky130_fd_sc_hd__a311o_2        5
     sky130_fd_sc_hd__a31o_2        22
     sky130_fd_sc_hd__and2_2        78
     sky130_fd_sc_hd__and2_4         4
     sky130_fd_sc_hd__and2b_2       18
     sky130_fd_sc_hd__and3_2        22
     sky130_fd_sc_hd__and4_2         4
     sky130_fd_sc_hd__buf_1         90
     sky130_fd_sc_hd__buf_12         2
     sky130_fd_sc_hd__buf_2          3
     sky130_fd_sc_hd__buf_4         14
     sky130_fd_sc_hd__buf_6         12
     sky130_fd_sc_hd__buf_8          4
     sky130_fd_sc_hd__bufinv_8       1
     sky130_fd_sc_hd__dfxtp_2      182
     sky130_fd_sc_hd__inv_2        472
     sky130_fd_sc_hd__inv_4          2
     sky130_fd_sc_hd__inv_6          1
     sky130_fd_sc_hd__nand2_2     1452
     sky130_fd_sc_hd__nand2_4       10
     sky130_fd_sc_hd__nand2b_2      17
     sky130_fd_sc_hd__nand2b_4       2
     sky130_fd_sc_hd__nand3_2      298
     sky130_fd_sc_hd__nand3_4        7
     sky130_fd_sc_hd__nand3b_2      41
     sky130_fd_sc_hd__nand3b_4       5
     sky130_fd_sc_hd__nor2_2       196
     sky130_fd_sc_hd__nor2_4         4
     sky130_fd_sc_hd__nor2b_2        2
     sky130_fd_sc_hd__nor3_2         3
     sky130_fd_sc_hd__o211a_2       70
     sky130_fd_sc_hd__o211ai_2      13
     sky130_fd_sc_hd__o21a_2        28
     sky130_fd_sc_hd__o21a_4         1
     sky130_fd_sc_hd__o21ai_2       83
     sky130_fd_sc_hd__o21ba_2        3
     sky130_fd_sc_hd__o21bai_2       1
     sky130_fd_sc_hd__o221a_2       12
     sky130_fd_sc_hd__o22a_2         1
     sky130_fd_sc_hd__o2bb2ai_2      1
     sky130_fd_sc_hd__o31a_2         7
     sky130_fd_sc_hd__o31ai_2        7
     sky130_fd_sc_hd__o41a_2         3
     sky130_fd_sc_hd__or2_2        136
     sky130_fd_sc_hd__or2_4         36
     sky130_fd_sc_hd__or2b_2        31
     sky130_fd_sc_hd__or3_2         21
     sky130_fd_sc_hd__or3_4          5
     sky130_fd_sc_hd__or3b_2         1
     sky130_fd_sc_hd__or3b_4         1
     sky130_fd_sc_hd__or4_2          1
     sky130_fd_sc_hd__or4_4          7
     sky130_fd_sc_hd__xnor2_2        6
     sky130_fd_sc_hd__xor2_2        40

   Chip area for module '\top': 29284.336000

