
99. Printing statistics.

=== top ===

   Number of wires:               3167
   Number of wire bits:           3221
   Number of public wires:         158
   Number of public wire bits:     212
   Number of memories:               0
   Number of memory bits:            0
   Number of processes:              0
   Number of cells:               3192
     sky130_fd_sc_hd__a2111oi_2      1
     sky130_fd_sc_hd__a211o_2       35
     sky130_fd_sc_hd__a211oi_2      21
     sky130_fd_sc_hd__a211oi_4       2
     sky130_fd_sc_hd__a21bo_2       11
     sky130_fd_sc_hd__a21boi_2      19
     sky130_fd_sc_hd__a21boi_4       1
     sky130_fd_sc_hd__a21o_2       148
     sky130_fd_sc_hd__a21oi_2      158
     sky130_fd_sc_hd__a21oi_4        4
     sky130_fd_sc_hd__a221o_2        3
     sky130_fd_sc_hd__a221oi_2       5
     sky130_fd_sc_hd__a22o_2       117
     sky130_fd_sc_hd__a22oi_2       77
     sky130_fd_sc_hd__a22oi_4        3
     sky130_fd_sc_hd__a2bb2o_2      18
     sky130_fd_sc_hd__a2bb2oi_2      7
     sky130_fd_sc_hd__a311o_2        7
     sky130_fd_sc_hd__a311oi_2       1
     sky130_fd_sc_hd__a31o_2        46
     sky130_fd_sc_hd__a31o_4         1
     sky130_fd_sc_hd__a31oi_2       17
     sky130_fd_sc_hd__a31oi_4        4
     sky130_fd_sc_hd__a32o_2        34
     sky130_fd_sc_hd__a32oi_2       14
     sky130_fd_sc_hd__a32oi_4        1
     sky130_fd_sc_hd__a41o_2         7
     sky130_fd_sc_hd__a41oi_2        3
     sky130_fd_sc_hd__and2_2        51
     sky130_fd_sc_hd__and2_4         2
     sky130_fd_sc_hd__and2b_2       13
     sky130_fd_sc_hd__and3_2        88
     sky130_fd_sc_hd__and3_4         2
     sky130_fd_sc_hd__and3b_2        3
     sky130_fd_sc_hd__and4_2        75
     sky130_fd_sc_hd__and4_4         1
     sky130_fd_sc_hd__and4b_2       20
     sky130_fd_sc_hd__and4b_4        1
     sky130_fd_sc_hd__buf_1         95
     sky130_fd_sc_hd__buf_2         72
     sky130_fd_sc_hd__buf_4         37
     sky130_fd_sc_hd__buf_6         18
     sky130_fd_sc_hd__buf_8          3
     sky130_fd_sc_hd__dfxtp_2      182
     sky130_fd_sc_hd__inv_2         83
     sky130_fd_sc_hd__inv_4          1
     sky130_fd_sc_hd__nand2_2      232
     sky130_fd_sc_hd__nand3_2      175
     sky130_fd_sc_hd__nand3b_2      22
     sky130_fd_sc_hd__nand3b_4       1
     sky130_fd_sc_hd__nand4_2      159
     sky130_fd_sc_hd__nand4_4        4
     sky130_fd_sc_hd__nand4b_2       7
     sky130_fd_sc_hd__nand4b_4       1
     sky130_fd_sc_hd__nand4bb_2      1
     sky130_fd_sc_hd__nor2_2       106
     sky130_fd_sc_hd__nor2_4         1
     sky130_fd_sc_hd__nor2b_2        1
     sky130_fd_sc_hd__nor3_2         8
     sky130_fd_sc_hd__nor3b_2        1
     sky130_fd_sc_hd__nor4_2         5
     sky130_fd_sc_hd__nor4_4         1
     sky130_fd_sc_hd__o2111a_2       9
     sky130_fd_sc_hd__o2111ai_2     23
     sky130_fd_sc_hd__o2111ai_4      1
     sky130_fd_sc_hd__o211a_2      139
     sky130_fd_sc_hd__o211a_4        1
     sky130_fd_sc_hd__o211ai_2     108
     sky130_fd_sc_hd__o211ai_4       5
     sky130_fd_sc_hd__o21a_2        63
     sky130_fd_sc_hd__o21ai_2      134
     sky130_fd_sc_hd__o21ba_2        2
     sky130_fd_sc_hd__o21bai_2      20
     sky130_fd_sc_hd__o21bai_4       2
     sky130_fd_sc_hd__o221a_2        9
     sky130_fd_sc_hd__o221a_4        1
     sky130_fd_sc_hd__o221ai_2      20
     sky130_fd_sc_hd__o221ai_4       2
     sky130_fd_sc_hd__o22a_2        19
     sky130_fd_sc_hd__o22ai_2       41
     sky130_fd_sc_hd__o22ai_4        2
     sky130_fd_sc_hd__o2bb2a_2      36
     sky130_fd_sc_hd__o2bb2a_4       1
     sky130_fd_sc_hd__o2bb2ai_2     73
     sky130_fd_sc_hd__o2bb2ai_4      2
     sky130_fd_sc_hd__o311a_2        5
     sky130_fd_sc_hd__o311a_4        1
     sky130_fd_sc_hd__o311ai_2       3
     sky130_fd_sc_hd__o31a_2        15
     sky130_fd_sc_hd__o31ai_2        6
     sky130_fd_sc_hd__o31ai_4        2
     sky130_fd_sc_hd__o32a_2         1
     sky130_fd_sc_hd__o32a_4         1
     sky130_fd_sc_hd__o32ai_2        2
     sky130_fd_sc_hd__o41a_2         2
     sky130_fd_sc_hd__o41ai_2        2
     sky130_fd_sc_hd__or2_2         46
     sky130_fd_sc_hd__or2_4          1
     sky130_fd_sc_hd__or2b_2        61
     sky130_fd_sc_hd__or3_2          9
     sky130_fd_sc_hd__or3_4          2
     sky130_fd_sc_hd__or3b_2        11
     sky130_fd_sc_hd__or4_2          2
     sky130_fd_sc_hd__or4bb_2        2
     sky130_fd_sc_hd__xnor2_2       42
     sky130_fd_sc_hd__xor2_2        26

   Chip area for module '\top': 32995.395200

