Reading /design/runs/full_run/results/signoff/top.gds ..
Reading /design/runs/full_run/results/signoff/top.klayout.gds ..
--- Running XOR for layer 122/16 ---
"input" in: xor.drc:94
    Polygons (raw): 6550 (flat)  125 (hierarchical)
    Elapsed: 0.010s  Memory: 278.00M
"input" in: xor.drc:94
    Polygons (raw): 6550 (flat)  125 (hierarchical)
    Elapsed: 0.000s  Memory: 278.00M
"^" in: xor.drc:94
    Polygons (raw): 0 (flat)  0 (hierarchical)
    Elapsed: 0.040s  Memory: 278.00M
XOR differences: 0
"output" in: xor.drc:69
    Polygons (raw): 0 (flat)  0 (hierarchical)
    Elapsed: 0.000s  Memory: 278.00M
--- Running XOR for layer 235/4 ---
"input" in: xor.drc:94
    Polygons (raw): 1 (flat)  1 (hierarchical)
    Elapsed: 0.000s  Memory: 278.00M
"input" in: xor.drc:94
    Polygons (raw): 1 (flat)  1 (hierarchical)
    Elapsed: 0.000s  Memory: 278.00M
"^" in: xor.drc:94
    Polygons (raw): 0 (flat)  0 (hierarchical)
    Elapsed: 0.000s  Memory: 278.00M
XOR differences: 0
"output" in: xor.drc:69
    Polygons (raw): 0 (flat)  0 (hierarchical)
    Elapsed: 0.000s  Memory: 278.00M
--- Running XOR for layer 236/0 ---
"input" in: xor.drc:94
    Polygons (raw): 5209 (flat)  118 (hierarchical)
    Elapsed: 0.000s  Memory: 278.00M
"input" in: xor.drc:94
    Polygons (raw): 5209 (flat)  118 (hierarchical)
    Elapsed: 0.000s  Memory: 278.00M
"^" in: xor.drc:94
    Polygons (raw): 0 (flat)  0 (hierarchical)
    Elapsed: 0.050s  Memory: 280.00M
XOR differences: 0
"output" in: xor.drc:69
    Polygons (raw): 0 (flat)  0 (hierarchical)
    Elapsed: 0.000s  Memory: 280.00M
--- Running XOR for layer 64/16 ---
"input" in: xor.drc:94
    Polygons (raw): 6548 (flat)  124 (hierarchical)
    Elapsed: 0.000s  Memory: 280.00M
"input" in: xor.drc:94
    Polygons (raw): 6548 (flat)  124 (hierarchical)
    Elapsed: 0.000s  Memory: 280.00M
"^" in: xor.drc:94
    Polygons (raw): 0 (flat)  0 (hierarchical)
    Elapsed: 0.040s  Memory: 280.00M
XOR differences: 0
"output" in: xor.drc:69
    Polygons (raw): 0 (flat)  0 (hierarchical)
    Elapsed: 0.010s  Memory: 280.00M
--- Running XOR for layer 64/20 ---
"input" in: xor.drc:94
    Polygons (raw): 7079 (flat)  121 (hierarchical)
    Elapsed: 0.000s  Memory: 280.00M
"input" in: xor.drc:94
    Polygons (raw): 7079 (flat)  121 (hierarchical)
    Elapsed: 0.000s  Memory: 280.00M
"^" in: xor.drc:94
    Polygons (raw): 0 (flat)  0 (hierarchical)
    Elapsed: 0.080s  Memory: 282.00M
XOR differences: 0
"output" in: xor.drc:69
    Polygons (raw): 0 (flat)  0 (hierarchical)
    Elapsed: 0.000s  Memory: 282.00M
--- Running XOR for layer 64/5 ---
"input" in: xor.drc:94
    Polygons (raw): 0 (flat)  0 (hierarchical)
    Elapsed: 0.000s  Memory: 282.00M
"input" in: xor.drc:94
    Polygons (raw): 0 (flat)  0 (hierarchical)
    Elapsed: 0.000s  Memory: 282.00M
"^" in: xor.drc:94
    Polygons (raw): 0 (flat)  0 (hierarchical)
    Elapsed: 0.010s  Memory: 282.00M
XOR differences: 0
"output" in: xor.drc:69
    Polygons (raw): 0 (flat)  0 (hierarchical)
    Elapsed: 0.000s  Memory: 282.00M
--- Running XOR for layer 64/59 ---
"input" in: xor.drc:94
    Polygons (raw): 0 (flat)  0 (hierarchical)
    Elapsed: 0.000s  Memory: 282.00M
"input" in: xor.drc:94
    Polygons (raw): 0 (flat)  0 (hierarchical)
    Elapsed: 0.000s  Memory: 282.00M
"^" in: xor.drc:94
    Polygons (raw): 0 (flat)  0 (hierarchical)
    Elapsed: 0.020s  Memory: 282.00M
XOR differences: 0
"output" in: xor.drc:69
    Polygons (raw): 0 (flat)  0 (hierarchical)
    Elapsed: 0.000s  Memory: 282.00M
--- Running XOR for layer 65/20 ---
"input" in: xor.drc:94
    Polygons (raw): 12889 (flat)  338 (hierarchical)
    Elapsed: 0.000s  Memory: 282.00M
"input" in: xor.drc:94
    Polygons (raw): 12889 (flat)  338 (hierarchical)
    Elapsed: 0.000s  Memory: 282.00M
"^" in: xor.drc:94
    Polygons (raw): 0 (flat)  0 (hierarchical)
    Elapsed: 0.080s  Memory: 282.00M
XOR differences: 0
"output" in: xor.drc:69
    Polygons (raw): 0 (flat)  0 (hierarchical)
    Elapsed: 0.000s  Memory: 282.00M
--- Running XOR for layer 65/44 ---
"input" in: xor.drc:94
    Polygons (raw): 1428 (flat)  2 (hierarchical)
    Elapsed: 0.000s  Memory: 282.00M
"input" in: xor.drc:94
    Polygons (raw): 1428 (flat)  2 (hierarchical)
    Elapsed: 0.000s  Memory: 282.00M
"^" in: xor.drc:94
    Polygons (raw): 0 (flat)  0 (hierarchical)
    Elapsed: 0.010s  Memory: 282.00M
XOR differences: 0
"output" in: xor.drc:69
    Polygons (raw): 0 (flat)  0 (hierarchical)
    Elapsed: 0.000s  Memory: 282.00M
--- Running XOR for layer 66/20 ---
"input" in: xor.drc:94
    Polygons (raw): 17139 (flat)  539 (hierarchical)
    Elapsed: 0.000s  Memory: 282.00M
"input" in: xor.drc:94
    Polygons (raw): 17139 (flat)  539 (hierarchical)
    Elapsed: 0.000s  Memory: 282.00M
"^" in: xor.drc:94
    Polygons (raw): 0 (flat)  0 (hierarchical)
    Elapsed: 0.190s  Memory: 282.00M
XOR differences: 0
"output" in: xor.drc:69
    Polygons (raw): 0 (flat)  0 (hierarchical)
    Elapsed: 0.000s  Memory: 282.00M
--- Running XOR for layer 66/44 ---
"input" in: xor.drc:94
    Polygons (raw): 79730 (flat)  3372 (hierarchical)
    Elapsed: 0.000s  Memory: 282.00M
"input" in: xor.drc:94
    Polygons (raw): 79730 (flat)  3372 (hierarchical)
    Elapsed: 0.000s  Memory: 282.00M
"^" in: xor.drc:94
    Polygons (raw): 0 (flat)  0 (hierarchical)
    Elapsed: 0.330s  Memory: 282.00M
XOR differences: 0
"output" in: xor.drc:69
    Polygons (raw): 0 (flat)  0 (hierarchical)
    Elapsed: 0.000s  Memory: 282.00M
--- Running XOR for layer 67/16 ---
"input" in: xor.drc:94
    Polygons (raw): 16481 (flat)  895 (hierarchical)
    Elapsed: 0.000s  Memory: 282.00M
"input" in: xor.drc:94
    Polygons (raw): 16481 (flat)  895 (hierarchical)
    Elapsed: 0.000s  Memory: 282.00M
"^" in: xor.drc:94
    Polygons (raw): 0 (flat)  0 (hierarchical)
    Elapsed: 0.060s  Memory: 282.00M
XOR differences: 0
"output" in: xor.drc:69
    Polygons (raw): 0 (flat)  0 (hierarchical)
    Elapsed: 0.000s  Memory: 282.00M
--- Running XOR for layer 67/20 ---
"input" in: xor.drc:94
    Polygons (raw): 44377 (flat)  9842 (hierarchical)
    Elapsed: 0.000s  Memory: 282.00M
"input" in: xor.drc:94
    Polygons (raw): 44377 (flat)  948 (hierarchical)
    Elapsed: 0.000s  Memory: 282.00M
"^" in: xor.drc:94
    Polygons (raw): 0 (flat)  0 (hierarchical)
    Elapsed: 0.500s  Memory: 324.00M
XOR differences: 0
"output" in: xor.drc:69
    Polygons (raw): 0 (flat)  0 (hierarchical)
    Elapsed: 0.010s  Memory: 324.00M
--- Running XOR for layer 67/44 ---
"input" in: xor.drc:94
    Polygons (raw): 90061 (flat)  10891 (hierarchical)
    Elapsed: 0.000s  Memory: 324.00M
"input" in: xor.drc:94
    Polygons (raw): 90061 (flat)  1997 (hierarchical)
    Elapsed: 0.000s  Memory: 324.00M
"^" in: xor.drc:94
    Polygons (raw): 0 (flat)  0 (hierarchical)
    Elapsed: 0.320s  Memory: 324.00M
XOR differences: 0
"output" in: xor.drc:69
    Polygons (raw): 0 (flat)  0 (hierarchical)
    Elapsed: 0.000s  Memory: 324.00M
--- Running XOR for layer 67/5 ---
"input" in: xor.drc:94
    Polygons (raw): 0 (flat)  0 (hierarchical)
    Elapsed: 0.000s  Memory: 324.00M
"input" in: xor.drc:94
    Polygons (raw): 0 (flat)  0 (hierarchical)
    Elapsed: 0.000s  Memory: 324.00M
"^" in: xor.drc:94
    Polygons (raw): 0 (flat)  0 (hierarchical)
    Elapsed: 0.010s  Memory: 324.00M
XOR differences: 0
"output" in: xor.drc:69
    Polygons (raw): 0 (flat)  0 (hierarchical)
    Elapsed: 0.000s  Memory: 324.00M
--- Running XOR for layer 68/16 ---
"input" in: xor.drc:94
    Polygons (raw): 14190 (flat)  244 (hierarchical)
    Elapsed: 0.000s  Memory: 324.00M
"input" in: xor.drc:94
    Polygons (raw): 14190 (flat)  244 (hierarchical)
    Elapsed: 0.000s  Memory: 324.00M
"^" in: xor.drc:94
    Polygons (raw): 0 (flat)  0 (hierarchical)
    Elapsed: 0.080s  Memory: 324.00M
XOR differences: 0
"output" in: xor.drc:69
    Polygons (raw): 0 (flat)  0 (hierarchical)
    Elapsed: 0.000s  Memory: 324.00M
--- Running XOR for layer 68/20 ---
"input" in: xor.drc:94
    Polygons (raw): 48535 (flat)  34164 (hierarchical)
    Elapsed: 0.000s  Memory: 324.00M
"input" in: xor.drc:94
    Polygons (raw): 42085 (flat)  10511 (hierarchical)
    Elapsed: 0.000s  Memory: 324.00M
"^" in: xor.drc:94
    Polygons (raw): 0 (flat)  0 (hierarchical)
    Elapsed: 0.280s  Memory: 324.00M
XOR differences: 0
"output" in: xor.drc:69
    Polygons (raw): 0 (flat)  0 (hierarchical)
    Elapsed: 0.000s  Memory: 324.00M
--- Running XOR for layer 68/44 ---
"input" in: xor.drc:94
    Polygons (raw): 8976 (flat)  8976 (hierarchical)
    Elapsed: 0.000s  Memory: 324.00M
"input" in: xor.drc:94
    Polygons (raw): 8976 (flat)  7 (hierarchical)
    Elapsed: 0.000s  Memory: 324.00M
"^" in: xor.drc:94
    Polygons (raw): 0 (flat)  0 (hierarchical)
    Elapsed: 0.040s  Memory: 324.00M
XOR differences: 0
"output" in: xor.drc:69
    Polygons (raw): 0 (flat)  0 (hierarchical)
    Elapsed: 0.000s  Memory: 324.00M
--- Running XOR for layer 68/5 ---
"input" in: xor.drc:94
    Polygons (raw): 0 (flat)  0 (hierarchical)
    Elapsed: 0.000s  Memory: 324.00M
"input" in: xor.drc:94
    Polygons (raw): 0 (flat)  0 (hierarchical)
    Elapsed: 0.000s  Memory: 324.00M
"^" in: xor.drc:94
    Polygons (raw): 0 (flat)  0 (hierarchical)
    Elapsed: 0.020s  Memory: 324.00M
XOR differences: 0
"output" in: xor.drc:69
    Polygons (raw): 0 (flat)  0 (hierarchical)
    Elapsed: 0.000s  Memory: 324.00M
--- Running XOR for layer 69/16 ---
"input" in: xor.drc:94
    Polygons (raw): 21 (flat)  21 (hierarchical)
    Elapsed: 0.000s  Memory: 324.00M
"input" in: xor.drc:94
    Polygons (raw): 21 (flat)  21 (hierarchical)
    Elapsed: 0.000s  Memory: 324.00M
"^" in: xor.drc:94
    Polygons (raw): 0 (flat)  0 (hierarchical)
    Elapsed: 0.010s  Memory: 324.00M
XOR differences: 0
"output" in: xor.drc:69
    Polygons (raw): 0 (flat)  0 (hierarchical)
    Elapsed: 0.000s  Memory: 324.00M
--- Running XOR for layer 69/20 ---
"input" in: xor.drc:94
    Polygons (raw): 14414 (flat)  14414 (hierarchical)
    Elapsed: 0.000s  Memory: 324.00M
"input" in: xor.drc:94
    Polygons (raw): 14420 (flat)  5654 (hierarchical)
    Elapsed: 0.000s  Memory: 324.00M
"^" in: xor.drc:94
    Polygons (raw): 0 (flat)  0 (hierarchical)
    Elapsed: 0.110s  Memory: 324.00M
XOR differences: 0
"output" in: xor.drc:69
    Polygons (raw): 0 (flat)  0 (hierarchical)
    Elapsed: 0.000s  Memory: 324.00M
--- Running XOR for layer 69/44 ---
"input" in: xor.drc:94
    Polygons (raw): 957 (flat)  957 (hierarchical)
    Elapsed: 0.000s  Memory: 324.00M
"input" in: xor.drc:94
    Polygons (raw): 957 (flat)  5 (hierarchical)
    Elapsed: 0.000s  Memory: 324.00M
"^" in: xor.drc:94
    Polygons (raw): 0 (flat)  0 (hierarchical)
    Elapsed: 0.010s  Memory: 324.00M
XOR differences: 0
"output" in: xor.drc:69
    Polygons (raw): 0 (flat)  0 (hierarchical)
    Elapsed: 0.000s  Memory: 324.00M
--- Running XOR for layer 69/5 ---
"input" in: xor.drc:94
    Polygons (raw): 0 (flat)  0 (hierarchical)
    Elapsed: 0.000s  Memory: 324.00M
"input" in: xor.drc:94
    Polygons (raw): 0 (flat)  0 (hierarchical)
    Elapsed: 0.000s  Memory: 324.00M
"^" in: xor.drc:94
    Polygons (raw): 0 (flat)  0 (hierarchical)
    Elapsed: 0.000s  Memory: 324.00M
XOR differences: 0
"output" in: xor.drc:69
    Polygons (raw): 0 (flat)  0 (hierarchical)
    Elapsed: 0.010s  Memory: 324.00M
--- Running XOR for layer 70/16 ---
"input" in: xor.drc:94
    Polygons (raw): 42 (flat)  42 (hierarchical)
    Elapsed: 0.000s  Memory: 324.00M
"input" in: xor.drc:94
    Polygons (raw): 42 (flat)  42 (hierarchical)
    Elapsed: 0.000s  Memory: 324.00M
"^" in: xor.drc:94
    Polygons (raw): 0 (flat)  0 (hierarchical)
    Elapsed: 0.000s  Memory: 324.00M
XOR differences: 0
"output" in: xor.drc:69
    Polygons (raw): 0 (flat)  0 (hierarchical)
    Elapsed: 0.000s  Memory: 324.00M
--- Running XOR for layer 70/20 ---
"input" in: xor.drc:94
    Polygons (raw): 1134 (flat)  1134 (hierarchical)
    Elapsed: 0.000s  Memory: 324.00M
"input" in: xor.drc:94
    Polygons (raw): 1142 (flat)  466 (hierarchical)
    Elapsed: 0.000s  Memory: 324.00M
"^" in: xor.drc:94
    Polygons (raw): 0 (flat)  0 (hierarchical)
    Elapsed: 0.010s  Memory: 324.00M
XOR differences: 0
"output" in: xor.drc:69
    Polygons (raw): 0 (flat)  0 (hierarchical)
    Elapsed: 0.000s  Memory: 324.00M
--- Running XOR for layer 70/44 ---
"input" in: xor.drc:94
    Polygons (raw): 719 (flat)  719 (hierarchical)
    Elapsed: 0.000s  Memory: 324.00M
"input" in: xor.drc:94
    Polygons (raw): 719 (flat)  5 (hierarchical)
    Elapsed: 0.000s  Memory: 324.00M
"^" in: xor.drc:94
    Polygons (raw): 0 (flat)  0 (hierarchical)
    Elapsed: 0.010s  Memory: 324.00M
XOR differences: 0
"output" in: xor.drc:69
    Polygons (raw): 0 (flat)  0 (hierarchical)
    Elapsed: 0.000s  Memory: 324.00M
--- Running XOR for layer 70/5 ---
"input" in: xor.drc:94
    Polygons (raw): 0 (flat)  0 (hierarchical)
    Elapsed: 0.000s  Memory: 324.00M
"input" in: xor.drc:94
    Polygons (raw): 0 (flat)  0 (hierarchical)
    Elapsed: 0.000s  Memory: 324.00M
"^" in: xor.drc:94
    Polygons (raw): 0 (flat)  0 (hierarchical)
    Elapsed: 0.010s  Memory: 324.00M
XOR differences: 0
"output" in: xor.drc:69
    Polygons (raw): 0 (flat)  0 (hierarchical)
    Elapsed: 0.000s  Memory: 324.00M
--- Running XOR for layer 71/16 ---
"input" in: xor.drc:94
    Polygons (raw): 4 (flat)  4 (hierarchical)
    Elapsed: 0.000s  Memory: 324.00M
"input" in: xor.drc:94
    Polygons (raw): 4 (flat)  4 (hierarchical)
    Elapsed: 0.000s  Memory: 324.00M
"^" in: xor.drc:94
    Polygons (raw): 0 (flat)  0 (hierarchical)
    Elapsed: 0.000s  Memory: 324.00M
XOR differences: 0
"output" in: xor.drc:69
    Polygons (raw): 0 (flat)  0 (hierarchical)
    Elapsed: 0.000s  Memory: 324.00M
--- Running XOR for layer 71/20 ---
"input" in: xor.drc:94
    Polygons (raw): 92 (flat)  92 (hierarchical)
    Elapsed: 0.000s  Memory: 324.00M
"input" in: xor.drc:94
    Polygons (raw): 270 (flat)  44 (hierarchical)
    Elapsed: 0.000s  Memory: 324.00M
"^" in: xor.drc:94
    Polygons (raw): 0 (flat)  0 (hierarchical)
    Elapsed: 0.000s  Memory: 324.00M
XOR differences: 0
"output" in: xor.drc:69
    Polygons (raw): 0 (flat)  0 (hierarchical)
    Elapsed: 0.000s  Memory: 324.00M
--- Running XOR for layer 71/44 ---
"input" in: xor.drc:94
    Polygons (raw): 8 (flat)  8 (hierarchical)
    Elapsed: 0.010s  Memory: 324.00M
"input" in: xor.drc:94
    Polygons (raw): 8 (flat)  1 (hierarchical)
    Elapsed: 0.000s  Memory: 324.00M
"^" in: xor.drc:94
    Polygons (raw): 0 (flat)  0 (hierarchical)
    Elapsed: 0.000s  Memory: 324.00M
XOR differences: 0
"output" in: xor.drc:69
    Polygons (raw): 0 (flat)  0 (hierarchical)
    Elapsed: 0.000s  Memory: 324.00M
--- Running XOR for layer 71/5 ---
"input" in: xor.drc:94
    Polygons (raw): 0 (flat)  0 (hierarchical)
    Elapsed: 0.000s  Memory: 324.00M
"input" in: xor.drc:94
    Polygons (raw): 0 (flat)  0 (hierarchical)
    Elapsed: 0.000s  Memory: 324.00M
"^" in: xor.drc:94
    Polygons (raw): 0 (flat)  0 (hierarchical)
    Elapsed: 0.010s  Memory: 324.00M
XOR differences: 0
"output" in: xor.drc:69
    Polygons (raw): 0 (flat)  0 (hierarchical)
    Elapsed: 0.000s  Memory: 324.00M
--- Running XOR for layer 72/16 ---
"input" in: xor.drc:94
    Polygons (raw): 4 (flat)  4 (hierarchical)
    Elapsed: 0.000s  Memory: 324.00M
"input" in: xor.drc:94
    Polygons (raw): 4 (flat)  4 (hierarchical)
    Elapsed: 0.000s  Memory: 324.00M
"^" in: xor.drc:94
    Polygons (raw): 0 (flat)  0 (hierarchical)
    Elapsed: 0.010s  Memory: 324.00M
XOR differences: 0
"output" in: xor.drc:69
    Polygons (raw): 0 (flat)  0 (hierarchical)
    Elapsed: 0.000s  Memory: 324.00M
--- Running XOR for layer 72/20 ---
"input" in: xor.drc:94
    Polygons (raw): 4 (flat)  4 (hierarchical)
    Elapsed: 0.000s  Memory: 324.00M
"input" in: xor.drc:94
    Polygons (raw): 16 (flat)  9 (hierarchical)
    Elapsed: 0.000s  Memory: 324.00M
"^" in: xor.drc:94
    Polygons (raw): 0 (flat)  0 (hierarchical)
    Elapsed: 0.010s  Memory: 324.00M
XOR differences: 0
"output" in: xor.drc:69
    Polygons (raw): 0 (flat)  0 (hierarchical)
    Elapsed: 0.000s  Memory: 324.00M
--- Running XOR for layer 72/5 ---
"input" in: xor.drc:94
    Polygons (raw): 0 (flat)  0 (hierarchical)
    Elapsed: 0.000s  Memory: 324.00M
"input" in: xor.drc:94
    Polygons (raw): 0 (flat)  0 (hierarchical)
    Elapsed: 0.000s  Memory: 324.00M
"^" in: xor.drc:94
    Polygons (raw): 0 (flat)  0 (hierarchical)
    Elapsed: 0.000s  Memory: 324.00M
XOR differences: 0
"output" in: xor.drc:69
    Polygons (raw): 0 (flat)  0 (hierarchical)
    Elapsed: 0.000s  Memory: 324.00M
--- Running XOR for layer 78/44 ---
"input" in: xor.drc:94
    Polygons (raw): 7111 (flat)  123 (hierarchical)
    Elapsed: 0.000s  Memory: 324.00M
"input" in: xor.drc:94
    Polygons (raw): 7111 (flat)  123 (hierarchical)
    Elapsed: 0.000s  Memory: 324.00M
"^" in: xor.drc:94
    Polygons (raw): 0 (flat)  0 (hierarchical)
    Elapsed: 0.050s  Memory: 324.00M
XOR differences: 0
"output" in: xor.drc:69
    Polygons (raw): 0 (flat)  0 (hierarchical)
    Elapsed: 0.000s  Memory: 324.00M
--- Running XOR for layer 81/23 ---
"input" in: xor.drc:94
    Polygons (raw): 3 (flat)  1 (hierarchical)
    Elapsed: 0.000s  Memory: 324.00M
"input" in: xor.drc:94
    Polygons (raw): 3 (flat)  1 (hierarchical)
    Elapsed: 0.000s  Memory: 324.00M
"^" in: xor.drc:94
    Polygons (raw): 0 (flat)  0 (hierarchical)
    Elapsed: 0.000s  Memory: 324.00M
XOR differences: 0
"output" in: xor.drc:69
    Polygons (raw): 0 (flat)  0 (hierarchical)
    Elapsed: 0.000s  Memory: 324.00M
--- Running XOR for layer 81/4 ---
"input" in: xor.drc:94
    Polygons (raw): 7079 (flat)  121 (hierarchical)
    Elapsed: 0.000s  Memory: 324.00M
"input" in: xor.drc:94
    Polygons (raw): 7079 (flat)  121 (hierarchical)
    Elapsed: 0.000s  Memory: 324.00M
"^" in: xor.drc:94
    Polygons (raw): 0 (flat)  0 (hierarchical)
    Elapsed: 0.050s  Memory: 324.00M
XOR differences: 0
"output" in: xor.drc:69
    Polygons (raw): 0 (flat)  0 (hierarchical)
    Elapsed: 0.000s  Memory: 324.00M
--- Running XOR for layer 83/44 ---
"input" in: xor.drc:94
    Polygons (raw): 0 (flat)  0 (hierarchical)
    Elapsed: 0.000s  Memory: 324.00M
"input" in: xor.drc:94
    Polygons (raw): 0 (flat)  0 (hierarchical)
    Elapsed: 0.000s  Memory: 324.00M
"^" in: xor.drc:94
    Polygons (raw): 0 (flat)  0 (hierarchical)
    Elapsed: 0.020s  Memory: 324.00M
XOR differences: 0
"output" in: xor.drc:69
    Polygons (raw): 0 (flat)  0 (hierarchical)
    Elapsed: 0.000s  Memory: 324.00M
--- Running XOR for layer 93/44 ---
"input" in: xor.drc:94
    Polygons (raw): 7793 (flat)  122 (hierarchical)
    Elapsed: 0.000s  Memory: 324.00M
"input" in: xor.drc:94
    Polygons (raw): 7793 (flat)  122 (hierarchical)
    Elapsed: 0.000s  Memory: 324.00M
"^" in: xor.drc:94
    Polygons (raw): 0 (flat)  0 (hierarchical)
    Elapsed: 0.070s  Memory: 324.00M
XOR differences: 0
"output" in: xor.drc:69
    Polygons (raw): 0 (flat)  0 (hierarchical)
    Elapsed: 0.000s  Memory: 324.00M
--- Running XOR for layer 94/20 ---
"input" in: xor.drc:94
    Polygons (raw): 7793 (flat)  122 (hierarchical)
    Elapsed: 0.000s  Memory: 324.00M
"input" in: xor.drc:94
    Polygons (raw): 7793 (flat)  122 (hierarchical)
    Elapsed: 0.000s  Memory: 324.00M
"^" in: xor.drc:94
    Polygons (raw): 0 (flat)  0 (hierarchical)
    Elapsed: 0.070s  Memory: 324.00M
XOR differences: 0
"output" in: xor.drc:69
    Polygons (raw): 0 (flat)  0 (hierarchical)
    Elapsed: 0.000s  Memory: 324.00M
--- Running XOR for layer 95/20 ---
"input" in: xor.drc:94
    Polygons (raw): 5465 (flat)  126 (hierarchical)
    Elapsed: 0.000s  Memory: 324.00M
"input" in: xor.drc:94
    Polygons (raw): 5465 (flat)  126 (hierarchical)
    Elapsed: 0.000s  Memory: 324.00M
"^" in: xor.drc:94
    Polygons (raw): 0 (flat)  0 (hierarchical)
    Elapsed: 0.050s  Memory: 324.00M
XOR differences: 0
"output" in: xor.drc:69
    Polygons (raw): 0 (flat)  0 (hierarchical)
    Elapsed: 0.000s  Memory: 324.00M
---
Total XOR differences: 0
Writing report database: /design/runs/full_run/reports/signoff/37-xor.xml ..
Total elapsed: 2.990s  Memory: 324.00M
