
===========================================================================
 report_power
============================================================================
======================= Fastest Corner ===================================

Group                  Internal  Switching    Leakage      Total
                          Power      Power      Power      Power (Watts)
----------------------------------------------------------------
Sequential             2.47e-03   1.26e-04   3.14e-09   2.59e-03  40.6%
Combinational          7.54e-04   8.99e-04   2.29e-08   1.65e-03  25.9%
Clock                  1.03e-03   1.12e-03   7.17e-09   2.14e-03  33.6%
Macro                  0.00e+00   0.00e+00   0.00e+00   0.00e+00   0.0%
Pad                    0.00e+00   0.00e+00   0.00e+00   0.00e+00   0.0%
----------------------------------------------------------------
Total                  4.25e-03   2.14e-03   3.33e-08   6.39e-03 100.0%
                          66.5%      33.5%       0.0%

======================= Slowest Corner ===================================

Group                  Internal  Switching    Leakage      Total
                          Power      Power      Power      Power (Watts)
----------------------------------------------------------------
Sequential             1.65e-03   8.19e-05   2.83e-06   1.73e-03  39.8%
Combinational          5.47e-04   5.92e-04   1.46e-05   1.15e-03  26.5%
Clock                  7.40e-04   7.20e-04   4.85e-07   1.46e-03  33.6%
Macro                  0.00e+00   0.00e+00   0.00e+00   0.00e+00   0.0%
Pad                    0.00e+00   0.00e+00   0.00e+00   0.00e+00   0.0%
----------------------------------------------------------------
Total                  2.93e-03   1.39e-03   1.79e-05   4.35e-03 100.0%
                          67.5%      32.1%       0.4%

======================= Typical Corner ===================================

Group                  Internal  Switching    Leakage      Total
                          Power      Power      Power      Power (Watts)
----------------------------------------------------------------
Sequential             2.12e-03   1.05e-04   1.66e-09   2.23e-03  40.5%
Combinational          6.75e-04   7.57e-04   1.24e-08   1.43e-03  26.0%
Clock                  9.01e-04   9.39e-04   6.01e-09   1.84e-03  33.4%
Macro                  0.00e+00   0.00e+00   0.00e+00   0.00e+00   0.0%
Pad                    0.00e+00   0.00e+00   0.00e+00   0.00e+00   0.0%
----------------------------------------------------------------
Total                  3.70e-03   1.80e-03   2.01e-08   5.50e-03 100.0%
                          67.3%      32.7%       0.0%

