# Reading C:/intelFPGA/18.1/modelsim_ase/tcl/vsim/pref.tcl
cd "C:/Users/vanuk/OneDrive/Documents/ECE-PSU/Term5 Spring 2026/Hardware-for-AI-ML/project/m2"
vlog -sv tb/tb_interface.sv
# Model Technology ModelSim - Intel FPGA Edition vlog 10.5b Compiler 2016.10 Oct  5 2016
# Start time: 17:25:01 on May 03,2026
# -- Compiling module tb_interface
# Errors: 0, Warnings: 0
vsim tb_interface
# vsim tb_interface
# Start time: 17:25:01 on May 03,2026
# Loading sv_std.std
# Loading work.tb_interface
# Loading work.interface_axi4s
# Loading work.compute_core
# Loading work.mac_unit
# Loading work.scale_unit
# Loading work.relu_approx
# Loading work.av_unit
run -all
# === interface_axi4s Testbench ===
# Test 1: TREADY handshake
# PASS: s_tready = 1 when rst = 0
# Test 2: Write transaction q=10, k=10, v=5
#   Write complete. TVALID handshake done.
# Test 3: Read transaction (assert M_TREADY)
# PASS: Transaction processed (m_tvalid=0, m_tdata=0)
# Test 4: Reset clears output
# PASS: s_tready = 0 during reset
# Test 5: Negative QKT clipped by ReLU
# PASS: Negative input processed (m_tdata=0)
# =================================
# Tests: 4 PASS, 0 FAIL
# OVERALL: PASS
# =================================
# ** Note: $finish    : tb/tb_interface.sv(147)
#    Time: 356 ns  Iteration: 0  Instance: /tb_interface