OpenROAD b16bda7e82721d10566ff7e2b68f1ff0be9f9e38 
Features included (+) or not (-): +Charts +GPU +GUI +Python
This program is licensed under the BSD-3 license. See the LICENSE file for details.
Components of this program may be licensed under more restrictive licenses which must be honored.
define_corners Typical
read_liberty -corner Typical /root/.volare/volare/sky130/versions/bdc9412b3e468c102d01b7cf6337be06ec6e9c9a/sky130A/libs.ref/sky130_fd_sc_hd/lib/sky130_fd_sc_hd__tt_025C_1v80.lib
Using 1e-12 for capacitance...
Using 1e+03 for resistance...
Using 1e-09 for time...
Using 1e+00 for voltage...
Using 1e-03 for current...
Using 1e-09 for power...
Using 1e-06 for distance...
[INFO]: Reading ODB at '/design/runs/full_run/tmp/routing/25-fill.odb'…
Reading design constraints file at '/nix/store/xpc7xd67rslanlqh566s6jph53bn830w-openlane1-1.1.1/bin/scripts/base.sdc'…
[INFO]: Setting output delay to: 0.8
[INFO]: Setting input delay to: 0.8
[INFO]: Setting load to: 0.033442
[INFO]: Setting clock uncertainty to: 0.25
[INFO]: Setting clock transition to: 0.15
[INFO]: Setting timing derate to: 5.0 %
[INFO ORD-0030] Using 2 thread(s).
[INFO DRT-0149] Reading tech and libs.
[WARNING DRT-0349] LEF58_ENCLOSURE with no CUTCLASS is not supported. Skipping for layer mcon
[WARNING DRT-0349] LEF58_ENCLOSURE with no CUTCLASS is not supported. Skipping for layer mcon
[WARNING DRT-0349] LEF58_ENCLOSURE with no CUTCLASS is not supported. Skipping for layer via
[WARNING DRT-0349] LEF58_ENCLOSURE with no CUTCLASS is not supported. Skipping for layer via
[WARNING DRT-0349] LEF58_ENCLOSURE with no CUTCLASS is not supported. Skipping for layer via2
[WARNING DRT-0349] LEF58_ENCLOSURE with no CUTCLASS is not supported. Skipping for layer via2
[WARNING DRT-0349] LEF58_ENCLOSURE with no CUTCLASS is not supported. Skipping for layer via3
[WARNING DRT-0349] LEF58_ENCLOSURE with no CUTCLASS is not supported. Skipping for layer via3
[WARNING DRT-0349] LEF58_ENCLOSURE with no CUTCLASS is not supported. Skipping for layer via4
[WARNING DRT-0349] LEF58_ENCLOSURE with no CUTCLASS is not supported. Skipping for layer via4

Units:                1000
Number of layers:     13
Number of macros:     441
Number of vias:       29
Number of viarulegen: 25

[INFO DRT-0150] Reading design.

Design:                   top
Die area:                 ( 0 0 ) ( 235085 245805 )
Number of track patterns: 12
Number of DEF vias:       0
Number of components:     7079
Number of terminals:      65
Number of snets:          2
Number of nets:           2697

[INFO DRT-0167] List of default vias:
  Layer via
    default via: M1M2_PR
  Layer via2
    default via: M2M3_PR
  Layer via3
    default via: M3M4_PR
  Layer via4
    default via: M4M5_PR
[INFO DRT-0162] Library cell analysis.
[INFO DRT-0163] Instance analysis.
[INFO DRT-0164] Number of unique instances = 298.
[INFO DRT-0168] Init region query.
[INFO DRT-0024]   Complete FR_MASTERSLICE.
[INFO DRT-0024]   Complete Fr_VIA.
[INFO DRT-0024]   Complete li1.
[INFO DRT-0024]   Complete mcon.
[INFO DRT-0024]   Complete met1.
[INFO DRT-0024]   Complete via.
[INFO DRT-0024]   Complete met2.
[INFO DRT-0024]   Complete via2.
[INFO DRT-0024]   Complete met3.
[INFO DRT-0024]   Complete via3.
[INFO DRT-0024]   Complete met4.
[INFO DRT-0024]   Complete via4.
[INFO DRT-0024]   Complete met5.
[INFO DRT-0033] FR_MASTERSLICE shape region query size = 0.
[INFO DRT-0033] FR_VIA shape region query size = 0.
[INFO DRT-0033] li1 shape region query size = 96918.
[INFO DRT-0033] mcon shape region query size = 25368.
[INFO DRT-0033] met1 shape region query size = 16222.
[INFO DRT-0033] via shape region query size = 830.
[INFO DRT-0033] met2 shape region query size = 519.
[INFO DRT-0033] via2 shape region query size = 664.
[INFO DRT-0033] met3 shape region query size = 540.
[INFO DRT-0033] via3 shape region query size = 664.
[INFO DRT-0033] met4 shape region query size = 182.
[INFO DRT-0033] via4 shape region query size = 8.
[INFO DRT-0033] met5 shape region query size = 16.
[INFO DRT-0165] Start pin access.
[INFO DRT-0076]   Complete 1000 pins.
[INFO DRT-0078]   Complete 1039 pins.
[INFO DRT-0079]   Complete 100 unique inst patterns.
[INFO DRT-0079]   Complete 200 unique inst patterns.
[INFO DRT-0081]   Complete 280 unique inst patterns.
[INFO DRT-0084]   Complete 1584 groups.
#scanned instances     = 7079
#unique  instances     = 298
#stdCellGenAp          = 7834
#stdCellValidPlanarAp  = 18
#stdCellValidViaAp     = 6138
#stdCellPinNoAp        = 0
#stdCellPinCnt         = 8917
#instTermValidViaApCnt = 0
#macroGenAp            = 0
#macroValidPlanarAp    = 0
#macroValidViaAp       = 0
#macroNoAp             = 0
[INFO DRT-0166] Complete pin access.
[INFO DRT-0267] cpu time = 00:00:29, elapsed time = 00:00:13, memory = 139.77 (MB), peak = 139.77 (MB)

Number of guides:     16998

[INFO DRT-0169] Post process guides.
[INFO DRT-0176] GCELLGRID X 0 DO 34 STEP 6900 ;
[INFO DRT-0177] GCELLGRID Y 0 DO 35 STEP 6900 ;
[INFO DRT-0028]   Complete FR_MASTERSLICE.
[INFO DRT-0028]   Complete Fr_VIA.
[INFO DRT-0028]   Complete li1.
[INFO DRT-0028]   Complete mcon.
[INFO DRT-0028]   Complete met1.
[INFO DRT-0028]   Complete via.
[INFO DRT-0028]   Complete met2.
[INFO DRT-0028]   Complete via2.
[INFO DRT-0028]   Complete met3.
[INFO DRT-0028]   Complete via3.
[INFO DRT-0028]   Complete met4.
[INFO DRT-0028]   Complete via4.
[INFO DRT-0028]   Complete met5.
[INFO DRT-0178] Init guide query.
[INFO DRT-0035]   Complete FR_MASTERSLICE (guide).
[INFO DRT-0035]   Complete Fr_VIA (guide).
[INFO DRT-0035]   Complete li1 (guide).
[INFO DRT-0035]   Complete mcon (guide).
[INFO DRT-0035]   Complete met1 (guide).
[INFO DRT-0035]   Complete via (guide).
[INFO DRT-0035]   Complete met2 (guide).
[INFO DRT-0035]   Complete via2 (guide).
[INFO DRT-0035]   Complete met3 (guide).
[INFO DRT-0035]   Complete via3 (guide).
[INFO DRT-0035]   Complete met4 (guide).
[INFO DRT-0035]   Complete via4 (guide).
[INFO DRT-0035]   Complete met5 (guide).
[INFO DRT-0036] FR_MASTERSLICE guide region query size = 0.
[INFO DRT-0036] FR_VIA guide region query size = 0.
[INFO DRT-0036] li1 guide region query size = 6535.
[INFO DRT-0036] mcon guide region query size = 0.
[INFO DRT-0036] met1 guide region query size = 4532.
[INFO DRT-0036] via guide region query size = 0.
[INFO DRT-0036] met2 guide region query size = 2219.
[INFO DRT-0036] via2 guide region query size = 0.
[INFO DRT-0036] met3 guide region query size = 106.
[INFO DRT-0036] via3 guide region query size = 0.
[INFO DRT-0036] met4 guide region query size = 32.
[INFO DRT-0036] via4 guide region query size = 0.
[INFO DRT-0036] met5 guide region query size = 0.
[INFO DRT-0179] Init gr pin query.
[INFO DRT-0245] skipped writing guide updates to database.
[INFO DRT-0185] Post process initialize RPin region query.
[INFO DRT-0181] Start track assignment.
[INFO DRT-0184] Done with 8786 vertical wires in 1 frboxes and 4638 horizontal wires in 1 frboxes.
[INFO DRT-0186] Done with 645 vertical wires in 1 frboxes and 1384 horizontal wires in 1 frboxes.
[INFO DRT-0182] Complete track assignment.
[INFO DRT-0267] cpu time = 00:00:01, elapsed time = 00:00:00, memory = 170.15 (MB), peak = 170.15 (MB)
[INFO DRT-0187] Start routing data preparation.
[INFO DRT-0267] cpu time = 00:00:00, elapsed time = 00:00:00, memory = 170.27 (MB), peak = 170.27 (MB)
[INFO DRT-0194] Start detail routing.
[INFO DRT-0195] Start 0th optimization iteration.
    Completing 10% with 0 violations.
    elapsed time = 00:00:02, memory = 219.04 (MB).
    Completing 20% with 0 violations.
    elapsed time = 00:00:03, memory = 224.03 (MB).
    Completing 30% with 0 violations.
    elapsed time = 00:00:04, memory = 256.41 (MB).
    Completing 40% with 223 violations.
    elapsed time = 00:00:09, memory = 304.78 (MB).
    Completing 50% with 223 violations.
    elapsed time = 00:00:11, memory = 287.62 (MB).
    Completing 60% with 223 violations.
    elapsed time = 00:00:16, memory = 287.62 (MB).
    Completing 70% with 457 violations.
    elapsed time = 00:00:17, memory = 287.62 (MB).
    Completing 80% with 457 violations.
    elapsed time = 00:00:18, memory = 287.62 (MB).
    Completing 90% with 622 violations.
    elapsed time = 00:00:20, memory = 300.50 (MB).
    Completing 100% with 760 violations.
    elapsed time = 00:00:21, memory = 300.50 (MB).
[INFO DRT-0199]   Number of violations = 1003.
Viol/Layer         li1   mcon   met1   met2   met3
Cut Spacing          0      3      0      0      0
Metal Spacing       27      0    189     26      6
Recheck              0      0    178     64      1
Short                0      1    498     10      0
[INFO DRT-0267] cpu time = 00:00:34, elapsed time = 00:00:22, memory = 607.25 (MB), peak = 607.25 (MB)
Total wire length = 53795 um.
Total wire length on LAYER li1 = 0 um.
Total wire length on LAYER met1 = 26712 um.
Total wire length on LAYER met2 = 24756 um.
Total wire length on LAYER met3 = 1074 um.
Total wire length on LAYER met4 = 1252 um.
Total wire length on LAYER met5 = 0 um.
Total number of vias = 17236.
Up-via summary (total 17236):

------------------------
 FR_MASTERSLICE        0
            li1     8903
           met1     8148
           met2      135
           met3       50
           met4        0
------------------------
                   17236


[INFO DRT-0195] Start 1st optimization iteration.
    Completing 10% with 1003 violations.
    elapsed time = 00:00:01, memory = 607.25 (MB).
    Completing 20% with 1003 violations.
    elapsed time = 00:00:03, memory = 607.25 (MB).
    Completing 30% with 837 violations.
    elapsed time = 00:00:05, memory = 607.25 (MB).
    Completing 40% with 837 violations.
    elapsed time = 00:00:06, memory = 630.00 (MB).
    Completing 50% with 837 violations.
    elapsed time = 00:00:09, memory = 607.36 (MB).
    Completing 60% with 722 violations.
    elapsed time = 00:00:10, memory = 607.74 (MB).
    Completing 70% with 722 violations.
    elapsed time = 00:00:11, memory = 607.74 (MB).
    Completing 80% with 588 violations.
    elapsed time = 00:00:12, memory = 607.74 (MB).
    Completing 90% with 588 violations.
    elapsed time = 00:00:14, memory = 607.74 (MB).
    Completing 100% with 397 violations.
    elapsed time = 00:00:15, memory = 607.74 (MB).
[INFO DRT-0199]   Number of violations = 397.
Viol/Layer        met1   met2   met3   met4
Metal Spacing       92     15      6      4
Short              273      7      0      0
[INFO DRT-0267] cpu time = 00:00:30, elapsed time = 00:00:16, memory = 608.11 (MB), peak = 630.00 (MB)
Total wire length = 53228 um.
Total wire length on LAYER li1 = 0 um.
Total wire length on LAYER met1 = 26380 um.
Total wire length on LAYER met2 = 24498 um.
Total wire length on LAYER met3 = 1103 um.
Total wire length on LAYER met4 = 1246 um.
Total wire length on LAYER met5 = 0 um.
Total number of vias = 17196.
Up-via summary (total 17196):

------------------------
 FR_MASTERSLICE        0
            li1     8895
           met1     8104
           met2      147
           met3       50
           met4        0
------------------------
                   17196


[INFO DRT-0195] Start 2nd optimization iteration.
    Completing 10% with 397 violations.
    elapsed time = 00:00:00, memory = 608.11 (MB).
    Completing 20% with 397 violations.
    elapsed time = 00:00:01, memory = 608.11 (MB).
    Completing 30% with 406 violations.
    elapsed time = 00:00:02, memory = 608.11 (MB).
    Completing 40% with 406 violations.
    elapsed time = 00:00:02, memory = 608.11 (MB).
    Completing 50% with 406 violations.
    elapsed time = 00:00:04, memory = 608.11 (MB).
    Completing 60% with 399 violations.
    elapsed time = 00:00:06, memory = 608.11 (MB).
    Completing 70% with 399 violations.
    elapsed time = 00:00:07, memory = 608.11 (MB).
    Completing 80% with 334 violations.
    elapsed time = 00:00:10, memory = 608.11 (MB).
    Completing 90% with 334 violations.
    elapsed time = 00:00:13, memory = 608.11 (MB).
    Completing 100% with 327 violations.
    elapsed time = 00:00:16, memory = 608.11 (MB).
[INFO DRT-0199]   Number of violations = 327.
Viol/Layer        mcon   met1   met2
Cut Spacing          3      0      0
Metal Spacing        0     92     10
Short                0    216      6
[INFO DRT-0267] cpu time = 00:00:29, elapsed time = 00:00:16, memory = 611.11 (MB), peak = 630.00 (MB)
Total wire length = 53180 um.
Total wire length on LAYER li1 = 0 um.
Total wire length on LAYER met1 = 26429 um.
Total wire length on LAYER met2 = 24422 um.
Total wire length on LAYER met3 = 1056 um.
Total wire length on LAYER met4 = 1271 um.
Total wire length on LAYER met5 = 0 um.
Total number of vias = 17158.
Up-via summary (total 17158):

------------------------
 FR_MASTERSLICE        0
            li1     8895
           met1     8072
           met2      137
           met3       54
           met4        0
------------------------
                   17158


[INFO DRT-0195] Start 3rd optimization iteration.
    Completing 10% with 327 violations.
    elapsed time = 00:00:02, memory = 611.11 (MB).
    Completing 20% with 327 violations.
    elapsed time = 00:00:02, memory = 611.11 (MB).
    Completing 30% with 327 violations.
    elapsed time = 00:00:03, memory = 611.74 (MB).
    Completing 40% with 189 violations.
    elapsed time = 00:00:04, memory = 611.74 (MB).
    Completing 50% with 189 violations.
    elapsed time = 00:00:07, memory = 611.74 (MB).
    Completing 60% with 189 violations.
    elapsed time = 00:00:08, memory = 611.74 (MB).
    Completing 70% with 86 violations.
    elapsed time = 00:00:09, memory = 611.74 (MB).
    Completing 80% with 86 violations.
    elapsed time = 00:00:09, memory = 611.74 (MB).
    Completing 90% with 45 violations.
    elapsed time = 00:00:10, memory = 611.74 (MB).
    Completing 100% with 12 violations.
    elapsed time = 00:00:10, memory = 611.74 (MB).
[INFO DRT-0199]   Number of violations = 12.
Viol/Layer        met1
Metal Spacing        6
Short                6
[INFO DRT-0267] cpu time = 00:00:19, elapsed time = 00:00:10, memory = 611.74 (MB), peak = 630.00 (MB)
Total wire length = 53166 um.
Total wire length on LAYER li1 = 0 um.
Total wire length on LAYER met1 = 25648 um.
Total wire length on LAYER met2 = 24456 um.
Total wire length on LAYER met3 = 1793 um.
Total wire length on LAYER met4 = 1268 um.
Total wire length on LAYER met5 = 0 um.
Total number of vias = 17396.
Up-via summary (total 17396):

------------------------
 FR_MASTERSLICE        0
            li1     8895
           met1     8150
           met2      296
           met3       55
           met4        0
------------------------
                   17396


[INFO DRT-0195] Start 4th optimization iteration.
    Completing 10% with 12 violations.
    elapsed time = 00:00:00, memory = 611.74 (MB).
    Completing 20% with 12 violations.
    elapsed time = 00:00:00, memory = 611.74 (MB).
    Completing 30% with 11 violations.
    elapsed time = 00:00:00, memory = 611.74 (MB).
    Completing 40% with 11 violations.
    elapsed time = 00:00:00, memory = 611.74 (MB).
    Completing 50% with 11 violations.
    elapsed time = 00:00:00, memory = 611.74 (MB).
    Completing 60% with 11 violations.
    elapsed time = 00:00:00, memory = 611.74 (MB).
    Completing 70% with 11 violations.
    elapsed time = 00:00:00, memory = 611.74 (MB).
    Completing 80% with 11 violations.
    elapsed time = 00:00:00, memory = 611.74 (MB).
    Completing 90% with 10 violations.
    elapsed time = 00:00:00, memory = 611.74 (MB).
    Completing 100% with 0 violations.
    elapsed time = 00:00:00, memory = 611.74 (MB).
[INFO DRT-0199]   Number of violations = 0.
[INFO DRT-0267] cpu time = 00:00:01, elapsed time = 00:00:01, memory = 611.74 (MB), peak = 630.00 (MB)
Total wire length = 53156 um.
Total wire length on LAYER li1 = 0 um.
Total wire length on LAYER met1 = 25641 um.
Total wire length on LAYER met2 = 24454 um.
Total wire length on LAYER met3 = 1791 um.
Total wire length on LAYER met4 = 1268 um.
Total wire length on LAYER met5 = 0 um.
Total number of vias = 17389.
Up-via summary (total 17389):

------------------------
 FR_MASTERSLICE        0
            li1     8895
           met1     8146
           met2      293
           met3       55
           met4        0
------------------------
                   17389


[INFO DRT-0198] Complete detail routing.
Total wire length = 53156 um.
Total wire length on LAYER li1 = 0 um.
Total wire length on LAYER met1 = 25641 um.
Total wire length on LAYER met2 = 24454 um.
Total wire length on LAYER met3 = 1791 um.
Total wire length on LAYER met4 = 1268 um.
Total wire length on LAYER met5 = 0 um.
Total number of vias = 17389.
Up-via summary (total 17389):

------------------------
 FR_MASTERSLICE        0
            li1     8895
           met1     8146
           met2      293
           met3       55
           met4        0
------------------------
                   17389


[INFO DRT-0267] cpu time = 00:01:56, elapsed time = 00:01:06, memory = 611.74 (MB), peak = 630.00 (MB)

[INFO DRT-0180] Post processing.
Setting global connections for newly added cells…
Writing OpenROAD database to '/design/runs/full_run/results/routing/top.odb'…
Writing netlist to '/design/runs/full_run/results/routing/top.nl.v'…
Writing powered netlist to '/design/runs/full_run/results/routing/top.pnl.v'…
Writing layout to '/design/runs/full_run/results/routing/top.def'…
