
99. Printing statistics.

=== top ===

   Number of wires:               4637
   Number of wire bits:           4691
   Number of public wires:         180
   Number of public wire bits:     234
   Number of memories:               0
   Number of memory bits:            0
   Number of processes:              0
   Number of cells:               4662
     sky130_fd_sc_hd__a2111o_2       1
     sky130_fd_sc_hd__a2111oi_2      1
     sky130_fd_sc_hd__a211o_2       39
     sky130_fd_sc_hd__a211o_4        1
     sky130_fd_sc_hd__a211oi_2      31
     sky130_fd_sc_hd__a211oi_4       4
     sky130_fd_sc_hd__a21bo_2       24
     sky130_fd_sc_hd__a21boi_2      27
     sky130_fd_sc_hd__a21boi_4       1
     sky130_fd_sc_hd__a21o_2       153
     sky130_fd_sc_hd__a21o_4         1
     sky130_fd_sc_hd__a21oi_2      236
     sky130_fd_sc_hd__a21oi_4        9
     sky130_fd_sc_hd__a221o_2       12
     sky130_fd_sc_hd__a221oi_2       9
     sky130_fd_sc_hd__a221oi_4       2
     sky130_fd_sc_hd__a22o_2       167
     sky130_fd_sc_hd__a22o_4         1
     sky130_fd_sc_hd__a22oi_2      118
     sky130_fd_sc_hd__a22oi_4        8
     sky130_fd_sc_hd__a2bb2o_2      32
     sky130_fd_sc_hd__a2bb2o_4       1
     sky130_fd_sc_hd__a2bb2oi_2     28
     sky130_fd_sc_hd__a2bb2oi_4      4
     sky130_fd_sc_hd__a311o_2        6
     sky130_fd_sc_hd__a311oi_2       5
     sky130_fd_sc_hd__a31o_2       100
     sky130_fd_sc_hd__a31o_4         2
     sky130_fd_sc_hd__a31oi_2       38
     sky130_fd_sc_hd__a31oi_4        3
     sky130_fd_sc_hd__a32o_2        46
     sky130_fd_sc_hd__a32oi_2       16
     sky130_fd_sc_hd__a41o_2         4
     sky130_fd_sc_hd__a41oi_2        5
     sky130_fd_sc_hd__and2_2        50
     sky130_fd_sc_hd__and2b_2        8
     sky130_fd_sc_hd__and3_2       149
     sky130_fd_sc_hd__and3_4         5
     sky130_fd_sc_hd__and3b_2        1
     sky130_fd_sc_hd__and4_2        85
     sky130_fd_sc_hd__and4_4         2
     sky130_fd_sc_hd__and4b_2        3
     sky130_fd_sc_hd__and4bb_2       2
     sky130_fd_sc_hd__buf_1        143
     sky130_fd_sc_hd__buf_12         1
     sky130_fd_sc_hd__buf_2         95
     sky130_fd_sc_hd__buf_4         49
     sky130_fd_sc_hd__buf_6         25
     sky130_fd_sc_hd__buf_8          7
     sky130_fd_sc_hd__dfxtp_2      204
     sky130_fd_sc_hd__inv_2         96
     sky130_fd_sc_hd__nand2_2      335
     sky130_fd_sc_hd__nand2_4        3
     sky130_fd_sc_hd__nand2b_2       1
     sky130_fd_sc_hd__nand3_2      265
     sky130_fd_sc_hd__nand3_4        3
     sky130_fd_sc_hd__nand3b_2      37
     sky130_fd_sc_hd__nand3b_4       1
     sky130_fd_sc_hd__nand4_2      188
     sky130_fd_sc_hd__nand4b_2       5
     sky130_fd_sc_hd__nor2_2       158
     sky130_fd_sc_hd__nor2_4         1
     sky130_fd_sc_hd__nor2b_2        2
     sky130_fd_sc_hd__nor3_2        10
     sky130_fd_sc_hd__nor3_4         1
     sky130_fd_sc_hd__nor3b_2        5
     sky130_fd_sc_hd__o2111a_2      17
     sky130_fd_sc_hd__o2111ai_2     59
     sky130_fd_sc_hd__o2111ai_4      1
     sky130_fd_sc_hd__o211a_2      193
     sky130_fd_sc_hd__o211a_4        4
     sky130_fd_sc_hd__o211ai_2     216
     sky130_fd_sc_hd__o211ai_4       8
     sky130_fd_sc_hd__o21a_2        75
     sky130_fd_sc_hd__o21a_4         2
     sky130_fd_sc_hd__o21ai_2      246
     sky130_fd_sc_hd__o21ai_4        2
     sky130_fd_sc_hd__o21ba_2        7
     sky130_fd_sc_hd__o21bai_2      44
     sky130_fd_sc_hd__o21bai_4       3
     sky130_fd_sc_hd__o221a_2       34
     sky130_fd_sc_hd__o221a_4        2
     sky130_fd_sc_hd__o221ai_2      39
     sky130_fd_sc_hd__o221ai_4       1
     sky130_fd_sc_hd__o22a_2        33
     sky130_fd_sc_hd__o22ai_2      100
     sky130_fd_sc_hd__o22ai_4        4
     sky130_fd_sc_hd__o2bb2a_2      46
     sky130_fd_sc_hd__o2bb2a_4       2
     sky130_fd_sc_hd__o2bb2ai_2     90
     sky130_fd_sc_hd__o2bb2ai_4      6
     sky130_fd_sc_hd__o311a_2       26
     sky130_fd_sc_hd__o311a_4        3
     sky130_fd_sc_hd__o311ai_2       2
     sky130_fd_sc_hd__o31a_2        40
     sky130_fd_sc_hd__o31ai_2       13
     sky130_fd_sc_hd__o31ai_4        1
     sky130_fd_sc_hd__o32a_2        16
     sky130_fd_sc_hd__o32ai_2        4
     sky130_fd_sc_hd__o41a_2         2
     sky130_fd_sc_hd__o41ai_2        3
     sky130_fd_sc_hd__or2_2         80
     sky130_fd_sc_hd__or2_4          1
     sky130_fd_sc_hd__or2b_2        68
     sky130_fd_sc_hd__or3_2         11
     sky130_fd_sc_hd__or3_4          1
     sky130_fd_sc_hd__or3b_2        12
     sky130_fd_sc_hd__or4_2          6
     sky130_fd_sc_hd__or4_4          1
     sky130_fd_sc_hd__or4b_2         3
     sky130_fd_sc_hd__or4b_4         2
     sky130_fd_sc_hd__or4bb_2        1
     sky130_fd_sc_hd__xnor2_2       37
     sky130_fd_sc_hd__xor2_2        20

   Chip area for module '\top': 47972.259200

