
89. Printing statistics.

=== top ===

   Number of wires:               4613
   Number of wire bits:           4667
   Number of public wires:         180
   Number of public wire bits:     234
   Number of memories:               0
   Number of memory bits:            0
   Number of processes:              0
   Number of cells:               4638
     sky130_fd_sc_hd__a2111o_2       1
     sky130_fd_sc_hd__a2111oi_2      1
     sky130_fd_sc_hd__a211o_2       23
     sky130_fd_sc_hd__a211oi_2      17
     sky130_fd_sc_hd__a211oi_4       1
     sky130_fd_sc_hd__a21bo_2       39
     sky130_fd_sc_hd__a21boi_2      35
     sky130_fd_sc_hd__a21boi_4       1
     sky130_fd_sc_hd__a21o_2       209
     sky130_fd_sc_hd__a21o_4         1
     sky130_fd_sc_hd__a21oi_2      253
     sky130_fd_sc_hd__a21oi_4        8
     sky130_fd_sc_hd__a221o_2        6
     sky130_fd_sc_hd__a221oi_2       4
     sky130_fd_sc_hd__a22o_2       110
     sky130_fd_sc_hd__a22o_4         2
     sky130_fd_sc_hd__a22oi_2       90
     sky130_fd_sc_hd__a22oi_4        2
     sky130_fd_sc_hd__a2bb2o_2      24
     sky130_fd_sc_hd__a2bb2o_4       4
     sky130_fd_sc_hd__a2bb2oi_2     16
     sky130_fd_sc_hd__a311o_2        4
     sky130_fd_sc_hd__a311oi_2       4
     sky130_fd_sc_hd__a31o_2        77
     sky130_fd_sc_hd__a31oi_2       35
     sky130_fd_sc_hd__a31oi_4        2
     sky130_fd_sc_hd__a32o_2        57
     sky130_fd_sc_hd__a32oi_2       16
     sky130_fd_sc_hd__a32oi_4        1
     sky130_fd_sc_hd__a41o_2         8
     sky130_fd_sc_hd__a41oi_2        6
     sky130_fd_sc_hd__and2_2        71
     sky130_fd_sc_hd__and2_4         1
     sky130_fd_sc_hd__and2b_2       11
     sky130_fd_sc_hd__and3_2       120
     sky130_fd_sc_hd__and3_4        11
     sky130_fd_sc_hd__and3b_2        3
     sky130_fd_sc_hd__and4_2        47
     sky130_fd_sc_hd__and4_4         2
     sky130_fd_sc_hd__and4b_2        8
     sky130_fd_sc_hd__and4bb_2       2
     sky130_fd_sc_hd__buf_1        106
     sky130_fd_sc_hd__buf_2         70
     sky130_fd_sc_hd__buf_4         52
     sky130_fd_sc_hd__buf_6         47
     sky130_fd_sc_hd__buf_8         10
     sky130_fd_sc_hd__dfxtp_2      204
     sky130_fd_sc_hd__inv_2         91
     sky130_fd_sc_hd__inv_4          2
     sky130_fd_sc_hd__mux2_2         2
     sky130_fd_sc_hd__nand2_2      538
     sky130_fd_sc_hd__nand2_4        3
     sky130_fd_sc_hd__nand2b_2       3
     sky130_fd_sc_hd__nand3_2      331
     sky130_fd_sc_hd__nand3_4       15
     sky130_fd_sc_hd__nand3b_2      42
     sky130_fd_sc_hd__nand3b_4       5
     sky130_fd_sc_hd__nand4_2      158
     sky130_fd_sc_hd__nand4_4        3
     sky130_fd_sc_hd__nand4b_2       6
     sky130_fd_sc_hd__nor2_2       176
     sky130_fd_sc_hd__nor2_4         2
     sky130_fd_sc_hd__nor2b_2        1
     sky130_fd_sc_hd__nor3_2        19
     sky130_fd_sc_hd__nor3_4         1
     sky130_fd_sc_hd__nor3b_4        1
     sky130_fd_sc_hd__nor4_2         7
     sky130_fd_sc_hd__nor4_4         2
     sky130_fd_sc_hd__nor4b_2        1
     sky130_fd_sc_hd__o2111a_2       4
     sky130_fd_sc_hd__o2111ai_2     68
     sky130_fd_sc_hd__o2111ai_4      1
     sky130_fd_sc_hd__o211a_2      174
     sky130_fd_sc_hd__o211a_4        1
     sky130_fd_sc_hd__o211ai_2     227
     sky130_fd_sc_hd__o211ai_4      18
     sky130_fd_sc_hd__o21a_2        68
     sky130_fd_sc_hd__o21a_4         2
     sky130_fd_sc_hd__o21ai_2      273
     sky130_fd_sc_hd__o21ai_4        8
     sky130_fd_sc_hd__o21ba_2        1
     sky130_fd_sc_hd__o21bai_2      28
     sky130_fd_sc_hd__o21bai_4       1
     sky130_fd_sc_hd__o221a_2       25
     sky130_fd_sc_hd__o221a_4        1
     sky130_fd_sc_hd__o221ai_2      31
     sky130_fd_sc_hd__o221ai_4       1
     sky130_fd_sc_hd__o22a_2        22
     sky130_fd_sc_hd__o22a_4         1
     sky130_fd_sc_hd__o22ai_2       35
     sky130_fd_sc_hd__o2bb2a_2      48
     sky130_fd_sc_hd__o2bb2ai_2     83
     sky130_fd_sc_hd__o2bb2ai_4      1
     sky130_fd_sc_hd__o311a_2       15
     sky130_fd_sc_hd__o311ai_2       2
     sky130_fd_sc_hd__o31a_2        26
     sky130_fd_sc_hd__o31a_4         1
     sky130_fd_sc_hd__o31ai_2        9
     sky130_fd_sc_hd__o32a_2         9
     sky130_fd_sc_hd__o41a_2         4
     sky130_fd_sc_hd__o41ai_2        2
     sky130_fd_sc_hd__or2_2         38
     sky130_fd_sc_hd__or2_4          2
     sky130_fd_sc_hd__or2b_2        69
     sky130_fd_sc_hd__or3_2         23
     sky130_fd_sc_hd__or3_4          4
     sky130_fd_sc_hd__or3b_2         7
     sky130_fd_sc_hd__or4_2          4
     sky130_fd_sc_hd__or4_4          2
     sky130_fd_sc_hd__or4b_2         2
     sky130_fd_sc_hd__or4b_4         2
     sky130_fd_sc_hd__or4bb_2        3
     sky130_fd_sc_hd__xnor2_2       23
     sky130_fd_sc_hd__xor2_2        38

   Chip area for module '\top': 46831.164800

