
===========================================================================
 report_power
============================================================================
======================= Fastest Corner ===================================

Group                  Internal  Switching    Leakage      Total
                          Power      Power      Power      Power (Watts)
----------------------------------------------------------------
Sequential             2.23e-03   1.41e-04   2.78e-09   2.37e-03  39.9%
Combinational          9.24e-04   1.02e-03   1.67e-08   1.95e-03  32.8%
Clock                  7.45e-04   8.75e-04   5.69e-09   1.62e-03  27.3%
Macro                  0.00e+00   0.00e+00   0.00e+00   0.00e+00   0.0%
Pad                    0.00e+00   0.00e+00   0.00e+00   0.00e+00   0.0%
----------------------------------------------------------------
Total                  3.90e-03   2.04e-03   2.51e-08   5.94e-03 100.0%
                          65.6%      34.4%       0.0%

======================= Slowest Corner ===================================

Group                  Internal  Switching    Leakage      Total
                          Power      Power      Power      Power (Watts)
----------------------------------------------------------------
Sequential             1.49e-03   9.20e-05   2.53e-06   1.58e-03  39.3%
Combinational          6.69e-04   6.75e-04   1.04e-05   1.35e-03  33.6%
Clock                  5.35e-04   5.62e-04   3.30e-07   1.10e-03  27.2%
Macro                  0.00e+00   0.00e+00   0.00e+00   0.00e+00   0.0%
Pad                    0.00e+00   0.00e+00   0.00e+00   0.00e+00   0.0%
----------------------------------------------------------------
Total                  2.69e-03   1.33e-03   1.33e-05   4.04e-03 100.0%
                          66.8%      32.9%       0.3%

======================= Typical Corner ===================================

Group                  Internal  Switching    Leakage      Total
                          Power      Power      Power      Power (Watts)
----------------------------------------------------------------
Sequential             1.92e-03   1.18e-04   1.49e-09   2.04e-03  39.9%
Combinational          8.26e-04   8.63e-04   8.61e-09   1.69e-03  33.0%
Clock                  6.52e-04   7.35e-04   4.90e-09   1.39e-03  27.1%
Macro                  0.00e+00   0.00e+00   0.00e+00   0.00e+00   0.0%
Pad                    0.00e+00   0.00e+00   0.00e+00   0.00e+00   0.0%
----------------------------------------------------------------
Total                  3.40e-03   1.72e-03   1.50e-08   5.12e-03 100.0%
                          66.4%      33.6%       0.0%

