
===========================================================================
report_checks -unconstrained
===========================================================================
======================= Typical Corner ===================================

Startpoint: _4635_ (rising edge-triggered flip-flop clocked by clk)
Endpoint: _4783_ (rising edge-triggered flip-flop clocked by clk)
Path Group: clk
Path Type: max

Fanout     Cap    Slew   Delay    Time   Description
-----------------------------------------------------------------------------
                  0.15    0.00    0.00   clock clk (rise edge)
                          0.00    0.00   clock network delay (ideal)
                  0.15    0.00    0.00 ^ _4635_/CLK (sky130_fd_sc_hd__dfxtp_2)
     2    0.01    0.07    0.39    0.39 ^ _4635_/Q (sky130_fd_sc_hd__dfxtp_2)
                                         u_interface.u_compute_core.relu_data[0] (net)
                  0.07    0.00    0.39 ^ _2325_/A (sky130_fd_sc_hd__buf_1)
    10    0.04    0.48    0.41    0.80 ^ _2325_/X (sky130_fd_sc_hd__buf_1)
                                         _1818_ (net)
                  0.48    0.00    0.80 ^ _3246_/D (sky130_fd_sc_hd__nand4_2)
     4    0.01    0.14    0.21    1.01 v _3246_/Y (sky130_fd_sc_hd__nand4_2)
                                         _0486_ (net)
                  0.14    0.00    1.01 v _3248_/B2 (sky130_fd_sc_hd__a22o_2)
     2    0.01    0.05    0.28    1.29 v _3248_/X (sky130_fd_sc_hd__a22o_2)
                                         _0488_ (net)
                  0.05    0.00    1.29 v _3249_/C (sky130_fd_sc_hd__and3_2)
     3    0.01    0.05    0.24    1.53 v _3249_/X (sky130_fd_sc_hd__and3_2)
                                         _0489_ (net)
                  0.05    0.00    1.53 v _3256_/A (sky130_fd_sc_hd__or3_2)
     2    0.00    0.08    0.49    2.02 v _3256_/X (sky130_fd_sc_hd__or3_2)
                                         _0496_ (net)
                  0.08    0.00    2.02 v _3258_/A (sky130_fd_sc_hd__and2_2)
     2    0.01    0.06    0.22    2.23 v _3258_/X (sky130_fd_sc_hd__and2_2)
                                         _0498_ (net)
                  0.06    0.00    2.23 v _3259_/B (sky130_fd_sc_hd__xnor2_2)
     1    0.01    0.07    0.15    2.38 v _3259_/Y (sky130_fd_sc_hd__xnor2_2)
                                         _0499_ (net)
                  0.07    0.00    2.38 v _3260_/B (sky130_fd_sc_hd__xnor2_2)
     2    0.01    0.19    0.19    2.58 ^ _3260_/Y (sky130_fd_sc_hd__xnor2_2)
                                         _0500_ (net)
                  0.19    0.00    2.58 ^ _3266_/B (sky130_fd_sc_hd__and2_2)
     3    0.01    0.08    0.22    2.79 ^ _3266_/X (sky130_fd_sc_hd__and2_2)
                                         _0505_ (net)
                  0.08    0.00    2.79 ^ _3333_/A1 (sky130_fd_sc_hd__a21boi_2)
     2    0.01    0.06    0.08    2.88 v _3333_/Y (sky130_fd_sc_hd__a21boi_2)
                                         _0571_ (net)
                  0.06    0.00    2.88 v _3343_/A2 (sky130_fd_sc_hd__o21ai_2)
     2    0.01    0.18    0.19    3.06 ^ _3343_/Y (sky130_fd_sc_hd__o21ai_2)
                                         _0580_ (net)
                  0.18    0.00    3.06 ^ _3385_/A1 (sky130_fd_sc_hd__a21o_2)
     5    0.03    0.13    0.24    3.30 ^ _3385_/X (sky130_fd_sc_hd__a21o_2)
                                         _0621_ (net)
                  0.13    0.00    3.30 ^ _3603_/A (sky130_fd_sc_hd__nand4_2)
     3    0.01    0.15    0.14    3.45 v _3603_/Y (sky130_fd_sc_hd__nand4_2)
                                         _0835_ (net)
                  0.15    0.00    3.45 v _3854_/A1 (sky130_fd_sc_hd__a311o_2)
     6    0.02    0.10    0.44    3.88 v _3854_/X (sky130_fd_sc_hd__a311o_2)
                                         _1080_ (net)
                  0.10    0.00    3.88 v _4155_/A1 (sky130_fd_sc_hd__a2111o_2)
     4    0.02    0.10    0.51    4.40 v _4155_/X (sky130_fd_sc_hd__a2111o_2)
                                         _1375_ (net)
                  0.10    0.00    4.40 v _4245_/A2 (sky130_fd_sc_hd__a211o_2)
     5    0.02    0.08    0.42    4.81 v _4245_/X (sky130_fd_sc_hd__a211o_2)
                                         _1464_ (net)
                  0.08    0.00    4.81 v _4438_/A1 (sky130_fd_sc_hd__a311o_4)
     3    0.01    0.07    0.36    5.18 v _4438_/X (sky130_fd_sc_hd__a311o_4)
                                         _1653_ (net)
                  0.07    0.00    5.18 v _4471_/A2 (sky130_fd_sc_hd__a311o_2)
     3    0.01    0.08    0.43    5.60 v _4471_/X (sky130_fd_sc_hd__a311o_2)
                                         _1685_ (net)
                  0.08    0.00    5.60 v _4474_/B (sky130_fd_sc_hd__and3_4)
     2    0.01    0.04    0.19    5.80 v _4474_/X (sky130_fd_sc_hd__and3_4)
                                         _1688_ (net)
                  0.04    0.00    5.80 v _4476_/A (sky130_fd_sc_hd__or2_4)
     2    0.01    0.06    0.27    6.06 v _4476_/X (sky130_fd_sc_hd__or2_4)
                                         _1690_ (net)
                  0.06    0.00    6.06 v _4482_/B (sky130_fd_sc_hd__or2_4)
     2    0.01    0.05    0.24    6.30 v _4482_/X (sky130_fd_sc_hd__or2_4)
                                         _1695_ (net)
                  0.05    0.00    6.30 v _4484_/B (sky130_fd_sc_hd__or3_4)
     2    0.01    0.07    0.39    6.70 v _4484_/X (sky130_fd_sc_hd__or3_4)
                                         _1697_ (net)
                  0.07    0.00    6.70 v _4519_/A1 (sky130_fd_sc_hd__a21oi_2)
     2    0.01    0.12    0.16    6.86 ^ _4519_/Y (sky130_fd_sc_hd__a21oi_2)
                                         _1730_ (net)
                  0.12    0.00    6.86 ^ _4524_/A3 (sky130_fd_sc_hd__o31ai_2)
     3    0.01    0.07    0.10    6.95 v _4524_/Y (sky130_fd_sc_hd__o31ai_2)
                                         _1735_ (net)
                  0.07    0.00    6.95 v _4529_/B (sky130_fd_sc_hd__and3_4)
     1    0.00    0.03    0.18    7.14 v _4529_/X (sky130_fd_sc_hd__and3_4)
                                         _1739_ (net)
                  0.03    0.00    7.14 v _4532_/A2 (sky130_fd_sc_hd__o311a_4)
     1    0.00    0.05    0.35    7.48 v _4532_/X (sky130_fd_sc_hd__o311a_4)
                                         _0148_ (net)
                  0.05    0.00    7.48 v _4783_/D (sky130_fd_sc_hd__dfxtp_2)
                                  7.48   data arrival time

                  0.15    4.00    4.00   clock clk (rise edge)
                          0.00    4.00   clock network delay (ideal)
                         -0.25    3.75   clock uncertainty
                          0.00    3.75   clock reconvergence pessimism
                                  3.75 ^ _4783_/CLK (sky130_fd_sc_hd__dfxtp_2)
                         -0.09    3.66   library setup time
                                  3.66   data required time
-----------------------------------------------------------------------------
                                  3.66   data required time
                                 -7.48   data arrival time
-----------------------------------------------------------------------------
                                 -3.82   slack (VIOLATED)




===========================================================================
report_checks --slack_max -0.01
============================================================================
======================= Typical Corner ===================================

Startpoint: _4635_ (rising edge-triggered flip-flop clocked by clk)
Endpoint: _4783_ (rising edge-triggered flip-flop clocked by clk)
Path Group: clk
Path Type: max

Fanout     Cap    Slew   Delay    Time   Description
-----------------------------------------------------------------------------
                  0.15    0.00    0.00   clock clk (rise edge)
                          0.00    0.00   clock network delay (ideal)
                  0.15    0.00    0.00 ^ _4635_/CLK (sky130_fd_sc_hd__dfxtp_2)
     2    0.01    0.07    0.39    0.39 ^ _4635_/Q (sky130_fd_sc_hd__dfxtp_2)
                                         u_interface.u_compute_core.relu_data[0] (net)
                  0.07    0.00    0.39 ^ _2325_/A (sky130_fd_sc_hd__buf_1)
    10    0.04    0.48    0.41    0.80 ^ _2325_/X (sky130_fd_sc_hd__buf_1)
                                         _1818_ (net)
                  0.48    0.00    0.80 ^ _3246_/D (sky130_fd_sc_hd__nand4_2)
     4    0.01    0.14    0.21    1.01 v _3246_/Y (sky130_fd_sc_hd__nand4_2)
                                         _0486_ (net)
                  0.14    0.00    1.01 v _3248_/B2 (sky130_fd_sc_hd__a22o_2)
     2    0.01    0.05    0.28    1.29 v _3248_/X (sky130_fd_sc_hd__a22o_2)
                                         _0488_ (net)
                  0.05    0.00    1.29 v _3249_/C (sky130_fd_sc_hd__and3_2)
     3    0.01    0.05    0.24    1.53 v _3249_/X (sky130_fd_sc_hd__and3_2)
                                         _0489_ (net)
                  0.05    0.00    1.53 v _3256_/A (sky130_fd_sc_hd__or3_2)
     2    0.00    0.08    0.49    2.02 v _3256_/X (sky130_fd_sc_hd__or3_2)
                                         _0496_ (net)
                  0.08    0.00    2.02 v _3258_/A (sky130_fd_sc_hd__and2_2)
     2    0.01    0.06    0.22    2.23 v _3258_/X (sky130_fd_sc_hd__and2_2)
                                         _0498_ (net)
                  0.06    0.00    2.23 v _3259_/B (sky130_fd_sc_hd__xnor2_2)
     1    0.01    0.07    0.15    2.38 v _3259_/Y (sky130_fd_sc_hd__xnor2_2)
                                         _0499_ (net)
                  0.07    0.00    2.38 v _3260_/B (sky130_fd_sc_hd__xnor2_2)
     2    0.01    0.19    0.19    2.58 ^ _3260_/Y (sky130_fd_sc_hd__xnor2_2)
                                         _0500_ (net)
                  0.19    0.00    2.58 ^ _3266_/B (sky130_fd_sc_hd__and2_2)
     3    0.01    0.08    0.22    2.79 ^ _3266_/X (sky130_fd_sc_hd__and2_2)
                                         _0505_ (net)
                  0.08    0.00    2.79 ^ _3333_/A1 (sky130_fd_sc_hd__a21boi_2)
     2    0.01    0.06    0.08    2.88 v _3333_/Y (sky130_fd_sc_hd__a21boi_2)
                                         _0571_ (net)
                  0.06    0.00    2.88 v _3343_/A2 (sky130_fd_sc_hd__o21ai_2)
     2    0.01    0.18    0.19    3.06 ^ _3343_/Y (sky130_fd_sc_hd__o21ai_2)
                                         _0580_ (net)
                  0.18    0.00    3.06 ^ _3385_/A1 (sky130_fd_sc_hd__a21o_2)
     5    0.03    0.13    0.24    3.30 ^ _3385_/X (sky130_fd_sc_hd__a21o_2)
                                         _0621_ (net)
                  0.13    0.00    3.30 ^ _3603_/A (sky130_fd_sc_hd__nand4_2)
     3    0.01    0.15    0.14    3.45 v _3603_/Y (sky130_fd_sc_hd__nand4_2)
                                         _0835_ (net)
                  0.15    0.00    3.45 v _3854_/A1 (sky130_fd_sc_hd__a311o_2)
     6    0.02    0.10    0.44    3.88 v _3854_/X (sky130_fd_sc_hd__a311o_2)
                                         _1080_ (net)
                  0.10    0.00    3.88 v _4155_/A1 (sky130_fd_sc_hd__a2111o_2)
     4    0.02    0.10    0.51    4.40 v _4155_/X (sky130_fd_sc_hd__a2111o_2)
                                         _1375_ (net)
                  0.10    0.00    4.40 v _4245_/A2 (sky130_fd_sc_hd__a211o_2)
     5    0.02    0.08    0.42    4.81 v _4245_/X (sky130_fd_sc_hd__a211o_2)
                                         _1464_ (net)
                  0.08    0.00    4.81 v _4438_/A1 (sky130_fd_sc_hd__a311o_4)
     3    0.01    0.07    0.36    5.18 v _4438_/X (sky130_fd_sc_hd__a311o_4)
                                         _1653_ (net)
                  0.07    0.00    5.18 v _4471_/A2 (sky130_fd_sc_hd__a311o_2)
     3    0.01    0.08    0.43    5.60 v _4471_/X (sky130_fd_sc_hd__a311o_2)
                                         _1685_ (net)
                  0.08    0.00    5.60 v _4474_/B (sky130_fd_sc_hd__and3_4)
     2    0.01    0.04    0.19    5.80 v _4474_/X (sky130_fd_sc_hd__and3_4)
                                         _1688_ (net)
                  0.04    0.00    5.80 v _4476_/A (sky130_fd_sc_hd__or2_4)
     2    0.01    0.06    0.27    6.06 v _4476_/X (sky130_fd_sc_hd__or2_4)
                                         _1690_ (net)
                  0.06    0.00    6.06 v _4482_/B (sky130_fd_sc_hd__or2_4)
     2    0.01    0.05    0.24    6.30 v _4482_/X (sky130_fd_sc_hd__or2_4)
                                         _1695_ (net)
                  0.05    0.00    6.30 v _4484_/B (sky130_fd_sc_hd__or3_4)
     2    0.01    0.07    0.39    6.70 v _4484_/X (sky130_fd_sc_hd__or3_4)
                                         _1697_ (net)
                  0.07    0.00    6.70 v _4519_/A1 (sky130_fd_sc_hd__a21oi_2)
     2    0.01    0.12    0.16    6.86 ^ _4519_/Y (sky130_fd_sc_hd__a21oi_2)
                                         _1730_ (net)
                  0.12    0.00    6.86 ^ _4524_/A3 (sky130_fd_sc_hd__o31ai_2)
     3    0.01    0.07    0.10    6.95 v _4524_/Y (sky130_fd_sc_hd__o31ai_2)
                                         _1735_ (net)
                  0.07    0.00    6.95 v _4529_/B (sky130_fd_sc_hd__and3_4)
     1    0.00    0.03    0.18    7.14 v _4529_/X (sky130_fd_sc_hd__and3_4)
                                         _1739_ (net)
                  0.03    0.00    7.14 v _4532_/A2 (sky130_fd_sc_hd__o311a_4)
     1    0.00    0.05    0.35    7.48 v _4532_/X (sky130_fd_sc_hd__o311a_4)
                                         _0148_ (net)
                  0.05    0.00    7.48 v _4783_/D (sky130_fd_sc_hd__dfxtp_2)
                                  7.48   data arrival time

                  0.15    4.00    4.00   clock clk (rise edge)
                          0.00    4.00   clock network delay (ideal)
                         -0.25    3.75   clock uncertainty
                          0.00    3.75   clock reconvergence pessimism
                                  3.75 ^ _4783_/CLK (sky130_fd_sc_hd__dfxtp_2)
                         -0.09    3.66   library setup time
                                  3.66   data required time
-----------------------------------------------------------------------------
                                  3.66   data required time
                                 -7.48   data arrival time
-----------------------------------------------------------------------------
                                 -3.82   slack (VIOLATED)




===========================================================================
 report_check_types -max_slew -max_cap -max_fanout -violators
============================================================================
======================= Typical Corner ===================================

max slew

Pin                                    Limit    Slew   Slack
------------------------------------------------------------
s_tready                                0.75    0.91   -0.16 (VIOLATED)
_3384_/C1                               0.75    0.91   -0.16 (VIOLATED)
_3341_/C1                               0.75    0.91   -0.16 (VIOLATED)
_3303_/C1                               0.75    0.91   -0.16 (VIOLATED)
_3265_/C1                               0.75    0.91   -0.16 (VIOLATED)
_3239_/C1                               0.75    0.91   -0.16 (VIOLATED)
_4535_/B1                               0.75    0.91   -0.16 (VIOLATED)
_2753_/C1                               0.75    0.91   -0.16 (VIOLATED)
_2679_/C1                               0.75    0.91   -0.16 (VIOLATED)
_2616_/C1                               0.75    0.91   -0.16 (VIOLATED)
_2319_/X                                0.75    0.91   -0.16 (VIOLATED)
_4481_/C1                               0.75    0.85   -0.10 (VIOLATED)
_2431_/A                                0.75    0.85   -0.10 (VIOLATED)
_2424_/A                                0.75    0.85   -0.10 (VIOLATED)
_2420_/A                                0.75    0.85   -0.10 (VIOLATED)
_2428_/A                                0.75    0.85   -0.10 (VIOLATED)
_2416_/A                                0.75    0.85   -0.10 (VIOLATED)
_2412_/A                                0.75    0.85   -0.10 (VIOLATED)
_2434_/A                                0.75    0.85   -0.10 (VIOLATED)
_2409_/A                                0.75    0.85   -0.10 (VIOLATED)
_4539_/B1                               0.75    0.85   -0.10 (VIOLATED)
_2406_/X                                0.75    0.85   -0.10 (VIOLATED)


max slew violations count Typical: 22
max fanout violations count Typical: 0
max cap violations count Typical: 0

===========================================================================
report_parasitic_annotation -report_unannotated
============================================================================
Found 1 unannotated drivers.
 clk
Found 0 partially unannotated drivers.

===========================================================================
max slew violation count 22
max fanout violation count 0
max cap violation count 0
============================================================================

===========================================================================
check_setup -verbose -unconstrained_endpoints -multiple_clock -no_clock -no_input_delay -loops -generated_clocks
===========================================================================
