
===========================================================================
report_checks -unconstrained
===========================================================================
======================= Typical Corner ===================================

Startpoint: _4638_ (rising edge-triggered flip-flop clocked by clk)
Endpoint: _4783_ (rising edge-triggered flip-flop clocked by clk)
Path Group: clk
Path Type: max

Fanout     Cap    Slew   Delay    Time   Description
-----------------------------------------------------------------------------
                  0.15    0.00    0.00   clock clk (rise edge)
                          0.00    0.00   clock network delay (ideal)
                  0.15    0.00    0.00 ^ _4638_/CLK (sky130_fd_sc_hd__dfxtp_1)
     6    0.02    0.20    0.47    0.47 ^ _4638_/Q (sky130_fd_sc_hd__dfxtp_1)
                                         u_interface.u_compute_core.relu_data[3] (net)
                  0.20    0.00    0.47 ^ _3217_/A (sky130_fd_sc_hd__buf_2)
    10    0.03    0.14    0.24    0.71 ^ _3217_/X (sky130_fd_sc_hd__buf_2)
                                         _0458_ (net)
                  0.14    0.00    0.71 ^ _3399_/A2 (sky130_fd_sc_hd__a22oi_1)
     2    0.00    0.08    0.12    0.83 v _3399_/Y (sky130_fd_sc_hd__a22oi_1)
                                         _0635_ (net)
                  0.08    0.00    0.83 v _3400_/B (sky130_fd_sc_hd__nor4bb_1)
     2    0.00    0.30    0.34    1.17 ^ _3400_/Y (sky130_fd_sc_hd__nor4bb_1)
                                         _0636_ (net)
                  0.30    0.00    1.17 ^ max_cap64/A (sky130_fd_sc_hd__clkbuf_1)
     2    0.01    0.07    0.15    1.32 ^ max_cap64/X (sky130_fd_sc_hd__clkbuf_1)
                                         net64 (net)
                  0.07    0.00    1.32 ^ _3439_/A2 (sky130_fd_sc_hd__o21ba_1)
     2    0.01    0.07    0.14    1.46 ^ _3439_/X (sky130_fd_sc_hd__o21ba_1)
                                         _0674_ (net)
                  0.07    0.00    1.46 ^ _3441_/A_N (sky130_fd_sc_hd__and2b_1)
     1    0.00    0.04    0.19    1.65 v _3441_/X (sky130_fd_sc_hd__and2b_1)
                                         _0676_ (net)
                  0.04    0.00    1.65 v _3442_/B (sky130_fd_sc_hd__xnor2_1)
     2    0.01    0.22    0.21    1.86 ^ _3442_/Y (sky130_fd_sc_hd__xnor2_1)
                                         _0677_ (net)
                  0.22    0.00    1.86 ^ _3462_/A (sky130_fd_sc_hd__xor2_1)
     2    0.01    0.19    0.23    2.09 ^ _3462_/X (sky130_fd_sc_hd__xor2_1)
                                         _0697_ (net)
                  0.19    0.00    2.09 ^ _3465_/A (sky130_fd_sc_hd__xnor2_1)
     2    0.01    0.21    0.18    2.27 ^ _3465_/Y (sky130_fd_sc_hd__xnor2_1)
                                         _0700_ (net)
                  0.21    0.00    2.27 ^ _3466_/B (sky130_fd_sc_hd__xor2_1)
     3    0.01    0.18    0.23    2.50 ^ _3466_/X (sky130_fd_sc_hd__xor2_1)
                                         _0701_ (net)
                  0.18    0.00    2.50 ^ _3469_/A_N (sky130_fd_sc_hd__and2b_1)
     1    0.00    0.03    0.21    2.71 v _3469_/X (sky130_fd_sc_hd__and2b_1)
                                         _0704_ (net)
                  0.03    0.00    2.71 v _3471_/A (sky130_fd_sc_hd__nor2_1)
     4    0.02    0.29    0.27    2.98 ^ _3471_/Y (sky130_fd_sc_hd__nor2_1)
                                         _0706_ (net)
                  0.29    0.00    2.98 ^ _3603_/C (sky130_fd_sc_hd__nand4_2)
     3    0.01    0.13    0.19    3.17 v _3603_/Y (sky130_fd_sc_hd__nand4_2)
                                         _0835_ (net)
                  0.13    0.00    3.17 v _3854_/A1 (sky130_fd_sc_hd__a311o_2)
     6    0.02    0.09    0.42    3.59 v _3854_/X (sky130_fd_sc_hd__a311o_2)
                                         _1080_ (net)
                  0.09    0.00    3.59 v _4155_/A1 (sky130_fd_sc_hd__a2111o_1)
     4    0.01    0.10    0.45    4.04 v _4155_/X (sky130_fd_sc_hd__a2111o_1)
                                         _1375_ (net)
                  0.10    0.00    4.04 v _4245_/A2 (sky130_fd_sc_hd__a211o_1)
     5    0.01    0.10    0.38    4.42 v _4245_/X (sky130_fd_sc_hd__a211o_1)
                                         _1464_ (net)
                  0.10    0.00    4.42 v _4438_/A1 (sky130_fd_sc_hd__a311o_1)
     3    0.01    0.08    0.33    4.75 v _4438_/X (sky130_fd_sc_hd__a311o_1)
                                         _1653_ (net)
                  0.08    0.00    4.75 v _4471_/A2 (sky130_fd_sc_hd__a311o_1)
     3    0.01    0.09    0.38    5.13 v _4471_/X (sky130_fd_sc_hd__a311o_1)
                                         _1685_ (net)
                  0.09    0.00    5.13 v _4474_/B (sky130_fd_sc_hd__and3_1)
     2    0.01    0.05    0.20    5.34 v _4474_/X (sky130_fd_sc_hd__and3_1)
                                         _1688_ (net)
                  0.05    0.00    5.34 v _4476_/A (sky130_fd_sc_hd__or2_1)
     2    0.01    0.07    0.26    5.60 v _4476_/X (sky130_fd_sc_hd__or2_1)
                                         _1690_ (net)
                  0.07    0.00    5.60 v _4482_/B (sky130_fd_sc_hd__or2_1)
     2    0.00    0.06    0.23    5.83 v _4482_/X (sky130_fd_sc_hd__or2_1)
                                         _1695_ (net)
                  0.06    0.00    5.83 v _4484_/B (sky130_fd_sc_hd__or3_1)
     2    0.01    0.08    0.38    6.21 v _4484_/X (sky130_fd_sc_hd__or3_1)
                                         _1697_ (net)
                  0.08    0.00    6.21 v _4519_/A1 (sky130_fd_sc_hd__a21oi_1)
     2    0.01    0.15    0.17    6.39 ^ _4519_/Y (sky130_fd_sc_hd__a21oi_1)
                                         _1730_ (net)
                  0.15    0.00    6.39 ^ _4524_/A3 (sky130_fd_sc_hd__o31ai_1)
     3    0.01    0.08    0.11    6.50 v _4524_/Y (sky130_fd_sc_hd__o31ai_1)
                                         _1735_ (net)
                  0.08    0.00    6.50 v _4529_/B (sky130_fd_sc_hd__and3_1)
     1    0.00    0.04    0.18    6.68 v _4529_/X (sky130_fd_sc_hd__and3_1)
                                         _1739_ (net)
                  0.04    0.00    6.68 v _4532_/A2 (sky130_fd_sc_hd__o311a_1)
     1    0.00    0.05    0.33    7.01 v _4532_/X (sky130_fd_sc_hd__o311a_1)
                                         _0148_ (net)
                  0.05    0.00    7.01 v _4783_/D (sky130_fd_sc_hd__dfxtp_1)
                                  7.01   data arrival time

                  0.15    4.00    4.00   clock clk (rise edge)
                          0.00    4.00   clock network delay (ideal)
                         -0.25    3.75   clock uncertainty
                          0.00    3.75   clock reconvergence pessimism
                                  3.75 ^ _4783_/CLK (sky130_fd_sc_hd__dfxtp_1)
                         -0.09    3.66   library setup time
                                  3.66   data required time
-----------------------------------------------------------------------------
                                  3.66   data required time
                                 -7.01   data arrival time
-----------------------------------------------------------------------------
                                 -3.35   slack (VIOLATED)




===========================================================================
report_checks --slack_max -0.01
============================================================================
======================= Typical Corner ===================================

Startpoint: _4638_ (rising edge-triggered flip-flop clocked by clk)
Endpoint: _4783_ (rising edge-triggered flip-flop clocked by clk)
Path Group: clk
Path Type: max

Fanout     Cap    Slew   Delay    Time   Description
-----------------------------------------------------------------------------
                  0.15    0.00    0.00   clock clk (rise edge)
                          0.00    0.00   clock network delay (ideal)
                  0.15    0.00    0.00 ^ _4638_/CLK (sky130_fd_sc_hd__dfxtp_1)
     6    0.02    0.20    0.47    0.47 ^ _4638_/Q (sky130_fd_sc_hd__dfxtp_1)
                                         u_interface.u_compute_core.relu_data[3] (net)
                  0.20    0.00    0.47 ^ _3217_/A (sky130_fd_sc_hd__buf_2)
    10    0.03    0.14    0.24    0.71 ^ _3217_/X (sky130_fd_sc_hd__buf_2)
                                         _0458_ (net)
                  0.14    0.00    0.71 ^ _3399_/A2 (sky130_fd_sc_hd__a22oi_1)
     2    0.00    0.08    0.12    0.83 v _3399_/Y (sky130_fd_sc_hd__a22oi_1)
                                         _0635_ (net)
                  0.08    0.00    0.83 v _3400_/B (sky130_fd_sc_hd__nor4bb_1)
     2    0.00    0.30    0.34    1.17 ^ _3400_/Y (sky130_fd_sc_hd__nor4bb_1)
                                         _0636_ (net)
                  0.30    0.00    1.17 ^ max_cap64/A (sky130_fd_sc_hd__clkbuf_1)
     2    0.01    0.07    0.15    1.32 ^ max_cap64/X (sky130_fd_sc_hd__clkbuf_1)
                                         net64 (net)
                  0.07    0.00    1.32 ^ _3439_/A2 (sky130_fd_sc_hd__o21ba_1)
     2    0.01    0.07    0.14    1.46 ^ _3439_/X (sky130_fd_sc_hd__o21ba_1)
                                         _0674_ (net)
                  0.07    0.00    1.46 ^ _3441_/A_N (sky130_fd_sc_hd__and2b_1)
     1    0.00    0.04    0.19    1.65 v _3441_/X (sky130_fd_sc_hd__and2b_1)
                                         _0676_ (net)
                  0.04    0.00    1.65 v _3442_/B (sky130_fd_sc_hd__xnor2_1)
     2    0.01    0.22    0.21    1.86 ^ _3442_/Y (sky130_fd_sc_hd__xnor2_1)
                                         _0677_ (net)
                  0.22    0.00    1.86 ^ _3462_/A (sky130_fd_sc_hd__xor2_1)
     2    0.01    0.19    0.23    2.09 ^ _3462_/X (sky130_fd_sc_hd__xor2_1)
                                         _0697_ (net)
                  0.19    0.00    2.09 ^ _3465_/A (sky130_fd_sc_hd__xnor2_1)
     2    0.01    0.21    0.18    2.27 ^ _3465_/Y (sky130_fd_sc_hd__xnor2_1)
                                         _0700_ (net)
                  0.21    0.00    2.27 ^ _3466_/B (sky130_fd_sc_hd__xor2_1)
     3    0.01    0.18    0.23    2.50 ^ _3466_/X (sky130_fd_sc_hd__xor2_1)
                                         _0701_ (net)
                  0.18    0.00    2.50 ^ _3469_/A_N (sky130_fd_sc_hd__and2b_1)
     1    0.00    0.03    0.21    2.71 v _3469_/X (sky130_fd_sc_hd__and2b_1)
                                         _0704_ (net)
                  0.03    0.00    2.71 v _3471_/A (sky130_fd_sc_hd__nor2_1)
     4    0.02    0.29    0.27    2.98 ^ _3471_/Y (sky130_fd_sc_hd__nor2_1)
                                         _0706_ (net)
                  0.29    0.00    2.98 ^ _3603_/C (sky130_fd_sc_hd__nand4_2)
     3    0.01    0.13    0.19    3.17 v _3603_/Y (sky130_fd_sc_hd__nand4_2)
                                         _0835_ (net)
                  0.13    0.00    3.17 v _3854_/A1 (sky130_fd_sc_hd__a311o_2)
     6    0.02    0.09    0.42    3.59 v _3854_/X (sky130_fd_sc_hd__a311o_2)
                                         _1080_ (net)
                  0.09    0.00    3.59 v _4155_/A1 (sky130_fd_sc_hd__a2111o_1)
     4    0.01    0.10    0.45    4.04 v _4155_/X (sky130_fd_sc_hd__a2111o_1)
                                         _1375_ (net)
                  0.10    0.00    4.04 v _4245_/A2 (sky130_fd_sc_hd__a211o_1)
     5    0.01    0.10    0.38    4.42 v _4245_/X (sky130_fd_sc_hd__a211o_1)
                                         _1464_ (net)
                  0.10    0.00    4.42 v _4438_/A1 (sky130_fd_sc_hd__a311o_1)
     3    0.01    0.08    0.33    4.75 v _4438_/X (sky130_fd_sc_hd__a311o_1)
                                         _1653_ (net)
                  0.08    0.00    4.75 v _4471_/A2 (sky130_fd_sc_hd__a311o_1)
     3    0.01    0.09    0.38    5.13 v _4471_/X (sky130_fd_sc_hd__a311o_1)
                                         _1685_ (net)
                  0.09    0.00    5.13 v _4474_/B (sky130_fd_sc_hd__and3_1)
     2    0.01    0.05    0.20    5.34 v _4474_/X (sky130_fd_sc_hd__and3_1)
                                         _1688_ (net)
                  0.05    0.00    5.34 v _4476_/A (sky130_fd_sc_hd__or2_1)
     2    0.01    0.07    0.26    5.60 v _4476_/X (sky130_fd_sc_hd__or2_1)
                                         _1690_ (net)
                  0.07    0.00    5.60 v _4482_/B (sky130_fd_sc_hd__or2_1)
     2    0.00    0.06    0.23    5.83 v _4482_/X (sky130_fd_sc_hd__or2_1)
                                         _1695_ (net)
                  0.06    0.00    5.83 v _4484_/B (sky130_fd_sc_hd__or3_1)
     2    0.01    0.08    0.38    6.21 v _4484_/X (sky130_fd_sc_hd__or3_1)
                                         _1697_ (net)
                  0.08    0.00    6.21 v _4519_/A1 (sky130_fd_sc_hd__a21oi_1)
     2    0.01    0.15    0.17    6.39 ^ _4519_/Y (sky130_fd_sc_hd__a21oi_1)
                                         _1730_ (net)
                  0.15    0.00    6.39 ^ _4524_/A3 (sky130_fd_sc_hd__o31ai_1)
     3    0.01    0.08    0.11    6.50 v _4524_/Y (sky130_fd_sc_hd__o31ai_1)
                                         _1735_ (net)
                  0.08    0.00    6.50 v _4529_/B (sky130_fd_sc_hd__and3_1)
     1    0.00    0.04    0.18    6.68 v _4529_/X (sky130_fd_sc_hd__and3_1)
                                         _1739_ (net)
                  0.04    0.00    6.68 v _4532_/A2 (sky130_fd_sc_hd__o311a_1)
     1    0.00    0.05    0.33    7.01 v _4532_/X (sky130_fd_sc_hd__o311a_1)
                                         _0148_ (net)
                  0.05    0.00    7.01 v _4783_/D (sky130_fd_sc_hd__dfxtp_1)
                                  7.01   data arrival time

                  0.15    4.00    4.00   clock clk (rise edge)
                          0.00    4.00   clock network delay (ideal)
                         -0.25    3.75   clock uncertainty
                          0.00    3.75   clock reconvergence pessimism
                                  3.75 ^ _4783_/CLK (sky130_fd_sc_hd__dfxtp_1)
                         -0.09    3.66   library setup time
                                  3.66   data required time
-----------------------------------------------------------------------------
                                  3.66   data required time
                                 -7.01   data arrival time
-----------------------------------------------------------------------------
                                 -3.35   slack (VIOLATED)




===========================================================================
 report_check_types -max_slew -max_cap -max_fanout -violators
============================================================================
======================= Typical Corner ===================================


max slew violations count Typical: 0
max fanout violations count Typical: 0
max cap violations count Typical: 0

===========================================================================
report_parasitic_annotation -report_unannotated
============================================================================
Found 1 unannotated drivers.
 clk
Found 0 partially unannotated drivers.

===========================================================================
max slew violation count 0
max fanout violation count 0
max cap violation count 0
============================================================================

===========================================================================
check_setup -verbose -unconstrained_endpoints -multiple_clock -no_clock -no_input_delay -loops -generated_clocks
===========================================================================
