
117. Printing statistics.

=== synth_top ===

   Number of wires:               2394
   Number of wire bits:           2446
   Number of public wires:         125
   Number of public wire bits:     177
   Number of memories:               0
   Number of memory bits:            0
   Number of processes:              0
   Number of cells:               2418
     sky130_fd_sc_hd__a2111o_2       3
     sky130_fd_sc_hd__a2111oi_2      1
     sky130_fd_sc_hd__a211o_2       18
     sky130_fd_sc_hd__a211oi_2      38
     sky130_fd_sc_hd__a21bo_2       45
     sky130_fd_sc_hd__a21boi_2       3
     sky130_fd_sc_hd__a21o_2       121
     sky130_fd_sc_hd__a21oi_2       85
     sky130_fd_sc_hd__a221oi_2       2
     sky130_fd_sc_hd__a22o_2        29
     sky130_fd_sc_hd__a22oi_2       44
     sky130_fd_sc_hd__a2bb2o_2       1
     sky130_fd_sc_hd__a311o_2        5
     sky130_fd_sc_hd__a311oi_2       1
     sky130_fd_sc_hd__a31o_2        35
     sky130_fd_sc_hd__a32o_2         1
     sky130_fd_sc_hd__a32oi_2        1
     sky130_fd_sc_hd__a41oi_2        1
     sky130_fd_sc_hd__and2_2       101
     sky130_fd_sc_hd__and2b_2       31
     sky130_fd_sc_hd__and3_2        74
     sky130_fd_sc_hd__and3b_2        5
     sky130_fd_sc_hd__and4_2        78
     sky130_fd_sc_hd__and4b_2        5
     sky130_fd_sc_hd__and4bb_2       2
     sky130_fd_sc_hd__buf_1        156
     sky130_fd_sc_hd__dfxtp_2      149
     sky130_fd_sc_hd__inv_2         78
     sky130_fd_sc_hd__mux2_2        28
     sky130_fd_sc_hd__nand2_2      195
     sky130_fd_sc_hd__nand3_2       85
     sky130_fd_sc_hd__nand4_2       15
     sky130_fd_sc_hd__nor2_2       169
     sky130_fd_sc_hd__nor2b_2        1
     sky130_fd_sc_hd__nor3_2        21
     sky130_fd_sc_hd__nor3b_2        1
     sky130_fd_sc_hd__o2111ai_2      2
     sky130_fd_sc_hd__o211a_2      101
     sky130_fd_sc_hd__o211ai_2      13
     sky130_fd_sc_hd__o21a_2        40
     sky130_fd_sc_hd__o21ai_2       59
     sky130_fd_sc_hd__o21ba_2       31
     sky130_fd_sc_hd__o21bai_2       9
     sky130_fd_sc_hd__o221a_2       20
     sky130_fd_sc_hd__o221ai_2       1
     sky130_fd_sc_hd__o22a_2        27
     sky130_fd_sc_hd__o22ai_2        2
     sky130_fd_sc_hd__o2bb2a_2      37
     sky130_fd_sc_hd__o311a_2        2
     sky130_fd_sc_hd__o31a_2         2
     sky130_fd_sc_hd__o31ai_2        4
     sky130_fd_sc_hd__o32a_2         1
     sky130_fd_sc_hd__o41a_2         1
     sky130_fd_sc_hd__or2_2        142
     sky130_fd_sc_hd__or2b_2        33
     sky130_fd_sc_hd__or3_2         45
     sky130_fd_sc_hd__or3b_2         7
     sky130_fd_sc_hd__or4_2          7
     sky130_fd_sc_hd__or4b_2         4
     sky130_fd_sc_hd__xnor2_2      151
     sky130_fd_sc_hd__xor2_2        49

   Chip area for module '\synth_top': 23189.740800

