
127. Printing statistics.

=== synth_top ===

   Number of wires:               2359
   Number of wire bits:           2411
   Number of public wires:         125
   Number of public wire bits:     177
   Number of memories:               0
   Number of memory bits:            0
   Number of processes:              0
   Number of cells:               2383
     sky130_fd_sc_hd__a211o_2       24
     sky130_fd_sc_hd__a211oi_2      41
     sky130_fd_sc_hd__a21bo_2       33
     sky130_fd_sc_hd__a21boi_2       5
     sky130_fd_sc_hd__a21o_2       108
     sky130_fd_sc_hd__a21oi_2       81
     sky130_fd_sc_hd__a22o_2        28
     sky130_fd_sc_hd__a22oi_2       45
     sky130_fd_sc_hd__a2bb2o_2       4
     sky130_fd_sc_hd__a311o_2        3
     sky130_fd_sc_hd__a311oi_2       1
     sky130_fd_sc_hd__a31o_2        28
     sky130_fd_sc_hd__a31oi_2        1
     sky130_fd_sc_hd__a32o_2         2
     sky130_fd_sc_hd__a32oi_2        1
     sky130_fd_sc_hd__a41o_2         2
     sky130_fd_sc_hd__and2_2        90
     sky130_fd_sc_hd__and2b_2       17
     sky130_fd_sc_hd__and3_2        64
     sky130_fd_sc_hd__and3b_2        3
     sky130_fd_sc_hd__and4_2        82
     sky130_fd_sc_hd__and4b_2        6
     sky130_fd_sc_hd__and4bb_2       5
     sky130_fd_sc_hd__buf_1        158
     sky130_fd_sc_hd__dfxtp_2      149
     sky130_fd_sc_hd__inv_2         72
     sky130_fd_sc_hd__mux2_2        29
     sky130_fd_sc_hd__nand2_2      210
     sky130_fd_sc_hd__nand3_2       71
     sky130_fd_sc_hd__nand3b_2       1
     sky130_fd_sc_hd__nand4_2       14
     sky130_fd_sc_hd__nor2_2       181
     sky130_fd_sc_hd__nor2b_2        1
     sky130_fd_sc_hd__nor3_2        18
     sky130_fd_sc_hd__nor4_2         1
     sky130_fd_sc_hd__o2111a_2       1
     sky130_fd_sc_hd__o2111ai_2      1
     sky130_fd_sc_hd__o211a_2      108
     sky130_fd_sc_hd__o211ai_2      14
     sky130_fd_sc_hd__o21a_2        35
     sky130_fd_sc_hd__o21ai_2       57
     sky130_fd_sc_hd__o21ba_2       37
     sky130_fd_sc_hd__o21bai_2      10
     sky130_fd_sc_hd__o221a_2       19
     sky130_fd_sc_hd__o22a_2         2
     sky130_fd_sc_hd__o22ai_2        1
     sky130_fd_sc_hd__o2bb2a_2      61
     sky130_fd_sc_hd__o311a_2        4
     sky130_fd_sc_hd__o311ai_2       1
     sky130_fd_sc_hd__o31a_2         6
     sky130_fd_sc_hd__o31ai_2        5
     sky130_fd_sc_hd__o32a_2         1
     sky130_fd_sc_hd__o41a_2         1
     sky130_fd_sc_hd__or2_2        122
     sky130_fd_sc_hd__or2b_2        30
     sky130_fd_sc_hd__or3_2         47
     sky130_fd_sc_hd__or3b_2         4
     sky130_fd_sc_hd__or4_2          4
     sky130_fd_sc_hd__or4b_2         1
     sky130_fd_sc_hd__xnor2_2      183
     sky130_fd_sc_hd__xor2_2        49

   Chip area for module '\synth_top': 23187.238400

