
77. Printing statistics.

=== synth_top ===

   Number of wires:               3126
   Number of wire bits:           3178
   Number of public wires:         125
   Number of public wire bits:     177
   Number of memories:               0
   Number of memory bits:            0
   Number of processes:              0
   Number of cells:               3150
     sky130_fd_sc_hd__a2111o_2       3
     sky130_fd_sc_hd__a2111oi_2      2
     sky130_fd_sc_hd__a211o_2       24
     sky130_fd_sc_hd__a211oi_2      20
     sky130_fd_sc_hd__a21bo_2       24
     sky130_fd_sc_hd__a21boi_2      31
     sky130_fd_sc_hd__a21o_2       141
     sky130_fd_sc_hd__a21oi_2      163
     sky130_fd_sc_hd__a221o_2        5
     sky130_fd_sc_hd__a221oi_2       6
     sky130_fd_sc_hd__a22o_2       102
     sky130_fd_sc_hd__a22oi_2       62
     sky130_fd_sc_hd__a2bb2o_2      22
     sky130_fd_sc_hd__a2bb2oi_2      6
     sky130_fd_sc_hd__a311o_2        2
     sky130_fd_sc_hd__a311oi_2       3
     sky130_fd_sc_hd__a31o_2        28
     sky130_fd_sc_hd__a31oi_2       20
     sky130_fd_sc_hd__a32o_2        30
     sky130_fd_sc_hd__a32oi_2       13
     sky130_fd_sc_hd__a41o_2         5
     sky130_fd_sc_hd__a41oi_2        1
     sky130_fd_sc_hd__and2_2        57
     sky130_fd_sc_hd__and2b_2        3
     sky130_fd_sc_hd__and3_2        75
     sky130_fd_sc_hd__and3b_2        2
     sky130_fd_sc_hd__and4_2        50
     sky130_fd_sc_hd__and4b_2       10
     sky130_fd_sc_hd__and4bb_2       1
     sky130_fd_sc_hd__buf_1        189
     sky130_fd_sc_hd__dfxtp_2      149
     sky130_fd_sc_hd__inv_2         82
     sky130_fd_sc_hd__nand2_2      409
     sky130_fd_sc_hd__nand2b_2       1
     sky130_fd_sc_hd__nand3_2      199
     sky130_fd_sc_hd__nand3b_2      25
     sky130_fd_sc_hd__nand4_2      151
     sky130_fd_sc_hd__nand4b_2       5
     sky130_fd_sc_hd__nor2_2       126
     sky130_fd_sc_hd__nor2b_2        1
     sky130_fd_sc_hd__nor3_2        10
     sky130_fd_sc_hd__nor3b_2        5
     sky130_fd_sc_hd__nor4_2         2
     sky130_fd_sc_hd__nor4b_2        1
     sky130_fd_sc_hd__o2111a_2       6
     sky130_fd_sc_hd__o2111ai_2     47
     sky130_fd_sc_hd__o211a_2      102
     sky130_fd_sc_hd__o211ai_2     112
     sky130_fd_sc_hd__o21a_2        36
     sky130_fd_sc_hd__o21ai_2      165
     sky130_fd_sc_hd__o21ba_2       13
     sky130_fd_sc_hd__o21bai_2      31
     sky130_fd_sc_hd__o221a_2       24
     sky130_fd_sc_hd__o221ai_2      22
     sky130_fd_sc_hd__o22a_2        10
     sky130_fd_sc_hd__o22ai_2       11
     sky130_fd_sc_hd__o2bb2a_2      56
     sky130_fd_sc_hd__o2bb2ai_2     68
     sky130_fd_sc_hd__o311a_2       11
     sky130_fd_sc_hd__o31a_2         9
     sky130_fd_sc_hd__o31ai_2        6
     sky130_fd_sc_hd__o41a_2         1
     sky130_fd_sc_hd__o41ai_2        3
     sky130_fd_sc_hd__or2_2         46
     sky130_fd_sc_hd__or2b_2        34
     sky130_fd_sc_hd__or3_2         14
     sky130_fd_sc_hd__or3b_2         6
     sky130_fd_sc_hd__or4_2          4
     sky130_fd_sc_hd__or4b_2         3
     sky130_fd_sc_hd__or4bb_2        2
     sky130_fd_sc_hd__xnor2_2       21
     sky130_fd_sc_hd__xor2_2        21

   Chip area for module '\synth_top': 30729.472000

