
147. Printing statistics.

=== synth_top ===

   Number of wires:               3578
   Number of wire bits:           3630
   Number of public wires:         125
   Number of public wire bits:     177
   Number of memories:               0
   Number of memory bits:            0
   Number of processes:              0
   Number of cells:               3602
     sky130_fd_sc_hd__a2111o_2       1
     sky130_fd_sc_hd__a211o_2       28
     sky130_fd_sc_hd__a21bo_2        8
     sky130_fd_sc_hd__a21boi_2      18
     sky130_fd_sc_hd__a21o_2        63
     sky130_fd_sc_hd__a21oi_2       61
     sky130_fd_sc_hd__a21oi_4       23
     sky130_fd_sc_hd__a221o_2        1
     sky130_fd_sc_hd__a221oi_2       1
     sky130_fd_sc_hd__a22o_2        51
     sky130_fd_sc_hd__a311o_2       11
     sky130_fd_sc_hd__a311o_4        1
     sky130_fd_sc_hd__a31o_2        22
     sky130_fd_sc_hd__a32o_2         2
     sky130_fd_sc_hd__and2_2        80
     sky130_fd_sc_hd__and2_4         5
     sky130_fd_sc_hd__and2b_2       14
     sky130_fd_sc_hd__and3_2        12
     sky130_fd_sc_hd__and3b_2        2
     sky130_fd_sc_hd__and4_2         6
     sky130_fd_sc_hd__buf_1         79
     sky130_fd_sc_hd__buf_12         3
     sky130_fd_sc_hd__buf_2         11
     sky130_fd_sc_hd__buf_4         11
     sky130_fd_sc_hd__buf_6         12
     sky130_fd_sc_hd__buf_8          4
     sky130_fd_sc_hd__bufinv_8       1
     sky130_fd_sc_hd__dfxtp_2      149
     sky130_fd_sc_hd__inv_2        453
     sky130_fd_sc_hd__inv_4          4
     sky130_fd_sc_hd__nand2_2     1330
     sky130_fd_sc_hd__nand2_4       51
     sky130_fd_sc_hd__nand2b_2      13
     sky130_fd_sc_hd__nand2b_4       1
     sky130_fd_sc_hd__nand3_2      301
     sky130_fd_sc_hd__nand3_4       22
     sky130_fd_sc_hd__nand3b_2      44
     sky130_fd_sc_hd__nand3b_4       4
     sky130_fd_sc_hd__nor2_2       218
     sky130_fd_sc_hd__nor2_4        12
     sky130_fd_sc_hd__nor2_8         2
     sky130_fd_sc_hd__nor2b_2        1
     sky130_fd_sc_hd__nor3_2         9
     sky130_fd_sc_hd__o211a_2       39
     sky130_fd_sc_hd__o211ai_2       1
     sky130_fd_sc_hd__o21a_2        37
     sky130_fd_sc_hd__o21a_4         1
     sky130_fd_sc_hd__o21ai_2       76
     sky130_fd_sc_hd__o21ba_2        3
     sky130_fd_sc_hd__o21bai_2       2
     sky130_fd_sc_hd__o221a_2       11
     sky130_fd_sc_hd__o22a_2         4
     sky130_fd_sc_hd__o2bb2ai_2      2
     sky130_fd_sc_hd__o31a_2         3
     sky130_fd_sc_hd__o31ai_2        6
     sky130_fd_sc_hd__o41a_2         3
     sky130_fd_sc_hd__or2_2        147
     sky130_fd_sc_hd__or2_4         41
     sky130_fd_sc_hd__or2b_2        11
     sky130_fd_sc_hd__or3_2         16
     sky130_fd_sc_hd__or3_4          2
     sky130_fd_sc_hd__or3b_2         1
     sky130_fd_sc_hd__or3b_4         1
     sky130_fd_sc_hd__or4_2          5
     sky130_fd_sc_hd__or4_4          4
     sky130_fd_sc_hd__xnor2_2       11
     sky130_fd_sc_hd__xor2_2        30

   Chip area for module '\synth_top': 28194.540800

