
137. Printing statistics.

=== synth_top ===

   Number of wires:               2315
   Number of wire bits:           2367
   Number of public wires:         125
   Number of public wire bits:     177
   Number of memories:               0
   Number of memory bits:            0
   Number of processes:              0
   Number of cells:               2339
     sky130_fd_sc_hd__a2111oi_2      2
     sky130_fd_sc_hd__a211o_2       19
     sky130_fd_sc_hd__a211oi_2      43
     sky130_fd_sc_hd__a21bo_2       38
     sky130_fd_sc_hd__a21boi_2       3
     sky130_fd_sc_hd__a21o_2       101
     sky130_fd_sc_hd__a21oi_2       68
     sky130_fd_sc_hd__a22o_2        35
     sky130_fd_sc_hd__a22oi_2       34
     sky130_fd_sc_hd__a2bb2o_2       9
     sky130_fd_sc_hd__a311oi_2       1
     sky130_fd_sc_hd__a31o_2        22
     sky130_fd_sc_hd__a31oi_2        4
     sky130_fd_sc_hd__a32o_2        35
     sky130_fd_sc_hd__a41o_2         3
     sky130_fd_sc_hd__and2_2        92
     sky130_fd_sc_hd__and2b_2       35
     sky130_fd_sc_hd__and3_2        59
     sky130_fd_sc_hd__and3b_2        3
     sky130_fd_sc_hd__and4_2        83
     sky130_fd_sc_hd__and4b_2        8
     sky130_fd_sc_hd__and4bb_2       4
     sky130_fd_sc_hd__buf_1        153
     sky130_fd_sc_hd__dfxtp_2      149
     sky130_fd_sc_hd__inv_2         74
     sky130_fd_sc_hd__mux2_2        29
     sky130_fd_sc_hd__nand2_2      211
     sky130_fd_sc_hd__nand2b_2       1
     sky130_fd_sc_hd__nand3_2       62
     sky130_fd_sc_hd__nand3b_2       1
     sky130_fd_sc_hd__nand4_2       13
     sky130_fd_sc_hd__nand4b_2       3
     sky130_fd_sc_hd__nor2_2       181
     sky130_fd_sc_hd__nor2b_2        1
     sky130_fd_sc_hd__nor3_2        27
     sky130_fd_sc_hd__nor3b_2        1
     sky130_fd_sc_hd__o2111a_2       3
     sky130_fd_sc_hd__o211a_2       72
     sky130_fd_sc_hd__o211ai_2      16
     sky130_fd_sc_hd__o21a_2        40
     sky130_fd_sc_hd__o21ai_2       54
     sky130_fd_sc_hd__o21ba_2       29
     sky130_fd_sc_hd__o21bai_2      14
     sky130_fd_sc_hd__o221a_2        3
     sky130_fd_sc_hd__o22a_2        24
     sky130_fd_sc_hd__o22ai_2        1
     sky130_fd_sc_hd__o2bb2a_2      43
     sky130_fd_sc_hd__o311a_2        4
     sky130_fd_sc_hd__o311ai_2       1
     sky130_fd_sc_hd__o31a_2         5
     sky130_fd_sc_hd__o31ai_2        2
     sky130_fd_sc_hd__o41ai_2        1
     sky130_fd_sc_hd__or2_2        113
     sky130_fd_sc_hd__or2b_2        36
     sky130_fd_sc_hd__or3_2         47
     sky130_fd_sc_hd__or3b_2         8
     sky130_fd_sc_hd__or4_2          4
     sky130_fd_sc_hd__or4b_2         2
     sky130_fd_sc_hd__xnor2_2      155
     sky130_fd_sc_hd__xor2_2        55

   Chip area for module '\synth_top': 22665.488000

