Sun Jun 07 08:31:10 +0000 2026 - Executing "{openroad -exit -no_init -python /nix/store/xpc7xd67rslanlqh566s6jph53bn830w-openlane1-1.1.1/bin/scripts/odbpy/lefutil.py get_metal_layers -o /design/runs/full_run/tmp/layers.list /root/.volare/volare/sky130/versions/bdc9412b3e468c102d01b7cf6337be06ec6e9c9a/sky130A/libs.ref/sky130_fd_sc_hd/techlef/sky130_fd_sc_hd__nom.tlef}"

Sun Jun 07 08:31:10 +0000 2026 - Executing "{/nix/store/xpc7xd67rslanlqh566s6jph53bn830w-openlane1-1.1.1/bin/scripts/mergeLef.py -o /design/runs/full_run/tmp/merged.nom.lef -i /root/.volare/volare/sky130/versions/bdc9412b3e468c102d01b7cf6337be06ec6e9c9a/sky130A/libs.ref/sky130_fd_sc_hd/techlef/sky130_fd_sc_hd__nom.tlef {/root/.volare/volare/sky130/versions/bdc9412b3e468c102d01b7cf6337be06ec6e9c9a/sky130A/libs.ref/sky130_fd_sc_hd/lef/sky130_fd_sc_hd.lef /root/.volare/volare/sky130/versions/bdc9412b3e468c102d01b7cf6337be06ec6e9c9a/sky130A/libs.ref/sky130_fd_sc_hd/lef/sky130_ef_sc_hd.lef} |& tee /dev/null}"

Sun Jun 07 08:31:11 +0000 2026 - Executing "{/nix/store/xpc7xd67rslanlqh566s6jph53bn830w-openlane1-1.1.1/bin/scripts/mergeLef.py -o /design/runs/full_run/tmp/merged.min.lef -i /root/.volare/volare/sky130/versions/bdc9412b3e468c102d01b7cf6337be06ec6e9c9a/sky130A/libs.ref/sky130_fd_sc_hd/techlef/sky130_fd_sc_hd__min.tlef {/root/.volare/volare/sky130/versions/bdc9412b3e468c102d01b7cf6337be06ec6e9c9a/sky130A/libs.ref/sky130_fd_sc_hd/lef/sky130_fd_sc_hd.lef /root/.volare/volare/sky130/versions/bdc9412b3e468c102d01b7cf6337be06ec6e9c9a/sky130A/libs.ref/sky130_fd_sc_hd/lef/sky130_ef_sc_hd.lef} |& tee /dev/null}"

Sun Jun 07 08:31:11 +0000 2026 - Executing "{/nix/store/xpc7xd67rslanlqh566s6jph53bn830w-openlane1-1.1.1/bin/scripts/mergeLef.py -o /design/runs/full_run/tmp/merged.max.lef -i /root/.volare/volare/sky130/versions/bdc9412b3e468c102d01b7cf6337be06ec6e9c9a/sky130A/libs.ref/sky130_fd_sc_hd/techlef/sky130_fd_sc_hd__max.tlef {/root/.volare/volare/sky130/versions/bdc9412b3e468c102d01b7cf6337be06ec6e9c9a/sky130A/libs.ref/sky130_fd_sc_hd/lef/sky130_fd_sc_hd.lef /root/.volare/volare/sky130/versions/bdc9412b3e468c102d01b7cf6337be06ec6e9c9a/sky130A/libs.ref/sky130_fd_sc_hd/lef/sky130_ef_sc_hd.lef} |& tee /dev/null}"

Sun Jun 07 08:31:11 +0000 2026 - Executing "{python3 /nix/store/xpc7xd67rslanlqh566s6jph53bn830w-openlane1-1.1.1/bin/scripts/mergeLib.py --output /design/runs/full_run/tmp/synthesis/merged.lib --name sky130A_merged /root/.volare/volare/sky130/versions/bdc9412b3e468c102d01b7cf6337be06ec6e9c9a/sky130A/libs.ref/sky130_fd_sc_hd/lib/sky130_fd_sc_hd__tt_025C_1v80.lib}"

Sun Jun 07 08:31:11 +0000 2026 - Executing "{python3 /nix/store/xpc7xd67rslanlqh566s6jph53bn830w-openlane1-1.1.1/bin/scripts/libtrim.py --cell-file /design/runs/full_run/tmp/synthesis/trimmed.lib.exclude.list --output /design/runs/full_run/tmp/synthesis/trimmed.lib /design/runs/full_run/tmp/synthesis/merged.lib}"

Sun Jun 07 08:31:12 +0000 2026 - Executing "{python3 /nix/store/xpc7xd67rslanlqh566s6jph53bn830w-openlane1-1.1.1/bin/scripts/libtrim.py --cell-file /design/runs/full_run/tmp/cts/cts.lib.exclude.list --output /design/runs/full_run/tmp/cts/cts.lib /root/.volare/volare/sky130/versions/bdc9412b3e468c102d01b7cf6337be06ec6e9c9a/sky130A/libs.ref/sky130_fd_sc_hd/lib/sky130_fd_sc_hd__tt_025C_1v80.lib}"

Sun Jun 07 08:31:13 +0000 2026 - Executing "{python3 /nix/store/xpc7xd67rslanlqh566s6jph53bn830w-openlane1-1.1.1/bin/scripts/libtrim.py --cell-file /design/runs/full_run/tmp/cts/cts-fastest.lib.exclude.list --output /design/runs/full_run/tmp/cts/cts-fastest.lib /root/.volare/volare/sky130/versions/bdc9412b3e468c102d01b7cf6337be06ec6e9c9a/sky130A/libs.ref/sky130_fd_sc_hd/lib/sky130_fd_sc_hd__ff_n40C_1v95.lib}"

Sun Jun 07 08:31:16 +0000 2026 - Executing "{python3 /nix/store/xpc7xd67rslanlqh566s6jph53bn830w-openlane1-1.1.1/bin/scripts/libtrim.py --cell-file /design/runs/full_run/tmp/cts/cts-slowest.lib.exclude.list --output /design/runs/full_run/tmp/cts/cts-slowest.lib /root/.volare/volare/sky130/versions/bdc9412b3e468c102d01b7cf6337be06ec6e9c9a/sky130A/libs.ref/sky130_fd_sc_hd/lib/sky130_fd_sc_hd__ss_100C_1v60.lib}"

Sun Jun 07 08:31:17 +0000 2026 - Executing "{python3 /nix/store/xpc7xd67rslanlqh566s6jph53bn830w-openlane1-1.1.1/bin/scripts/new_tracks.py -i /root/.volare/volare/sky130/versions/bdc9412b3e468c102d01b7cf6337be06ec6e9c9a/sky130A/libs.tech/openlane/sky130_fd_sc_hd/tracks.info -o /design/runs/full_run/tmp/routing/config.tracks}"

Sun Jun 07 08:31:17 +0000 2026 - Executing "{echo {OpenLane } > /design/runs/full_run/OPENLANE_COMMIT}"

Sun Jun 07 08:31:18 +0000 2026 - Executing "{yosys -c /nix/store/xpc7xd67rslanlqh566s6jph53bn830w-openlane1-1.1.1/bin/scripts/yosys/blackbox.tcl}"

Sun Jun 07 08:31:18 +0000 2026 - Executing "{verilator -Wall --lint-only --Wno-DECLFILENAME --top-module top /design/runs/full_run/tmp/synthesis/blackbox/sky130_fd_sc_hd__blackbox.v /design/rtl/top.sv /design/rtl/interface.sv /design/rtl/compute_core.sv /design/rtl/mac_unit.sv /design/rtl/scale_unit.sv /design/rtl/relu_approx.sv /design/rtl/av_unit.sv -Wno-fatal --relative-includes |& tee /design/runs/full_run/logs/synthesis/linter.log /dev/null}"

Sun Jun 07 08:31:18 +0000 2026 - Executing "{sed -E {s/^([[:space:]]+)pg_pin(.*)/\1pin\2\n\1    direction : "inout";/g} /root/.volare/volare/sky130/versions/bdc9412b3e468c102d01b7cf6337be06ec6e9c9a/sky130A/libs.ref/sky130_fd_sc_hd/lib/sky130_fd_sc_hd__tt_025C_1v80.lib > /design/runs/full_run/tmp/synthesis/1-sky130_fd_sc_hd__tt_025C_1v80.no_pg.lib}"

Sun Jun 07 08:31:20 +0000 2026 - Executing "{sed -E {s/^([[:space:]]+)pg_pin(.*)/\1pin\2\n\1    direction : "inout";/g} /design/runs/full_run/tmp/synthesis/trimmed.lib > /design/runs/full_run/tmp/synthesis/1-trimmed.no_pg.lib}"

Sun Jun 07 08:31:20 +0000 2026 - Executing "yosys -c /nix/store/xpc7xd67rslanlqh566s6jph53bn830w-openlane1-1.1.1/bin/scripts/yosys/synth.tcl |& tee /dev/null /design/runs/full_run/logs/synthesis/1-synthesis.log"

Sun Jun 07 08:31:21 +0000 2026 - Executing "{yosys -c /nix/store/xpc7xd67rslanlqh566s6jph53bn830w-openlane1-1.1.1/bin/scripts/yosys/synth.tcl |& tee /dev/null /design/runs/full_run/logs/synthesis/1-synthesis.log}"

Sun Jun 07 08:31:27 +0000 2026 - Executing "{sed -i.bak -e {s/\(set ::env(CURRENT_NETLIST)\).*/\1 \/design\/runs\/full_run\/results\/synthesis\/top.v/} /design/runs/full_run/config.tcl}"

Sun Jun 07 08:31:27 +0000 2026 - Executing "{sed -i.bak /defparam/d /design/runs/full_run/results/synthesis/top.v}"

Sun Jun 07 08:31:28 +0000 2026 - Executing "sta -exit -no_init /nix/store/xpc7xd67rslanlqh566s6jph53bn830w-openlane1-1.1.1/bin/scripts/openroad/sta/multi_corner.tcl |& tee /dev/null /design/runs/full_run/logs/synthesis/2-sta.log"

Sun Jun 07 08:31:28 +0000 2026 - Executing "{sta -exit -no_init /nix/store/xpc7xd67rslanlqh566s6jph53bn830w-openlane1-1.1.1/bin/scripts/openroad/sta/multi_corner.tcl |& tee /dev/null /design/runs/full_run/logs/synthesis/2-sta.log}"

Sun Jun 07 08:31:29 +0000 2026 - Executing "openroad -exit /nix/store/xpc7xd67rslanlqh566s6jph53bn830w-openlane1-1.1.1/bin/scripts/openroad/floorplan.tcl |& tee /dev/null /design/runs/full_run/logs/floorplan/3-initial_fp.log"

Sun Jun 07 08:31:29 +0000 2026 - Executing "{openroad -exit /nix/store/xpc7xd67rslanlqh566s6jph53bn830w-openlane1-1.1.1/bin/scripts/openroad/floorplan.tcl |& tee /dev/null /design/runs/full_run/logs/floorplan/3-initial_fp.log}"

Sun Jun 07 08:31:30 +0000 2026 - Executing "{openroad -exit -no_init -python /nix/store/xpc7xd67rslanlqh566s6jph53bn830w-openlane1-1.1.1/bin/scripts/odbpy/defutil.py extract_core_dims --output-data /design/runs/full_run/tmp/dimensions.txt --input-lef /design/runs/full_run/tmp/merged.nom.lef /design/runs/full_run/tmp/floorplan/3-initial_fp.def}"

Sun Jun 07 08:31:31 +0000 2026 - Executing "openroad -exit /nix/store/xpc7xd67rslanlqh566s6jph53bn830w-openlane1-1.1.1/bin/scripts/openroad/ioplacer.tcl |& tee /dev/null /design/runs/full_run/logs/floorplan/4-io.log"

Sun Jun 07 08:31:31 +0000 2026 - Executing "{openroad -exit /nix/store/xpc7xd67rslanlqh566s6jph53bn830w-openlane1-1.1.1/bin/scripts/openroad/ioplacer.tcl |& tee /dev/null /design/runs/full_run/logs/floorplan/4-io.log}"

Sun Jun 07 08:31:33 +0000 2026 - Executing "openroad -exit /nix/store/xpc7xd67rslanlqh566s6jph53bn830w-openlane1-1.1.1/bin/scripts/openroad/tapcell.tcl |& tee /dev/null /design/runs/full_run/logs/floorplan/5-tap.log"

Sun Jun 07 08:31:33 +0000 2026 - Executing "{openroad -exit /nix/store/xpc7xd67rslanlqh566s6jph53bn830w-openlane1-1.1.1/bin/scripts/openroad/tapcell.tcl |& tee /dev/null /design/runs/full_run/logs/floorplan/5-tap.log}"

Sun Jun 07 08:31:34 +0000 2026 - Executing "openroad -exit /nix/store/xpc7xd67rslanlqh566s6jph53bn830w-openlane1-1.1.1/bin/scripts/openroad/pdn.tcl |& tee /dev/null /design/runs/full_run/logs/floorplan/6-pdn.log"

Sun Jun 07 08:31:34 +0000 2026 - Executing "{openroad -exit /nix/store/xpc7xd67rslanlqh566s6jph53bn830w-openlane1-1.1.1/bin/scripts/openroad/pdn.tcl |& tee /dev/null /design/runs/full_run/logs/floorplan/6-pdn.log}"

Sun Jun 07 08:31:36 +0000 2026 - Executing "openroad -exit /nix/store/xpc7xd67rslanlqh566s6jph53bn830w-openlane1-1.1.1/bin/scripts/openroad/gpl.tcl |& tee /dev/null /design/runs/full_run/logs/placement/6-global_skip_io.log"

Sun Jun 07 08:31:36 +0000 2026 - Executing "{openroad -exit /nix/store/xpc7xd67rslanlqh566s6jph53bn830w-openlane1-1.1.1/bin/scripts/openroad/gpl.tcl |& tee /dev/null /design/runs/full_run/logs/placement/6-global_skip_io.log}"

Sun Jun 07 08:31:37 +0000 2026 - Executing "{sed -i.bak -e {s/\(set ::env(CURRENT_NETLIST)\).*/\1 \/design\/runs\/full_run\/tmp\/placement\/7-global_skip_io.nl.v/} /design/runs/full_run/config.tcl}"

Sun Jun 07 08:31:38 +0000 2026 - Executing "openroad -exit /nix/store/xpc7xd67rslanlqh566s6jph53bn830w-openlane1-1.1.1/bin/scripts/openroad/sta/multi_corner.tcl |& tee /dev/null /design/runs/full_run/logs/placement/8-gpl_sta.log"

Sun Jun 07 08:31:38 +0000 2026 - Executing "{openroad -exit /nix/store/xpc7xd67rslanlqh566s6jph53bn830w-openlane1-1.1.1/bin/scripts/openroad/sta/multi_corner.tcl |& tee /dev/null /design/runs/full_run/logs/placement/8-gpl_sta.log}"

Sun Jun 07 08:31:39 +0000 2026 - Executing "openroad -exit /nix/store/xpc7xd67rslanlqh566s6jph53bn830w-openlane1-1.1.1/bin/scripts/openroad/ioplacer.tcl |& tee /dev/null /design/runs/full_run/logs/placement/9-io.log"

Sun Jun 07 08:31:39 +0000 2026 - Executing "{openroad -exit /nix/store/xpc7xd67rslanlqh566s6jph53bn830w-openlane1-1.1.1/bin/scripts/openroad/ioplacer.tcl |& tee /dev/null /design/runs/full_run/logs/placement/9-io.log}"

Sun Jun 07 08:31:41 +0000 2026 - Executing "openroad -exit /nix/store/xpc7xd67rslanlqh566s6jph53bn830w-openlane1-1.1.1/bin/scripts/openroad/gpl.tcl |& tee /dev/null /design/runs/full_run/logs/placement/9-global.log"

Sun Jun 07 08:31:41 +0000 2026 - Executing "{openroad -exit /nix/store/xpc7xd67rslanlqh566s6jph53bn830w-openlane1-1.1.1/bin/scripts/openroad/gpl.tcl |& tee /dev/null /design/runs/full_run/logs/placement/9-global.log}"

Sun Jun 07 08:31:43 +0000 2026 - Executing "{sed -i.bak -e {s/\(set ::env(CURRENT_NETLIST)\).*/\1 \/design\/runs\/full_run\/tmp\/placement\/10-global.nl.v/} /design/runs/full_run/config.tcl}"

Sun Jun 07 08:31:43 +0000 2026 - Executing "openroad -exit /nix/store/xpc7xd67rslanlqh566s6jph53bn830w-openlane1-1.1.1/bin/scripts/openroad/sta/multi_corner.tcl |& tee /dev/null /design/runs/full_run/logs/placement/11-gpl_sta.log"

Sun Jun 07 08:31:43 +0000 2026 - Executing "{openroad -exit /nix/store/xpc7xd67rslanlqh566s6jph53bn830w-openlane1-1.1.1/bin/scripts/openroad/sta/multi_corner.tcl |& tee /dev/null /design/runs/full_run/logs/placement/11-gpl_sta.log}"

Sun Jun 07 08:31:45 +0000 2026 - Executing "openroad -exit /nix/store/xpc7xd67rslanlqh566s6jph53bn830w-openlane1-1.1.1/bin/scripts/openroad/resizer.tcl |& tee /dev/null /design/runs/full_run/logs/placement/12-resizer.log"

Sun Jun 07 08:31:45 +0000 2026 - Executing "{openroad -exit /nix/store/xpc7xd67rslanlqh566s6jph53bn830w-openlane1-1.1.1/bin/scripts/openroad/resizer.tcl |& tee /dev/null /design/runs/full_run/logs/placement/12-resizer.log}"

Sun Jun 07 08:31:49 +0000 2026 - Executing "{sed -i.bak -e {s/\(set ::env(CURRENT_NETLIST)\).*/\1 \/design\/runs\/full_run\/tmp\/placement\/12-resizer.nl.v/} /design/runs/full_run/config.tcl}"

Sun Jun 07 08:31:49 +0000 2026 - Executing "openroad -exit /nix/store/xpc7xd67rslanlqh566s6jph53bn830w-openlane1-1.1.1/bin/scripts/openroad/dpl.tcl |& tee /dev/null /design/runs/full_run/logs/placement/13-detailed.log"

Sun Jun 07 08:31:49 +0000 2026 - Executing "{openroad -exit /nix/store/xpc7xd67rslanlqh566s6jph53bn830w-openlane1-1.1.1/bin/scripts/openroad/dpl.tcl |& tee /dev/null /design/runs/full_run/logs/placement/13-detailed.log}"

Sun Jun 07 08:31:51 +0000 2026 - Executing "{sed -i.bak -e {s/\(set ::env(CURRENT_NETLIST)\).*/\1 \/design\/runs\/full_run\/results\/placement\/top.nl.v/} /design/runs/full_run/config.tcl}"

Sun Jun 07 08:31:51 +0000 2026 - Executing "openroad -exit /nix/store/xpc7xd67rslanlqh566s6jph53bn830w-openlane1-1.1.1/bin/scripts/openroad/sta/multi_corner.tcl |& tee /dev/null /design/runs/full_run/logs/placement/14-dpl_sta.log"

Sun Jun 07 08:31:51 +0000 2026 - Executing "{openroad -exit /nix/store/xpc7xd67rslanlqh566s6jph53bn830w-openlane1-1.1.1/bin/scripts/openroad/sta/multi_corner.tcl |& tee /dev/null /design/runs/full_run/logs/placement/14-dpl_sta.log}"

Sun Jun 07 08:31:52 +0000 2026 - Executing "openroad -exit /nix/store/xpc7xd67rslanlqh566s6jph53bn830w-openlane1-1.1.1/bin/scripts/openroad/cts.tcl |& tee /dev/null /design/runs/full_run/logs/cts/15-cts.log"

Sun Jun 07 08:31:53 +0000 2026 - Executing "{openroad -exit /nix/store/xpc7xd67rslanlqh566s6jph53bn830w-openlane1-1.1.1/bin/scripts/openroad/cts.tcl |& tee /dev/null /design/runs/full_run/logs/cts/15-cts.log}"

Sun Jun 07 08:32:03 +0000 2026 - Executing "openroad -exit /nix/store/xpc7xd67rslanlqh566s6jph53bn830w-openlane1-1.1.1/bin/scripts/openroad/sta/multi_corner.tcl |& tee /dev/null /design/runs/full_run/logs/cts/16-cts_sta.log"

Sun Jun 07 08:32:03 +0000 2026 - Executing "{openroad -exit /nix/store/xpc7xd67rslanlqh566s6jph53bn830w-openlane1-1.1.1/bin/scripts/openroad/sta/multi_corner.tcl |& tee /dev/null /design/runs/full_run/logs/cts/16-cts_sta.log}"

Sun Jun 07 08:32:06 +0000 2026 - Executing "openroad -exit /nix/store/xpc7xd67rslanlqh566s6jph53bn830w-openlane1-1.1.1/bin/scripts/openroad/resizer_timing.tcl |& tee /dev/null /design/runs/full_run/logs/cts/17-resizer.log"

Sun Jun 07 08:32:06 +0000 2026 - Executing "{openroad -exit /nix/store/xpc7xd67rslanlqh566s6jph53bn830w-openlane1-1.1.1/bin/scripts/openroad/resizer_timing.tcl |& tee /dev/null /design/runs/full_run/logs/cts/17-resizer.log}"

Sun Jun 07 08:32:34 +0000 2026 - Executing "{sed -i.bak -e {s/\(set ::env(CURRENT_NETLIST)\).*/\1 \/design\/runs\/full_run\/tmp\/cts\/17-top.resized.nl.v/} /design/runs/full_run/config.tcl}"

Sun Jun 07 08:32:34 +0000 2026 - Executing "openroad -exit /nix/store/xpc7xd67rslanlqh566s6jph53bn830w-openlane1-1.1.1/bin/scripts/openroad/resizer_routing_design.tcl |& tee /dev/null /design/runs/full_run/logs/routing/18-resizer_design.log"

Sun Jun 07 08:32:34 +0000 2026 - Executing "{openroad -exit /nix/store/xpc7xd67rslanlqh566s6jph53bn830w-openlane1-1.1.1/bin/scripts/openroad/resizer_routing_design.tcl |& tee /dev/null /design/runs/full_run/logs/routing/18-resizer_design.log}"

Sun Jun 07 08:32:39 +0000 2026 - Executing "{sed -i.bak -e {s/\(set ::env(CURRENT_NETLIST)\).*/\1 \/design\/runs\/full_run\/tmp\/18-top.nl.v/} /design/runs/full_run/config.tcl}"

Sun Jun 07 08:32:39 +0000 2026 - Executing "openroad -exit /nix/store/xpc7xd67rslanlqh566s6jph53bn830w-openlane1-1.1.1/bin/scripts/openroad/sta/multi_corner.tcl |& tee /dev/null /design/runs/full_run/logs/routing/19-rsz_design_sta.log"

Sun Jun 07 08:32:39 +0000 2026 - Executing "{openroad -exit /nix/store/xpc7xd67rslanlqh566s6jph53bn830w-openlane1-1.1.1/bin/scripts/openroad/sta/multi_corner.tcl |& tee /dev/null /design/runs/full_run/logs/routing/19-rsz_design_sta.log}"

Sun Jun 07 08:32:42 +0000 2026 - Executing "openroad -exit /nix/store/xpc7xd67rslanlqh566s6jph53bn830w-openlane1-1.1.1/bin/scripts/openroad/resizer_routing_timing.tcl |& tee /dev/null /design/runs/full_run/logs/routing/20-resizer_timing.log"

Sun Jun 07 08:32:42 +0000 2026 - Executing "{openroad -exit /nix/store/xpc7xd67rslanlqh566s6jph53bn830w-openlane1-1.1.1/bin/scripts/openroad/resizer_routing_timing.tcl |& tee /dev/null /design/runs/full_run/logs/routing/20-resizer_timing.log}"

Sun Jun 07 08:32:50 +0000 2026 - Executing "{sed -i.bak -e {s/\(set ::env(CURRENT_NETLIST)\).*/\1 \/design\/runs\/full_run\/tmp\/20-top.nl.v/} /design/runs/full_run/config.tcl}"

Sun Jun 07 08:32:50 +0000 2026 - Executing "openroad -exit /nix/store/xpc7xd67rslanlqh566s6jph53bn830w-openlane1-1.1.1/bin/scripts/openroad/sta/multi_corner.tcl |& tee /dev/null /design/runs/full_run/logs/routing/21-rsz_timing_sta.log"

Sun Jun 07 08:32:50 +0000 2026 - Executing "{openroad -exit /nix/store/xpc7xd67rslanlqh566s6jph53bn830w-openlane1-1.1.1/bin/scripts/openroad/sta/multi_corner.tcl |& tee /dev/null /design/runs/full_run/logs/routing/21-rsz_timing_sta.log}"

Sun Jun 07 08:32:53 +0000 2026 - Executing "openroad -exit /nix/store/xpc7xd67rslanlqh566s6jph53bn830w-openlane1-1.1.1/bin/scripts/openroad/repair_antennas.tcl |& tee /dev/null /design/runs/full_run/logs/routing/22-global.log"

Sun Jun 07 08:32:53 +0000 2026 - Executing "{openroad -exit /nix/store/xpc7xd67rslanlqh566s6jph53bn830w-openlane1-1.1.1/bin/scripts/openroad/repair_antennas.tcl |& tee /dev/null /design/runs/full_run/logs/routing/22-global.log}"

Sun Jun 07 08:32:55 +0000 2026 - Executing "openroad -exit /nix/store/xpc7xd67rslanlqh566s6jph53bn830w-openlane1-1.1.1/bin/scripts/openroad/write_views.tcl |& tee /dev/null /design/runs/full_run/logs/routing/22-global_write_netlist.log"

Sun Jun 07 08:32:55 +0000 2026 - Executing "{openroad -exit /nix/store/xpc7xd67rslanlqh566s6jph53bn830w-openlane1-1.1.1/bin/scripts/openroad/write_views.tcl |& tee /dev/null /design/runs/full_run/logs/routing/22-global_write_netlist.log}"

Sun Jun 07 08:32:56 +0000 2026 - Executing "{sed -i.bak -e {s/\(set ::env(CURRENT_NETLIST)\).*/\1 \/design\/runs\/full_run\/tmp\/routing\/global.nl.v/} /design/runs/full_run/config.tcl}"

Sun Jun 07 08:32:56 +0000 2026 - Executing "openroad -exit /nix/store/xpc7xd67rslanlqh566s6jph53bn830w-openlane1-1.1.1/bin/scripts/openroad/sta/multi_corner.tcl |& tee /dev/null /design/runs/full_run/logs/routing/24-grt_sta.log"

Sun Jun 07 08:32:56 +0000 2026 - Executing "{openroad -exit /nix/store/xpc7xd67rslanlqh566s6jph53bn830w-openlane1-1.1.1/bin/scripts/openroad/sta/multi_corner.tcl |& tee /dev/null /design/runs/full_run/logs/routing/24-grt_sta.log}"

Sun Jun 07 08:32:58 +0000 2026 - Executing "openroad -exit /nix/store/xpc7xd67rslanlqh566s6jph53bn830w-openlane1-1.1.1/bin/scripts/openroad/fill.tcl |& tee /dev/null /design/runs/full_run/logs/routing/25-fill.log"

Sun Jun 07 08:32:58 +0000 2026 - Executing "{openroad -exit /nix/store/xpc7xd67rslanlqh566s6jph53bn830w-openlane1-1.1.1/bin/scripts/openroad/fill.tcl |& tee /dev/null /design/runs/full_run/logs/routing/25-fill.log}"

Sun Jun 07 08:32:59 +0000 2026 - Executing "{sed -i.bak -e {s/\(set ::env(CURRENT_NETLIST)\).*/\1 \/design\/runs\/full_run\/tmp\/routing\/25-fill.nl.v/} /design/runs/full_run/config.tcl}"

Sun Jun 07 08:33:00 +0000 2026 - Executing "openroad -exit -metrics /design/runs/full_run/reports/routing/26-drt_metrics.json /nix/store/xpc7xd67rslanlqh566s6jph53bn830w-openlane1-1.1.1/bin/scripts/openroad/droute.tcl |& tee /dev/null /design/runs/full_run/logs/routing/26-detailed.log"

Sun Jun 07 08:33:00 +0000 2026 - Executing "{openroad -exit -metrics /design/runs/full_run/reports/routing/26-drt_metrics.json /nix/store/xpc7xd67rslanlqh566s6jph53bn830w-openlane1-1.1.1/bin/scripts/openroad/droute.tcl |& tee /dev/null /design/runs/full_run/logs/routing/26-detailed.log}"

Sun Jun 07 08:35:13 +0000 2026 - Executing "{sed -i.bak -e {s/\(set ::env(CURRENT_NETLIST)\).*/\1 \/design\/runs\/full_run\/results\/routing\/top.nl.v/} /design/runs/full_run/config.tcl}"

Sun Jun 07 08:35:13 +0000 2026 - Executing "{python3 /nix/store/xpc7xd67rslanlqh566s6jph53bn830w-openlane1-1.1.1/bin/scripts/drc_rosetta.py tr to_klayout -o /design/runs/full_run/reports/routing/drt.klayout.xml --design-name top /design/runs/full_run/reports/routing/drt.drc}"

Sun Jun 07 08:35:14 +0000 2026 - Executing "{openroad -exit -no_init -python /nix/store/xpc7xd67rslanlqh566s6jph53bn830w-openlane1-1.1.1/bin/scripts/odbpy/wire_lengths.py --report-out /design/runs/full_run/reports/routing/27-wire_lengths.csv --input-lef /design/runs/full_run/tmp/merged.nom.lef --output-def /design/runs/full_run/results/routing/top.def --output /design/runs/full_run/results/routing/top.odb /design/runs/full_run/results/routing/top.odb |& tee /dev/null /design/runs/full_run/logs/routing/27-wire_lengths.log}"

Sun Jun 07 08:35:15 +0000 2026 - Executing "openroad -exit /nix/store/xpc7xd67rslanlqh566s6jph53bn830w-openlane1-1.1.1/bin/scripts/openroad/rcx.tcl |& tee /dev/null /design/runs/full_run/logs/signoff/28-parasitics_extraction.min.log"

Sun Jun 07 08:35:15 +0000 2026 - Executing "{openroad -exit /nix/store/xpc7xd67rslanlqh566s6jph53bn830w-openlane1-1.1.1/bin/scripts/openroad/rcx.tcl |& tee /dev/null /design/runs/full_run/logs/signoff/28-parasitics_extraction.min.log}"

Sun Jun 07 08:35:18 +0000 2026 - Executing "sta -exit -no_init /nix/store/xpc7xd67rslanlqh566s6jph53bn830w-openlane1-1.1.1/bin/scripts/openroad/sta/multi_corner.tcl |& tee /dev/null /design/runs/full_run/logs/signoff/29-rcx_mcsta.min.log"

Sun Jun 07 08:35:18 +0000 2026 - Executing "{sta -exit -no_init /nix/store/xpc7xd67rslanlqh566s6jph53bn830w-openlane1-1.1.1/bin/scripts/openroad/sta/multi_corner.tcl |& tee /dev/null /design/runs/full_run/logs/signoff/29-rcx_mcsta.min.log}"

Sun Jun 07 08:35:29 +0000 2026 - Executing "openroad -exit /nix/store/xpc7xd67rslanlqh566s6jph53bn830w-openlane1-1.1.1/bin/scripts/openroad/rcx.tcl |& tee /dev/null /design/runs/full_run/logs/signoff/30-parasitics_extraction.max.log"

Sun Jun 07 08:35:29 +0000 2026 - Executing "{openroad -exit /nix/store/xpc7xd67rslanlqh566s6jph53bn830w-openlane1-1.1.1/bin/scripts/openroad/rcx.tcl |& tee /dev/null /design/runs/full_run/logs/signoff/30-parasitics_extraction.max.log}"

Sun Jun 07 08:35:31 +0000 2026 - Executing "sta -exit -no_init /nix/store/xpc7xd67rslanlqh566s6jph53bn830w-openlane1-1.1.1/bin/scripts/openroad/sta/multi_corner.tcl |& tee /dev/null /design/runs/full_run/logs/signoff/31-rcx_mcsta.max.log"

Sun Jun 07 08:35:31 +0000 2026 - Executing "{sta -exit -no_init /nix/store/xpc7xd67rslanlqh566s6jph53bn830w-openlane1-1.1.1/bin/scripts/openroad/sta/multi_corner.tcl |& tee /dev/null /design/runs/full_run/logs/signoff/31-rcx_mcsta.max.log}"

Sun Jun 07 08:35:43 +0000 2026 - Executing "openroad -exit /nix/store/xpc7xd67rslanlqh566s6jph53bn830w-openlane1-1.1.1/bin/scripts/openroad/rcx.tcl |& tee /dev/null /design/runs/full_run/logs/signoff/32-parasitics_extraction.nom.log"

Sun Jun 07 08:35:43 +0000 2026 - Executing "{openroad -exit /nix/store/xpc7xd67rslanlqh566s6jph53bn830w-openlane1-1.1.1/bin/scripts/openroad/rcx.tcl |& tee /dev/null /design/runs/full_run/logs/signoff/32-parasitics_extraction.nom.log}"

Sun Jun 07 08:35:45 +0000 2026 - Executing "sta -exit -no_init /nix/store/xpc7xd67rslanlqh566s6jph53bn830w-openlane1-1.1.1/bin/scripts/openroad/sta/multi_corner.tcl |& tee /dev/null /design/runs/full_run/logs/signoff/33-rcx_mcsta.nom.log"

Sun Jun 07 08:35:45 +0000 2026 - Executing "{sta -exit -no_init /nix/store/xpc7xd67rslanlqh566s6jph53bn830w-openlane1-1.1.1/bin/scripts/openroad/sta/multi_corner.tcl |& tee /dev/null /design/runs/full_run/logs/signoff/33-rcx_mcsta.nom.log}"

Sun Jun 07 08:35:58 +0000 2026 - Executing "openroad -exit /nix/store/xpc7xd67rslanlqh566s6jph53bn830w-openlane1-1.1.1/bin/scripts/openroad/irdrop.tcl |& tee /dev/null /design/runs/full_run/logs/signoff/34-irdrop.log"

Sun Jun 07 08:35:58 +0000 2026 - Executing "{openroad -exit /nix/store/xpc7xd67rslanlqh566s6jph53bn830w-openlane1-1.1.1/bin/scripts/openroad/irdrop.tcl |& tee /dev/null /design/runs/full_run/logs/signoff/34-irdrop.log}"

Sun Jun 07 08:36:01 +0000 2026 - Executing "magic -noconsole -dnull -rcfile /root/.volare/volare/sky130/versions/bdc9412b3e468c102d01b7cf6337be06ec6e9c9a/sky130A/libs.tech/magic/sky130A.magicrc < /nix/store/xpc7xd67rslanlqh566s6jph53bn830w-openlane1-1.1.1/bin/scripts/magic/wrapper.tcl |& tee /dev/null /design/runs/full_run/logs/signoff/35-gdsii.log"

Sun Jun 07 08:36:01 +0000 2026 - Executing "{magic -noconsole -dnull -rcfile /root/.volare/volare/sky130/versions/bdc9412b3e468c102d01b7cf6337be06ec6e9c9a/sky130A/libs.tech/magic/sky130A.magicrc < /nix/store/xpc7xd67rslanlqh566s6jph53bn830w-openlane1-1.1.1/bin/scripts/magic/wrapper.tcl |& tee /dev/null /design/runs/full_run/logs/signoff/35-gdsii.log}"

Sun Jun 07 08:36:06 +0000 2026 - Executing "magic -noconsole -dnull -rcfile /root/.volare/volare/sky130/versions/bdc9412b3e468c102d01b7cf6337be06ec6e9c9a/sky130A/libs.tech/magic/sky130A.magicrc < /nix/store/xpc7xd67rslanlqh566s6jph53bn830w-openlane1-1.1.1/bin/scripts/magic/wrapper.tcl |& tee /dev/null /design/runs/full_run/logs/signoff/35-gds_ptrs.log"

Sun Jun 07 08:36:06 +0000 2026 - Executing "{magic -noconsole -dnull -rcfile /root/.volare/volare/sky130/versions/bdc9412b3e468c102d01b7cf6337be06ec6e9c9a/sky130A/libs.tech/magic/sky130A.magicrc < /nix/store/xpc7xd67rslanlqh566s6jph53bn830w-openlane1-1.1.1/bin/scripts/magic/wrapper.tcl |& tee /dev/null /design/runs/full_run/logs/signoff/35-gds_ptrs.log}"

Sun Jun 07 08:36:08 +0000 2026 - Executing "{sed -i.bak -n {/^<< properties >>/,/^<< end >>/p} /design/runs/full_run/tmp/signoff/gds_ptrs.mag}"

Sun Jun 07 08:36:09 +0000 2026 - Executing "magic -noconsole -dnull -rcfile /root/.volare/volare/sky130/versions/bdc9412b3e468c102d01b7cf6337be06ec6e9c9a/sky130A/libs.tech/magic/sky130A.magicrc < /nix/store/xpc7xd67rslanlqh566s6jph53bn830w-openlane1-1.1.1/bin/scripts/magic/wrapper.tcl |& tee /dev/null /design/runs/full_run/logs/signoff/35-lef.log"

Sun Jun 07 08:36:09 +0000 2026 - Executing "{magic -noconsole -dnull -rcfile /root/.volare/volare/sky130/versions/bdc9412b3e468c102d01b7cf6337be06ec6e9c9a/sky130A/libs.tech/magic/sky130A.magicrc < /nix/store/xpc7xd67rslanlqh566s6jph53bn830w-openlane1-1.1.1/bin/scripts/magic/wrapper.tcl |& tee /dev/null /design/runs/full_run/logs/signoff/35-lef.log}"

Sun Jun 07 08:36:11 +0000 2026 - Executing "magic -noconsole -dnull -rcfile /root/.volare/volare/sky130/versions/bdc9412b3e468c102d01b7cf6337be06ec6e9c9a/sky130A/libs.tech/magic/sky130A.magicrc < /nix/store/xpc7xd67rslanlqh566s6jph53bn830w-openlane1-1.1.1/bin/scripts/magic/wrapper.tcl |& tee /dev/null /design/runs/full_run/logs/signoff/35-maglef.log"

Sun Jun 07 08:36:11 +0000 2026 - Executing "{magic -noconsole -dnull -rcfile /root/.volare/volare/sky130/versions/bdc9412b3e468c102d01b7cf6337be06ec6e9c9a/sky130A/libs.tech/magic/sky130A.magicrc < /nix/store/xpc7xd67rslanlqh566s6jph53bn830w-openlane1-1.1.1/bin/scripts/magic/wrapper.tcl |& tee /dev/null /design/runs/full_run/logs/signoff/35-maglef.log}"

Sun Jun 07 08:36:12 +0000 2026 - Executing "{python3 /nix/store/xpc7xd67rslanlqh566s6jph53bn830w-openlane1-1.1.1/bin/scripts/klayout/stream_out.py --output /design/runs/full_run/results/signoff/top.klayout.gds --lyt /root/.volare/volare/sky130/versions/bdc9412b3e468c102d01b7cf6337be06ec6e9c9a/sky130A/libs.tech/klayout/tech/sky130A.lyt --lym /root/.volare/volare/sky130/versions/bdc9412b3e468c102d01b7cf6337be06ec6e9c9a/sky130A/libs.tech/klayout/tech/sky130A.map --lyp /root/.volare/volare/sky130/versions/bdc9412b3e468c102d01b7cf6337be06ec6e9c9a/sky130A/libs.tech/klayout/tech/sky130A.lyp --top top --with-gds-file /root/.volare/volare/sky130/versions/bdc9412b3e468c102d01b7cf6337be06ec6e9c9a/sky130A/libs.ref/sky130_fd_sc_hd/gds/sky130_fd_sc_hd.gds --input-lef /design/runs/full_run/tmp/merged.nom.lef /design/runs/full_run/results/routing/top.def |& tee /dev/null /design/runs/full_run/logs/signoff/36-gdsii-klayout.log}"

Sun Jun 07 08:36:14 +0000 2026 - Executing "{klayout -b -r /nix/store/xpc7xd67rslanlqh566s6jph53bn830w-openlane1-1.1.1/bin/scripts/klayout/xor.drc -rd a=/design/runs/full_run/results/signoff/top.gds -rd b=/design/runs/full_run/results/signoff/top.klayout.gds -rd jobs=1 -rd rdb_out=/design/runs/full_run/reports/signoff/37-xor.xml -rd ignore=81/14 -rd rpt_out=/design/runs/full_run/reports/signoff/37-xor.rpt |& tee /dev/null /design/runs/full_run/logs/signoff/37-xor.log}"

Sun Jun 07 08:36:19 +0000 2026 - Executing "magic -noconsole -dnull -rcfile /root/.volare/volare/sky130/versions/bdc9412b3e468c102d01b7cf6337be06ec6e9c9a/sky130A/libs.tech/magic/sky130A.magicrc < /nix/store/xpc7xd67rslanlqh566s6jph53bn830w-openlane1-1.1.1/bin/scripts/magic/wrapper.tcl |& tee /dev/null /design/runs/full_run/logs/signoff/38-spice.log"

Sun Jun 07 08:36:19 +0000 2026 - Executing "{magic -noconsole -dnull -rcfile /root/.volare/volare/sky130/versions/bdc9412b3e468c102d01b7cf6337be06ec6e9c9a/sky130A/libs.tech/magic/sky130A.magicrc < /nix/store/xpc7xd67rslanlqh566s6jph53bn830w-openlane1-1.1.1/bin/scripts/magic/wrapper.tcl |& tee /dev/null /design/runs/full_run/logs/signoff/38-spice.log}"

Sun Jun 07 08:36:30 +0000 2026 - Executing "{openroad -exit -no_init -python /nix/store/xpc7xd67rslanlqh566s6jph53bn830w-openlane1-1.1.1/bin/scripts/odbpy/power_utils.py write_powered_def --output /design/runs/full_run/tmp/signoff/38-top.p.def --input-lef /design/runs/full_run/tmp/merged.nom.lef --power-port VPWR --ground-port VGND --powered-netlist {} /design/runs/full_run/results/routing/top.def |& tee /dev/null /design/runs/full_run/logs/signoff/39-write_powered_def.log}"

Sun Jun 07 08:36:32 +0000 2026 - Executing "openroad -exit /nix/store/xpc7xd67rslanlqh566s6jph53bn830w-openlane1-1.1.1/bin/scripts/openroad/write_views.tcl |& tee /dev/null /design/runs/full_run/logs/signoff/39-write_powered_verilog.log"

Sun Jun 07 08:36:32 +0000 2026 - Executing "{openroad -exit /nix/store/xpc7xd67rslanlqh566s6jph53bn830w-openlane1-1.1.1/bin/scripts/openroad/write_views.tcl |& tee /dev/null /design/runs/full_run/logs/signoff/39-write_powered_verilog.log}"

Sun Jun 07 08:36:33 +0000 2026 - Executing "{sed -i.bak -e {s/\(set ::env(CURRENT_NETLIST)\).*/\1 \/design\/runs\/full_run\/tmp\/signoff\/38-top.nl.v/} /design/runs/full_run/config.tcl}"

Sun Jun 07 08:36:34 +0000 2026 - Executing "{netgen -batch source /design/runs/full_run/tmp/signoff/41-setup_file.lef.lvs |& tee /dev/null /design/runs/full_run/logs/signoff/41-lvs.lef.log}"

Sun Jun 07 08:36:36 +0000 2026 - Executing "magic -noconsole -dnull -rcfile /root/.volare/volare/sky130/versions/bdc9412b3e468c102d01b7cf6337be06ec6e9c9a/sky130A/libs.tech/magic/sky130A.magicrc < /nix/store/xpc7xd67rslanlqh566s6jph53bn830w-openlane1-1.1.1/bin/scripts/magic/wrapper.tcl |& tee /dev/null /design/runs/full_run/logs/signoff/42-drc.log"

Sun Jun 07 08:36:36 +0000 2026 - Executing "{magic -noconsole -dnull -rcfile /root/.volare/volare/sky130/versions/bdc9412b3e468c102d01b7cf6337be06ec6e9c9a/sky130A/libs.tech/magic/sky130A.magicrc < /nix/store/xpc7xd67rslanlqh566s6jph53bn830w-openlane1-1.1.1/bin/scripts/magic/wrapper.tcl |& tee /dev/null /design/runs/full_run/logs/signoff/42-drc.log}"

Sun Jun 07 08:36:51 +0000 2026 - Executing "{python3 /nix/store/xpc7xd67rslanlqh566s6jph53bn830w-openlane1-1.1.1/bin/scripts/drc_rosetta.py magic to_tcl -o /design/runs/full_run/reports/signoff/drc.tcl /design/runs/full_run/reports/signoff/drc.rpt}"

Sun Jun 07 08:36:51 +0000 2026 - Executing "{python3 /nix/store/xpc7xd67rslanlqh566s6jph53bn830w-openlane1-1.1.1/bin/scripts/drc_rosetta.py magic to_tr -o /design/runs/full_run/reports/signoff/drc.tr /design/runs/full_run/reports/signoff/drc.rpt}"

Sun Jun 07 08:36:51 +0000 2026 - Executing "{python3 /nix/store/xpc7xd67rslanlqh566s6jph53bn830w-openlane1-1.1.1/bin/scripts/drc_rosetta.py tr to_klayout -o /design/runs/full_run/reports/signoff/drc.klayout.xml --design-name top /design/runs/full_run/reports/signoff/drc.tr}"

Sun Jun 07 08:36:51 +0000 2026 - Executing "{python3 /nix/store/xpc7xd67rslanlqh566s6jph53bn830w-openlane1-1.1.1/bin/scripts/drc_rosetta.py magic to_rdb -o /design/runs/full_run/reports/signoff/drc.rdb /design/runs/full_run/reports/signoff/drc.rpt}"

Sun Jun 07 08:36:52 +0000 2026 - Executing "{klayout -b -zz -r /root/.volare/volare/sky130/versions/bdc9412b3e468c102d01b7cf6337be06ec6e9c9a/sky130A/libs.tech/klayout/drc/sky130A_mr.drc -rd topcell=top -rd input=/design/runs/full_run/results/signoff/top.gds -rd report=/design/runs/full_run/reports/signoff/violations.xml -rd feol=true -rd beol=true -rd floating_metal=false -rd seal=true -rd thread=1 |& tee /dev/null /design/runs/full_run/logs/signoff/43-drc-klayout.log}"

Sun Jun 07 08:37:09 +0000 2026 - Executing "{python3 /nix/store/xpc7xd67rslanlqh566s6jph53bn830w-openlane1-1.1.1/bin/scripts/klayout/xml_drc_report_to_json.py --xml-file /design/runs/full_run/reports/signoff/violations.xml --json-file /design/runs/full_run/reports/signoff/violations.json}"

Sun Jun 07 08:37:09 +0000 2026 - Executing "openroad -exit /nix/store/xpc7xd67rslanlqh566s6jph53bn830w-openlane1-1.1.1/bin/scripts/openroad/antenna_check.tcl |& tee /dev/null /design/runs/full_run/logs/signoff/44-arc.log"

Sun Jun 07 08:37:09 +0000 2026 - Executing "{openroad -exit /nix/store/xpc7xd67rslanlqh566s6jph53bn830w-openlane1-1.1.1/bin/scripts/openroad/antenna_check.tcl |& tee /dev/null /design/runs/full_run/logs/signoff/44-arc.log}"

Sun Jun 07 08:37:10 +0000 2026 - Executing "{python3 /nix/store/xpc7xd67rslanlqh566s6jph53bn830w-openlane1-1.1.1/bin/scripts/extract_antenna_violators.py --output /design/runs/full_run/reports/signoff/44-antenna_violators.rpt --plain-out /design/runs/full_run/reports/signoff/44-antenna_violators_pins.txt /design/runs/full_run/logs/signoff/44-arc.log}"

Sun Jun 07 08:37:20 +0000 2026 - Executing "{python3 /nix/store/xpc7xd67rslanlqh566s6jph53bn830w-openlane1-1.1.1/bin/scripts/write_runtime.py --conclude --seconds --time-in 1780821440 {flow completed}}"

Sun Jun 07 08:37:28 +0000 2026 - Executing "{python3 /nix/store/xpc7xd67rslanlqh566s6jph53bn830w-openlane1-1.1.1/bin/scripts/generate_reports.py -d /design --design_name top --tag full_run --output_file /design/runs/full_run/reports/metrics.csv --man_report /design/runs/full_run/reports/manufacturability.rpt --run_path /design/runs/full_run}"

Sun Jun 07 08:38:01 +0000 2026 - Executing "{python3 /nix/store/xpc7xd67rslanlqh566s6jph53bn830w-openlane1-1.1.1/bin/scripts/write_runtime.py --conclude --seconds --time-in 1780821481 {flow failed}}"

Sun Jun 07 08:38:12 +0000 2026 - Executing "{python3 /nix/store/xpc7xd67rslanlqh566s6jph53bn830w-openlane1-1.1.1/bin/scripts/generate_reports.py -d /design --design_name top --tag full_run --output_file /design/runs/full_run/reports/metrics.csv --man_report /design/runs/full_run/reports/manufacturability.rpt --run_path /design/runs/full_run}"

