
===========================================================================
report_checks -unconstrained
===========================================================================
======================= Typical Corner ===================================

Startpoint: s_tdata[5] (input port clocked by clk)
Endpoint: _6224_ (rising edge-triggered flip-flop clocked by clk)
Path Group: clk
Path Type: max

Fanout     Cap    Slew   Delay    Time   Description
-----------------------------------------------------------------------------
                          0.00    0.00   clock clk (rise edge)
                          0.00    0.00   clock network delay (propagated)
                          0.80    0.80 v input external delay
     1    0.00    0.01    0.00    0.80 v s_tdata[5] (in)
                                         s_tdata[5] (net)
                  0.01    0.00    0.80 v input22/A (sky130_fd_sc_hd__dlymetal6s2s_1)
     4    0.01    0.07    0.16    0.96 v input22/X (sky130_fd_sc_hd__dlymetal6s2s_1)
                                         net22 (net)
                  0.07    0.00    0.96 v _3971_/A (sky130_fd_sc_hd__buf_6)
    10    0.03    0.04    0.15    1.11 v _3971_/X (sky130_fd_sc_hd__buf_6)
                                         _0556_ (net)
                  0.04    0.00    1.11 v _3972_/A (sky130_fd_sc_hd__buf_6)
    10    0.03    0.04    0.13    1.24 v _3972_/X (sky130_fd_sc_hd__buf_6)
                                         _0557_ (net)
                  0.04    0.00    1.24 v _4879_/A2 (sky130_fd_sc_hd__a22o_1)
     2    0.00    0.05    0.24    1.48 v _4879_/X (sky130_fd_sc_hd__a22o_1)
                                         _1449_ (net)
                  0.05    0.00    1.48 v _4881_/A2 (sky130_fd_sc_hd__a21bo_1)
     2    0.00    0.04    0.20    1.69 v _4881_/X (sky130_fd_sc_hd__a21bo_1)
                                         _1451_ (net)
                  0.04    0.00    1.69 v _4883_/A2 (sky130_fd_sc_hd__a21o_1)
     3    0.01    0.05    0.20    1.89 v _4883_/X (sky130_fd_sc_hd__a21o_1)
                                         _1453_ (net)
                  0.05    0.00    1.89 v _4885_/A2 (sky130_fd_sc_hd__a21o_1)
     2    0.00    0.04    0.19    2.08 v _4885_/X (sky130_fd_sc_hd__a21o_1)
                                         _1455_ (net)
                  0.04    0.00    2.08 v _4887_/A2 (sky130_fd_sc_hd__a21o_1)
     2    0.01    0.07    0.22    2.30 v _4887_/X (sky130_fd_sc_hd__a21o_1)
                                         _1457_ (net)
                  0.07    0.00    2.30 v _4889_/A2 (sky130_fd_sc_hd__a21o_1)
     2    0.00    0.04    0.19    2.49 v _4889_/X (sky130_fd_sc_hd__a21o_1)
                                         _1459_ (net)
                  0.04    0.00    2.49 v _4890_/C (sky130_fd_sc_hd__and3_1)
     3    0.01    0.05    0.20    2.69 v _4890_/X (sky130_fd_sc_hd__and3_1)
                                         _1460_ (net)
                  0.05    0.00    2.69 v _4892_/B (sky130_fd_sc_hd__or3_4)
     2    0.00    0.06    0.38    3.06 v _4892_/X (sky130_fd_sc_hd__or3_4)
                                         _1462_ (net)
                  0.06    0.00    3.06 v _4894_/A (sky130_fd_sc_hd__and3_1)
     2    0.00    0.04    0.16    3.22 v _4894_/X (sky130_fd_sc_hd__and3_1)
                                         _1464_ (net)
                  0.04    0.00    3.22 v _4896_/C (sky130_fd_sc_hd__or3_4)
     5    0.01    0.08    0.36    3.59 v _4896_/X (sky130_fd_sc_hd__or3_4)
                                         _1466_ (net)
                  0.08    0.00    3.59 v _4898_/A (sky130_fd_sc_hd__and3_1)
     2    0.00    0.04    0.17    3.76 v _4898_/X (sky130_fd_sc_hd__and3_1)
                                         _1468_ (net)
                  0.04    0.00    3.76 v _4901_/A2 (sky130_fd_sc_hd__o211a_1)
     2    0.01    0.07    0.24    4.00 v _4901_/X (sky130_fd_sc_hd__o211a_1)
                                         _1471_ (net)
                  0.07    0.00    4.00 v _4902_/B1 (sky130_fd_sc_hd__a211o_4)
     4    0.02    0.08    0.37    4.36 v _4902_/X (sky130_fd_sc_hd__a211o_4)
                                         _1472_ (net)
                  0.08    0.00    4.36 v _4981_/C1 (sky130_fd_sc_hd__o211a_4)
     2    0.00    0.04    0.15    4.52 v _4981_/X (sky130_fd_sc_hd__o211a_4)
                                         _1550_ (net)
                  0.04    0.00    4.52 v _4982_/C (sky130_fd_sc_hd__or3_4)
     3    0.01    0.07    0.34    4.86 v _4982_/X (sky130_fd_sc_hd__or3_4)
                                         _1551_ (net)
                  0.07    0.00    4.86 v _5061_/B (sky130_fd_sc_hd__and2b_1)
     2    0.01    0.06    0.20    5.06 v _5061_/X (sky130_fd_sc_hd__and2b_1)
                                         _1629_ (net)
                  0.06    0.00    5.06 v _5062_/A (sky130_fd_sc_hd__xnor2_2)
     3    0.01    0.06    0.15    5.21 v _5062_/Y (sky130_fd_sc_hd__xnor2_2)
                                         _1630_ (net)
                  0.06    0.00    5.21 v _5140_/A (sky130_fd_sc_hd__or2b_4)
     2    0.00    0.05    0.26    5.47 v _5140_/X (sky130_fd_sc_hd__or2b_4)
                                         _1706_ (net)
                  0.05    0.00    5.47 v _5142_/A (sky130_fd_sc_hd__or4_4)
     2    0.00    0.08    0.55    6.02 v _5142_/X (sky130_fd_sc_hd__or4_4)
                                         _1708_ (net)
                  0.08    0.00    6.02 v _5475_/A1 (sky130_fd_sc_hd__a311o_1)
     2    0.00    0.06    0.29    6.31 v _5475_/X (sky130_fd_sc_hd__a311o_1)
                                         _2037_ (net)
                  0.06    0.00    6.31 v _5556_/A1 (sky130_fd_sc_hd__a21o_1)
     5    0.01    0.07    0.20    6.51 v _5556_/X (sky130_fd_sc_hd__a21o_1)
                                         _2118_ (net)
                  0.07    0.00    6.51 v _5690_/A1 (sky130_fd_sc_hd__a311o_1)
     2    0.00    0.06    0.29    6.80 v _5690_/X (sky130_fd_sc_hd__a311o_1)
                                         _2249_ (net)
                  0.06    0.00    6.80 v _5741_/A1 (sky130_fd_sc_hd__a31o_1)
     1    0.00    0.04    0.18    6.98 v _5741_/X (sky130_fd_sc_hd__a31o_1)
                                         _2300_ (net)
                  0.04    0.00    6.98 v _5742_/B2 (sky130_fd_sc_hd__o221a_1)
     1    0.00    0.04    0.20    7.18 v _5742_/X (sky130_fd_sc_hd__o221a_1)
                                         _0137_ (net)
                  0.04    0.00    7.18 v _6224_/D (sky130_fd_sc_hd__dfxtp_2)
                                  7.18   data arrival time

                          4.00    4.00   clock clk (rise edge)
                          0.00    4.00   clock source latency
     1    0.01    0.04    0.03    4.03 ^ clk (in)
                                         clk (net)
                  0.04    0.00    4.03 ^ clkbuf_0_clk/A (sky130_fd_sc_hd__clkbuf_16)
     2    0.02    0.04    0.11    4.14 ^ clkbuf_0_clk/X (sky130_fd_sc_hd__clkbuf_16)
                                         clknet_0_clk (net)
                  0.04    0.00    4.14 ^ clkbuf_1_1__f_clk/A (sky130_fd_sc_hd__clkbuf_16)
    12    0.05    0.07    0.14    4.28 ^ clkbuf_1_1__f_clk/X (sky130_fd_sc_hd__clkbuf_16)
                                         clknet_1_1__leaf_clk (net)
                  0.07    0.00    4.28 ^ clkbuf_leaf_12_clk/A (sky130_fd_sc_hd__clkbuf_8)
    11    0.03    0.06    0.14    4.42 ^ clkbuf_leaf_12_clk/X (sky130_fd_sc_hd__clkbuf_8)
                                         clknet_leaf_12_clk (net)
                  0.06    0.00    4.42 ^ _6224_/CLK (sky130_fd_sc_hd__dfxtp_2)
                         -0.25    4.17   clock uncertainty
                          0.00    4.17   clock reconvergence pessimism
                         -0.11    4.07   library setup time
                                  4.07   data required time
-----------------------------------------------------------------------------
                                  4.07   data required time
                                 -7.18   data arrival time
-----------------------------------------------------------------------------
                                 -3.11   slack (VIOLATED)




===========================================================================
report_checks --slack_max -0.01
============================================================================
======================= Typical Corner ===================================

Startpoint: s_tdata[5] (input port clocked by clk)
Endpoint: _6224_ (rising edge-triggered flip-flop clocked by clk)
Path Group: clk
Path Type: max

Fanout     Cap    Slew   Delay    Time   Description
-----------------------------------------------------------------------------
                          0.00    0.00   clock clk (rise edge)
                          0.00    0.00   clock network delay (propagated)
                          0.80    0.80 v input external delay
     1    0.00    0.01    0.00    0.80 v s_tdata[5] (in)
                                         s_tdata[5] (net)
                  0.01    0.00    0.80 v input22/A (sky130_fd_sc_hd__dlymetal6s2s_1)
     4    0.01    0.07    0.16    0.96 v input22/X (sky130_fd_sc_hd__dlymetal6s2s_1)
                                         net22 (net)
                  0.07    0.00    0.96 v _3971_/A (sky130_fd_sc_hd__buf_6)
    10    0.03    0.04    0.15    1.11 v _3971_/X (sky130_fd_sc_hd__buf_6)
                                         _0556_ (net)
                  0.04    0.00    1.11 v _3972_/A (sky130_fd_sc_hd__buf_6)
    10    0.03    0.04    0.13    1.24 v _3972_/X (sky130_fd_sc_hd__buf_6)
                                         _0557_ (net)
                  0.04    0.00    1.24 v _4879_/A2 (sky130_fd_sc_hd__a22o_1)
     2    0.00    0.05    0.24    1.48 v _4879_/X (sky130_fd_sc_hd__a22o_1)
                                         _1449_ (net)
                  0.05    0.00    1.48 v _4881_/A2 (sky130_fd_sc_hd__a21bo_1)
     2    0.00    0.04    0.20    1.69 v _4881_/X (sky130_fd_sc_hd__a21bo_1)
                                         _1451_ (net)
                  0.04    0.00    1.69 v _4883_/A2 (sky130_fd_sc_hd__a21o_1)
     3    0.01    0.05    0.20    1.89 v _4883_/X (sky130_fd_sc_hd__a21o_1)
                                         _1453_ (net)
                  0.05    0.00    1.89 v _4885_/A2 (sky130_fd_sc_hd__a21o_1)
     2    0.00    0.04    0.19    2.08 v _4885_/X (sky130_fd_sc_hd__a21o_1)
                                         _1455_ (net)
                  0.04    0.00    2.08 v _4887_/A2 (sky130_fd_sc_hd__a21o_1)
     2    0.01    0.07    0.22    2.30 v _4887_/X (sky130_fd_sc_hd__a21o_1)
                                         _1457_ (net)
                  0.07    0.00    2.30 v _4889_/A2 (sky130_fd_sc_hd__a21o_1)
     2    0.00    0.04    0.19    2.49 v _4889_/X (sky130_fd_sc_hd__a21o_1)
                                         _1459_ (net)
                  0.04    0.00    2.49 v _4890_/C (sky130_fd_sc_hd__and3_1)
     3    0.01    0.05    0.20    2.69 v _4890_/X (sky130_fd_sc_hd__and3_1)
                                         _1460_ (net)
                  0.05    0.00    2.69 v _4892_/B (sky130_fd_sc_hd__or3_4)
     2    0.00    0.06    0.38    3.06 v _4892_/X (sky130_fd_sc_hd__or3_4)
                                         _1462_ (net)
                  0.06    0.00    3.06 v _4894_/A (sky130_fd_sc_hd__and3_1)
     2    0.00    0.04    0.16    3.22 v _4894_/X (sky130_fd_sc_hd__and3_1)
                                         _1464_ (net)
                  0.04    0.00    3.22 v _4896_/C (sky130_fd_sc_hd__or3_4)
     5    0.01    0.08    0.36    3.59 v _4896_/X (sky130_fd_sc_hd__or3_4)
                                         _1466_ (net)
                  0.08    0.00    3.59 v _4898_/A (sky130_fd_sc_hd__and3_1)
     2    0.00    0.04    0.17    3.76 v _4898_/X (sky130_fd_sc_hd__and3_1)
                                         _1468_ (net)
                  0.04    0.00    3.76 v _4901_/A2 (sky130_fd_sc_hd__o211a_1)
     2    0.01    0.07    0.24    4.00 v _4901_/X (sky130_fd_sc_hd__o211a_1)
                                         _1471_ (net)
                  0.07    0.00    4.00 v _4902_/B1 (sky130_fd_sc_hd__a211o_4)
     4    0.02    0.08    0.37    4.36 v _4902_/X (sky130_fd_sc_hd__a211o_4)
                                         _1472_ (net)
                  0.08    0.00    4.36 v _4981_/C1 (sky130_fd_sc_hd__o211a_4)
     2    0.00    0.04    0.15    4.52 v _4981_/X (sky130_fd_sc_hd__o211a_4)
                                         _1550_ (net)
                  0.04    0.00    4.52 v _4982_/C (sky130_fd_sc_hd__or3_4)
     3    0.01    0.07    0.34    4.86 v _4982_/X (sky130_fd_sc_hd__or3_4)
                                         _1551_ (net)
                  0.07    0.00    4.86 v _5061_/B (sky130_fd_sc_hd__and2b_1)
     2    0.01    0.06    0.20    5.06 v _5061_/X (sky130_fd_sc_hd__and2b_1)
                                         _1629_ (net)
                  0.06    0.00    5.06 v _5062_/A (sky130_fd_sc_hd__xnor2_2)
     3    0.01    0.06    0.15    5.21 v _5062_/Y (sky130_fd_sc_hd__xnor2_2)
                                         _1630_ (net)
                  0.06    0.00    5.21 v _5140_/A (sky130_fd_sc_hd__or2b_4)
     2    0.00    0.05    0.26    5.47 v _5140_/X (sky130_fd_sc_hd__or2b_4)
                                         _1706_ (net)
                  0.05    0.00    5.47 v _5142_/A (sky130_fd_sc_hd__or4_4)
     2    0.00    0.08    0.55    6.02 v _5142_/X (sky130_fd_sc_hd__or4_4)
                                         _1708_ (net)
                  0.08    0.00    6.02 v _5475_/A1 (sky130_fd_sc_hd__a311o_1)
     2    0.00    0.06    0.29    6.31 v _5475_/X (sky130_fd_sc_hd__a311o_1)
                                         _2037_ (net)
                  0.06    0.00    6.31 v _5556_/A1 (sky130_fd_sc_hd__a21o_1)
     5    0.01    0.07    0.20    6.51 v _5556_/X (sky130_fd_sc_hd__a21o_1)
                                         _2118_ (net)
                  0.07    0.00    6.51 v _5690_/A1 (sky130_fd_sc_hd__a311o_1)
     2    0.00    0.06    0.29    6.80 v _5690_/X (sky130_fd_sc_hd__a311o_1)
                                         _2249_ (net)
                  0.06    0.00    6.80 v _5741_/A1 (sky130_fd_sc_hd__a31o_1)
     1    0.00    0.04    0.18    6.98 v _5741_/X (sky130_fd_sc_hd__a31o_1)
                                         _2300_ (net)
                  0.04    0.00    6.98 v _5742_/B2 (sky130_fd_sc_hd__o221a_1)
     1    0.00    0.04    0.20    7.18 v _5742_/X (sky130_fd_sc_hd__o221a_1)
                                         _0137_ (net)
                  0.04    0.00    7.18 v _6224_/D (sky130_fd_sc_hd__dfxtp_2)
                                  7.18   data arrival time

                          4.00    4.00   clock clk (rise edge)
                          0.00    4.00   clock source latency
     1    0.01    0.04    0.03    4.03 ^ clk (in)
                                         clk (net)
                  0.04    0.00    4.03 ^ clkbuf_0_clk/A (sky130_fd_sc_hd__clkbuf_16)
     2    0.02    0.04    0.11    4.14 ^ clkbuf_0_clk/X (sky130_fd_sc_hd__clkbuf_16)
                                         clknet_0_clk (net)
                  0.04    0.00    4.14 ^ clkbuf_1_1__f_clk/A (sky130_fd_sc_hd__clkbuf_16)
    12    0.05    0.07    0.14    4.28 ^ clkbuf_1_1__f_clk/X (sky130_fd_sc_hd__clkbuf_16)
                                         clknet_1_1__leaf_clk (net)
                  0.07    0.00    4.28 ^ clkbuf_leaf_12_clk/A (sky130_fd_sc_hd__clkbuf_8)
    11    0.03    0.06    0.14    4.42 ^ clkbuf_leaf_12_clk/X (sky130_fd_sc_hd__clkbuf_8)
                                         clknet_leaf_12_clk (net)
                  0.06    0.00    4.42 ^ _6224_/CLK (sky130_fd_sc_hd__dfxtp_2)
                         -0.25    4.17   clock uncertainty
                          0.00    4.17   clock reconvergence pessimism
                         -0.11    4.07   library setup time
                                  4.07   data required time
-----------------------------------------------------------------------------
                                  4.07   data required time
                                 -7.18   data arrival time
-----------------------------------------------------------------------------
                                 -3.11   slack (VIOLATED)




===========================================================================
 report_check_types -max_slew -max_cap -max_fanout -violators
============================================================================
======================= Typical Corner ===================================

max fanout

Pin                                   Limit Fanout  Slack
---------------------------------------------------------
clkbuf_leaf_4_clk/X                      10     16     -6 (VIOLATED)
clkbuf_leaf_15_clk/X                     10     14     -4 (VIOLATED)
clkbuf_leaf_18_clk/X                     10     14     -4 (VIOLATED)
clkbuf_leaf_19_clk/X                     10     13     -3 (VIOLATED)
clkbuf_1_0__f_clk/X                      10     12     -2 (VIOLATED)
clkbuf_1_1__f_clk/X                      10     12     -2 (VIOLATED)
clkbuf_leaf_13_clk/X                     10     12     -2 (VIOLATED)
clkbuf_leaf_16_clk/X                     10     12     -2 (VIOLATED)
clkbuf_leaf_2_clk/X                      10     12     -2 (VIOLATED)
clkbuf_leaf_0_clk/X                      10     11        (VIOLATED)
clkbuf_leaf_11_clk/X                     10     11        (VIOLATED)
clkbuf_leaf_12_clk/X                     10     11        (VIOLATED)
clkbuf_leaf_20_clk/X                     10     11        (VIOLATED)
clkbuf_leaf_22_clk/X                     10     11        (VIOLATED)


max slew violations count Typical: 0
max fanout violations count Typical: 14
max cap violations count Typical: 0

===========================================================================
report_parasitic_annotation -report_unannotated
============================================================================
Found 3549 unannotated drivers.
 clk
 m_tready
 rst
 s_tdata[0]
 s_tdata[10]
 s_tdata[11]
 s_tdata[12]
 s_tdata[13]
 s_tdata[14]
 s_tdata[15]
 s_tdata[16]
 s_tdata[17]
 s_tdata[18]
 s_tdata[19]
 s_tdata[1]
 s_tdata[20]
 s_tdata[21]
 s_tdata[22]
 s_tdata[23]
 s_tdata[2]
 s_tdata[3]
 s_tdata[4]
 s_tdata[5]
 s_tdata[6]
 s_tdata[7]
 s_tdata[8]
 s_tdata[9]
 s_tlast
 s_tvalid
 _3043_/Y
 _3044_/X
 _3045_/X
 _3046_/X
 _3047_/X
 _3048_/Y
 _3049_/X
 _3050_/Y
 _3051_/X
 _3052_/X
 _3053_/X
 _3054_/Y
 _3055_/X
 _3056_/Y
 _3057_/X
 _3058_/Y
 _3059_/X
 _3060_/Y
 _3061_/X
 _3062_/Y
 _3063_/X
 _3064_/Y
 _3065_/X
 _3066_/Y
 _3067_/X
 _3068_/Y
 _3069_/X
 _3070_/Y
 _3071_/X
 _3072_/Y
 _3073_/X
 _3074_/Y
 _3075_/X
 _3076_/Y
 _3077_/X
 _3078_/Y
 _3079_/Y
 _3080_/X
 _3081_/Y
 _3082_/X
 _3083_/X
 _3084_/X
 _3085_/Y
 _3086_/X
 _3087_/X
 _3088_/Y
 _3089_/X
 _3090_/Y
 _3091_/X
 _3092_/Y
 _3093_/X
 _3094_/X
 _3095_/Y
 _3096_/X
 _3097_/Y
 _3098_/X
 _3099_/Y
 _3100_/X
 _3101_/Y
 _3102_/X
 _3103_/Y
 _3104_/X
 _3105_/Y
 _3106_/X
 _3107_/Y
 _3108_/X
 _3109_/Y
 _3110_/X
 _3111_/Y
 _3112_/X
 _3113_/Y
 _3114_/X
 _3115_/Y
 _3116_/X
 _3117_/Y
 _3118_/X
 _3119_/Y
 _3120_/X
 _3121_/Y
 _3122_/X
 _3123_/Y
 _3124_/X
 _3125_/Y
 _3126_/X
 _3127_/X
 _3128_/Y
 _3129_/X
 _3130_/Y
 _3131_/X
 _3132_/Y
 _3133_/X
 _3134_/Y
 _3135_/X
 _3136_/Y
 _3137_/X
 _3138_/Y
 _3139_/Y
 _3140_/X
 _3141_/Y
 _3142_/X
 _3143_/Y
 _3144_/X
 _3145_/Y
 _3146_/Y
 _3147_/X
 _3148_/Y
 _3149_/X
 _3150_/Y
 _3151_/X
 _3152_/Y
 _3153_/Y
 _3154_/X
 _3155_/Y
 _3156_/Y
 _3157_/X
 _3158_/Y
 _3159_/Y
 _3160_/X
 _3161_/Y
 _3162_/X
 _3163_/X
 _3164_/X
 _3165_/X
 _3166_/X
 _3167_/X
 _3168_/X
 _3169_/X
 _3170_/X
 _3171_/X
 _3172_/X
 _3173_/X
 _3174_/X
 _3175_/X
 _3176_/X
 _3177_/X
 _3178_/X
 _3179_/X
 _3180_/X
 _3181_/X
 _3182_/X
 _3183_/X
 _3184_/X
 _3185_/X
 _3186_/X
 _3187_/X
 _3188_/X
 _3189_/X
 _3190_/X
 _3191_/X
 _3192_/X
 _3193_/X
 _3194_/X
 _3195_/X
 _3196_/X
 _3197_/X
 _3198_/X
 _3199_/X
 _3200_/X
 _3201_/X
 _3202_/X
 _3203_/X
 _3204_/X
 _3205_/X
 _3206_/X
 _3207_/X
 _3208_/X
 _3209_/X
 _3210_/X
 _3211_/X
 _3212_/X
 _3213_/X
 _3214_/X
 _3215_/X
 _3216_/X
 _3217_/X
 _3218_/X
 _3219_/X
 _3220_/X
 _3221_/X
 _3222_/X
 _3223_/X
 _3224_/X
 _3225_/X
 _3226_/X
 _3227_/X
 _3228_/X
 _3229_/X
 _3230_/X
 _3231_/X
 _3232_/X
 _3233_/X
 _3234_/X
 _3235_/X
 _3236_/X
 _3237_/X
 _3238_/X
 _3239_/X
 _3240_/X
 _3241_/X
 _3242_/X
 _3243_/X
 _3244_/X
 _3245_/X
 _3246_/X
 _3247_/X
 _3248_/X
 _3249_/X
 _3250_/X
 _3251_/X
 _3252_/X
 _3253_/X
 _3254_/X
 _3255_/X
 _3256_/X
 _3257_/X
 _3258_/Y
 _3259_/X
 _3260_/Y
 _3261_/Y
 _3262_/X
 _3263_/Y
 _3264_/X
 _3265_/X
 _3266_/X
 _3267_/X
 _3268_/Y
 _3269_/X
 _3270_/Y
 _3271_/X
 _3272_/X
 _3273_/X
 _3274_/Y
 _3275_/X
 _3276_/X
 _3277_/Y
 _3278_/Y
 _3279_/Y
 _3280_/X
 _3281_/X
 _3282_/X
 _3283_/X
 _3284_/Y
 _3285_/X
 _3286_/Y
 _3287_/X
 _3288_/X
 _3289_/Y
 _3290_/X
 _3291_/Y
 _3292_/X
 _3293_/X
 _3294_/Y
 _3295_/X
 _3296_/X
 _3297_/X
 _3298_/X
 _3299_/Y
 _3300_/Y
 _3301_/X
 _3302_/Y
 _3303_/X
 _3304_/Y
 _3305_/X
 _3306_/X
 _3307_/X
 _3308_/X
 _3309_/Y
 _3310_/X
 _3311_/X
 _3312_/X
 _3313_/Y
 _3314_/X
 _3315_/X
 _3316_/X
 _3317_/Y
 _3318_/X
 _3319_/X
 _3320_/Y
 _3321_/X
 _3322_/X
 _3323_/X
 _3324_/Y
 _3325_/X
 _3326_/X
 _3327_/X
 _3328_/X
 _3329_/Y
 _3330_/X
 _3331_/Y
 _3332_/X
 _3333_/Y
 _3334_/X
 _3335_/Y
 _3336_/Y
 _3337_/X
 _3338_/Y
 _3339_/X
 _3340_/X
 _3341_/Y
 _3342_/Y
 _3343_/X
 _3344_/Y
 _3345_/Y
 _3346_/X
 _3347_/Y
 _3348_/Y
 _3349_/X
 _3350_/Y
 _3351_/X
 _3352_/X
 _3353_/Y
 _3354_/X
 _3355_/X
 _3356_/X
 _3357_/Y
 _3358_/Y
 _3359_/Y
 _3360_/X
 _3361_/Y
 _3362_/Y
 _3363_/X
 _3364_/Y
 _3365_/X
 _3366_/X
 _3367_/Y
 _3368_/X
 _3369_/Y
 _3370_/Y
 _3371_/X
 _3372_/X
 _3373_/X
 _3374_/X
 _3375_/Y
 _3376_/Y
 _3377_/X
 _3378_/X
 _3379_/Y
 _3380_/Y
 _3381_/Y
 _3382_/X
 _3383_/X
 _3384_/Y
 _3385_/X
 _3386_/Y
 _3387_/Y
 _3388_/X
 _3389_/X
 _3390_/X
 _3391_/Y
 _3392_/X
 _3393_/Y
 _3394_/Y
 _3395_/X
 _3396_/Y
 _3397_/X
 _3398_/X
 _3399_/Y
 _3400_/X
 _3401_/X
 _3402_/X
 _3403_/Y
 _3404_/X
 _3405_/Y
 _3406_/Y
 _3407_/X
 _3408_/X
 _3409_/X
 _3410_/Y
 _3411_/X
 _3412_/X
 _3413_/X
 _3414_/Y
 _3415_/X
 _3416_/X
 _3417_/Y
 _3418_/X
 _3419_/Y
 _3420_/X
 _3421_/X
 _3422_/Y
 _3423_/X
 _3424_/X
 _3425_/X
 _3426_/X
 _3427_/Y
 _3428_/X
 _3429_/X
 _3430_/X
 _3431_/X
 _3432_/X
 _3433_/X
 _3434_/Y
 _3435_/X
 _3436_/Y
 _3437_/X
 _3438_/X
 _3439_/X
 _3440_/X
 _3441_/X
 _3442_/X
 _3443_/Y
 _3444_/X
 _3445_/X
 _3446_/X
 _3447_/X
 _3448_/Y
 _3449_/Y
 _3450_/Y
 _3451_/Y
 _3452_/X
 _3453_/X
 _3454_/X
 _3455_/Y
 _3456_/X
 _3457_/Y
 _3458_/X
 _3459_/X
 _3460_/X
 _3461_/Y
 _3462_/X
 _3463_/Y
 _3464_/X
 _3465_/X
 _3466_/X
 _3467_/Y
 _3468_/Y
 _3469_/Y
 _3470_/X
 _3471_/X
 _3472_/Y
 _3473_/X
 _3474_/Y
 _3475_/X
 _3476_/X
 _3477_/X
 _3478_/X
 _3479_/X
 _3480_/Y
 _3481_/X
 _3482_/Y
 _3483_/X
 _3484_/X
 _3485_/X
 _3486_/X
 _3487_/X
 _3488_/X
 _3489_/X
 _3490_/Y
 _3491_/X
 _3492_/X
 _3493_/X
 _3494_/X
 _3495_/X
 _3496_/Y
 _3497_/Y
 _3498_/X
 _3499_/X
 _3500_/X
 _3501_/Y
 _3502_/X
 _3503_/X
 _3504_/X
 _3505_/X
 _3506_/X
 _3507_/Y
 _3508_/X
 _3509_/Y
 _3510_/X
 _3511_/Y
 _3512_/X
 _3513_/X
 _3514_/Y
 _3515_/X
 _3516_/X
 _3517_/Y
 _3518_/X
 _3519_/X
 _3520_/Y
 _3521_/X
 _3522_/Y
 _3523_/X
 _3524_/X
 _3525_/Y
 _3526_/Y
 _3527_/X
 _3528_/Y
 _3529_/Y
 _3530_/X
 _3531_/Y
 _3532_/X
 _3533_/Y
 _3534_/X
 _3535_/Y
 _3536_/Y
 _3537_/Y
 _3538_/Y
 _3539_/X
 _3540_/X
 _3541_/X
 _3542_/Y
 _3543_/Y
 _3544_/Y
 _3545_/X
 _3546_/X
 _3547_/X
 _3548_/X
 _3549_/X
 _3550_/Y
 _3551_/Y
 _3552_/Y
 _3553_/X
 _3554_/Y
 _3555_/X
 _3556_/Y
 _3557_/Y
 _3558_/X
 _3559_/Y
 _3560_/Y
 _3561_/Y
 _3562_/X
 _3563_/X
 _3564_/Y
 _3565_/X
 _3566_/X
 _3567_/Y
 _3568_/X
 _3569_/Y
 _3570_/X
 _3571_/X
 _3572_/X
 _3573_/X
 _3574_/Y
 _3575_/X
 _3576_/X
 _3577_/X
 _3578_/Y
 _3579_/X
 _3580_/X
 _3581_/Y
 _3582_/Y
 _3583_/Y
 _3584_/X
 _3585_/Y
 _3586_/X
 _3587_/Y
 _3588_/X
 _3589_/X
 _3590_/Y
 _3591_/X
 _3592_/X
 _3593_/X
 _3594_/X
 _3595_/Y
 _3596_/Y
 _3597_/X
 _3598_/X
 _3599_/X
 _3600_/X
 _3601_/Y
 _3602_/X
 _3603_/Y
 _3604_/Y
 _3605_/X
 _3606_/X
 _3607_/Y
 _3608_/X
 _3609_/X
 _3610_/X
 _3611_/X
 _3612_/X
 _3613_/Y
 _3614_/X
 _3615_/X
 _3616_/X
 _3617_/Y
 _3618_/X
 _3619_/Y
 _3620_/X
 _3621_/X
 _3622_/Y
 _3623_/X
 _3624_/X
 _3625_/X
 _3626_/X
 _3627_/Y
 _3628_/X
 _3629_/X
 _3630_/Y
 _3631_/Y
 _3632_/X
 _3633_/Y
 _3634_/Y
 _3635_/Y
 _3636_/X
 _3637_/Y
 _3638_/X
 _3639_/Y
 _3640_/X
 _3641_/Y
 _3642_/Y
 _3643_/X
 _3644_/X
 _3645_/Y
 _3646_/Y
 _3647_/X
 _3648_/Y
 _3649_/X
 _3650_/X
 _3651_/X
 _3652_/Y
 _3653_/X
 _3654_/Y
 _3655_/X
 _3656_/Y
 _3657_/Y
 _3658_/Y
 _3659_/X
 _3660_/Y
 _3661_/X
 _3662_/Y
 _3663_/Y
 _3664_/X
 _3665_/X
 _3666_/X
 _3667_/X
 _3668_/X
 _3669_/Y
 _3670_/X
 _3671_/X
 _3672_/Y
 _3673_/X
 _3674_/Y
 _3675_/Y
 _3676_/Y
 _3677_/Y
 _3678_/X
 _3679_/Y
 _3680_/X
 _3681_/X
 _3682_/X
 _3683_/X
 _3684_/X
 _3685_/X
 _3686_/X
 _3687_/X
 _3688_/Y
 _3689_/X
 _3690_/X
 _3691_/X
 _3692_/X
 _3693_/Y
 _3694_/X
 _3695_/Y
 _3696_/Y
 _3697_/X
 _3698_/Y
 _3699_/Y
 _3700_/Y
 _3701_/X
 _3702_/X
 _3703_/Y
 _3704_/X
 _3705_/Y
 _3706_/X
 _3707_/Y
 _3708_/Y
 _3709_/X
 _3710_/X
 _3711_/X
 _3712_/X
 _3713_/Y
 _3714_/X
 _3715_/Y
 _3716_/X
 _3717_/Y
 _3718_/Y
 _3719_/Y
 _3720_/X
 _3721_/Y
 _3722_/X
 _3723_/Y
 _3724_/X
 _3725_/Y
 _3726_/X
 _3727_/X
 _3728_/Y
 _3729_/X
 _3730_/X
 _3731_/X
 _3732_/X
 _3733_/Y
 _3734_/Y
 _3735_/X
 _3736_/Y
 _3737_/Y
 _3738_/Y
 _3739_/X
 _3740_/X
 _3741_/X
 _3742_/X
 _3743_/Y
 _3744_/Y
 _3745_/Y
 _3746_/Y
 _3747_/X
 _3748_/X
 _3749_/Y
 _3750_/X
 _3751_/Y
 _3752_/X
 _3753_/Y
 _3754_/Y
 _3755_/Y
 _3756_/Y
 _3757_/X
 _3758_/Y
 _3759_/Y
 _3760_/X
 _3761_/X
 _3762_/Y
 _3763_/Y
 _3764_/X
 _3765_/Y
 _3766_/X
 _3767_/Y
 _3768_/Y
 _3769_/X
 _3770_/Y
 _3771_/Y
 _3772_/Y
 _3773_/X
 _3774_/Y
 _3775_/X
 _3776_/X
 _3777_/Y
 _3778_/X
 _3779_/Y
 _3780_/Y
 _3781_/Y
 _3782_/Y
 _3783_/X
 _3784_/Y
 _3785_/X
 _3786_/Y
 _3787_/X
 _3788_/Y
 _3789_/Y
 _3790_/Y
 _3791_/Y
 _3792_/X
 _3793_/Y
 _3794_/Y
 _3795_/Y
 _3796_/X
 _3797_/Y
 _3798_/Y
 _3799_/Y
 _3800_/X
 _3801_/X
 _3802_/X
 _3803_/X
 _3804_/X
 _3805_/Y
 _3806_/X
 _3807_/Y
 _3808_/X
 _3809_/Y
 _3810_/X
 _3811_/Y
 _3812_/Y
 _3813_/Y
 _3814_/X
 _3815_/X
 _3816_/X
 _3817_/X
 _3818_/X
 _3819_/Y
 _3820_/X
 _3821_/X
 _3822_/Y
 _3823_/Y
 _3824_/Y
 _3825_/Y
 _3826_/Y
 _3827_/Y
 _3828_/X
 _3829_/X
 _3830_/Y
 _3831_/X
 _3832_/X
 _3833_/Y
 _3834_/Y
 _3835_/Y
 _3836_/Y
 _3837_/Y
 _3838_/Y
 _3839_/Y
 _3840_/X
 _3841_/X
 _3842_/Y
 _3843_/X
 _3844_/Y
 _3845_/X
 _3846_/X
 _3847_/X
 _3848_/Y
 _3849_/X
 _3850_/X
 _3851_/X
 _3852_/X
 _3853_/Y
 _3854_/Y
 _3855_/X
 _3856_/Y
 _3857_/Y
 _3858_/X
 _3859_/Y
 _3860_/X
 _3861_/X
 _3862_/Y
 _3863_/X
 _3864_/Y
 _3865_/X
 _3866_/Y
 _3867_/X
 _3868_/X
 _3869_/X
 _3870_/Y
 _3871_/Y
 _3872_/Y
 _3873_/X
 _3874_/Y
 _3875_/X
 _3876_/X
 _3877_/X
 _3878_/Y
 _3879_/Y
 _3880_/Y
 _3881_/X
 _3882_/X
 _3883_/X
 _3884_/Y
 _3885_/X
 _3886_/X
 _3887_/X
 _3888_/Y
 _3889_/Y
 _3890_/Y
 _3891_/Y
 _3892_/X
 _3893_/X
 _3894_/X
 _3895_/X
 _3896_/X
 _3897_/X
 _3898_/X
 _3899_/X
 _3900_/X
 _3901_/X
 _3902_/X
 _3903_/X
 _3904_/X
 _3905_/X
 _3906_/X
 _3907_/X
 _3908_/X
 _3909_/X
 _3910_/X
 _3911_/X
 _3912_/X
 _3913_/X
 _3914_/Y
 _3915_/X
 _3916_/X
 _3917_/X
 _3918_/X
 _3919_/Y
 _3920_/X
 _3921_/X
 _3922_/X
 _3923_/Y
 _3924_/Y
 _3925_/X
 _3926_/Y
 _3927_/Y
 _3928_/X
 _3929_/X
 _3930_/X
 _3931_/X
 _3932_/X
 _3933_/Y
 _3934_/X
 _3935_/Y
 _3936_/X
 _3937_/Y
 _3938_/Y
 _3939_/X
 _3940_/X
 _3941_/Y
 _3942_/Y
 _3943_/Y
 _3944_/Y
 _3945_/X
 _3946_/Y
 _3947_/Y
 _3948_/X
 _3949_/X
 _3950_/X
 _3951_/Y
 _3952_/X
 _3953_/X
 _3954_/Y
 _3955_/X
 _3956_/X
 _3957_/Y
 _3958_/Y
 _3959_/X
 _3960_/X
 _3961_/X
 _3962_/Y
 _3963_/X
 _3964_/X
 _3965_/Y
 _3966_/Y
 _3967_/Y
 _3968_/Y
 _3969_/X
 _3970_/Y
 _3971_/X
 _3972_/X
 _3973_/X
 _3974_/X
 _3975_/Y
 _3976_/Y
 _3977_/X
 _3978_/Y
 _3979_/Y
 _3980_/X
 _3981_/Y
 _3982_/Y
 _3983_/Y
 _3984_/Y
 _3985_/X
 _3986_/X
 _3987_/X
 _3988_/X
 _3989_/X
 _3990_/Y
 _3991_/X
 _3992_/Y
 _3993_/X
 _3994_/X
 _3995_/X
 _3996_/Y
 _3997_/X
 _3998_/Y
 _3999_/X
 _4000_/X
 _4001_/X
 _4002_/X
 _4003_/X
 _4004_/Y
 _4005_/Y
 _4006_/Y
 _4007_/Y
 _4008_/X
 _4009_/Y
 _4010_/X
 _4011_/X
 _4012_/X
 _4013_/X
 _4014_/Y
 _4015_/X
 _4016_/X
 _4017_/Y
 _4018_/X
 _4019_/X
 _4020_/Y
 _4021_/X
 _4022_/X
 _4023_/Y
 _4024_/X
 _4025_/X
 _4026_/X
 _4027_/Y
 _4028_/X
 _4029_/X
 _4030_/Y
 _4031_/Y
 _4032_/X
 _4033_/Y
 _4034_/X
 _4035_/Y
 _4036_/X
 _4037_/X
 _4038_/X
 _4039_/X
 _4040_/Y
 _4041_/Y
 _4042_/X
 _4043_/X
 _4044_/Y
 _4045_/Y
 _4046_/Y
 _4047_/X
 _4048_/Y
 _4049_/X
 _4050_/X
 _4051_/X
 _4052_/Y
 _4053_/Y
 _4054_/Y
 _4055_/X
 _4056_/Y
 _4057_/Y
 _4058_/Y
 _4059_/X
 _4060_/Y
 _4061_/Y
 _4062_/Y
 _4063_/X
 _4064_/Y
 _4065_/X
 _4066_/X
 _4067_/X
 _4068_/X
 _4069_/Y
 _4070_/X
 _4071_/X
 _4072_/Y
 _4073_/Y
 _4074_/X
 _4075_/Y
 _4076_/Y
 _4077_/Y
 _4078_/X
 _4079_/Y
 _4080_/Y
 _4081_/X
 _4082_/Y
 _4083_/Y
 _4084_/Y
 _4085_/Y
 _4086_/X
 _4087_/Y
 _4088_/X
 _4089_/Y
 _4090_/Y
 _4091_/X
 _4092_/X
 _4093_/Y
 _4094_/Y
 _4095_/Y
 _4096_/X
 _4097_/X
 _4098_/Y
 _4099_/X
 _4100_/X
 _4101_/X
 _4102_/X
 _4103_/X
 _4104_/X
 _4105_/X
 _4106_/X
 _4107_/X
 _4108_/X
 _4109_/Y
 _4110_/Y
 _4111_/X
 _4112_/X
 _4113_/Y
 _4114_/Y
 _4115_/X
 _4116_/X
 _4117_/X
 _4118_/Y
 _4119_/X
 _4120_/X
 _4121_/X
 _4122_/X
 _4123_/Y
 _4124_/X
 _4125_/X
 _4126_/Y
 _4127_/Y
 _4128_/Y
 _4129_/X
 _4130_/X
 _4131_/Y
 _4132_/Y
 _4133_/Y
 _4134_/X
 _4135_/Y
 _4136_/X
 _4137_/Y
 _4138_/X
 _4139_/Y
 _4140_/X
 _4141_/X
 _4142_/X
 _4143_/Y
 _4144_/X
 _4145_/X
 _4146_/X
 _4147_/Y
 _4148_/X
 _4149_/X
 _4150_/X
 _4151_/X
 _4152_/X
 _4153_/Y
 _4154_/X
 _4155_/X
 _4156_/Y
 _4157_/Y
 _4158_/X
 _4159_/X
 _4160_/Y
 _4161_/X
 _4162_/X
 _4163_/X
 _4164_/Y
 _4165_/X
 _4166_/Y
 _4167_/X
 _4168_/Y
 _4169_/Y
 _4170_/Y
 _4171_/X
 _4172_/X
 _4173_/X
 _4174_/Y
 _4175_/X
 _4176_/Y
 _4177_/X
 _4178_/Y
 _4179_/Y
 _4180_/X
 _4181_/Y
 _4182_/X
 _4183_/Y
 _4184_/X
 _4185_/Y
 _4186_/X
 _4187_/Y
 _4188_/X
 _4189_/Y
 _4190_/X
 _4191_/Y
 _4192_/X
 _4193_/X
 _4194_/Y
 _4195_/X
 _4196_/Y
 _4197_/Y
 _4198_/X
 _4199_/Y
 _4200_/X
 _4201_/X
 _4202_/X
 _4203_/Y
 _4204_/X
 _4205_/Y
 _4206_/Y
 _4207_/X
 _4208_/X
 _4209_/X
 _4210_/X
 _4211_/X
 _4212_/X
 _4213_/Y
 _4214_/X
 _4215_/X
 _4216_/X
 _4217_/X
 _4218_/Y
 _4219_/X
 _4220_/X
 _4221_/X
 _4222_/Y
 _4223_/X
 _4224_/X
 _4225_/Y
 _4226_/X
 _4227_/Y
 _4228_/X
 _4229_/Y
 _4230_/X
 _4231_/Y
 _4232_/X
 _4233_/Y
 _4234_/X
 _4235_/Y
 _4236_/Y
 _4237_/X
 _4238_/X
 _4239_/X
 _4240_/X
 _4241_/X
 _4242_/Y
 _4243_/Y
 _4244_/X
 _4245_/Y
 _4246_/X
 _4247_/Y
 _4248_/X
 _4249_/Y
 _4250_/X
 _4251_/X
 _4252_/Y
 _4253_/X
 _4254_/Y
 _4255_/Y
 _4256_/X
 _4257_/X
 _4258_/X
 _4259_/Y
 _4260_/X
 _4261_/Y
 _4262_/X
 _4263_/Y
 _4264_/Y
 _4265_/X
 _4266_/X
 _4267_/Y
 _4268_/Y
 _4269_/X
 _4270_/Y
 _4271_/Y
 _4272_/X
 _4273_/X
 _4274_/X
 _4275_/Y
 _4276_/X
 _4277_/X
 _4278_/Y
 _4279_/Y
 _4280_/X
 _4281_/X
 _4282_/X
 _4283_/Y
 _4284_/X
 _4285_/Y
 _4286_/X
 _4287_/Y
 _4288_/X
 _4289_/X
 _4290_/X
 _4291_/X
 _4292_/Y
 _4293_/X
 _4294_/Y
 _4295_/Y
 _4296_/Y
 _4297_/X
 _4298_/X
 _4299_/Y
 _4300_/Y
 _4301_/X
 _4302_/Y
 _4303_/X
 _4304_/Y
 _4305_/X
 _4306_/Y
 _4307_/X
 _4308_/Y
 _4309_/X
 _4310_/Y
 _4311_/X
 _4312_/Y
 _4313_/X
 _4314_/Y
 _4315_/X
 _4316_/Y
 _4317_/X
 _4318_/Y
 _4319_/X
 _4320_/Y
 _4321_/X
 _4322_/Y
 _4323_/Y
 _4324_/Y
 _4325_/X
 _4326_/X
 _4327_/X
 _4328_/Y
 _4329_/X
 _4330_/Y
 _4331_/X
 _4332_/X
 _4333_/Y
 _4334_/X
 _4335_/X
 _4336_/X
 _4337_/X
 _4338_/X
 _4339_/X
 _4340_/Y
 _4341_/X
 _4342_/Y
 _4343_/Y
 _4344_/Y
 _4345_/X
 _4346_/X
 _4347_/X
 _4348_/Y
 _4349_/Y
 _4350_/X
 _4351_/X
 _4352_/Y
 _4353_/X
 _4354_/Y
 _4355_/X
 _4356_/X
 _4357_/X
 _4358_/X
 _4359_/Y
 _4360_/X
 _4361_/Y
 _4362_/X
 _4363_/Y
 _4364_/Y
 _4365_/X
 _4366_/Y
 _4367_/Y
 _4368_/X
 _4369_/Y
 _4370_/X
 _4371_/X
 _4372_/X
 _4373_/Y
 _4374_/X
 _4375_/Y
 _4376_/X
 _4377_/Y
 _4378_/X
 _4379_/X
 _4380_/Y
 _4381_/X
 _4382_/Y
 _4383_/X
 _4384_/Y
 _4385_/X
 _4386_/Y
 _4387_/X
 _4388_/Y
 _4389_/X
 _4390_/Y
 _4391_/Y
 _4392_/X
 _4393_/X
 _4394_/Y
 _4395_/X
 _4396_/Y
 _4397_/Y
 _4398_/Y
 _4399_/X
 _4400_/Y
 _4401_/X
 _4402_/Y
 _4403_/X
 _4404_/X
 _4405_/X
 _4406_/X
 _4407_/Y
 _4408_/X
 _4409_/X
 _4410_/X
 _4411_/X
 _4412_/X
 _4413_/X
 _4414_/X
 _4415_/X
 _4416_/Y
 _4417_/Y
 _4418_/X
 _4419_/Y
 _4420_/X
 _4421_/Y
 _4422_/Y
 _4423_/X
 _4424_/X
 _4425_/Y
 _4426_/Y
 _4427_/X
 _4428_/Y
 _4429_/X
 _4430_/Y
 _4431_/X
 _4432_/Y
 _4433_/X
 _4434_/Y
 _4435_/X
 _4436_/Y
 _4437_/X
 _4438_/Y
 _4439_/X
 _4440_/Y
 _4441_/X
 _4442_/Y
 _4443_/X
 _4444_/X
 _4445_/Y
 _4446_/X
 _4447_/Y
 _4448_/X
 _4449_/X
 _4450_/Y
 _4451_/X
 _4452_/Y
 _4453_/Y
 _4454_/Y
 _4455_/Y
 _4456_/Y
 _4457_/Y
 _4458_/X
 _4459_/X
 _4460_/X
 _4461_/X
 _4462_/X
 _4463_/Y
 _4464_/X
 _4465_/X
 _4466_/X
 _4467_/X
 _4468_/X
 _4469_/X
 _4470_/X
 _4471_/Y
 _4472_/X
 _4473_/X
 _4474_/X
 _4475_/Y
 _4476_/X
 _4477_/Y
 _4478_/X
 _4479_/X
 _4480_/X
 _4481_/X
 _4482_/Y
 _4483_/Y
 _4484_/X
 _4485_/Y
 _4486_/X
 _4487_/Y
 _4488_/Y
 _4489_/X
 _4490_/X
 _4491_/Y
 _4492_/Y
 _4493_/X
 _4494_/Y
 _4495_/Y
 _4496_/Y
 _4497_/X
 _4498_/Y
 _4499_/Y
 _4500_/X
 _4501_/Y
 _4502_/X
 _4503_/X
 _4504_/X
 _4505_/Y
 _4506_/X
 _4507_/Y
 _4508_/X
 _4509_/Y
 _4510_/X
 _4511_/Y
 _4512_/X
 _4513_/X
 _4514_/Y
 _4515_/X
 _4516_/Y
 _4517_/X
 _4518_/Y
 _4519_/X
 _4520_/Y
 _4521_/X
 _4522_/X
 _4523_/Y
 _4524_/X
 _4525_/Y
 _4526_/Y
 _4527_/X
 _4528_/Y
 _4529_/Y
 _4530_/X
 _4531_/Y
 _4532_/X
 _4533_/Y
 _4534_/X
 _4535_/X
 _4536_/Y
 _4537_/X
 _4538_/Y
 _4539_/Y
 _4540_/Y
 _4541_/X
 _4542_/Y
 _4543_/Y
 _4544_/X
 _4545_/Y
 _4546_/X
 _4547_/Y
 _4548_/X
 _4549_/Y
 _4550_/X
 _4551_/X
 _4552_/Y
 _4553_/X
 _4554_/Y
 _4555_/X
 _4556_/Y
 _4557_/X
 _4558_/Y
 _4559_/X
 _4560_/Y
 _4561_/X
 _4562_/Y
 _4563_/X
 _4564_/Y
 _4565_/X
 _4566_/X
 _4567_/X
 _4568_/X
 _4569_/X
 _4570_/Y
 _4571_/Y
 _4572_/X
 _4573_/Y
 _4574_/X
 _4575_/Y
 _4576_/X
 _4577_/X
 _4578_/X
 _4579_/Y
 _4580_/X
 _4581_/Y
 _4582_/X
 _4583_/X
 _4584_/X
 _4585_/Y
 _4586_/X
 _4587_/Y
 _4588_/Y
 _4589_/X
 _4590_/Y
 _4591_/X
 _4592_/X
 _4593_/X
 _4594_/Y
 _4595_/X
 _4596_/X
 _4597_/Y
 _4598_/Y
 _4599_/X
 _4600_/Y
 _4601_/X
 _4602_/Y
 _4603_/X
 _4604_/X
 _4605_/Y
 _4606_/X
 _4607_/Y
 _4608_/X
 _4609_/Y
 _4610_/Y
 _4611_/X
 _4612_/X
 _4613_/X
 _4614_/X
 _4615_/Y
 _4616_/Y
 _4617_/X
 _4618_/Y
 _4619_/X
 _4620_/X
 _4621_/Y
 _4622_/X
 _4623_/Y
 _4624_/X
 _4625_/Y
 _4626_/X
 _4627_/X
 _4628_/Y
 _4629_/X
 _4630_/Y
 _4631_/X
 _4632_/Y
 _4633_/X
 _4634_/Y
 _4635_/X
 _4636_/X
 _4637_/Y
 _4638_/Y
 _4639_/Y
 _4640_/X
 _4641_/Y
 _4642_/X
 _4643_/Y
 _4644_/Y
 _4645_/X
 _4646_/X
 _4647_/X
 _4648_/Y
 _4649_/X
 _4650_/X
 _4651_/X
 _4652_/X
 _4653_/X
 _4654_/Y
 _4655_/X
 _4656_/X
 _4657_/Y
 _4658_/X
 _4659_/X
 _4660_/X
 _4661_/Y
 _4662_/X
 _4663_/Y
 _4664_/X
 _4665_/Y
 _4666_/X
 _4667_/Y
 _4668_/Y
 _4669_/Y
 _4670_/X
 _4671_/Y
 _4672_/X
 _4673_/X
 _4674_/Y
 _4675_/X
 _4676_/Y
 _4677_/X
 _4678_/Y
 _4679_/X
 _4680_/Y
 _4681_/Y
 _4682_/Y
 _4683_/X
 _4684_/Y
 _4685_/X
 _4686_/Y
 _4687_/X
 _4688_/X
 _4689_/Y
 _4690_/X
 _4691_/Y
 _4692_/Y
 _4693_/X
 _4694_/Y
 _4695_/X
 _4696_/X
 _4697_/Y
 _4698_/Y
 _4699_/X
 _4700_/Y
 _4701_/Y
 _4702_/X
 _4703_/Y
 _4704_/X
 _4705_/Y
 _4706_/X
 _4707_/Y
 _4708_/X
 _4709_/X
 _4710_/Y
 _4711_/Y
 _4712_/X
 _4713_/X
 _4714_/X
 _4715_/Y
 _4716_/Y
 _4717_/X
 _4718_/X
 _4719_/Y
 _4720_/X
 _4721_/Y
 _4722_/X
 _4723_/Y
 _4724_/Y
 _4725_/X
 _4726_/X
 _4727_/Y
 _4728_/Y
 _4729_/X
 _4730_/Y
 _4731_/X
 _4732_/X
 _4733_/Y
 _4734_/X
 _4735_/X
 _4736_/Y
 _4737_/Y
 _4738_/X
 _4739_/Y
 _4740_/X
 _4741_/X
 _4742_/X
 _4743_/X
 _4744_/Y
 _4745_/Y
 _4746_/X
 _4747_/X
 _4748_/Y
 _4749_/Y
 _4750_/X
 _4751_/Y
 _4752_/X
 _4753_/Y
 _4754_/X
 _4755_/Y
 _4756_/Y
 _4757_/X
 _4758_/X
 _4759_/X
 _4760_/X
 _4761_/X
 _4762_/Y
 _4763_/X
 _4764_/X
 _4765_/X
 _4766_/X
 _4767_/Y
 _4768_/Y
 _4769_/Y
 _4770_/X
 _4771_/Y
 _4772_/X
 _4773_/X
 _4774_/X
 _4775_/Y
 _4776_/X
 _4777_/Y
 _4778_/X
 _4779_/Y
 _4780_/X
 _4781_/Y
 _4782_/X
 _4783_/Y
 _4784_/X
 _4785_/Y
 _4786_/X
 _4787_/Y
 _4788_/X
 _4789_/Y
 _4790_/Y
 _4791_/X
 _4792_/X
 _4793_/X
 _4794_/X
 _4795_/Y
 _4796_/X
 _4797_/X
 _4798_/X
 _4799_/Y
 _4800_/X
 _4801_/X
 _4802_/Y
 _4803_/X
 _4804_/Y
 _4805_/Y
 _4806_/X
 _4807_/Y
 _4808_/X
 _4809_/Y
 _4810_/X
 _4811_/Y
 _4812_/X
 _4813_/Y
 _4814_/Y
 _4815_/X
 _4816_/X
 _4817_/X
 _4818_/Y
 _4819_/Y
 _4820_/Y
 _4821_/Y
 _4822_/X
 _4823_/X
 _4824_/Y
 _4825_/Y
 _4826_/X
 _4827_/Y
 _4828_/X
 _4829_/X
 _4830_/Y
 _4831_/Y
 _4832_/X
 _4833_/X
 _4834_/Y
 _4835_/Y
 _4836_/X
 _4837_/X
 _4838_/X
 _4839_/X
 _4840_/Y
 _4841_/X
 _4842_/X
 _4843_/X
 _4844_/X
 _4845_/X
 _4846_/X
 _4847_/X
 _4848_/X
 _4849_/X
 _4850_/Y
 _4851_/Y
 _4852_/Y
 _4853_/Y
 _4854_/Y
 _4855_/X
 _4856_/Y
 _4857_/X
 _4858_/Y
 _4859_/X
 _4860_/X
 _4861_/Y
 _4862_/Y
 _4863_/X
 _4864_/X
 _4865_/X
 _4866_/Y
 _4867_/Y
 _4868_/X
 _4869_/Y
 _4870_/Y
 _4871_/Y
 _4872_/Y
 _4873_/X
 _4874_/Y
 _4875_/X
 _4876_/Y
 _4877_/Y
 _4878_/Y
 _4879_/X
 _4880_/Y
 _4881_/X
 _4882_/Y
 _4883_/X
 _4884_/Y
 _4885_/X
 _4886_/Y
 _4887_/X
 _4888_/Y
 _4889_/X
 _4890_/X
 _4891_/Y
 _4892_/X
 _4893_/Y
 _4894_/X
 _4895_/Y
 _4896_/X
 _4897_/Y
 _4898_/X
 _4899_/Y
 _4900_/Y
 _4901_/X
 _4902_/X
 _4903_/Y
 _4904_/X
 _4905_/Y
 _4906_/Y
 _4907_/Y
 _4908_/Y
 _4909_/Y
 _4910_/Y
 _4911_/X
 _4912_/X
 _4913_/X
 _4914_/X
 _4915_/X
 _4916_/X
 _4917_/X
 _4918_/Y
 _4919_/X
 _4920_/Y
 _4921_/Y
 _4922_/X
 _4923_/Y
 _4924_/Y
 _4925_/X
 _4926_/Y
 _4927_/Y
 _4928_/Y
 _4929_/X
 _4930_/Y
 _4931_/Y
 _4932_/Y
 _4933_/Y
 _4934_/X
 _4935_/X
 _4936_/X
 _4937_/Y
 _4938_/X
 _4939_/X
 _4940_/X
 _4941_/Y
 _4942_/X
 _4943_/X
 _4944_/X
 _4945_/X
 _4946_/X
 _4947_/X
 _4948_/X
 _4949_/Y
 _4950_/X
 _4951_/X
 _4952_/Y
 _4953_/X
 _4954_/Y
 _4955_/X
 _4956_/X
 _4957_/Y
 _4958_/Y
 _4959_/X
 _4960_/Y
 _4961_/X
 _4962_/Y
 _4963_/X
 _4964_/Y
 _4965_/X
 _4966_/Y
 _4967_/X
 _4968_/X
 _4969_/Y
 _4970_/X
 _4971_/Y
 _4972_/X
 _4973_/Y
 _4974_/Y
 _4975_/X
 _4976_/Y
 _4977_/X
 _4978_/Y
 _4979_/X
 _4980_/Y
 _4981_/X
 _4982_/X
 _4983_/Y
 _4984_/X
 _4985_/Y
 _4986_/X
 _4987_/Y
 _4988_/Y
 _4989_/X
 _4990_/Y
 _4991_/X
 _4992_/X
 _4993_/X
 _4994_/X
 _4995_/Y
 _4996_/Y
 _4997_/X
 _4998_/Y
 _4999_/Y
 _5000_/Y
 _5001_/X
 _5002_/Y
 _5003_/Y
 _5004_/X
 _5005_/Y
 _5006_/Y
 _5007_/X
 _5008_/X
 _5009_/X
 _5010_/Y
 _5011_/Y
 _5012_/Y
 _5013_/Y
 _5014_/X
 _5015_/X
 _5016_/X
 _5017_/Y
 _5018_/Y
 _5019_/X
 _5020_/X
 _5021_/X
 _5022_/X
 _5023_/Y
 _5024_/Y
 _5025_/X
 _5026_/Y
 _5027_/Y
 _5028_/X
 _5029_/Y
 _5030_/X
 _5031_/X
 _5032_/Y
 _5033_/X
 _5034_/X
 _5035_/Y
 _5036_/X
 _5037_/Y
 _5038_/X
 _5039_/Y
 _5040_/X
 _5041_/Y
 _5042_/X
 _5043_/Y
 _5044_/X
 _5045_/Y
 _5046_/X
 _5047_/X
 _5048_/Y
 _5049_/Y
 _5050_/X
 _5051_/X
 _5052_/Y
 _5053_/Y
 _5054_/X
 _5055_/Y
 _5056_/X
 _5057_/Y
 _5058_/Y
 _5059_/X
 _5060_/Y
 _5061_/X
 _5062_/Y
 _5063_/X
 _5064_/X
 _5065_/X
 _5066_/Y
 _5067_/Y
 _5068_/X
 _5069_/Y
 _5070_/X
 _5071_/Y
 _5072_/X
 _5073_/X
 _5074_/X
 _5075_/X
 _5076_/X
 _5077_/X
 _5078_/X
 _5079_/X
 _5080_/Y
 _5081_/X
 _5082_/X
 _5083_/X
 _5084_/Y
 _5085_/Y
 _5086_/X
 _5087_/X
 _5088_/Y
 _5089_/X
 _5090_/Y
 _5091_/X
 _5092_/Y
 _5093_/X
 _5094_/Y
 _5095_/Y
 _5096_/X
 _5097_/Y
 _5098_/X
 _5099_/X
 _5100_/Y
 _5101_/Y
 _5102_/X
 _5103_/X
 _5104_/X
 _5105_/Y
 _5106_/X
 _5107_/Y
 _5108_/Y
 _5109_/Y
 _5110_/X
 _5111_/Y
 _5112_/X
 _5113_/Y
 _5114_/X
 _5115_/Y
 _5116_/X
 _5117_/Y
 _5118_/X
 _5119_/X
 _5120_/Y
 _5121_/X
 _5122_/X
 _5123_/X
 _5124_/X
 _5125_/Y
 _5126_/Y
 _5127_/X
 _5128_/Y
 _5129_/X
 _5130_/Y
 _5131_/Y
 _5132_/Y
 _5133_/Y
 _5134_/X
 _5135_/X
 _5136_/X
 _5137_/Y
 _5138_/X
 _5139_/X
 _5140_/X
 _5141_/X
 _5142_/X
 _5143_/Y
 _5144_/Y
 _5145_/X
 _5146_/X
 _5147_/X
 _5148_/X
 _5149_/X
 _5150_/X
 _5151_/X
 _5152_/Y
 _5153_/Y
 _5154_/X
 _5155_/X
 _5156_/X
 _5157_/X
 _5158_/X
 _5159_/X
 _5160_/Y
 _5161_/Y
 _5162_/Y
 _5163_/X
 _5164_/X
 _5165_/Y
 _5166_/X
 _5167_/X
 _5168_/Y
 _5169_/X
 _5170_/Y
 _5171_/Y
 _5172_/X
 _5173_/X
 _5174_/X
 _5175_/Y
 _5176_/Y
 _5177_/X
 _5178_/Y
 _5179_/Y
 _5180_/X
 _5181_/Y
 _5182_/X
 _5183_/Y
 _5184_/X
 _5185_/Y
 _5186_/X
 _5187_/Y
 _5188_/Y
 _5189_/Y
 _5190_/X
 _5191_/X
 _5192_/Y
 _5193_/X
 _5194_/Y
 _5195_/Y
 _5196_/X
 _5197_/Y
 _5198_/X
 _5199_/X
 _5200_/Y
 _5201_/X
 _5202_/Y
 _5203_/X
 _5204_/Y
 _5205_/Y
 _5206_/X
 _5207_/X
 _5208_/Y
 _5209_/X
 _5210_/Y
 _5211_/X
 _5212_/Y
 _5213_/Y
 _5214_/X
 _5215_/X
 _5216_/X
 _5217_/X
 _5218_/X
 _5219_/X
 _5220_/Y
 _5221_/X
 _5222_/Y
 _5223_/X
 _5224_/X
 _5225_/Y
 _5226_/X
 _5227_/X
 _5228_/X
 _5229_/Y
 _5230_/Y
 _5231_/X
 _5232_/X
 _5233_/Y
 _5234_/Y
 _5235_/Y
 _5236_/X
 _5237_/Y
 _5238_/X
 _5239_/Y
 _5240_/Y
 _5241_/Y
 _5242_/Y
 _5243_/X
 _5244_/X
 _5245_/Y
 _5246_/X
 _5247_/X
 _5248_/Y
 _5249_/X
 _5250_/Y
 _5251_/X
 _5252_/Y
 _5253_/X
 _5254_/Y
 _5255_/X
 _5256_/X
 _5257_/Y
 _5258_/X
 _5259_/Y
 _5260_/X
 _5261_/X
 _5262_/X
 _5263_/X
 _5264_/Y
 _5265_/X
 _5266_/Y
 _5267_/Y
 _5268_/Y
 _5269_/X
 _5270_/Y
 _5271_/X
 _5272_/Y
 _5273_/X
 _5274_/Y
 _5275_/X
 _5276_/Y
 _5277_/X
 _5278_/X
 _5279_/Y
 _5280_/X
 _5281_/X
 _5282_/Y
 _5283_/X
 _5284_/Y
 _5285_/Y
 _5286_/X
 _5287_/X
 _5288_/Y
 _5289_/Y
 _5290_/Y
 _5291_/Y
 _5292_/Y
 _5293_/X
 _5294_/X
 _5295_/X
 _5296_/X
 _5297_/Y
 _5298_/Y
 _5299_/X
 _5300_/X
 _5301_/X
 _5302_/X
 _5303_/X
 _5304_/Y
 _5305_/X
 _5306_/X
 _5307_/X
 _5308_/X
 _5309_/X
 _5310_/Y
 _5311_/X
 _5312_/Y
 _5313_/Y
 _5314_/Y
 _5315_/X
 _5316_/X
 _5317_/Y
 _5318_/Y
 _5319_/Y
 _5320_/X
 _5321_/Y
 _5322_/X
 _5323_/Y
 _5324_/Y
 _5325_/Y
 _5326_/X
 _5327_/X
 _5328_/Y
 _5329_/Y
 _5330_/Y
 _5331_/X
 _5332_/Y
 _5333_/X
 _5334_/Y
 _5335_/X
 _5336_/Y
 _5337_/X
 _5338_/Y
 _5339_/X
 _5340_/X
 _5341_/Y
 _5342_/X
 _5343_/Y
 _5344_/X
 _5345_/X
 _5346_/Y
 _5347_/Y
 _5348_/X
 _5349_/Y
 _5350_/X
 _5351_/Y
 _5352_/Y
 _5353_/X
 _5354_/Y
 _5355_/X
 _5356_/X
 _5357_/Y
 _5358_/Y
 _5359_/X
 _5360_/Y
 _5361_/X
 _5362_/Y
 _5363_/X
 _5364_/Y
 _5365_/Y
 _5366_/Y
 _5367_/X
 _5368_/Y
 _5369_/X
 _5370_/Y
 _5371_/X
 _5372_/X
 _5373_/Y
 _5374_/Y
 _5375_/X
 _5376_/Y
 _5377_/X
 _5378_/Y
 _5379_/Y
 _5380_/Y
 _5381_/X
 _5382_/Y
 _5383_/Y
 _5384_/X
 _5385_/X
 _5386_/Y
 _5387_/X
 _5388_/X
 _5389_/X
 _5390_/X
 _5391_/Y
 _5392_/X
 _5393_/X
 _5394_/Y
 _5395_/X
 _5396_/Y
 _5397_/X
 _5398_/X
 _5399_/X
 _5400_/X
 _5401_/X
 _5402_/Y
 _5403_/X
 _5404_/Y
 _5405_/Y
 _5406_/Y
 _5407_/Y
 _5408_/X
 _5409_/Y
 _5410_/X
 _5411_/Y
 _5412_/Y
 _5413_/Y
 _5414_/X
 _5415_/X
 _5416_/Y
 _5417_/X
 _5418_/Y
 _5419_/X
 _5420_/Y
 _5421_/X
 _5422_/Y
 _5423_/Y
 _5424_/Y
 _5425_/Y
 _5426_/Y
 _5427_/Y
 _5428_/Y
 _5429_/Y
 _5430_/X
 _5431_/Y
 _5432_/X
 _5433_/Y
 _5434_/Y
 _5435_/X
 _5436_/X
 _5437_/Y
 _5438_/X
 _5439_/Y
 _5440_/X
 _5441_/Y
 _5442_/X
 _5443_/Y
 _5444_/Y
 _5445_/X
 _5446_/Y
 _5447_/X
 _5448_/Y
 _5449_/Y
 _5450_/Y
 _5451_/X
 _5452_/Y
 _5453_/X
 _5454_/X
 _5455_/X
 _5456_/Y
 _5457_/X
 _5458_/Y
 _5459_/Y
 _5460_/Y
 _5461_/X
 _5462_/Y
 _5463_/X
 _5464_/Y
 _5465_/Y
 _5466_/Y
 _5467_/X
 _5468_/Y
 _5469_/X
 _5470_/X
 _5471_/X
 _5472_/X
 _5473_/X
 _5474_/X
 _5475_/X
 _5476_/Y
 _5477_/X
 _5478_/X
 _5479_/Y
 _5480_/X
 _5481_/X
 _5482_/Y
 _5483_/X
 _5484_/Y
 _5485_/Y
 _5486_/X
 _5487_/Y
 _5488_/X
 _5489_/X
 _5490_/X
 _5491_/Y
 _5492_/Y
 _5493_/X
 _5494_/X
 _5495_/Y
 _5496_/X
 _5497_/Y
 _5498_/X
 _5499_/X
 _5500_/X
 _5501_/X
 _5502_/X
 _5503_/Y
 _5504_/Y
 _5505_/Y
 _5506_/Y
 _5507_/X
 _5508_/Y
 _5509_/Y
 _5510_/Y
 _5511_/Y
 _5512_/Y
 _5513_/X
 _5514_/X
 _5515_/Y
 _5516_/X
 _5517_/Y
 _5518_/X
 _5519_/X
 _5520_/X
 _5521_/X
 _5522_/Y
 _5523_/X
 _5524_/Y
 _5525_/X
 _5526_/Y
 _5527_/X
 _5528_/Y
 _5529_/X
 _5530_/Y
 _5531_/X
 _5532_/X
 _5533_/Y
 _5534_/X
 _5535_/Y
 _5536_/Y
 _5537_/X
 _5538_/Y
 _5539_/Y
 _5540_/X
 _5541_/X
 _5542_/Y
 _5543_/X
 _5544_/Y
 _5545_/X
 _5546_/X
 _5547_/Y
 _5548_/Y
 _5549_/Y
 _5550_/Y
 _5551_/Y
 _5552_/Y
 _5553_/X
 _5554_/Y
 _5555_/Y
 _5556_/X
 _5557_/Y
 _5558_/X
 _5559_/X
 _5560_/X
 _5561_/X
 _5562_/Y
 _5563_/Y
 _5564_/Y
 _5565_/X
 _5566_/Y
 _5567_/Y
 _5568_/Y
 _5569_/X
 _5570_/Y
 _5571_/X
 _5572_/Y
 _5573_/Y
 _5574_/Y
 _5575_/X
 _5576_/Y
 _5577_/Y
 _5578_/X
 _5579_/Y
 _5580_/Y
 _5581_/X
 _5582_/X
 _5583_/Y
 _5584_/X
 _5585_/Y
 _5586_/X
 _5587_/Y
 _5588_/X
 _5589_/Y
 _5590_/Y
 _5591_/Y
 _5592_/X
 _5593_/Y
 _5594_/X
 _5595_/Y
 _5596_/X
 _5597_/X
 _5598_/X
 _5599_/Y
 _5600_/Y
 _5601_/Y
 _5602_/X
 _5603_/X
 _5604_/X
 _5605_/X
 _5606_/Y
 _5607_/X
 _5608_/Y
 _5609_/Y
 _5610_/Y
 _5611_/Y
 _5612_/Y
 _5613_/X
 _5614_/X
 _5615_/Y
 _5616_/X
 _5617_/Y
 _5618_/Y
 _5619_/X
 _5620_/Y
 _5621_/Y
 _5622_/X
 _5623_/Y
 _5624_/X
 _5625_/X
 _5626_/X
 _5627_/Y
 _5628_/X
 _5629_/X
 _5630_/Y
 _5631_/Y
 _5632_/Y
 _5633_/Y
 _5634_/X
 _5635_/Y
 _5636_/Y
 _5637_/Y
 _5638_/X
 _5639_/X
 _5640_/X
 _5641_/X
 _5642_/X
 _5643_/Y
 _5644_/X
 _5645_/Y
 _5646_/Y
 _5647_/Y
 _5648_/X
 _5649_/Y
 _5650_/Y
 _5651_/Y
 _5652_/Y
 _5653_/Y
 _5654_/X
 _5655_/Y
 _5656_/X
 _5657_/X
 _5658_/X
 _5659_/X
 _5660_/Y
 _5661_/Y
 _5662_/Y
 _5663_/X
 _5664_/Y
 _5665_/Y
 _5666_/X
 _5667_/X
 _5668_/X
 _5669_/Y
 _5670_/X
 _5671_/Y
 _5672_/X
 _5673_/X
 _5674_/Y
 _5675_/X
 _5676_/X
 _5677_/Y
 _5678_/X
 _5679_/Y
 _5680_/X
 _5681_/Y
 _5682_/Y
 _5683_/X
 _5684_/Y
 _5685_/X
 _5686_/X
 _5687_/X
 _5688_/X
 _5689_/X
 _5690_/X
 _5691_/X
 _5692_/X
 _5693_/X
 _5694_/X
 _5695_/Y
 _5696_/X
 _5697_/X
 _5698_/X
 _5699_/X
 _5700_/Y
 _5701_/X
 _5702_/X
 _5703_/Y
 _5704_/Y
 _5705_/Y
 _5706_/Y
 _5707_/X
 _5708_/Y
 _5709_/Y
 _5710_/Y
 _5711_/X
 _5712_/Y
 _5713_/Y
 _5714_/X
 _5715_/X
 _5716_/Y
 _5717_/X
 _5718_/Y
 _5719_/Y
 _5720_/Y
 _5721_/Y
 _5722_/Y
 _5723_/Y
 _5724_/X
 _5725_/Y
 _5726_/X
 _5727_/X
 _5728_/Y
 _5729_/Y
 _5730_/Y
 _5731_/Y
 _5732_/X
 _5733_/X
 _5734_/X
 _5735_/Y
 _5736_/Y
 _5737_/Y
 _5738_/Y
 _5739_/Y
 _5740_/Y
 _5741_/X
 _5742_/X
 _5743_/X
 _5744_/Y
 _5745_/X
 _5746_/Y
 _5747_/X
 _5748_/X
 _5749_/X
 _5750_/Y
 _5751_/X
 _5752_/X
 _5753_/Y
 _5754_/X
 _5755_/Y
 _5756_/X
 _5757_/X
 _5758_/X
 _5759_/X
 _5760_/Y
 _5761_/Y
 _5762_/X
 _5763_/Y
 _5764_/X
 _5765_/X
 _5766_/Y
 _5767_/X
 _5768_/Y
 _5769_/X
 _5770_/Y
 _5771_/X
 _5772_/X
 _5773_/X
 _5774_/Y
 _5775_/X
 _5776_/Y
 _5777_/Y
 _5778_/X
 _5779_/X
 _5780_/X
 _5781_/Y
 _5782_/Y
 _5783_/Y
 _5784_/Y
 _5785_/X
 _5786_/Y
 _5787_/X
 _5788_/Y
 _5789_/Y
 _5790_/X
 _5791_/Y
 _5792_/X
 _5793_/X
 _5794_/Y
 _5795_/X
 _5796_/X
 _5797_/Y
 _5798_/X
 _5799_/Y
 _5800_/X
 _5801_/Y
 _5802_/Y
 _5803_/X
 _5804_/X
 _5805_/Y
 _5806_/X
 _5807_/X
 _5808_/X
 _5809_/X
 _5810_/X
 _5811_/Y
 _5812_/Y
 _5813_/X
 _5814_/Y
 _5815_/Y
 _5816_/X
 _5817_/X
 _5818_/X
 _5819_/Y
 _5820_/Y
 _5821_/X
 _5822_/Y
 _5823_/X
 _5824_/X
 _5825_/X
 _5826_/X
 _5827_/Y
 _5828_/Y
 _5829_/X
 _5830_/X
 _5831_/Y
 _5832_/X
 _5833_/X
 _5834_/X
 _5835_/Y
 _5836_/Y
 _5837_/X
 _5838_/X
 _5839_/X
 _5840_/X
 _5841_/X
 _5842_/Y
 _5843_/Y
 _5844_/X
 _5845_/X
 _5846_/Y
 _5847_/X
 _5848_/X
 _5849_/X
 _5850_/Y
 _5851_/Y
 _5852_/X
 _5853_/Y
 _5854_/Y
 _5855_/X
 _5856_/X
 _5857_/X
 _5858_/Y
 _5859_/Y
 _5860_/X
 _5861_/Y
 _5862_/X
 _5863_/X
 _5864_/X
 _5865_/Y
 _5866_/Y
 _5867_/X
 _5868_/X
 _5869_/X
 _5870_/Y
 _5871_/X
 _5872_/X
 _5873_/X
 _5874_/X
 _5875_/Y
 _5876_/X
 _5877_/Y
 _5878_/X
 _5879_/X
 _5880_/X
 _5881_/Y
 _5882_/Y
 _5883_/Y
 _5884_/Y
 _5885_/X
 _5886_/X
 _5887_/X
 _5888_/Y
 _5889_/Y
 _5890_/Y
 _5891_/Y
 _5892_/Y
 _5893_/X
 _5894_/Y
 _5895_/X
 _5896_/Y
 _5897_/X
 _5898_/Y
 _5899_/Y
 _5900_/X
 _5901_/X
 _5902_/Y
 _5903_/Y
 _5904_/X
 _5905_/Y
 _5906_/X
 _5907_/Y
 _5908_/X
 _5909_/X
 _5910_/X
 _5911_/Y
 _5912_/Y
 _5913_/Y
 _5914_/X
 _5915_/Y
 _5916_/X
 _5917_/Y
 _5918_/X
 _5919_/X
 _5920_/X
 _5921_/Y
 _5922_/X
 _5923_/Y
 _5924_/X
 _5925_/X
 _5926_/Y
 _5927_/X
 _5928_/Y
 _5929_/Y
 _5930_/X
 _5931_/Y
 _5932_/X
 _5933_/X
 _5934_/X
 _5935_/X
 _5936_/Y
 _5937_/X
 _5938_/Y
 _5939_/Y
 _5940_/X
 _5941_/X
 _5942_/X
 _5943_/Y
 _5944_/X
 _5945_/Y
 _5946_/Y
 _5947_/X
 _5948_/X
 _5949_/Y
 _5950_/Y
 _5951_/X
 _5952_/X
 _5953_/Y
 _5954_/Y
 _5955_/X
 _5956_/Y
 _5957_/X
 _5958_/X
 _5959_/X
 _5960_/X
 _5961_/Y
 _5962_/Y
 _5963_/X
 _5964_/Y
 _5965_/Y
 _5966_/X
 _5967_/X
 _5968_/X
 _5969_/Y
 _5970_/Y
 _5971_/Y
 _5972_/X
 _5973_/X
 _5974_/Y
 _5975_/X
 _5976_/Y
 _5977_/X
 _5978_/Y
 _5979_/X
 _5980_/Y
 _5981_/Y
 _5982_/X
 _5983_/X
 _5984_/X
 _5985_/X
 _5986_/Y
 _5987_/X
 _5988_/X
 _5989_/X
 _5990_/X
 _5991_/X
 _5992_/X
 _5993_/X
 _5994_/X
 _5995_/X
 _5996_/X
 _5997_/X
 _5998_/X
 _5999_/X
 _6000_/X
 _6001_/X
 _6002_/X
 _6003_/X
 _6004_/X
 _6005_/X
 _6006_/X
 _6007_/Y
 _6008_/X
 _6009_/X
 _6010_/X
 _6011_/X
 _6012_/X
 _6013_/X
 _6014_/X
 _6015_/X
 _6016_/X
 _6017_/X
 _6018_/X
 _6019_/X
 _6020_/X
 _6021_/X
 _6022_/X
 _6023_/X
 _6024_/X
 _6025_/X
 _6026_/X
 _6027_/X
 _6028_/X
 _6029_/X
 _6030_/X
 _6031_/X
 _6032_/X
 _6033_/X
 _6034_/X
 _6035_/X
 _6036_/X
 _6037_/X
 _6038_/X
 _6039_/X
 _6040_/X
 _6041_/X
 _6042_/X
 _6043_/X
 _6044_/X
 _6045_/X
 _6046_/X
 _6047_/X
 _6048_/X
 _6049_/X
 _6050_/X
 _6051_/X
 _6052_/X
 _6053_/Y
 _6054_/X
 _6055_/X
 _6056_/X
 _6057_/X
 _6058_/X
 _6059_/X
 _6060_/X
 _6061_/X
 _6062_/X
 _6063_/X
 _6064_/X
 _6065_/X
 _6066_/X
 _6067_/X
 _6068_/X
 _6069_/X
 _6070_/X
 _6071_/X
 _6072_/X
 _6073_/X
 _6074_/X
 _6075_/X
 _6076_/X
 _6077_/X
 _6078_/X
 _6079_/X
 _6080_/X
 _6081_/X
 _6082_/Y
 _6083_/X
 _6084_/X
 _6085_/X
 _6086_/X
 _6087_/Q
 _6088_/Q
 _6089_/Q
 _6090_/Q
 _6091_/Q
 _6092_/Q
 _6093_/Q
 _6094_/Q
 _6095_/Q
 _6096_/Q
 _6097_/Q
 _6098_/Q
 _6099_/Q
 _6100_/Q
 _6101_/Q
 _6102_/Q
 _6103_/Q
 _6104_/Q
 _6105_/Q
 _6106_/Q
 _6107_/Q
 _6108_/Q
 _6109_/Q
 _6110_/Q
 _6111_/Q
 _6112_/Q
 _6113_/Q
 _6114_/Q
 _6115_/Q
 _6116_/Q
 _6117_/Q
 _6118_/Q
 _6119_/Q
 _6120_/Q
 _6121_/Q
 _6122_/Q
 _6123_/Q
 _6124_/Q
 _6125_/Q
 _6126_/Q
 _6127_/Q
 _6128_/Q
 _6129_/Q
 _6130_/Q
 _6131_/Q
 _6132_/Q
 _6133_/Q
 _6134_/Q
 _6135_/Q
 _6136_/Q
 _6137_/Q
 _6138_/Q
 _6139_/Q
 _6140_/Q
 _6141_/Q
 _6142_/Q
 _6143_/Q
 _6144_/Q
 _6145_/Q
 _6146_/Q
 _6147_/Q
 _6148_/Q
 _6149_/Q
 _6150_/Q
 _6151_/Q
 _6152_/Q
 _6153_/Q
 _6154_/Q
 _6155_/Q
 _6156_/Q
 _6157_/Q
 _6158_/Q
 _6159_/Q
 _6160_/Q
 _6161_/Q
 _6162_/Q
 _6163_/Q
 _6164_/Q
 _6165_/Q
 _6166_/Q
 _6167_/Q
 _6168_/Q
 _6169_/Q
 _6170_/Q
 _6171_/Q
 _6172_/Q
 _6173_/Q
 _6174_/Q
 _6175_/Q
 _6176_/Q
 _6177_/Q
 _6178_/Q
 _6179_/Q
 _6180_/Q
 _6181_/Q
 _6182_/Q
 _6183_/Q
 _6184_/Q
 _6185_/Q
 _6186_/Q
 _6187_/Q
 _6188_/Q
 _6189_/Q
 _6190_/Q
 _6191_/Q
 _6192_/Q
 _6193_/Q
 _6194_/Q
 _6195_/Q
 _6196_/Q
 _6197_/Q
 _6198_/Q
 _6199_/Q
 _6200_/Q
 _6201_/Q
 _6202_/Q
 _6203_/Q
 _6204_/Q
 _6205_/Q
 _6206_/Q
 _6207_/Q
 _6208_/Q
 _6209_/Q
 _6210_/Q
 _6211_/Q
 _6212_/Q
 _6213_/Q
 _6214_/Q
 _6215_/Q
 _6216_/Q
 _6217_/Q
 _6218_/Q
 _6219_/Q
 _6220_/Q
 _6221_/Q
 _6222_/Q
 _6223_/Q
 _6224_/Q
 _6225_/Q
 _6226_/Q
 _6227_/Q
 _6228_/Q
 _6229_/Q
 _6230_/Q
 _6231_/Q
 _6232_/Q
 _6233_/Q
 _6234_/Q
 _6235_/Q
 _6236_/Q
 _6237_/Q
 _6238_/Q
 _6239_/Q
 _6240_/Q
 _6241_/Q
 _6242_/Q
 _6243_/Q
 _6244_/Q
 _6245_/Q
 _6246_/Q
 _6247_/Q
 _6248_/Q
 _6249_/Q
 _6250_/Q
 _6251_/Q
 _6252_/Q
 _6253_/Q
 _6254_/Q
 _6255_/Q
 _6256_/Q
 _6257_/Q
 _6258_/Q
 _6259_/Q
 _6260_/Q
 _6261_/Q
 _6262_/Q
 _6263_/Q
 _6264_/Q
 _6265_/Q
 _6266_/Q
 _6267_/Q
 _6268_/Q
 _6269_/Q
 _6270_/Q
 _6271_/Q
 _6272_/Q
 _6273_/Q
 _6274_/Q
 _6275_/Q
 _6276_/Q
 _6277_/Q
 _6278_/Q
 _6279_/Q
 _6280_/Q
 _6281_/Q
 _6282_/Q
 _6283_/Q
 _6284_/Q
 _6285_/Q
 _6286_/Q
 _6287_/Q
 _6288_/Q
 _6289_/Q
 _6290_/Q
 clkbuf_0_clk/X
 clkbuf_1_0__f_clk/X
 clkbuf_1_1__f_clk/X
 clkbuf_leaf_0_clk/X
 clkbuf_leaf_10_clk/X
 clkbuf_leaf_11_clk/X
 clkbuf_leaf_12_clk/X
 clkbuf_leaf_13_clk/X
 clkbuf_leaf_14_clk/X
 clkbuf_leaf_15_clk/X
 clkbuf_leaf_16_clk/X
 clkbuf_leaf_17_clk/X
 clkbuf_leaf_18_clk/X
 clkbuf_leaf_19_clk/X
 clkbuf_leaf_1_clk/X
 clkbuf_leaf_20_clk/X
 clkbuf_leaf_21_clk/X
 clkbuf_leaf_22_clk/X
 clkbuf_leaf_2_clk/X
 clkbuf_leaf_3_clk/X
 clkbuf_leaf_4_clk/X
 clkbuf_leaf_5_clk/X
 clkbuf_leaf_6_clk/X
 clkbuf_leaf_7_clk/X
 clkbuf_leaf_8_clk/X
 clkbuf_leaf_9_clk/X
 clkload0/X
 clkload1/Y
 clkload10/Y
 clkload11/Y
 clkload12/Y
 clkload13/Y
 clkload14/Y
 clkload15/Y
 clkload16/Y
 clkload17/Y
 clkload18/Y
 clkload19/X
 clkload2/Y
 clkload20/Y
 clkload21/Y
 clkload3/Y
 clkload4/Y
 clkload5/Y
 clkload6/Y
 clkload7/Y
 clkload8/Y
 clkload9/Y
 clone30/X
 clone49/X
 clone53/X
 clone55/X
 clone58/X
 clone6/X
 hold100/X
 hold101/X
 hold102/X
 hold103/X
 hold104/X
 hold105/X
 hold106/X
 hold107/X
 hold108/X
 hold109/X
 hold110/X
 hold111/X
 hold112/X
 hold113/X
 hold114/X
 hold115/X
 hold116/X
 hold117/X
 hold118/X
 hold119/X
 hold120/X
 hold121/X
 hold122/X
 hold123/X
 hold124/X
 hold125/X
 hold126/X
 hold127/X
 hold128/X
 hold129/X
 hold130/X
 hold131/X
 hold132/X
 hold133/X
 hold134/X
 hold135/X
 hold136/X
 hold137/X
 hold138/X
 hold139/X
 hold140/X
 hold141/X
 hold142/X
 hold143/X
 hold144/X
 hold145/X
 hold146/X
 hold147/X
 hold148/X
 hold149/X
 hold150/X
 hold151/X
 hold152/X
 hold153/X
 hold154/X
 hold155/X
 hold156/X
 hold157/X
 hold158/X
 hold70/X
 hold71/X
 hold72/X
 hold73/X
 hold74/X
 hold75/X
 hold76/X
 hold77/X
 hold78/X
 hold79/X
 hold80/X
 hold81/X
 hold82/X
 hold83/X
 hold84/X
 hold85/X
 hold86/X
 hold87/X
 hold88/X
 hold89/X
 hold90/X
 hold91/X
 hold92/X
 hold93/X
 hold94/X
 hold95/X
 hold96/X
 hold97/X
 hold98/X
 hold99/X
 input1/X
 input10/X
 input11/X
 input12/X
 input13/X
 input14/X
 input15/X
 input16/X
 input17/X
 input18/X
 input19/X
 input2/X
 input20/X
 input21/X
 input22/X
 input23/X
 input24/X
 input25/X
 input26/X
 input27/X
 input3/X
 input4/X
 input5/X
 input6/X
 input7/X
 input8/X
 input9/X
 max_cap62/X
 max_cap63/X
 max_cap64/X
 max_cap65/X
 output28/X
 output29/X
 output30/X
 output31/X
 output32/X
 output33/X
 output34/X
 output35/X
 output36/X
 output37/X
 output38/X
 output39/X
 output40/X
 output41/X
 output42/X
 output43/X
 output44/X
 output45/X
 output46/X
 output47/X
 output48/X
 output49/X
 output50/X
 output51/X
 output52/X
 output53/X
 output54/X
 output55/X
 output56/X
 output57/X
 output58/X
 output59/X
 output60/X
 output61/X
 rebuffer1/X
 rebuffer10/X
 rebuffer11/X
 rebuffer12/X
 rebuffer13/X
 rebuffer14/X
 rebuffer15/X
 rebuffer16/X
 rebuffer17/X
 rebuffer18/X
 rebuffer19/X
 rebuffer2/X
 rebuffer20/X
 rebuffer22/X
 rebuffer23/X
 rebuffer24/X
 rebuffer25/X
 rebuffer26/X
 rebuffer27/X
 rebuffer28/X
 rebuffer29/X
 rebuffer3/X
 rebuffer31/X
 rebuffer32/X
 rebuffer33/X
 rebuffer34/X
 rebuffer35/X
 rebuffer36/X
 rebuffer37/X
 rebuffer38/X
 rebuffer39/X
 rebuffer4/X
 rebuffer40/X
 rebuffer41/X
 rebuffer42/X
 rebuffer43/X
 rebuffer44/X
 rebuffer45/X
 rebuffer46/X
 rebuffer47/X
 rebuffer48/X
 rebuffer5/X
 rebuffer50/X
 rebuffer51/X
 rebuffer52/X
 rebuffer56/X
 rebuffer57/X
 rebuffer6/X
 rebuffer60/X
 rebuffer61/X
 rebuffer62/X
 rebuffer63/X
 rebuffer64/X
 rebuffer65/X
 rebuffer66/X
 rebuffer67/X
 rebuffer7/X
 rebuffer8/X
 rebuffer9/X
 split17/X
 split21/X
 split54/X
 split59/X
 wire1/X
Found 0 partially unannotated drivers.

===========================================================================
max slew violation count 0
max fanout violation count 14
max cap violation count 0
============================================================================

===========================================================================
check_setup -verbose -unconstrained_endpoints -multiple_clock -no_clock -no_input_delay -loops -generated_clocks
===========================================================================
