OpenROAD b16bda7e82721d10566ff7e2b68f1ff0be9f9e38 
Features included (+) or not (-): +Charts +GPU +GUI +Python
This program is licensed under the BSD-3 license. See the LICENSE file for details.
Components of this program may be licensed under more restrictive licenses which must be honored.
define_corners Typical
read_liberty -corner Typical /root/.volare/volare/sky130/versions/bdc9412b3e468c102d01b7cf6337be06ec6e9c9a/sky130A/libs.ref/sky130_fd_sc_hd/lib/sky130_fd_sc_hd__tt_025C_1v80.lib
Using 1e-12 for capacitance...
Using 1e+03 for resistance...
Using 1e-09 for time...
Using 1e+00 for voltage...
Using 1e-03 for current...
Using 1e-09 for power...
Using 1e-06 for distance...
[INFO]: Reading ODB at '/design/runs/full_run/tmp/routing/25-fill.odb'…
Reading design constraints file at '/nix/store/xpc7xd67rslanlqh566s6jph53bn830w-openlane1-1.1.1/bin/scripts/base.sdc'…
[INFO]: Setting output delay to: 0.8
[INFO]: Setting input delay to: 0.8
[INFO]: Setting load to: 0.033442
[INFO]: Setting clock uncertainty to: 0.25
[INFO]: Setting clock transition to: 0.15
[INFO]: Setting timing derate to: 5.0 %
[INFO ORD-0030] Using 2 thread(s).
[INFO DRT-0149] Reading tech and libs.
[WARNING DRT-0349] LEF58_ENCLOSURE with no CUTCLASS is not supported. Skipping for layer mcon
[WARNING DRT-0349] LEF58_ENCLOSURE with no CUTCLASS is not supported. Skipping for layer mcon
[WARNING DRT-0349] LEF58_ENCLOSURE with no CUTCLASS is not supported. Skipping for layer via
[WARNING DRT-0349] LEF58_ENCLOSURE with no CUTCLASS is not supported. Skipping for layer via
[WARNING DRT-0349] LEF58_ENCLOSURE with no CUTCLASS is not supported. Skipping for layer via2
[WARNING DRT-0349] LEF58_ENCLOSURE with no CUTCLASS is not supported. Skipping for layer via2
[WARNING DRT-0349] LEF58_ENCLOSURE with no CUTCLASS is not supported. Skipping for layer via3
[WARNING DRT-0349] LEF58_ENCLOSURE with no CUTCLASS is not supported. Skipping for layer via3
[WARNING DRT-0349] LEF58_ENCLOSURE with no CUTCLASS is not supported. Skipping for layer via4
[WARNING DRT-0349] LEF58_ENCLOSURE with no CUTCLASS is not supported. Skipping for layer via4

Units:                1000
Number of layers:     13
Number of macros:     441
Number of vias:       29
Number of viarulegen: 25

[INFO DRT-0150] Reading design.

Design:                   top
Die area:                 ( 0 0 ) ( 264290 275010 )
Number of track patterns: 12
Number of DEF vias:       0
Number of components:     9028
Number of terminals:      65
Number of snets:          2
Number of nets:           3527

[INFO DRT-0167] List of default vias:
  Layer via
    default via: M1M2_PR
  Layer via2
    default via: M2M3_PR
  Layer via3
    default via: M3M4_PR
  Layer via4
    default via: M4M5_PR
[INFO DRT-0162] Library cell analysis.
[INFO DRT-0163] Instance analysis.
[INFO DRT-0164] Number of unique instances = 375.
[INFO DRT-0168] Init region query.
[INFO DRT-0024]   Complete FR_MASTERSLICE.
[INFO DRT-0024]   Complete Fr_VIA.
[INFO DRT-0024]   Complete li1.
[INFO DRT-0024]   Complete mcon.
[INFO DRT-0024]   Complete met1.
[INFO DRT-0024]   Complete via.
[INFO DRT-0024]   Complete met2.
[INFO DRT-0024]   Complete via2.
[INFO DRT-0024]   Complete met3.
[INFO DRT-0024]   Complete via3.
[INFO DRT-0024]   Complete met4.
[INFO DRT-0024]   Complete via4.
[INFO DRT-0024]   Complete met5.
[INFO DRT-0033] FR_MASTERSLICE shape region query size = 0.
[INFO DRT-0033] FR_VIA shape region query size = 0.
[INFO DRT-0033] li1 shape region query size = 127541.
[INFO DRT-0033] mcon shape region query size = 32160.
[INFO DRT-0033] met1 shape region query size = 20208.
[INFO DRT-0033] via shape region query size = 940.
[INFO DRT-0033] met2 shape region query size = 603.
[INFO DRT-0033] via2 shape region query size = 752.
[INFO DRT-0033] met3 shape region query size = 588.
[INFO DRT-0033] via3 shape region query size = 752.
[INFO DRT-0033] met4 shape region query size = 204.
[INFO DRT-0033] via4 shape region query size = 8.
[INFO DRT-0033] met5 shape region query size = 16.
[INFO DRT-0165] Start pin access.
[INFO DRT-0076]   Complete 1000 pins.
[INFO DRT-0078]   Complete 1364 pins.
[INFO DRT-0079]   Complete 100 unique inst patterns.
[INFO DRT-0079]   Complete 200 unique inst patterns.
[INFO DRT-0079]   Complete 300 unique inst patterns.
[INFO DRT-0081]   Complete 357 unique inst patterns.
[INFO DRT-0084]   Complete 2004 groups.
#scanned instances     = 9028
#unique  instances     = 375
#stdCellGenAp          = 10406
#stdCellValidPlanarAp  = 42
#stdCellValidViaAp     = 8061
#stdCellPinNoAp        = 0
#stdCellPinCnt         = 12072
#instTermValidViaApCnt = 0
#macroGenAp            = 0
#macroValidPlanarAp    = 0
#macroValidViaAp       = 0
#macroNoAp             = 0
[INFO DRT-0166] Complete pin access.
[INFO DRT-0267] cpu time = 00:00:39, elapsed time = 00:00:18, memory = 147.44 (MB), peak = 147.44 (MB)

Number of guides:     23298

[INFO DRT-0169] Post process guides.
[INFO DRT-0176] GCELLGRID X 0 DO 38 STEP 6900 ;
[INFO DRT-0177] GCELLGRID Y 0 DO 39 STEP 6900 ;
[INFO DRT-0028]   Complete FR_MASTERSLICE.
[INFO DRT-0028]   Complete Fr_VIA.
[INFO DRT-0028]   Complete li1.
[INFO DRT-0028]   Complete mcon.
[INFO DRT-0028]   Complete met1.
[INFO DRT-0028]   Complete via.
[INFO DRT-0028]   Complete met2.
[INFO DRT-0028]   Complete via2.
[INFO DRT-0028]   Complete met3.
[INFO DRT-0028]   Complete via3.
[INFO DRT-0028]   Complete met4.
[INFO DRT-0028]   Complete via4.
[INFO DRT-0028]   Complete met5.
[INFO DRT-0178] Init guide query.
[INFO DRT-0035]   Complete FR_MASTERSLICE (guide).
[INFO DRT-0035]   Complete Fr_VIA (guide).
[INFO DRT-0035]   Complete li1 (guide).
[INFO DRT-0035]   Complete mcon (guide).
[INFO DRT-0035]   Complete met1 (guide).
[INFO DRT-0035]   Complete via (guide).
[INFO DRT-0035]   Complete met2 (guide).
[INFO DRT-0035]   Complete via2 (guide).
[INFO DRT-0035]   Complete met3 (guide).
[INFO DRT-0035]   Complete via3 (guide).
[INFO DRT-0035]   Complete met4 (guide).
[INFO DRT-0035]   Complete via4 (guide).
[INFO DRT-0035]   Complete met5 (guide).
[INFO DRT-0036] FR_MASTERSLICE guide region query size = 0.
[INFO DRT-0036] FR_VIA guide region query size = 0.
[INFO DRT-0036] li1 guide region query size = 8838.
[INFO DRT-0036] mcon guide region query size = 0.
[INFO DRT-0036] met1 guide region query size = 6396.
[INFO DRT-0036] via guide region query size = 0.
[INFO DRT-0036] met2 guide region query size = 3022.
[INFO DRT-0036] via2 guide region query size = 0.
[INFO DRT-0036] met3 guide region query size = 156.
[INFO DRT-0036] via3 guide region query size = 0.
[INFO DRT-0036] met4 guide region query size = 56.
[INFO DRT-0036] via4 guide region query size = 0.
[INFO DRT-0036] met5 guide region query size = 0.
[INFO DRT-0179] Init gr pin query.
[INFO DRT-0245] skipped writing guide updates to database.
[INFO DRT-0185] Post process initialize RPin region query.
[INFO DRT-0181] Start track assignment.
[INFO DRT-0184] Done with 11916 vertical wires in 1 frboxes and 6552 horizontal wires in 1 frboxes.
[INFO DRT-0186] Done with 900 vertical wires in 1 frboxes and 1960 horizontal wires in 1 frboxes.
[INFO DRT-0182] Complete track assignment.
[INFO DRT-0267] cpu time = 00:00:01, elapsed time = 00:00:01, memory = 222.19 (MB), peak = 222.19 (MB)
[INFO DRT-0187] Start routing data preparation.
[INFO DRT-0267] cpu time = 00:00:00, elapsed time = 00:00:00, memory = 222.19 (MB), peak = 222.19 (MB)
[INFO DRT-0194] Start detail routing.
[INFO DRT-0195] Start 0th optimization iteration.
    Completing 10% with 0 violations.
    elapsed time = 00:00:02, memory = 235.73 (MB).
    Completing 20% with 0 violations.
    elapsed time = 00:00:04, memory = 280.35 (MB).
    Completing 30% with 180 violations.
    elapsed time = 00:00:07, memory = 311.09 (MB).
    Completing 40% with 180 violations.
    elapsed time = 00:00:11, memory = 302.68 (MB).
    Completing 50% with 180 violations.
    elapsed time = 00:00:14, memory = 319.93 (MB).
    Completing 60% with 469 violations.
    elapsed time = 00:00:17, memory = 320.18 (MB).
    Completing 70% with 469 violations.
    elapsed time = 00:00:19, memory = 322.80 (MB).
    Completing 80% with 770 violations.
    elapsed time = 00:00:22, memory = 322.93 (MB).
    Completing 90% with 770 violations.
    elapsed time = 00:00:27, memory = 352.93 (MB).
    Completing 100% with 1115 violations.
    elapsed time = 00:00:32, memory = 329.08 (MB).
[INFO DRT-0199]   Number of violations = 1496.
Viol/Layer         li1   mcon   met1   met2   met3   met4
Cut Spacing          0      2      0      0      0      0
Metal Spacing       24      0    256     27      8      0
Recheck              2      0    258    113      7      1
Short                0      0    748     50      0      0
[INFO DRT-0267] cpu time = 00:00:56, elapsed time = 00:00:32, memory = 595.83 (MB), peak = 595.83 (MB)
Total wire length = 79167 um.
Total wire length on LAYER li1 = 0 um.
Total wire length on LAYER met1 = 39430 um.
Total wire length on LAYER met2 = 34351 um.
Total wire length on LAYER met3 = 2922 um.
Total wire length on LAYER met4 = 2463 um.
Total wire length on LAYER met5 = 0 um.
Total number of vias = 24025.
Up-via summary (total 24025):

------------------------
 FR_MASTERSLICE        0
            li1    12064
           met1    11603
           met2      258
           met3      100
           met4        0
------------------------
                   24025


[INFO DRT-0195] Start 1st optimization iteration.
    Completing 10% with 1496 violations.
    elapsed time = 00:00:02, memory = 621.33 (MB).
    Completing 20% with 1496 violations.
    elapsed time = 00:00:04, memory = 595.94 (MB).
    Completing 30% with 1358 violations.
    elapsed time = 00:00:05, memory = 595.94 (MB).
    Completing 40% with 1358 violations.
    elapsed time = 00:00:09, memory = 595.94 (MB).
    Completing 50% with 1358 violations.
    elapsed time = 00:00:10, memory = 595.94 (MB).
    Completing 60% with 1188 violations.
    elapsed time = 00:00:15, memory = 595.94 (MB).
    Completing 70% with 1188 violations.
    elapsed time = 00:00:17, memory = 595.94 (MB).
    Completing 80% with 921 violations.
    elapsed time = 00:00:20, memory = 595.94 (MB).
    Completing 90% with 921 violations.
    elapsed time = 00:00:23, memory = 595.94 (MB).
    Completing 100% with 675 violations.
    elapsed time = 00:00:26, memory = 595.94 (MB).
[INFO DRT-0199]   Number of violations = 675.
Viol/Layer        mcon   met1   met2   met3
Cut Spacing          1      0      0      0
Metal Spacing        0    115     34      6
Short                0    504     15      0
[INFO DRT-0267] cpu time = 00:00:50, elapsed time = 00:00:27, memory = 596.44 (MB), peak = 621.33 (MB)
Total wire length = 78263 um.
Total wire length on LAYER li1 = 0 um.
Total wire length on LAYER met1 = 39009 um.
Total wire length on LAYER met2 = 33877 um.
Total wire length on LAYER met3 = 2911 um.
Total wire length on LAYER met4 = 2465 um.
Total wire length on LAYER met5 = 0 um.
Total number of vias = 23870.
Up-via summary (total 23870):

------------------------
 FR_MASTERSLICE        0
            li1    12051
           met1    11454
           met2      269
           met3       96
           met4        0
------------------------
                   23870


[INFO DRT-0195] Start 2nd optimization iteration.
    Completing 10% with 675 violations.
    elapsed time = 00:00:00, memory = 596.44 (MB).
    Completing 20% with 675 violations.
    elapsed time = 00:00:05, memory = 596.44 (MB).
    Completing 30% with 675 violations.
    elapsed time = 00:00:06, memory = 596.44 (MB).
    Completing 40% with 647 violations.
    elapsed time = 00:00:08, memory = 596.44 (MB).
    Completing 50% with 647 violations.
    elapsed time = 00:00:11, memory = 596.44 (MB).
    Completing 60% with 682 violations.
    elapsed time = 00:00:18, memory = 596.44 (MB).
    Completing 70% with 682 violations.
    elapsed time = 00:00:19, memory = 596.44 (MB).
    Completing 80% with 682 violations.
    elapsed time = 00:00:21, memory = 596.44 (MB).
    Completing 90% with 717 violations.
    elapsed time = 00:00:25, memory = 596.44 (MB).
    Completing 100% with 650 violations.
    elapsed time = 00:00:27, memory = 604.82 (MB).
[INFO DRT-0199]   Number of violations = 650.
Viol/Layer        met1   met2
Metal Spacing      115     19
Short              502     14
[INFO DRT-0267] cpu time = 00:00:51, elapsed time = 00:00:27, memory = 605.69 (MB), peak = 621.33 (MB)
Total wire length = 78154 um.
Total wire length on LAYER li1 = 0 um.
Total wire length on LAYER met1 = 39049 um.
Total wire length on LAYER met2 = 33715 um.
Total wire length on LAYER met3 = 2890 um.
Total wire length on LAYER met4 = 2499 um.
Total wire length on LAYER met5 = 0 um.
Total number of vias = 23933.
Up-via summary (total 23933):

------------------------
 FR_MASTERSLICE        0
            li1    12051
           met1    11511
           met2      273
           met3       98
           met4        0
------------------------
                   23933


[INFO DRT-0195] Start 3rd optimization iteration.
    Completing 10% with 650 violations.
    elapsed time = 00:00:01, memory = 629.94 (MB).
    Completing 20% with 650 violations.
    elapsed time = 00:00:03, memory = 647.82 (MB).
    Completing 30% with 516 violations.
    elapsed time = 00:00:04, memory = 647.82 (MB).
    Completing 40% with 516 violations.
    elapsed time = 00:00:05, memory = 647.82 (MB).
    Completing 50% with 516 violations.
    elapsed time = 00:00:07, memory = 647.82 (MB).
    Completing 60% with 423 violations.
    elapsed time = 00:00:09, memory = 647.82 (MB).
    Completing 70% with 423 violations.
    elapsed time = 00:00:12, memory = 647.82 (MB).
    Completing 80% with 261 violations.
    elapsed time = 00:00:13, memory = 647.82 (MB).
    Completing 90% with 261 violations.
    elapsed time = 00:00:17, memory = 647.82 (MB).
    Completing 100% with 72 violations.
    elapsed time = 00:00:20, memory = 647.82 (MB).
[INFO DRT-0199]   Number of violations = 72.
Viol/Layer        met1
Metal Spacing       25
Short               47
[INFO DRT-0267] cpu time = 00:00:37, elapsed time = 00:00:20, memory = 647.82 (MB), peak = 647.82 (MB)
Total wire length = 78073 um.
Total wire length on LAYER li1 = 0 um.
Total wire length on LAYER met1 = 37436 um.
Total wire length on LAYER met2 = 33819 um.
Total wire length on LAYER met3 = 4280 um.
Total wire length on LAYER met4 = 2536 um.
Total wire length on LAYER met5 = 0 um.
Total number of vias = 24270.
Up-via summary (total 24270):

------------------------
 FR_MASTERSLICE        0
            li1    12051
           met1    11613
           met2      506
           met3      100
           met4        0
------------------------
                   24270


[INFO DRT-0195] Start 4th optimization iteration.
    Completing 10% with 72 violations.
    elapsed time = 00:00:00, memory = 647.82 (MB).
    Completing 20% with 72 violations.
    elapsed time = 00:00:00, memory = 647.82 (MB).
    Completing 30% with 69 violations.
    elapsed time = 00:00:00, memory = 647.82 (MB).
    Completing 40% with 69 violations.
    elapsed time = 00:00:00, memory = 647.82 (MB).
    Completing 50% with 69 violations.
    elapsed time = 00:00:00, memory = 647.82 (MB).
    Completing 60% with 47 violations.
    elapsed time = 00:00:00, memory = 647.82 (MB).
    Completing 70% with 47 violations.
    elapsed time = 00:00:01, memory = 647.82 (MB).
    Completing 80% with 27 violations.
    elapsed time = 00:00:01, memory = 647.82 (MB).
    Completing 90% with 27 violations.
    elapsed time = 00:00:02, memory = 647.82 (MB).
    Completing 100% with 4 violations.
    elapsed time = 00:00:02, memory = 647.82 (MB).
[INFO DRT-0199]   Number of violations = 4.
Viol/Layer        met1
Metal Spacing        1
Short                3
[INFO DRT-0267] cpu time = 00:00:04, elapsed time = 00:00:02, memory = 647.82 (MB), peak = 647.82 (MB)
Total wire length = 78073 um.
Total wire length on LAYER li1 = 0 um.
Total wire length on LAYER met1 = 37275 um.
Total wire length on LAYER met2 = 33841 um.
Total wire length on LAYER met3 = 4419 um.
Total wire length on LAYER met4 = 2536 um.
Total wire length on LAYER met5 = 0 um.
Total number of vias = 24294.
Up-via summary (total 24294):

------------------------
 FR_MASTERSLICE        0
            li1    12051
           met1    11615
           met2      528
           met3      100
           met4        0
------------------------
                   24294


[INFO DRT-0195] Start 5th optimization iteration.
    Completing 10% with 4 violations.
    elapsed time = 00:00:00, memory = 598.87 (MB).
    Completing 20% with 4 violations.
    elapsed time = 00:00:00, memory = 598.87 (MB).
    Completing 30% with 4 violations.
    elapsed time = 00:00:00, memory = 598.87 (MB).
    Completing 40% with 4 violations.
    elapsed time = 00:00:00, memory = 598.87 (MB).
    Completing 50% with 4 violations.
    elapsed time = 00:00:00, memory = 598.87 (MB).
    Completing 60% with 4 violations.
    elapsed time = 00:00:00, memory = 598.87 (MB).
    Completing 70% with 4 violations.
    elapsed time = 00:00:00, memory = 598.87 (MB).
    Completing 80% with 4 violations.
    elapsed time = 00:00:00, memory = 598.87 (MB).
    Completing 90% with 4 violations.
    elapsed time = 00:00:00, memory = 598.87 (MB).
    Completing 100% with 0 violations.
    elapsed time = 00:00:00, memory = 607.00 (MB).
[INFO DRT-0199]   Number of violations = 0.
[INFO DRT-0267] cpu time = 00:00:00, elapsed time = 00:00:00, memory = 607.00 (MB), peak = 647.82 (MB)
Total wire length = 78069 um.
Total wire length on LAYER li1 = 0 um.
Total wire length on LAYER met1 = 37259 um.
Total wire length on LAYER met2 = 33846 um.
Total wire length on LAYER met3 = 4426 um.
Total wire length on LAYER met4 = 2536 um.
Total wire length on LAYER met5 = 0 um.
Total number of vias = 24294.
Up-via summary (total 24294):

------------------------
 FR_MASTERSLICE        0
            li1    12051
           met1    11615
           met2      528
           met3      100
           met4        0
------------------------
                   24294


[INFO DRT-0198] Complete detail routing.
Total wire length = 78069 um.
Total wire length on LAYER li1 = 0 um.
Total wire length on LAYER met1 = 37259 um.
Total wire length on LAYER met2 = 33846 um.
Total wire length on LAYER met3 = 4426 um.
Total wire length on LAYER met4 = 2536 um.
Total wire length on LAYER met5 = 0 um.
Total number of vias = 24294.
Up-via summary (total 24294):

------------------------
 FR_MASTERSLICE        0
            li1    12051
           met1    11615
           met2      528
           met3      100
           met4        0
------------------------
                   24294


[INFO DRT-0267] cpu time = 00:03:21, elapsed time = 00:01:51, memory = 607.00 (MB), peak = 647.82 (MB)

[INFO DRT-0180] Post processing.
Setting global connections for newly added cells…
Writing OpenROAD database to '/design/runs/full_run/results/routing/top.odb'…
Writing netlist to '/design/runs/full_run/results/routing/top.nl.v'…
Writing powered netlist to '/design/runs/full_run/results/routing/top.pnl.v'…
Writing layout to '/design/runs/full_run/results/routing/top.def'…
