
===========================================================================
report_checks -unconstrained
===========================================================================
======================= Fastest Corner ===================================

Startpoint: s_tdata[3] (input port clocked by clk)
Endpoint: _6224_ (rising edge-triggered flip-flop clocked by clk)
Path Group: clk
Path Type: max
Corner: Fastest

Fanout     Cap    Slew   Delay    Time   Description
-----------------------------------------------------------------------------
                          0.00    0.00   clock clk (rise edge)
                          0.00    0.00   clock network delay (propagated)
                          0.80    0.80 ^ input external delay
     1    0.00    0.01    0.01    0.81 ^ s_tdata[3] (in)
                                         s_tdata[3] (net)
                  0.01    0.00    0.81 ^ input20/A (sky130_fd_sc_hd__clkbuf_2)
     7    0.04    0.17    0.16    0.97 ^ input20/X (sky130_fd_sc_hd__clkbuf_2)
                                         net20 (net)
                  0.17    0.00    0.97 ^ _3901_/A (sky130_fd_sc_hd__buf_6)
    10    0.06    0.09    0.13    1.10 ^ _3901_/X (sky130_fd_sc_hd__buf_6)
                                         _0488_ (net)
                  0.09    0.00    1.11 ^ _3902_/A (sky130_fd_sc_hd__buf_6)
    10    0.05    0.08    0.12    1.22 ^ _3902_/X (sky130_fd_sc_hd__buf_6)
                                         _0489_ (net)
                  0.08    0.01    1.23 ^ _3903_/A (sky130_fd_sc_hd__clkbuf_4)
    10    0.07    0.16    0.20    1.43 ^ _3903_/X (sky130_fd_sc_hd__clkbuf_4)
                                         _0490_ (net)
                  0.16    0.00    1.43 ^ _3904_/A (sky130_fd_sc_hd__buf_2)
    10    0.05    0.20    0.22    1.65 ^ _3904_/X (sky130_fd_sc_hd__buf_2)
                                         _0491_ (net)
                  0.20    0.00    1.65 ^ _4790_/B1 (sky130_fd_sc_hd__a22oi_1)
     1    0.01    0.06    0.06    1.71 v _4790_/Y (sky130_fd_sc_hd__a22oi_1)
                                         _1361_ (net)
                  0.06    0.00    1.72 v _4792_/A (sky130_fd_sc_hd__or2_1)
     2    0.01    0.05    0.17    1.89 v _4792_/X (sky130_fd_sc_hd__or2_1)
                                         _1363_ (net)
                  0.05    0.00    1.89 v _4793_/B (sky130_fd_sc_hd__xor2_1)
     2    0.01    0.05    0.11    1.99 v _4793_/X (sky130_fd_sc_hd__xor2_1)
                                         _1364_ (net)
                  0.05    0.00    1.99 v _4794_/B (sky130_fd_sc_hd__and2_1)
     3    0.01    0.04    0.13    2.12 v _4794_/X (sky130_fd_sc_hd__and2_1)
                                         _1365_ (net)
                  0.04    0.00    2.12 v _4890_/B (sky130_fd_sc_hd__and3_1)
     3    0.01    0.04    0.13    2.25 v _4890_/X (sky130_fd_sc_hd__and3_1)
                                         _1460_ (net)
                  0.04    0.00    2.26 v _4892_/B (sky130_fd_sc_hd__or3_4)
     2    0.00    0.05    0.23    2.49 v _4892_/X (sky130_fd_sc_hd__or3_4)
                                         _1462_ (net)
                  0.05    0.00    2.49 v _4894_/A (sky130_fd_sc_hd__and3_1)
     2    0.00    0.03    0.10    2.59 v _4894_/X (sky130_fd_sc_hd__and3_1)
                                         _1464_ (net)
                  0.03    0.00    2.59 v rebuffer9/A (sky130_fd_sc_hd__dlymetal6s2s_1)
     3    0.01    0.05    0.12    2.71 v rebuffer9/X (sky130_fd_sc_hd__dlymetal6s2s_1)
                                         net74 (net)
                  0.05    0.00    2.71 v _4897_/A1 (sky130_fd_sc_hd__o21ai_1)
     3    0.01    0.15    0.16    2.87 ^ _4897_/Y (sky130_fd_sc_hd__o21ai_1)
                                         _1467_ (net)
                  0.15    0.00    2.87 ^ _4899_/A2 (sky130_fd_sc_hd__a21oi_1)
     3    0.01    0.08    0.10    2.97 v _4899_/Y (sky130_fd_sc_hd__a21oi_1)
                                         _1469_ (net)
                  0.08    0.00    2.97 v _4901_/A1 (sky130_fd_sc_hd__o211a_1)
     2    0.01    0.05    0.19    3.16 v _4901_/X (sky130_fd_sc_hd__o211a_1)
                                         _1471_ (net)
                  0.05    0.00    3.16 v _4902_/B1 (sky130_fd_sc_hd__a211o_4)
     4    0.03    0.06    0.20    3.35 v _4902_/X (sky130_fd_sc_hd__a211o_4)
                                         _1472_ (net)
                  0.06    0.00    3.35 v rebuffer41/A (sky130_fd_sc_hd__buf_6)
     1    0.01    0.02    0.09    3.45 v rebuffer41/X (sky130_fd_sc_hd__buf_6)
                                         net106 (net)
                  0.02    0.00    3.45 v _4980_/A1 (sky130_fd_sc_hd__a211oi_4)
     3    0.04    0.32    0.30    3.75 ^ _4980_/Y (sky130_fd_sc_hd__a211oi_4)
                                         _1549_ (net)
                  0.32    0.01    3.75 ^ _4982_/B (sky130_fd_sc_hd__or3_4)
     3    0.01    0.04    0.12    3.88 ^ _4982_/X (sky130_fd_sc_hd__or3_4)
                                         _1551_ (net)
                  0.04    0.00    3.88 ^ _5061_/B (sky130_fd_sc_hd__and2b_1)
     2    0.01    0.10    0.13    4.01 ^ _5061_/X (sky130_fd_sc_hd__and2b_1)
                                         _1629_ (net)
                  0.10    0.00    4.01 ^ _5062_/A (sky130_fd_sc_hd__xnor2_2)
     3    0.01    0.06    0.06    4.07 v _5062_/Y (sky130_fd_sc_hd__xnor2_2)
                                         _1630_ (net)
                  0.06    0.00    4.07 v _5140_/A (sky130_fd_sc_hd__or2b_4)
     2    0.01    0.04    0.17    4.24 v _5140_/X (sky130_fd_sc_hd__or2b_4)
                                         _1706_ (net)
                  0.04    0.00    4.24 v rebuffer40/A (sky130_fd_sc_hd__clkbuf_1)
     2    0.01    0.03    0.07    4.31 v rebuffer40/X (sky130_fd_sc_hd__clkbuf_1)
                                         net105 (net)
                  0.03    0.00    4.31 v rebuffer16/A (sky130_fd_sc_hd__dlymetal6s2s_1)
     1    0.00    0.03    0.09    4.40 v rebuffer16/X (sky130_fd_sc_hd__dlymetal6s2s_1)
                                         net81 (net)
                  0.03    0.00    4.40 v _5145_/B1 (sky130_fd_sc_hd__o221a_1)
     2    0.01    0.04    0.15    4.56 v _5145_/X (sky130_fd_sc_hd__o221a_1)
                                         _1711_ (net)
                  0.04    0.00    4.56 v _5475_/A3 (sky130_fd_sc_hd__a311o_1)
     2    0.01    0.06    0.25    4.81 v _5475_/X (sky130_fd_sc_hd__a311o_1)
                                         _2037_ (net)
                  0.06    0.00    4.81 v _5556_/A1 (sky130_fd_sc_hd__a21o_1)
     5    0.01    0.06    0.15    4.95 v _5556_/X (sky130_fd_sc_hd__a21o_1)
                                         _2118_ (net)
                  0.06    0.00    4.95 v _5690_/A1 (sky130_fd_sc_hd__a311o_1)
     2    0.01    0.05    0.19    5.14 v _5690_/X (sky130_fd_sc_hd__a311o_1)
                                         _2249_ (net)
                  0.05    0.00    5.14 v _5741_/A1 (sky130_fd_sc_hd__a31o_1)
     1    0.00    0.03    0.13    5.27 v _5741_/X (sky130_fd_sc_hd__a31o_1)
                                         _2300_ (net)
                  0.03    0.00    5.27 v _5742_/B2 (sky130_fd_sc_hd__o221a_1)
     1    0.00    0.03    0.12    5.39 v _5742_/X (sky130_fd_sc_hd__o221a_1)
                                         _0137_ (net)
                  0.03    0.00    5.39 v _6224_/D (sky130_fd_sc_hd__dfxtp_2)
                                  5.39   data arrival time

                          4.00    4.00   clock clk (rise edge)
                          0.00    4.00   clock source latency
     1    0.04    0.14    0.09    4.09 ^ clk (in)
                                         clk (net)
                  0.14    0.00    4.09 ^ clkbuf_0_clk/A (sky130_fd_sc_hd__clkbuf_16)
     2    0.03    0.04    0.11    4.21 ^ clkbuf_0_clk/X (sky130_fd_sc_hd__clkbuf_16)
                                         clknet_0_clk (net)
                  0.04    0.00    4.21 ^ clkbuf_1_1__f_clk/A (sky130_fd_sc_hd__clkbuf_16)
    12    0.12    0.10    0.13    4.34 ^ clkbuf_1_1__f_clk/X (sky130_fd_sc_hd__clkbuf_16)
                                         clknet_1_1__leaf_clk (net)
                  0.10    0.01    4.35 ^ clkbuf_leaf_12_clk/A (sky130_fd_sc_hd__clkbuf_8)
    11    0.04    0.06    0.12    4.47 ^ clkbuf_leaf_12_clk/X (sky130_fd_sc_hd__clkbuf_8)
                                         clknet_leaf_12_clk (net)
                  0.06    0.00    4.47 ^ _6224_/CLK (sky130_fd_sc_hd__dfxtp_2)
                         -0.25    4.22   clock uncertainty
                          0.00    4.22   clock reconvergence pessimism
                         -0.07    4.15   library setup time
                                  4.15   data required time
-----------------------------------------------------------------------------
                                  4.15   data required time
                                 -5.39   data arrival time
-----------------------------------------------------------------------------
                                 -1.24   slack (VIOLATED)



======================= Slowest Corner ===================================

Startpoint: _6100_ (rising edge-triggered flip-flop clocked by clk)
Endpoint: _6224_ (rising edge-triggered flip-flop clocked by clk)
Path Group: clk
Path Type: max
Corner: Slowest

Fanout     Cap    Slew   Delay    Time   Description
-----------------------------------------------------------------------------
                          0.00    0.00   clock clk (rise edge)
                          0.00    0.00   clock source latency
     1    0.04    0.30    0.22    0.22 ^ clk (in)
                                         clk (net)
                  0.30    0.00    0.22 ^ clkbuf_0_clk/A (sky130_fd_sc_hd__clkbuf_16)
     2    0.03    0.09    0.36    0.57 ^ clkbuf_0_clk/X (sky130_fd_sc_hd__clkbuf_16)
                                         clknet_0_clk (net)
                  0.09    0.00    0.58 ^ clkbuf_1_0__f_clk/A (sky130_fd_sc_hd__clkbuf_16)
    12    0.12    0.20    0.35    0.93 ^ clkbuf_1_0__f_clk/X (sky130_fd_sc_hd__clkbuf_16)
                                         clknet_1_0__leaf_clk (net)
                  0.20    0.01    0.94 ^ clkbuf_leaf_6_clk/A (sky130_fd_sc_hd__clkbuf_8)
     7    0.04    0.12    0.35    1.29 ^ clkbuf_leaf_6_clk/X (sky130_fd_sc_hd__clkbuf_8)
                                         clknet_leaf_6_clk (net)
                  0.12    0.00    1.29 ^ _6100_/CLK (sky130_fd_sc_hd__dfxtp_1)
     4    0.04    0.59    1.08    2.37 ^ _6100_/Q (sky130_fd_sc_hd__dfxtp_1)
                                         u_interface.u_compute_core.relu_data[13] (net)
                  0.59    0.01    2.38 ^ _3106_/A (sky130_fd_sc_hd__buf_2)
    10    0.04    0.31    0.61    2.99 ^ _3106_/X (sky130_fd_sc_hd__buf_2)
                                         _2628_ (net)
                  0.31    0.00    2.99 ^ _4718_/A1 (sky130_fd_sc_hd__a31o_1)
     2    0.01    0.14    0.42    3.42 ^ _4718_/X (sky130_fd_sc_hd__a31o_1)
                                         _1290_ (net)
                  0.14    0.00    3.42 ^ _4724_/A (sky130_fd_sc_hd__nand3_1)
     3    0.01    0.36    0.37    3.78 v _4724_/Y (sky130_fd_sc_hd__nand3_1)
                                         _1296_ (net)
                  0.36    0.00    3.79 v _4812_/A (sky130_fd_sc_hd__or3_4)
     3    0.01    0.13    0.93    4.72 v _4812_/X (sky130_fd_sc_hd__or3_4)
                                         _1383_ (net)
                  0.13    0.00    4.72 v _4815_/A1 (sky130_fd_sc_hd__a21o_1)
     1    0.00    0.06    0.33    5.05 v _4815_/X (sky130_fd_sc_hd__a21o_1)
                                         _1386_ (net)
                  0.06    0.00    5.05 v _4816_/B (sky130_fd_sc_hd__and2_4)
     3    0.01    0.07    0.31    5.36 v _4816_/X (sky130_fd_sc_hd__and2_4)
                                         _1387_ (net)
                  0.07    0.00    5.36 v _4817_/B (sky130_fd_sc_hd__xor2_1)
     1    0.00    0.12    0.29    5.65 v _4817_/X (sky130_fd_sc_hd__xor2_1)
                                         _1388_ (net)
                  0.12    0.00    5.66 v _4818_/A (sky130_fd_sc_hd__xnor2_1)
     2    0.01    0.17    0.31    5.97 v _4818_/Y (sky130_fd_sc_hd__xnor2_1)
                                         _1389_ (net)
                  0.17    0.00    5.97 v _4855_/B (sky130_fd_sc_hd__or2_4)
     2    0.01    0.09    0.51    6.48 v _4855_/X (sky130_fd_sc_hd__or2_4)
                                         _1425_ (net)
                  0.09    0.00    6.48 v _4896_/A (sky130_fd_sc_hd__or3_4)
     5    0.02    0.15    0.86    7.34 v _4896_/X (sky130_fd_sc_hd__or3_4)
                                         _1466_ (net)
                  0.15    0.00    7.34 v _4898_/A (sky130_fd_sc_hd__and3_1)
     2    0.01    0.11    0.39    7.73 v _4898_/X (sky130_fd_sc_hd__and3_1)
                                         _1468_ (net)
                  0.11    0.00    7.73 v _4901_/A2 (sky130_fd_sc_hd__o211a_1)
     2    0.01    0.13    0.48    8.21 v _4901_/X (sky130_fd_sc_hd__o211a_1)
                                         _1471_ (net)
                  0.13    0.00    8.21 v _4902_/B1 (sky130_fd_sc_hd__a211o_4)
     4    0.03    0.14    0.69    8.90 v _4902_/X (sky130_fd_sc_hd__a211o_4)
                                         _1472_ (net)
                  0.14    0.00    8.91 v rebuffer41/A (sky130_fd_sc_hd__buf_6)
     1    0.01    0.04    0.25    9.16 v rebuffer41/X (sky130_fd_sc_hd__buf_6)
                                         net106 (net)
                  0.04    0.00    9.16 v _4980_/A1 (sky130_fd_sc_hd__a211oi_4)
     3    0.04    0.71    0.72    9.88 ^ _4980_/Y (sky130_fd_sc_hd__a211oi_4)
                                         _1549_ (net)
                  0.71    0.01    9.88 ^ _4982_/B (sky130_fd_sc_hd__or3_4)
     3    0.01    0.08    0.50   10.38 ^ _4982_/X (sky130_fd_sc_hd__or3_4)
                                         _1551_ (net)
                  0.08    0.00   10.38 ^ _5061_/B (sky130_fd_sc_hd__and2b_1)
     2    0.01    0.21    0.36   10.75 ^ _5061_/X (sky130_fd_sc_hd__and2b_1)
                                         _1629_ (net)
                  0.21    0.00   10.75 ^ _5062_/A (sky130_fd_sc_hd__xnor2_2)
     3    0.01    0.14    0.23   10.98 v _5062_/Y (sky130_fd_sc_hd__xnor2_2)
                                         _1630_ (net)
                  0.14    0.00   10.98 v _5140_/A (sky130_fd_sc_hd__or2b_4)
     2    0.01    0.09    0.54   11.52 v _5140_/X (sky130_fd_sc_hd__or2b_4)
                                         _1706_ (net)
                  0.09    0.00   11.52 v _5142_/A (sky130_fd_sc_hd__or4_4)
     2    0.01    0.16    1.12   12.64 v _5142_/X (sky130_fd_sc_hd__or4_4)
                                         _1708_ (net)
                  0.16    0.00   12.64 v _5475_/A1 (sky130_fd_sc_hd__a311o_1)
     2    0.01    0.14    0.63   13.27 v _5475_/X (sky130_fd_sc_hd__a311o_1)
                                         _2037_ (net)
                  0.14    0.00   13.27 v _5556_/A1 (sky130_fd_sc_hd__a21o_1)
     5    0.01    0.15    0.43   13.69 v _5556_/X (sky130_fd_sc_hd__a21o_1)
                                         _2118_ (net)
                  0.15    0.00   13.69 v _5690_/A1 (sky130_fd_sc_hd__a311o_1)
     2    0.01    0.12    0.59   14.29 v _5690_/X (sky130_fd_sc_hd__a311o_1)
                                         _2249_ (net)
                  0.12    0.00   14.29 v _5741_/A1 (sky130_fd_sc_hd__a31o_1)
     1    0.00    0.08    0.37   14.66 v _5741_/X (sky130_fd_sc_hd__a31o_1)
                                         _2300_ (net)
                  0.08    0.00   14.66 v _5742_/B2 (sky130_fd_sc_hd__o221a_1)
     1    0.00    0.08    0.40   15.06 v _5742_/X (sky130_fd_sc_hd__o221a_1)
                                         _0137_ (net)
                  0.08    0.00   15.06 v _6224_/D (sky130_fd_sc_hd__dfxtp_2)
                                 15.06   data arrival time

                          4.00    4.00   clock clk (rise edge)
                          0.00    4.00   clock source latency
     1    0.04    0.30    0.20    4.20 ^ clk (in)
                                         clk (net)
                  0.30    0.00    4.20 ^ clkbuf_0_clk/A (sky130_fd_sc_hd__clkbuf_16)
     2    0.03    0.09    0.32    4.52 ^ clkbuf_0_clk/X (sky130_fd_sc_hd__clkbuf_16)
                                         clknet_0_clk (net)
                  0.09    0.00    4.52 ^ clkbuf_1_1__f_clk/A (sky130_fd_sc_hd__clkbuf_16)
    12    0.12    0.20    0.32    4.84 ^ clkbuf_1_1__f_clk/X (sky130_fd_sc_hd__clkbuf_16)
                                         clknet_1_1__leaf_clk (net)
                  0.20    0.01    4.85 ^ clkbuf_leaf_12_clk/A (sky130_fd_sc_hd__clkbuf_8)
    11    0.04    0.12    0.32    5.17 ^ clkbuf_leaf_12_clk/X (sky130_fd_sc_hd__clkbuf_8)
                                         clknet_leaf_12_clk (net)
                  0.12    0.00    5.17 ^ _6224_/CLK (sky130_fd_sc_hd__dfxtp_2)
                         -0.25    4.92   clock uncertainty
                          0.05    4.97   clock reconvergence pessimism
                         -0.27    4.71   library setup time
                                  4.71   data required time
-----------------------------------------------------------------------------
                                  4.71   data required time
                                -15.06   data arrival time
-----------------------------------------------------------------------------
                                -10.35   slack (VIOLATED)



======================= Typical Corner ===================================

Startpoint: s_tdata[3] (input port clocked by clk)
Endpoint: _6224_ (rising edge-triggered flip-flop clocked by clk)
Path Group: clk
Path Type: max
Corner: Typical

Fanout     Cap    Slew   Delay    Time   Description
-----------------------------------------------------------------------------
                          0.00    0.00   clock clk (rise edge)
                          0.00    0.00   clock network delay (propagated)
                          0.80    0.80 ^ input external delay
     1    0.00    0.02    0.01    0.81 ^ s_tdata[3] (in)
                                         s_tdata[3] (net)
                  0.02    0.00    0.81 ^ input20/A (sky130_fd_sc_hd__clkbuf_2)
     7    0.04    0.21    0.22    1.03 ^ input20/X (sky130_fd_sc_hd__clkbuf_2)
                                         net20 (net)
                  0.21    0.00    1.04 ^ _3901_/A (sky130_fd_sc_hd__buf_6)
    10    0.06    0.12    0.21    1.25 ^ _3901_/X (sky130_fd_sc_hd__buf_6)
                                         _0488_ (net)
                  0.12    0.00    1.25 ^ _3902_/A (sky130_fd_sc_hd__buf_6)
    10    0.05    0.11    0.18    1.43 ^ _3902_/X (sky130_fd_sc_hd__buf_6)
                                         _0489_ (net)
                  0.11    0.01    1.44 ^ _3903_/A (sky130_fd_sc_hd__clkbuf_4)
    10    0.07    0.21    0.29    1.73 ^ _3903_/X (sky130_fd_sc_hd__clkbuf_4)
                                         _0490_ (net)
                  0.21    0.00    1.73 ^ _3904_/A (sky130_fd_sc_hd__buf_2)
    10    0.05    0.26    0.32    2.05 ^ _3904_/X (sky130_fd_sc_hd__buf_2)
                                         _0491_ (net)
                  0.26    0.00    2.06 ^ _4790_/B1 (sky130_fd_sc_hd__a22oi_1)
     1    0.01    0.10    0.13    2.19 v _4790_/Y (sky130_fd_sc_hd__a22oi_1)
                                         _1361_ (net)
                  0.10    0.00    2.19 v _4792_/A (sky130_fd_sc_hd__or2_1)
     2    0.01    0.07    0.29    2.48 v _4792_/X (sky130_fd_sc_hd__or2_1)
                                         _1363_ (net)
                  0.07    0.00    2.48 v _4793_/B (sky130_fd_sc_hd__xor2_1)
     2    0.01    0.07    0.17    2.64 v _4793_/X (sky130_fd_sc_hd__xor2_1)
                                         _1364_ (net)
                  0.07    0.00    2.64 v _4794_/B (sky130_fd_sc_hd__and2_1)
     3    0.01    0.06    0.20    2.84 v _4794_/X (sky130_fd_sc_hd__and2_1)
                                         _1365_ (net)
                  0.06    0.00    2.84 v _4890_/B (sky130_fd_sc_hd__and3_1)
     3    0.01    0.06    0.20    3.05 v _4890_/X (sky130_fd_sc_hd__and3_1)
                                         _1460_ (net)
                  0.06    0.00    3.05 v _4892_/B (sky130_fd_sc_hd__or3_4)
     2    0.00    0.07    0.38    3.43 v _4892_/X (sky130_fd_sc_hd__or3_4)
                                         _1462_ (net)
                  0.07    0.00    3.43 v _4894_/A (sky130_fd_sc_hd__and3_1)
     2    0.00    0.04    0.16    3.59 v _4894_/X (sky130_fd_sc_hd__and3_1)
                                         _1464_ (net)
                  0.04    0.00    3.59 v rebuffer9/A (sky130_fd_sc_hd__dlymetal6s2s_1)
     3    0.01    0.07    0.18    3.77 v rebuffer9/X (sky130_fd_sc_hd__dlymetal6s2s_1)
                                         net74 (net)
                  0.07    0.00    3.77 v _4897_/A1 (sky130_fd_sc_hd__o21ai_1)
     3    0.01    0.21    0.23    4.01 ^ _4897_/Y (sky130_fd_sc_hd__o21ai_1)
                                         _1467_ (net)
                  0.21    0.00    4.01 ^ _4899_/A2 (sky130_fd_sc_hd__a21oi_1)
     3    0.01    0.12    0.17    4.18 v _4899_/Y (sky130_fd_sc_hd__a21oi_1)
                                         _1469_ (net)
                  0.12    0.00    4.18 v _4901_/A1 (sky130_fd_sc_hd__o211a_1)
     2    0.01    0.07    0.29    4.47 v _4901_/X (sky130_fd_sc_hd__o211a_1)
                                         _1471_ (net)
                  0.07    0.00    4.47 v _4902_/B1 (sky130_fd_sc_hd__a211o_4)
     4    0.03    0.09    0.38    4.85 v _4902_/X (sky130_fd_sc_hd__a211o_4)
                                         _1472_ (net)
                  0.09    0.00    4.86 v rebuffer41/A (sky130_fd_sc_hd__buf_6)
     1    0.01    0.02    0.14    5.00 v rebuffer41/X (sky130_fd_sc_hd__buf_6)
                                         net106 (net)
                  0.02    0.00    5.00 v _4980_/A1 (sky130_fd_sc_hd__a211oi_4)
     3    0.04    0.44    0.43    5.42 ^ _4980_/Y (sky130_fd_sc_hd__a211oi_4)
                                         _1549_ (net)
                  0.44    0.01    5.43 ^ _4982_/B (sky130_fd_sc_hd__or3_4)
     3    0.01    0.05    0.23    5.66 ^ _4982_/X (sky130_fd_sc_hd__or3_4)
                                         _1551_ (net)
                  0.05    0.00    5.66 ^ _5061_/B (sky130_fd_sc_hd__and2b_1)
     2    0.01    0.13    0.19    5.85 ^ _5061_/X (sky130_fd_sc_hd__and2b_1)
                                         _1629_ (net)
                  0.13    0.00    5.85 ^ _5062_/A (sky130_fd_sc_hd__xnor2_2)
     3    0.01    0.08    0.11    5.96 v _5062_/Y (sky130_fd_sc_hd__xnor2_2)
                                         _1630_ (net)
                  0.08    0.00    5.96 v _5140_/A (sky130_fd_sc_hd__or2b_4)
     2    0.01    0.05    0.28    6.24 v _5140_/X (sky130_fd_sc_hd__or2b_4)
                                         _1706_ (net)
                  0.05    0.00    6.24 v rebuffer40/A (sky130_fd_sc_hd__clkbuf_1)
     2    0.01    0.04    0.11    6.34 v rebuffer40/X (sky130_fd_sc_hd__clkbuf_1)
                                         net105 (net)
                  0.04    0.00    6.34 v rebuffer16/A (sky130_fd_sc_hd__dlymetal6s2s_1)
     1    0.00    0.04    0.14    6.48 v rebuffer16/X (sky130_fd_sc_hd__dlymetal6s2s_1)
                                         net81 (net)
                  0.04    0.00    6.48 v _5145_/B1 (sky130_fd_sc_hd__o221a_1)
     2    0.01    0.06    0.25    6.73 v _5145_/X (sky130_fd_sc_hd__o221a_1)
                                         _1711_ (net)
                  0.06    0.00    6.74 v _5475_/A3 (sky130_fd_sc_hd__a311o_1)
     2    0.01    0.08    0.40    7.14 v _5475_/X (sky130_fd_sc_hd__a311o_1)
                                         _2037_ (net)
                  0.08    0.00    7.14 v _5556_/A1 (sky130_fd_sc_hd__a21o_1)
     5    0.01    0.08    0.22    7.36 v _5556_/X (sky130_fd_sc_hd__a21o_1)
                                         _2118_ (net)
                  0.08    0.00    7.36 v _5690_/A1 (sky130_fd_sc_hd__a311o_1)
     2    0.01    0.07    0.30    7.66 v _5690_/X (sky130_fd_sc_hd__a311o_1)
                                         _2249_ (net)
                  0.07    0.00    7.66 v _5741_/A1 (sky130_fd_sc_hd__a31o_1)
     1    0.00    0.04    0.19    7.86 v _5741_/X (sky130_fd_sc_hd__a31o_1)
                                         _2300_ (net)
                  0.04    0.00    7.86 v _5742_/B2 (sky130_fd_sc_hd__o221a_1)
     1    0.00    0.04    0.20    8.06 v _5742_/X (sky130_fd_sc_hd__o221a_1)
                                         _0137_ (net)
                  0.04    0.00    8.06 v _6224_/D (sky130_fd_sc_hd__dfxtp_2)
                                  8.06   data arrival time

                          4.00    4.00   clock clk (rise edge)
                          0.00    4.00   clock source latency
     1    0.04    0.19    0.13    4.13 ^ clk (in)
                                         clk (net)
                  0.19    0.00    4.13 ^ clkbuf_0_clk/A (sky130_fd_sc_hd__clkbuf_16)
     2    0.03    0.06    0.18    4.30 ^ clkbuf_0_clk/X (sky130_fd_sc_hd__clkbuf_16)
                                         clknet_0_clk (net)
                  0.06    0.00    4.30 ^ clkbuf_1_1__f_clk/A (sky130_fd_sc_hd__clkbuf_16)
    12    0.12    0.13    0.19    4.49 ^ clkbuf_1_1__f_clk/X (sky130_fd_sc_hd__clkbuf_16)
                                         clknet_1_1__leaf_clk (net)
                  0.13    0.01    4.50 ^ clkbuf_leaf_12_clk/A (sky130_fd_sc_hd__clkbuf_8)
    11    0.04    0.08    0.18    4.68 ^ clkbuf_leaf_12_clk/X (sky130_fd_sc_hd__clkbuf_8)
                                         clknet_leaf_12_clk (net)
                  0.08    0.00    4.68 ^ _6224_/CLK (sky130_fd_sc_hd__dfxtp_2)
                         -0.25    4.43   clock uncertainty
                          0.00    4.43   clock reconvergence pessimism
                         -0.10    4.32   library setup time
                                  4.32   data required time
-----------------------------------------------------------------------------
                                  4.32   data required time
                                 -8.06   data arrival time
-----------------------------------------------------------------------------
                                 -3.73   slack (VIOLATED)




===========================================================================
report_checks --slack_max -0.01
============================================================================
======================= Fastest Corner ===================================

Startpoint: s_tdata[3] (input port clocked by clk)
Endpoint: _6224_ (rising edge-triggered flip-flop clocked by clk)
Path Group: clk
Path Type: max
Corner: Fastest

Fanout     Cap    Slew   Delay    Time   Description
-----------------------------------------------------------------------------
                          0.00    0.00   clock clk (rise edge)
                          0.00    0.00   clock network delay (propagated)
                          0.80    0.80 ^ input external delay
     1    0.00    0.01    0.01    0.81 ^ s_tdata[3] (in)
                                         s_tdata[3] (net)
                  0.01    0.00    0.81 ^ input20/A (sky130_fd_sc_hd__clkbuf_2)
     7    0.04    0.17    0.16    0.97 ^ input20/X (sky130_fd_sc_hd__clkbuf_2)
                                         net20 (net)
                  0.17    0.00    0.97 ^ _3901_/A (sky130_fd_sc_hd__buf_6)
    10    0.06    0.09    0.13    1.10 ^ _3901_/X (sky130_fd_sc_hd__buf_6)
                                         _0488_ (net)
                  0.09    0.00    1.11 ^ _3902_/A (sky130_fd_sc_hd__buf_6)
    10    0.05    0.08    0.12    1.22 ^ _3902_/X (sky130_fd_sc_hd__buf_6)
                                         _0489_ (net)
                  0.08    0.01    1.23 ^ _3903_/A (sky130_fd_sc_hd__clkbuf_4)
    10    0.07    0.16    0.20    1.43 ^ _3903_/X (sky130_fd_sc_hd__clkbuf_4)
                                         _0490_ (net)
                  0.16    0.00    1.43 ^ _3904_/A (sky130_fd_sc_hd__buf_2)
    10    0.05    0.20    0.22    1.65 ^ _3904_/X (sky130_fd_sc_hd__buf_2)
                                         _0491_ (net)
                  0.20    0.00    1.65 ^ _4790_/B1 (sky130_fd_sc_hd__a22oi_1)
     1    0.01    0.06    0.06    1.71 v _4790_/Y (sky130_fd_sc_hd__a22oi_1)
                                         _1361_ (net)
                  0.06    0.00    1.72 v _4792_/A (sky130_fd_sc_hd__or2_1)
     2    0.01    0.05    0.17    1.89 v _4792_/X (sky130_fd_sc_hd__or2_1)
                                         _1363_ (net)
                  0.05    0.00    1.89 v _4793_/B (sky130_fd_sc_hd__xor2_1)
     2    0.01    0.05    0.11    1.99 v _4793_/X (sky130_fd_sc_hd__xor2_1)
                                         _1364_ (net)
                  0.05    0.00    1.99 v _4794_/B (sky130_fd_sc_hd__and2_1)
     3    0.01    0.04    0.13    2.12 v _4794_/X (sky130_fd_sc_hd__and2_1)
                                         _1365_ (net)
                  0.04    0.00    2.12 v _4890_/B (sky130_fd_sc_hd__and3_1)
     3    0.01    0.04    0.13    2.25 v _4890_/X (sky130_fd_sc_hd__and3_1)
                                         _1460_ (net)
                  0.04    0.00    2.26 v _4892_/B (sky130_fd_sc_hd__or3_4)
     2    0.00    0.05    0.23    2.49 v _4892_/X (sky130_fd_sc_hd__or3_4)
                                         _1462_ (net)
                  0.05    0.00    2.49 v _4894_/A (sky130_fd_sc_hd__and3_1)
     2    0.00    0.03    0.10    2.59 v _4894_/X (sky130_fd_sc_hd__and3_1)
                                         _1464_ (net)
                  0.03    0.00    2.59 v rebuffer9/A (sky130_fd_sc_hd__dlymetal6s2s_1)
     3    0.01    0.05    0.12    2.71 v rebuffer9/X (sky130_fd_sc_hd__dlymetal6s2s_1)
                                         net74 (net)
                  0.05    0.00    2.71 v _4897_/A1 (sky130_fd_sc_hd__o21ai_1)
     3    0.01    0.15    0.16    2.87 ^ _4897_/Y (sky130_fd_sc_hd__o21ai_1)
                                         _1467_ (net)
                  0.15    0.00    2.87 ^ _4899_/A2 (sky130_fd_sc_hd__a21oi_1)
     3    0.01    0.08    0.10    2.97 v _4899_/Y (sky130_fd_sc_hd__a21oi_1)
                                         _1469_ (net)
                  0.08    0.00    2.97 v _4901_/A1 (sky130_fd_sc_hd__o211a_1)
     2    0.01    0.05    0.19    3.16 v _4901_/X (sky130_fd_sc_hd__o211a_1)
                                         _1471_ (net)
                  0.05    0.00    3.16 v _4902_/B1 (sky130_fd_sc_hd__a211o_4)
     4    0.03    0.06    0.20    3.35 v _4902_/X (sky130_fd_sc_hd__a211o_4)
                                         _1472_ (net)
                  0.06    0.00    3.35 v rebuffer41/A (sky130_fd_sc_hd__buf_6)
     1    0.01    0.02    0.09    3.45 v rebuffer41/X (sky130_fd_sc_hd__buf_6)
                                         net106 (net)
                  0.02    0.00    3.45 v _4980_/A1 (sky130_fd_sc_hd__a211oi_4)
     3    0.04    0.32    0.30    3.75 ^ _4980_/Y (sky130_fd_sc_hd__a211oi_4)
                                         _1549_ (net)
                  0.32    0.01    3.75 ^ _4982_/B (sky130_fd_sc_hd__or3_4)
     3    0.01    0.04    0.12    3.88 ^ _4982_/X (sky130_fd_sc_hd__or3_4)
                                         _1551_ (net)
                  0.04    0.00    3.88 ^ _5061_/B (sky130_fd_sc_hd__and2b_1)
     2    0.01    0.10    0.13    4.01 ^ _5061_/X (sky130_fd_sc_hd__and2b_1)
                                         _1629_ (net)
                  0.10    0.00    4.01 ^ _5062_/A (sky130_fd_sc_hd__xnor2_2)
     3    0.01    0.06    0.06    4.07 v _5062_/Y (sky130_fd_sc_hd__xnor2_2)
                                         _1630_ (net)
                  0.06    0.00    4.07 v _5140_/A (sky130_fd_sc_hd__or2b_4)
     2    0.01    0.04    0.17    4.24 v _5140_/X (sky130_fd_sc_hd__or2b_4)
                                         _1706_ (net)
                  0.04    0.00    4.24 v rebuffer40/A (sky130_fd_sc_hd__clkbuf_1)
     2    0.01    0.03    0.07    4.31 v rebuffer40/X (sky130_fd_sc_hd__clkbuf_1)
                                         net105 (net)
                  0.03    0.00    4.31 v rebuffer16/A (sky130_fd_sc_hd__dlymetal6s2s_1)
     1    0.00    0.03    0.09    4.40 v rebuffer16/X (sky130_fd_sc_hd__dlymetal6s2s_1)
                                         net81 (net)
                  0.03    0.00    4.40 v _5145_/B1 (sky130_fd_sc_hd__o221a_1)
     2    0.01    0.04    0.15    4.56 v _5145_/X (sky130_fd_sc_hd__o221a_1)
                                         _1711_ (net)
                  0.04    0.00    4.56 v _5475_/A3 (sky130_fd_sc_hd__a311o_1)
     2    0.01    0.06    0.25    4.81 v _5475_/X (sky130_fd_sc_hd__a311o_1)
                                         _2037_ (net)
                  0.06    0.00    4.81 v _5556_/A1 (sky130_fd_sc_hd__a21o_1)
     5    0.01    0.06    0.15    4.95 v _5556_/X (sky130_fd_sc_hd__a21o_1)
                                         _2118_ (net)
                  0.06    0.00    4.95 v _5690_/A1 (sky130_fd_sc_hd__a311o_1)
     2    0.01    0.05    0.19    5.14 v _5690_/X (sky130_fd_sc_hd__a311o_1)
                                         _2249_ (net)
                  0.05    0.00    5.14 v _5741_/A1 (sky130_fd_sc_hd__a31o_1)
     1    0.00    0.03    0.13    5.27 v _5741_/X (sky130_fd_sc_hd__a31o_1)
                                         _2300_ (net)
                  0.03    0.00    5.27 v _5742_/B2 (sky130_fd_sc_hd__o221a_1)
     1    0.00    0.03    0.12    5.39 v _5742_/X (sky130_fd_sc_hd__o221a_1)
                                         _0137_ (net)
                  0.03    0.00    5.39 v _6224_/D (sky130_fd_sc_hd__dfxtp_2)
                                  5.39   data arrival time

                          4.00    4.00   clock clk (rise edge)
                          0.00    4.00   clock source latency
     1    0.04    0.14    0.09    4.09 ^ clk (in)
                                         clk (net)
                  0.14    0.00    4.09 ^ clkbuf_0_clk/A (sky130_fd_sc_hd__clkbuf_16)
     2    0.03    0.04    0.11    4.21 ^ clkbuf_0_clk/X (sky130_fd_sc_hd__clkbuf_16)
                                         clknet_0_clk (net)
                  0.04    0.00    4.21 ^ clkbuf_1_1__f_clk/A (sky130_fd_sc_hd__clkbuf_16)
    12    0.12    0.10    0.13    4.34 ^ clkbuf_1_1__f_clk/X (sky130_fd_sc_hd__clkbuf_16)
                                         clknet_1_1__leaf_clk (net)
                  0.10    0.01    4.35 ^ clkbuf_leaf_12_clk/A (sky130_fd_sc_hd__clkbuf_8)
    11    0.04    0.06    0.12    4.47 ^ clkbuf_leaf_12_clk/X (sky130_fd_sc_hd__clkbuf_8)
                                         clknet_leaf_12_clk (net)
                  0.06    0.00    4.47 ^ _6224_/CLK (sky130_fd_sc_hd__dfxtp_2)
                         -0.25    4.22   clock uncertainty
                          0.00    4.22   clock reconvergence pessimism
                         -0.07    4.15   library setup time
                                  4.15   data required time
-----------------------------------------------------------------------------
                                  4.15   data required time
                                 -5.39   data arrival time
-----------------------------------------------------------------------------
                                 -1.24   slack (VIOLATED)



======================= Slowest Corner ===================================

Startpoint: _6100_ (rising edge-triggered flip-flop clocked by clk)
Endpoint: _6224_ (rising edge-triggered flip-flop clocked by clk)
Path Group: clk
Path Type: max
Corner: Slowest

Fanout     Cap    Slew   Delay    Time   Description
-----------------------------------------------------------------------------
                          0.00    0.00   clock clk (rise edge)
                          0.00    0.00   clock source latency
     1    0.04    0.30    0.22    0.22 ^ clk (in)
                                         clk (net)
                  0.30    0.00    0.22 ^ clkbuf_0_clk/A (sky130_fd_sc_hd__clkbuf_16)
     2    0.03    0.09    0.36    0.57 ^ clkbuf_0_clk/X (sky130_fd_sc_hd__clkbuf_16)
                                         clknet_0_clk (net)
                  0.09    0.00    0.58 ^ clkbuf_1_0__f_clk/A (sky130_fd_sc_hd__clkbuf_16)
    12    0.12    0.20    0.35    0.93 ^ clkbuf_1_0__f_clk/X (sky130_fd_sc_hd__clkbuf_16)
                                         clknet_1_0__leaf_clk (net)
                  0.20    0.01    0.94 ^ clkbuf_leaf_6_clk/A (sky130_fd_sc_hd__clkbuf_8)
     7    0.04    0.12    0.35    1.29 ^ clkbuf_leaf_6_clk/X (sky130_fd_sc_hd__clkbuf_8)
                                         clknet_leaf_6_clk (net)
                  0.12    0.00    1.29 ^ _6100_/CLK (sky130_fd_sc_hd__dfxtp_1)
     4    0.04    0.59    1.08    2.37 ^ _6100_/Q (sky130_fd_sc_hd__dfxtp_1)
                                         u_interface.u_compute_core.relu_data[13] (net)
                  0.59    0.01    2.38 ^ _3106_/A (sky130_fd_sc_hd__buf_2)
    10    0.04    0.31    0.61    2.99 ^ _3106_/X (sky130_fd_sc_hd__buf_2)
                                         _2628_ (net)
                  0.31    0.00    2.99 ^ _4718_/A1 (sky130_fd_sc_hd__a31o_1)
     2    0.01    0.14    0.42    3.42 ^ _4718_/X (sky130_fd_sc_hd__a31o_1)
                                         _1290_ (net)
                  0.14    0.00    3.42 ^ _4724_/A (sky130_fd_sc_hd__nand3_1)
     3    0.01    0.36    0.37    3.78 v _4724_/Y (sky130_fd_sc_hd__nand3_1)
                                         _1296_ (net)
                  0.36    0.00    3.79 v _4812_/A (sky130_fd_sc_hd__or3_4)
     3    0.01    0.13    0.93    4.72 v _4812_/X (sky130_fd_sc_hd__or3_4)
                                         _1383_ (net)
                  0.13    0.00    4.72 v _4815_/A1 (sky130_fd_sc_hd__a21o_1)
     1    0.00    0.06    0.33    5.05 v _4815_/X (sky130_fd_sc_hd__a21o_1)
                                         _1386_ (net)
                  0.06    0.00    5.05 v _4816_/B (sky130_fd_sc_hd__and2_4)
     3    0.01    0.07    0.31    5.36 v _4816_/X (sky130_fd_sc_hd__and2_4)
                                         _1387_ (net)
                  0.07    0.00    5.36 v _4817_/B (sky130_fd_sc_hd__xor2_1)
     1    0.00    0.12    0.29    5.65 v _4817_/X (sky130_fd_sc_hd__xor2_1)
                                         _1388_ (net)
                  0.12    0.00    5.66 v _4818_/A (sky130_fd_sc_hd__xnor2_1)
     2    0.01    0.17    0.31    5.97 v _4818_/Y (sky130_fd_sc_hd__xnor2_1)
                                         _1389_ (net)
                  0.17    0.00    5.97 v _4855_/B (sky130_fd_sc_hd__or2_4)
     2    0.01    0.09    0.51    6.48 v _4855_/X (sky130_fd_sc_hd__or2_4)
                                         _1425_ (net)
                  0.09    0.00    6.48 v _4896_/A (sky130_fd_sc_hd__or3_4)
     5    0.02    0.15    0.86    7.34 v _4896_/X (sky130_fd_sc_hd__or3_4)
                                         _1466_ (net)
                  0.15    0.00    7.34 v _4898_/A (sky130_fd_sc_hd__and3_1)
     2    0.01    0.11    0.39    7.73 v _4898_/X (sky130_fd_sc_hd__and3_1)
                                         _1468_ (net)
                  0.11    0.00    7.73 v _4901_/A2 (sky130_fd_sc_hd__o211a_1)
     2    0.01    0.13    0.48    8.21 v _4901_/X (sky130_fd_sc_hd__o211a_1)
                                         _1471_ (net)
                  0.13    0.00    8.21 v _4902_/B1 (sky130_fd_sc_hd__a211o_4)
     4    0.03    0.14    0.69    8.90 v _4902_/X (sky130_fd_sc_hd__a211o_4)
                                         _1472_ (net)
                  0.14    0.00    8.91 v rebuffer41/A (sky130_fd_sc_hd__buf_6)
     1    0.01    0.04    0.25    9.16 v rebuffer41/X (sky130_fd_sc_hd__buf_6)
                                         net106 (net)
                  0.04    0.00    9.16 v _4980_/A1 (sky130_fd_sc_hd__a211oi_4)
     3    0.04    0.71    0.72    9.88 ^ _4980_/Y (sky130_fd_sc_hd__a211oi_4)
                                         _1549_ (net)
                  0.71    0.01    9.88 ^ _4982_/B (sky130_fd_sc_hd__or3_4)
     3    0.01    0.08    0.50   10.38 ^ _4982_/X (sky130_fd_sc_hd__or3_4)
                                         _1551_ (net)
                  0.08    0.00   10.38 ^ _5061_/B (sky130_fd_sc_hd__and2b_1)
     2    0.01    0.21    0.36   10.75 ^ _5061_/X (sky130_fd_sc_hd__and2b_1)
                                         _1629_ (net)
                  0.21    0.00   10.75 ^ _5062_/A (sky130_fd_sc_hd__xnor2_2)
     3    0.01    0.14    0.23   10.98 v _5062_/Y (sky130_fd_sc_hd__xnor2_2)
                                         _1630_ (net)
                  0.14    0.00   10.98 v _5140_/A (sky130_fd_sc_hd__or2b_4)
     2    0.01    0.09    0.54   11.52 v _5140_/X (sky130_fd_sc_hd__or2b_4)
                                         _1706_ (net)
                  0.09    0.00   11.52 v _5142_/A (sky130_fd_sc_hd__or4_4)
     2    0.01    0.16    1.12   12.64 v _5142_/X (sky130_fd_sc_hd__or4_4)
                                         _1708_ (net)
                  0.16    0.00   12.64 v _5475_/A1 (sky130_fd_sc_hd__a311o_1)
     2    0.01    0.14    0.63   13.27 v _5475_/X (sky130_fd_sc_hd__a311o_1)
                                         _2037_ (net)
                  0.14    0.00   13.27 v _5556_/A1 (sky130_fd_sc_hd__a21o_1)
     5    0.01    0.15    0.43   13.69 v _5556_/X (sky130_fd_sc_hd__a21o_1)
                                         _2118_ (net)
                  0.15    0.00   13.69 v _5690_/A1 (sky130_fd_sc_hd__a311o_1)
     2    0.01    0.12    0.59   14.29 v _5690_/X (sky130_fd_sc_hd__a311o_1)
                                         _2249_ (net)
                  0.12    0.00   14.29 v _5741_/A1 (sky130_fd_sc_hd__a31o_1)
     1    0.00    0.08    0.37   14.66 v _5741_/X (sky130_fd_sc_hd__a31o_1)
                                         _2300_ (net)
                  0.08    0.00   14.66 v _5742_/B2 (sky130_fd_sc_hd__o221a_1)
     1    0.00    0.08    0.40   15.06 v _5742_/X (sky130_fd_sc_hd__o221a_1)
                                         _0137_ (net)
                  0.08    0.00   15.06 v _6224_/D (sky130_fd_sc_hd__dfxtp_2)
                                 15.06   data arrival time

                          4.00    4.00   clock clk (rise edge)
                          0.00    4.00   clock source latency
     1    0.04    0.30    0.20    4.20 ^ clk (in)
                                         clk (net)
                  0.30    0.00    4.20 ^ clkbuf_0_clk/A (sky130_fd_sc_hd__clkbuf_16)
     2    0.03    0.09    0.32    4.52 ^ clkbuf_0_clk/X (sky130_fd_sc_hd__clkbuf_16)
                                         clknet_0_clk (net)
                  0.09    0.00    4.52 ^ clkbuf_1_1__f_clk/A (sky130_fd_sc_hd__clkbuf_16)
    12    0.12    0.20    0.32    4.84 ^ clkbuf_1_1__f_clk/X (sky130_fd_sc_hd__clkbuf_16)
                                         clknet_1_1__leaf_clk (net)
                  0.20    0.01    4.85 ^ clkbuf_leaf_12_clk/A (sky130_fd_sc_hd__clkbuf_8)
    11    0.04    0.12    0.32    5.17 ^ clkbuf_leaf_12_clk/X (sky130_fd_sc_hd__clkbuf_8)
                                         clknet_leaf_12_clk (net)
                  0.12    0.00    5.17 ^ _6224_/CLK (sky130_fd_sc_hd__dfxtp_2)
                         -0.25    4.92   clock uncertainty
                          0.05    4.97   clock reconvergence pessimism
                         -0.27    4.71   library setup time
                                  4.71   data required time
-----------------------------------------------------------------------------
                                  4.71   data required time
                                -15.06   data arrival time
-----------------------------------------------------------------------------
                                -10.35   slack (VIOLATED)



======================= Typical Corner ===================================

Startpoint: s_tdata[3] (input port clocked by clk)
Endpoint: _6224_ (rising edge-triggered flip-flop clocked by clk)
Path Group: clk
Path Type: max
Corner: Typical

Fanout     Cap    Slew   Delay    Time   Description
-----------------------------------------------------------------------------
                          0.00    0.00   clock clk (rise edge)
                          0.00    0.00   clock network delay (propagated)
                          0.80    0.80 ^ input external delay
     1    0.00    0.02    0.01    0.81 ^ s_tdata[3] (in)
                                         s_tdata[3] (net)
                  0.02    0.00    0.81 ^ input20/A (sky130_fd_sc_hd__clkbuf_2)
     7    0.04    0.21    0.22    1.03 ^ input20/X (sky130_fd_sc_hd__clkbuf_2)
                                         net20 (net)
                  0.21    0.00    1.04 ^ _3901_/A (sky130_fd_sc_hd__buf_6)
    10    0.06    0.12    0.21    1.25 ^ _3901_/X (sky130_fd_sc_hd__buf_6)
                                         _0488_ (net)
                  0.12    0.00    1.25 ^ _3902_/A (sky130_fd_sc_hd__buf_6)
    10    0.05    0.11    0.18    1.43 ^ _3902_/X (sky130_fd_sc_hd__buf_6)
                                         _0489_ (net)
                  0.11    0.01    1.44 ^ _3903_/A (sky130_fd_sc_hd__clkbuf_4)
    10    0.07    0.21    0.29    1.73 ^ _3903_/X (sky130_fd_sc_hd__clkbuf_4)
                                         _0490_ (net)
                  0.21    0.00    1.73 ^ _3904_/A (sky130_fd_sc_hd__buf_2)
    10    0.05    0.26    0.32    2.05 ^ _3904_/X (sky130_fd_sc_hd__buf_2)
                                         _0491_ (net)
                  0.26    0.00    2.06 ^ _4790_/B1 (sky130_fd_sc_hd__a22oi_1)
     1    0.01    0.10    0.13    2.19 v _4790_/Y (sky130_fd_sc_hd__a22oi_1)
                                         _1361_ (net)
                  0.10    0.00    2.19 v _4792_/A (sky130_fd_sc_hd__or2_1)
     2    0.01    0.07    0.29    2.48 v _4792_/X (sky130_fd_sc_hd__or2_1)
                                         _1363_ (net)
                  0.07    0.00    2.48 v _4793_/B (sky130_fd_sc_hd__xor2_1)
     2    0.01    0.07    0.17    2.64 v _4793_/X (sky130_fd_sc_hd__xor2_1)
                                         _1364_ (net)
                  0.07    0.00    2.64 v _4794_/B (sky130_fd_sc_hd__and2_1)
     3    0.01    0.06    0.20    2.84 v _4794_/X (sky130_fd_sc_hd__and2_1)
                                         _1365_ (net)
                  0.06    0.00    2.84 v _4890_/B (sky130_fd_sc_hd__and3_1)
     3    0.01    0.06    0.20    3.05 v _4890_/X (sky130_fd_sc_hd__and3_1)
                                         _1460_ (net)
                  0.06    0.00    3.05 v _4892_/B (sky130_fd_sc_hd__or3_4)
     2    0.00    0.07    0.38    3.43 v _4892_/X (sky130_fd_sc_hd__or3_4)
                                         _1462_ (net)
                  0.07    0.00    3.43 v _4894_/A (sky130_fd_sc_hd__and3_1)
     2    0.00    0.04    0.16    3.59 v _4894_/X (sky130_fd_sc_hd__and3_1)
                                         _1464_ (net)
                  0.04    0.00    3.59 v rebuffer9/A (sky130_fd_sc_hd__dlymetal6s2s_1)
     3    0.01    0.07    0.18    3.77 v rebuffer9/X (sky130_fd_sc_hd__dlymetal6s2s_1)
                                         net74 (net)
                  0.07    0.00    3.77 v _4897_/A1 (sky130_fd_sc_hd__o21ai_1)
     3    0.01    0.21    0.23    4.01 ^ _4897_/Y (sky130_fd_sc_hd__o21ai_1)
                                         _1467_ (net)
                  0.21    0.00    4.01 ^ _4899_/A2 (sky130_fd_sc_hd__a21oi_1)
     3    0.01    0.12    0.17    4.18 v _4899_/Y (sky130_fd_sc_hd__a21oi_1)
                                         _1469_ (net)
                  0.12    0.00    4.18 v _4901_/A1 (sky130_fd_sc_hd__o211a_1)
     2    0.01    0.07    0.29    4.47 v _4901_/X (sky130_fd_sc_hd__o211a_1)
                                         _1471_ (net)
                  0.07    0.00    4.47 v _4902_/B1 (sky130_fd_sc_hd__a211o_4)
     4    0.03    0.09    0.38    4.85 v _4902_/X (sky130_fd_sc_hd__a211o_4)
                                         _1472_ (net)
                  0.09    0.00    4.86 v rebuffer41/A (sky130_fd_sc_hd__buf_6)
     1    0.01    0.02    0.14    5.00 v rebuffer41/X (sky130_fd_sc_hd__buf_6)
                                         net106 (net)
                  0.02    0.00    5.00 v _4980_/A1 (sky130_fd_sc_hd__a211oi_4)
     3    0.04    0.44    0.43    5.42 ^ _4980_/Y (sky130_fd_sc_hd__a211oi_4)
                                         _1549_ (net)
                  0.44    0.01    5.43 ^ _4982_/B (sky130_fd_sc_hd__or3_4)
     3    0.01    0.05    0.23    5.66 ^ _4982_/X (sky130_fd_sc_hd__or3_4)
                                         _1551_ (net)
                  0.05    0.00    5.66 ^ _5061_/B (sky130_fd_sc_hd__and2b_1)
     2    0.01    0.13    0.19    5.85 ^ _5061_/X (sky130_fd_sc_hd__and2b_1)
                                         _1629_ (net)
                  0.13    0.00    5.85 ^ _5062_/A (sky130_fd_sc_hd__xnor2_2)
     3    0.01    0.08    0.11    5.96 v _5062_/Y (sky130_fd_sc_hd__xnor2_2)
                                         _1630_ (net)
                  0.08    0.00    5.96 v _5140_/A (sky130_fd_sc_hd__or2b_4)
     2    0.01    0.05    0.28    6.24 v _5140_/X (sky130_fd_sc_hd__or2b_4)
                                         _1706_ (net)
                  0.05    0.00    6.24 v rebuffer40/A (sky130_fd_sc_hd__clkbuf_1)
     2    0.01    0.04    0.11    6.34 v rebuffer40/X (sky130_fd_sc_hd__clkbuf_1)
                                         net105 (net)
                  0.04    0.00    6.34 v rebuffer16/A (sky130_fd_sc_hd__dlymetal6s2s_1)
     1    0.00    0.04    0.14    6.48 v rebuffer16/X (sky130_fd_sc_hd__dlymetal6s2s_1)
                                         net81 (net)
                  0.04    0.00    6.48 v _5145_/B1 (sky130_fd_sc_hd__o221a_1)
     2    0.01    0.06    0.25    6.73 v _5145_/X (sky130_fd_sc_hd__o221a_1)
                                         _1711_ (net)
                  0.06    0.00    6.74 v _5475_/A3 (sky130_fd_sc_hd__a311o_1)
     2    0.01    0.08    0.40    7.14 v _5475_/X (sky130_fd_sc_hd__a311o_1)
                                         _2037_ (net)
                  0.08    0.00    7.14 v _5556_/A1 (sky130_fd_sc_hd__a21o_1)
     5    0.01    0.08    0.22    7.36 v _5556_/X (sky130_fd_sc_hd__a21o_1)
                                         _2118_ (net)
                  0.08    0.00    7.36 v _5690_/A1 (sky130_fd_sc_hd__a311o_1)
     2    0.01    0.07    0.30    7.66 v _5690_/X (sky130_fd_sc_hd__a311o_1)
                                         _2249_ (net)
                  0.07    0.00    7.66 v _5741_/A1 (sky130_fd_sc_hd__a31o_1)
     1    0.00    0.04    0.19    7.86 v _5741_/X (sky130_fd_sc_hd__a31o_1)
                                         _2300_ (net)
                  0.04    0.00    7.86 v _5742_/B2 (sky130_fd_sc_hd__o221a_1)
     1    0.00    0.04    0.20    8.06 v _5742_/X (sky130_fd_sc_hd__o221a_1)
                                         _0137_ (net)
                  0.04    0.00    8.06 v _6224_/D (sky130_fd_sc_hd__dfxtp_2)
                                  8.06   data arrival time

                          4.00    4.00   clock clk (rise edge)
                          0.00    4.00   clock source latency
     1    0.04    0.19    0.13    4.13 ^ clk (in)
                                         clk (net)
                  0.19    0.00    4.13 ^ clkbuf_0_clk/A (sky130_fd_sc_hd__clkbuf_16)
     2    0.03    0.06    0.18    4.30 ^ clkbuf_0_clk/X (sky130_fd_sc_hd__clkbuf_16)
                                         clknet_0_clk (net)
                  0.06    0.00    4.30 ^ clkbuf_1_1__f_clk/A (sky130_fd_sc_hd__clkbuf_16)
    12    0.12    0.13    0.19    4.49 ^ clkbuf_1_1__f_clk/X (sky130_fd_sc_hd__clkbuf_16)
                                         clknet_1_1__leaf_clk (net)
                  0.13    0.01    4.50 ^ clkbuf_leaf_12_clk/A (sky130_fd_sc_hd__clkbuf_8)
    11    0.04    0.08    0.18    4.68 ^ clkbuf_leaf_12_clk/X (sky130_fd_sc_hd__clkbuf_8)
                                         clknet_leaf_12_clk (net)
                  0.08    0.00    4.68 ^ _6224_/CLK (sky130_fd_sc_hd__dfxtp_2)
                         -0.25    4.43   clock uncertainty
                          0.00    4.43   clock reconvergence pessimism
                         -0.10    4.32   library setup time
                                  4.32   data required time
-----------------------------------------------------------------------------
                                  4.32   data required time
                                 -8.06   data arrival time
-----------------------------------------------------------------------------
                                 -3.73   slack (VIOLATED)




===========================================================================
 report_check_types -max_slew -max_cap -max_fanout -violators
============================================================================
======================= Fastest Corner ===================================

max fanout

Pin                                   Limit Fanout  Slack
---------------------------------------------------------
clkbuf_leaf_4_clk/X                      10     16     -6 (VIOLATED)
clkbuf_leaf_15_clk/X                     10     14     -4 (VIOLATED)
clkbuf_leaf_18_clk/X                     10     14     -4 (VIOLATED)
clkbuf_leaf_19_clk/X                     10     13     -3 (VIOLATED)
clkbuf_1_0__f_clk/X                      10     12     -2 (VIOLATED)
clkbuf_1_1__f_clk/X                      10     12     -2 (VIOLATED)
clkbuf_leaf_13_clk/X                     10     12     -2 (VIOLATED)
clkbuf_leaf_16_clk/X                     10     12     -2 (VIOLATED)
clkbuf_leaf_2_clk/X                      10     12     -2 (VIOLATED)
clkbuf_leaf_0_clk/X                      10     11        (VIOLATED)
clkbuf_leaf_11_clk/X                     10     11        (VIOLATED)
clkbuf_leaf_12_clk/X                     10     11        (VIOLATED)
clkbuf_leaf_20_clk/X                     10     11        (VIOLATED)
clkbuf_leaf_22_clk/X                     10     11        (VIOLATED)


max slew violations count Fastest: 0
max fanout violations count Fastest: 14
max cap violations count Fastest: 0
======================= Slowest Corner ===================================

max slew

Pin                                    Limit    Slew   Slack
------------------------------------------------------------
_4755_/A                                0.75    0.92   -0.17 (VIOLATED)
_4831_/B1_N                             0.75    0.92   -0.17 (VIOLATED)
_4753_/Y                                0.75    0.92   -0.17 (VIOLATED)
_5121_/A2                               0.75    0.92   -0.17 (VIOLATED)
_4997_/A_N                              0.75    0.92   -0.17 (VIOLATED)
_4928_/Y                                0.75    0.92   -0.17 (VIOLATED)
_4929_/B1                               0.75    0.92   -0.17 (VIOLATED)
_4679_/C                                0.75    0.86   -0.11 (VIOLATED)
_4680_/A2                               0.75    0.86   -0.11 (VIOLATED)
_4678_/Y                                0.75    0.86   -0.11 (VIOLATED)
_3406_/Y                                0.75    0.83   -0.08 (VIOLATED)
_3408_/B                                0.75    0.83   -0.08 (VIOLATED)
max_cap62/A                             0.75    0.83   -0.08 (VIOLATED)
_4275_/A2                               0.75    0.77   -0.02 (VIOLATED)
_4274_/A1                               0.75    0.77   -0.02 (VIOLATED)
_4271_/Y                                0.75    0.77   -0.02 (VIOLATED)

max fanout

Pin                                   Limit Fanout  Slack
---------------------------------------------------------
clkbuf_leaf_4_clk/X                      10     16     -6 (VIOLATED)
clkbuf_leaf_15_clk/X                     10     14     -4 (VIOLATED)
clkbuf_leaf_18_clk/X                     10     14     -4 (VIOLATED)
clkbuf_leaf_19_clk/X                     10     13     -3 (VIOLATED)
clkbuf_1_0__f_clk/X                      10     12     -2 (VIOLATED)
clkbuf_1_1__f_clk/X                      10     12     -2 (VIOLATED)
clkbuf_leaf_13_clk/X                     10     12     -2 (VIOLATED)
clkbuf_leaf_16_clk/X                     10     12     -2 (VIOLATED)
clkbuf_leaf_2_clk/X                      10     12     -2 (VIOLATED)
clkbuf_leaf_0_clk/X                      10     11        (VIOLATED)
clkbuf_leaf_11_clk/X                     10     11        (VIOLATED)
clkbuf_leaf_12_clk/X                     10     11        (VIOLATED)
clkbuf_leaf_20_clk/X                     10     11        (VIOLATED)
clkbuf_leaf_22_clk/X                     10     11        (VIOLATED)


max slew violations count Slowest: 16
max fanout violations count Slowest: 14
max cap violations count Slowest: 0
======================= Typical Corner ===================================

max fanout

Pin                                   Limit Fanout  Slack
---------------------------------------------------------
clkbuf_leaf_4_clk/X                      10     16     -6 (VIOLATED)
clkbuf_leaf_15_clk/X                     10     14     -4 (VIOLATED)
clkbuf_leaf_18_clk/X                     10     14     -4 (VIOLATED)
clkbuf_leaf_19_clk/X                     10     13     -3 (VIOLATED)
clkbuf_1_0__f_clk/X                      10     12     -2 (VIOLATED)
clkbuf_1_1__f_clk/X                      10     12     -2 (VIOLATED)
clkbuf_leaf_13_clk/X                     10     12     -2 (VIOLATED)
clkbuf_leaf_16_clk/X                     10     12     -2 (VIOLATED)
clkbuf_leaf_2_clk/X                      10     12     -2 (VIOLATED)
clkbuf_leaf_0_clk/X                      10     11        (VIOLATED)
clkbuf_leaf_11_clk/X                     10     11        (VIOLATED)
clkbuf_leaf_12_clk/X                     10     11        (VIOLATED)
clkbuf_leaf_20_clk/X                     10     11        (VIOLATED)
clkbuf_leaf_22_clk/X                     10     11        (VIOLATED)


max slew violations count Typical: 0
max fanout violations count Typical: 14
max cap violations count Typical: 0

===========================================================================
report_parasitic_annotation -report_unannotated
============================================================================
Found 22 unannotated drivers.
 clkload0/X
 clkload1/Y
 clkload10/Y
 clkload11/Y
 clkload12/Y
 clkload13/Y
 clkload14/Y
 clkload15/Y
 clkload16/Y
 clkload17/Y
 clkload18/Y
 clkload19/X
 clkload2/Y
 clkload20/Y
 clkload21/Y
 clkload3/Y
 clkload4/Y
 clkload5/Y
 clkload6/Y
 clkload7/Y
 clkload8/Y
 clkload9/Y
Found 0 partially unannotated drivers.

===========================================================================
max slew violation count 16
max fanout violation count 14
max cap violation count 0
============================================================================

===========================================================================
check_setup -verbose -unconstrained_endpoints -multiple_clock -no_clock -no_input_delay -loops -generated_clocks
===========================================================================
