
 /----------------------------------------------------------------------------\
 |                                                                            |
 |  yosys -- Yosys Open SYnthesis Suite                                       |
 |                                                                            |
 |  Copyright (C) 2012 - 2020  Claire Xenia Wolf <claire@yosyshq.com>         |
 |                                                                            |
 |  Permission to use, copy, modify, and/or distribute this software for any  |
 |  purpose with or without fee is hereby granted, provided that the above    |
 |  copyright notice and this permission notice appear in all copies.         |
 |                                                                            |
 |  THE SOFTWARE IS PROVIDED "AS IS" AND THE AUTHOR DISCLAIMS ALL WARRANTIES  |
 |  WITH REGARD TO THIS SOFTWARE INCLUDING ALL IMPLIED WARRANTIES OF          |
 |  MERCHANTABILITY AND FITNESS. IN NO EVENT SHALL THE AUTHOR BE LIABLE FOR   |
 |  ANY SPECIAL, DIRECT, INDIRECT, OR CONSEQUENTIAL DAMAGES OR ANY DAMAGES    |
 |  WHATSOEVER RESULTING FROM LOSS OF USE, DATA OR PROFITS, WHETHER IN AN     |
 |  ACTION OF CONTRACT, NEGLIGENCE OR OTHER TORTIOUS ACTION, ARISING OUT OF   |
 |  OR IN CONNECTION WITH THE USE OR PERFORMANCE OF THIS SOFTWARE.            |
 |                                                                            |
 \----------------------------------------------------------------------------/

 Yosys 0.38 (git sha1 543faed9c8c, clang++ 17.0.6 -fPIC -Os)

[TCL: yosys -import] Command name collision: found pre-existing command `cd' -> skip.
[TCL: yosys -import] Command name collision: found pre-existing command `eval' -> skip.
[TCL: yosys -import] Command name collision: found pre-existing command `exec' -> skip.
[TCL: yosys -import] Command name collision: found pre-existing command `read' -> skip.
[TCL: yosys -import] Command name collision: found pre-existing command `trace' -> skip.

1. Executing Liberty frontend: /root/.volare/volare/sky130/versions/bdc9412b3e468c102d01b7cf6337be06ec6e9c9a/sky130A/libs.ref/sky130_fd_sc_hd/lib/sky130_fd_sc_hd__tt_025C_1v80.lib
Imported 428 cell types from liberty file.

2. Executing Verilog-2005 frontend: /design/rtl/top.sv
Parsing SystemVerilog input from `/design/rtl/top.sv' to AST representation.
Storing AST representation for module `$abstract\top'.
Successfully finished Verilog frontend.

3. Executing Verilog-2005 frontend: /design/rtl/interface.sv
Parsing SystemVerilog input from `/design/rtl/interface.sv' to AST representation.
Storing AST representation for module `$abstract\interface_axi4s'.
Successfully finished Verilog frontend.

4. Executing Verilog-2005 frontend: /design/rtl/compute_core.sv
Parsing SystemVerilog input from `/design/rtl/compute_core.sv' to AST representation.
Storing AST representation for module `$abstract\compute_core'.
Successfully finished Verilog frontend.

5. Executing Verilog-2005 frontend: /design/rtl/mac_unit.sv
Parsing SystemVerilog input from `/design/rtl/mac_unit.sv' to AST representation.
Storing AST representation for module `$abstract\mac_unit'.
Successfully finished Verilog frontend.

6. Executing Verilog-2005 frontend: /design/rtl/scale_unit.sv
Parsing SystemVerilog input from `/design/rtl/scale_unit.sv' to AST representation.
Storing AST representation for module `$abstract\scale_unit'.
Successfully finished Verilog frontend.

7. Executing Verilog-2005 frontend: /design/rtl/relu_approx.sv
Parsing SystemVerilog input from `/design/rtl/relu_approx.sv' to AST representation.
Storing AST representation for module `$abstract\relu_approx'.
Successfully finished Verilog frontend.

8. Executing Verilog-2005 frontend: /design/rtl/av_unit.sv
Parsing SystemVerilog input from `/design/rtl/av_unit.sv' to AST representation.
Storing AST representation for module `$abstract\av_unit'.
Successfully finished Verilog frontend.

9. Executing HIERARCHY pass (managing design hierarchy).

10. Executing AST frontend in derive mode using pre-parsed AST for module `\top'.
Generating RTLIL representation for module `\top'.

10.1. Analyzing design hierarchy..
Top module:  \top
Parameter \DATA_WIDTH = 8
Parameter \ACCUM_WIDTH = 32

10.2. Executing AST frontend in derive mode using pre-parsed AST for module `\interface_axi4s'.
Parameter \DATA_WIDTH = 8
Parameter \ACCUM_WIDTH = 32
Generating RTLIL representation for module `$paramod$d7cdc7a86a89773c3f58cbd3e674af93a8edce42\interface_axi4s'.

10.3. Analyzing design hierarchy..
Top module:  \top
Used module:     $paramod$d7cdc7a86a89773c3f58cbd3e674af93a8edce42\interface_axi4s
Parameter \DATA_WIDTH = 8
Parameter \ACCUM_WIDTH = 32

10.4. Executing AST frontend in derive mode using pre-parsed AST for module `\compute_core'.
Parameter \DATA_WIDTH = 8
Parameter \ACCUM_WIDTH = 32
Generating RTLIL representation for module `$paramod$d7cdc7a86a89773c3f58cbd3e674af93a8edce42\compute_core'.

10.5. Analyzing design hierarchy..
Top module:  \top
Used module:     $paramod$d7cdc7a86a89773c3f58cbd3e674af93a8edce42\interface_axi4s
Used module:         $paramod$d7cdc7a86a89773c3f58cbd3e674af93a8edce42\compute_core
Parameter \DATA_WIDTH = 8
Parameter \ACCUM_WIDTH = 32
Parameter \SCALE_SHIFT = 3

10.6. Executing AST frontend in derive mode using pre-parsed AST for module `\av_unit'.
Parameter \DATA_WIDTH = 8
Parameter \ACCUM_WIDTH = 32
Parameter \SCALE_SHIFT = 3
Generating RTLIL representation for module `$paramod$6d560c1820a9bb09cc229ae43cc6a81b142ddd4c\av_unit'.
Parameter \DATA_WIDTH = 32

10.7. Executing AST frontend in derive mode using pre-parsed AST for module `\relu_approx'.
Parameter \DATA_WIDTH = 32
Generating RTLIL representation for module `$paramod\relu_approx\DATA_WIDTH=s32'00000000000000000000000000100000'.
Parameter \DATA_WIDTH = 32
Parameter \SCALE_SHIFT = 3

10.8. Executing AST frontend in derive mode using pre-parsed AST for module `\scale_unit'.
Parameter \DATA_WIDTH = 32
Parameter \SCALE_SHIFT = 3
Generating RTLIL representation for module `$paramod$e46acf841231e37899d2739fe199bb52cadbec51\scale_unit'.
Parameter \DATA_WIDTH = 8
Parameter \ACCUM_WIDTH = 32

10.9. Executing AST frontend in derive mode using pre-parsed AST for module `\mac_unit'.
Parameter \DATA_WIDTH = 8
Parameter \ACCUM_WIDTH = 32
Generating RTLIL representation for module `$paramod$d7cdc7a86a89773c3f58cbd3e674af93a8edce42\mac_unit'.

10.10. Analyzing design hierarchy..
Top module:  \top
Used module:     $paramod$d7cdc7a86a89773c3f58cbd3e674af93a8edce42\interface_axi4s
Used module:         $paramod$d7cdc7a86a89773c3f58cbd3e674af93a8edce42\compute_core
Used module:             $paramod$6d560c1820a9bb09cc229ae43cc6a81b142ddd4c\av_unit
Used module:             $paramod\relu_approx\DATA_WIDTH=s32'00000000000000000000000000100000
Used module:             $paramod$e46acf841231e37899d2739fe199bb52cadbec51\scale_unit
Used module:             $paramod$d7cdc7a86a89773c3f58cbd3e674af93a8edce42\mac_unit

10.11. Analyzing design hierarchy..
Top module:  \top
Used module:     $paramod$d7cdc7a86a89773c3f58cbd3e674af93a8edce42\interface_axi4s
Used module:         $paramod$d7cdc7a86a89773c3f58cbd3e674af93a8edce42\compute_core
Used module:             $paramod$6d560c1820a9bb09cc229ae43cc6a81b142ddd4c\av_unit
Used module:             $paramod\relu_approx\DATA_WIDTH=s32'00000000000000000000000000100000
Used module:             $paramod$e46acf841231e37899d2739fe199bb52cadbec51\scale_unit
Used module:             $paramod$d7cdc7a86a89773c3f58cbd3e674af93a8edce42\mac_unit
Removing unused module `$abstract\av_unit'.
Removing unused module `$abstract\relu_approx'.
Removing unused module `$abstract\scale_unit'.
Removing unused module `$abstract\mac_unit'.
Removing unused module `$abstract\compute_core'.
Removing unused module `$abstract\interface_axi4s'.
Removing unused module `$abstract\top'.
Removed 7 unused modules.

11. Generating Graphviz representation of design.
Writing dot description to `/design/runs/full_run/tmp/synthesis/hierarchy.dot'.
Dumping module top to page 1.
Renaming module top to top.

12. Executing TRIBUF pass.

13. Executing HIERARCHY pass (managing design hierarchy).

13.1. Analyzing design hierarchy..
Top module:  \top
Used module:     $paramod$d7cdc7a86a89773c3f58cbd3e674af93a8edce42\interface_axi4s
Used module:         $paramod$d7cdc7a86a89773c3f58cbd3e674af93a8edce42\compute_core
Used module:             $paramod$6d560c1820a9bb09cc229ae43cc6a81b142ddd4c\av_unit
Used module:             $paramod\relu_approx\DATA_WIDTH=s32'00000000000000000000000000100000
Used module:             $paramod$e46acf841231e37899d2739fe199bb52cadbec51\scale_unit
Used module:             $paramod$d7cdc7a86a89773c3f58cbd3e674af93a8edce42\mac_unit

13.2. Analyzing design hierarchy..
Top module:  \top
Used module:     $paramod$d7cdc7a86a89773c3f58cbd3e674af93a8edce42\interface_axi4s
Used module:         $paramod$d7cdc7a86a89773c3f58cbd3e674af93a8edce42\compute_core
Used module:             $paramod$6d560c1820a9bb09cc229ae43cc6a81b142ddd4c\av_unit
Used module:             $paramod\relu_approx\DATA_WIDTH=s32'00000000000000000000000000100000
Used module:             $paramod$e46acf841231e37899d2739fe199bb52cadbec51\scale_unit
Used module:             $paramod$d7cdc7a86a89773c3f58cbd3e674af93a8edce42\mac_unit
Removed 0 unused modules.

14. Executing PROC_CLEAN pass (remove empty switches from decision trees).
Cleaned up 0 empty switches.

15. Executing PROC_RMDEAD pass (remove dead branches from decision trees).
Marked 2 switch rules as full_case in process $proc$/design/rtl/scale_unit.sv:34$13 in module $paramod$e46acf841231e37899d2739fe199bb52cadbec51\scale_unit.
Marked 2 switch rules as full_case in process $proc$/design/rtl/relu_approx.sv:37$11 in module $paramod\relu_approx\DATA_WIDTH=s32'00000000000000000000000000100000.
Marked 2 switch rules as full_case in process $proc$/design/rtl/av_unit.sv:69$8 in module $paramod$6d560c1820a9bb09cc229ae43cc6a81b142ddd4c\av_unit.
Marked 2 switch rules as full_case in process $proc$/design/rtl/av_unit.sv:51$6 in module $paramod$6d560c1820a9bb09cc229ae43cc6a81b142ddd4c\av_unit.
Marked 2 switch rules as full_case in process $proc$/design/rtl/interface.sv:102$4 in module $paramod$d7cdc7a86a89773c3f58cbd3e674af93a8edce42\interface_axi4s.
Marked 2 switch rules as full_case in process $proc$/design/rtl/mac_unit.sv:43$15 in module $paramod$d7cdc7a86a89773c3f58cbd3e674af93a8edce42\mac_unit.
Removed a total of 0 dead cases.

16. Executing PROC_PRUNE pass (remove redundant assignments in processes).
Removed 5 redundant assignments.
Promoted 0 assignments to connections.

17. Executing PROC_INIT pass (extract init attributes).

18. Executing PROC_ARST pass (detect async resets in processes).

19. Executing PROC_ROM pass (convert switches to ROMs).
Converted 0 switches.
<suppressed ~13 debug messages>

20. Executing PROC_MUX pass (convert decision trees to multiplexers).
Creating decoders for process `$paramod$e46acf841231e37899d2739fe199bb52cadbec51\scale_unit.$proc$/design/rtl/scale_unit.sv:34$13'.
     1/2: $0\valid_out[0:0]
     2/2: $0\data_out[31:0]
Creating decoders for process `$paramod\relu_approx\DATA_WIDTH=s32'00000000000000000000000000100000.$proc$/design/rtl/relu_approx.sv:37$11'.
     1/2: $0\valid_out[0:0]
     2/2: $0\data_out[31:0]
Creating decoders for process `$paramod$6d560c1820a9bb09cc229ae43cc6a81b142ddd4c\av_unit.$proc$/design/rtl/av_unit.sv:69$8'.
     1/2: $0\valid_out[0:0]
     2/2: $0\av_accum[31:0]
Creating decoders for process `$paramod$6d560c1820a9bb09cc229ae43cc6a81b142ddd4c\av_unit.$proc$/design/rtl/av_unit.sv:51$6'.
     1/3: $0\valid_a[0:0]
     2/3: $0\product_reg[31:0]
     3/3: $0\v_extended[31:0]
Creating decoders for process `$paramod$d7cdc7a86a89773c3f58cbd3e674af93a8edce42\interface_axi4s.$proc$/design/rtl/interface.sv:102$4'.
     1/2: $0\result_valid[0:0]
     2/2: $0\result_reg[31:0]
Creating decoders for process `$paramod$d7cdc7a86a89773c3f58cbd3e674af93a8edce42\mac_unit.$proc$/design/rtl/mac_unit.sv:43$15'.
     1/3: $0\last_reg[0:0]
     2/3: $0\accum_reg[31:0]
     3/3: $0\product_reg[15:0]

21. Executing PROC_DLATCH pass (convert process syncs to latches).

22. Executing PROC_DFF pass (convert process syncs to FFs).
Creating register for signal `$paramod$e46acf841231e37899d2739fe199bb52cadbec51\scale_unit.\valid_out' using process `$paramod$e46acf841231e37899d2739fe199bb52cadbec51\scale_unit.$proc$/design/rtl/scale_unit.sv:34$13'.
  created $dff cell `$procdff$104' with positive edge clock.
Creating register for signal `$paramod$e46acf841231e37899d2739fe199bb52cadbec51\scale_unit.\data_out' using process `$paramod$e46acf841231e37899d2739fe199bb52cadbec51\scale_unit.$proc$/design/rtl/scale_unit.sv:34$13'.
  created $dff cell `$procdff$105' with positive edge clock.
Creating register for signal `$paramod\relu_approx\DATA_WIDTH=s32'00000000000000000000000000100000.\valid_out' using process `$paramod\relu_approx\DATA_WIDTH=s32'00000000000000000000000000100000.$proc$/design/rtl/relu_approx.sv:37$11'.
  created $dff cell `$procdff$106' with positive edge clock.
Creating register for signal `$paramod\relu_approx\DATA_WIDTH=s32'00000000000000000000000000100000.\data_out' using process `$paramod\relu_approx\DATA_WIDTH=s32'00000000000000000000000000100000.$proc$/design/rtl/relu_approx.sv:37$11'.
  created $dff cell `$procdff$107' with positive edge clock.
Creating register for signal `$paramod$6d560c1820a9bb09cc229ae43cc6a81b142ddd4c\av_unit.\valid_out' using process `$paramod$6d560c1820a9bb09cc229ae43cc6a81b142ddd4c\av_unit.$proc$/design/rtl/av_unit.sv:69$8'.
  created $dff cell `$procdff$108' with positive edge clock.
Creating register for signal `$paramod$6d560c1820a9bb09cc229ae43cc6a81b142ddd4c\av_unit.\av_accum' using process `$paramod$6d560c1820a9bb09cc229ae43cc6a81b142ddd4c\av_unit.$proc$/design/rtl/av_unit.sv:69$8'.
  created $dff cell `$procdff$109' with positive edge clock.
Creating register for signal `$paramod$6d560c1820a9bb09cc229ae43cc6a81b142ddd4c\av_unit.\v_extended' using process `$paramod$6d560c1820a9bb09cc229ae43cc6a81b142ddd4c\av_unit.$proc$/design/rtl/av_unit.sv:51$6'.
  created $dff cell `$procdff$110' with positive edge clock.
Creating register for signal `$paramod$6d560c1820a9bb09cc229ae43cc6a81b142ddd4c\av_unit.\product_reg' using process `$paramod$6d560c1820a9bb09cc229ae43cc6a81b142ddd4c\av_unit.$proc$/design/rtl/av_unit.sv:51$6'.
  created $dff cell `$procdff$111' with positive edge clock.
Creating register for signal `$paramod$6d560c1820a9bb09cc229ae43cc6a81b142ddd4c\av_unit.\valid_a' using process `$paramod$6d560c1820a9bb09cc229ae43cc6a81b142ddd4c\av_unit.$proc$/design/rtl/av_unit.sv:51$6'.
  created $dff cell `$procdff$112' with positive edge clock.
Creating register for signal `$paramod$d7cdc7a86a89773c3f58cbd3e674af93a8edce42\interface_axi4s.\result_reg' using process `$paramod$d7cdc7a86a89773c3f58cbd3e674af93a8edce42\interface_axi4s.$proc$/design/rtl/interface.sv:102$4'.
  created $dff cell `$procdff$113' with positive edge clock.
Creating register for signal `$paramod$d7cdc7a86a89773c3f58cbd3e674af93a8edce42\interface_axi4s.\result_valid' using process `$paramod$d7cdc7a86a89773c3f58cbd3e674af93a8edce42\interface_axi4s.$proc$/design/rtl/interface.sv:102$4'.
  created $dff cell `$procdff$114' with positive edge clock.
Creating register for signal `$paramod$d7cdc7a86a89773c3f58cbd3e674af93a8edce42\mac_unit.\product_reg' using process `$paramod$d7cdc7a86a89773c3f58cbd3e674af93a8edce42\mac_unit.$proc$/design/rtl/mac_unit.sv:43$15'.
  created $dff cell `$procdff$115' with positive edge clock.
Creating register for signal `$paramod$d7cdc7a86a89773c3f58cbd3e674af93a8edce42\mac_unit.\accum_reg' using process `$paramod$d7cdc7a86a89773c3f58cbd3e674af93a8edce42\mac_unit.$proc$/design/rtl/mac_unit.sv:43$15'.
  created $dff cell `$procdff$116' with positive edge clock.
Creating register for signal `$paramod$d7cdc7a86a89773c3f58cbd3e674af93a8edce42\mac_unit.\last_reg' using process `$paramod$d7cdc7a86a89773c3f58cbd3e674af93a8edce42\mac_unit.$proc$/design/rtl/mac_unit.sv:43$15'.
  created $dff cell `$procdff$117' with positive edge clock.

23. Executing PROC_MEMWR pass (convert process memory writes to cells).

24. Executing PROC_CLEAN pass (remove empty switches from decision trees).
Found and cleaned up 2 empty switches in `$paramod$e46acf841231e37899d2739fe199bb52cadbec51\scale_unit.$proc$/design/rtl/scale_unit.sv:34$13'.
Removing empty process `$paramod$e46acf841231e37899d2739fe199bb52cadbec51\scale_unit.$proc$/design/rtl/scale_unit.sv:34$13'.
Found and cleaned up 2 empty switches in `$paramod\relu_approx\DATA_WIDTH=s32'00000000000000000000000000100000.$proc$/design/rtl/relu_approx.sv:37$11'.
Removing empty process `$paramod\relu_approx\DATA_WIDTH=s32'00000000000000000000000000100000.$proc$/design/rtl/relu_approx.sv:37$11'.
Found and cleaned up 2 empty switches in `$paramod$6d560c1820a9bb09cc229ae43cc6a81b142ddd4c\av_unit.$proc$/design/rtl/av_unit.sv:69$8'.
Removing empty process `$paramod$6d560c1820a9bb09cc229ae43cc6a81b142ddd4c\av_unit.$proc$/design/rtl/av_unit.sv:69$8'.
Found and cleaned up 2 empty switches in `$paramod$6d560c1820a9bb09cc229ae43cc6a81b142ddd4c\av_unit.$proc$/design/rtl/av_unit.sv:51$6'.
Removing empty process `$paramod$6d560c1820a9bb09cc229ae43cc6a81b142ddd4c\av_unit.$proc$/design/rtl/av_unit.sv:51$6'.
Found and cleaned up 3 empty switches in `$paramod$d7cdc7a86a89773c3f58cbd3e674af93a8edce42\interface_axi4s.$proc$/design/rtl/interface.sv:102$4'.
Removing empty process `$paramod$d7cdc7a86a89773c3f58cbd3e674af93a8edce42\interface_axi4s.$proc$/design/rtl/interface.sv:102$4'.
Found and cleaned up 2 empty switches in `$paramod$d7cdc7a86a89773c3f58cbd3e674af93a8edce42\mac_unit.$proc$/design/rtl/mac_unit.sv:43$15'.
Removing empty process `$paramod$d7cdc7a86a89773c3f58cbd3e674af93a8edce42\mac_unit.$proc$/design/rtl/mac_unit.sv:43$15'.
Cleaned up 13 empty switches.

25. Executing CHECK pass (checking for obvious problems).
Checking module top...
Checking module $paramod$e46acf841231e37899d2739fe199bb52cadbec51\scale_unit...
Checking module $paramod\relu_approx\DATA_WIDTH=s32'00000000000000000000000000100000...
Checking module $paramod$6d560c1820a9bb09cc229ae43cc6a81b142ddd4c\av_unit...
Checking module $paramod$d7cdc7a86a89773c3f58cbd3e674af93a8edce42\compute_core...
Checking module $paramod$d7cdc7a86a89773c3f58cbd3e674af93a8edce42\interface_axi4s...
Checking module $paramod$d7cdc7a86a89773c3f58cbd3e674af93a8edce42\mac_unit...
Found and reported 0 problems.

26. Executing OPT_EXPR pass (perform const folding).
Optimizing module top.
Optimizing module $paramod$e46acf841231e37899d2739fe199bb52cadbec51\scale_unit.
<suppressed ~1 debug messages>
Optimizing module $paramod\relu_approx\DATA_WIDTH=s32'00000000000000000000000000100000.
Optimizing module $paramod$6d560c1820a9bb09cc229ae43cc6a81b142ddd4c\av_unit.
<suppressed ~1 debug messages>
Optimizing module $paramod$d7cdc7a86a89773c3f58cbd3e674af93a8edce42\compute_core.
Optimizing module $paramod$d7cdc7a86a89773c3f58cbd3e674af93a8edce42\interface_axi4s.
Optimizing module $paramod$d7cdc7a86a89773c3f58cbd3e674af93a8edce42\mac_unit.

27. Executing FLATTEN pass (flatten design).
Deleting now unused module $paramod$e46acf841231e37899d2739fe199bb52cadbec51\scale_unit.
Deleting now unused module $paramod\relu_approx\DATA_WIDTH=s32'00000000000000000000000000100000.
Deleting now unused module $paramod$6d560c1820a9bb09cc229ae43cc6a81b142ddd4c\av_unit.
Deleting now unused module $paramod$d7cdc7a86a89773c3f58cbd3e674af93a8edce42\compute_core.
Deleting now unused module $paramod$d7cdc7a86a89773c3f58cbd3e674af93a8edce42\interface_axi4s.
Deleting now unused module $paramod$d7cdc7a86a89773c3f58cbd3e674af93a8edce42\mac_unit.
<suppressed ~6 debug messages>

28. Executing OPT_EXPR pass (perform const folding).
Optimizing module top.

29. Executing OPT_CLEAN pass (remove unused cells and wires).
Finding unused cells or wires in module \top..
Removed 3 unused cells and 51 unused wires.
<suppressed ~5 debug messages>

30. Executing OPT pass (performing simple optimizations).

30.1. Executing OPT_EXPR pass (perform const folding).
Optimizing module top.

30.2. Executing OPT_MERGE pass (detect identical cells).
Finding identical cells in module `\top'.
Removed a total of 0 cells.

30.3. Executing OPT_MUXTREE pass (detect dead branches in mux trees).
Running muxtree optimizer on module \top..
  Creating internal representation of mux trees.
  Evaluating internal representation of mux trees.
      Replacing known input bits on port A of cell $flatten\u_interface.\u_compute_core.\u_relu.$ternary$/design/rtl/relu_approx.sv:43$12: \u_interface.u_compute_core.u_scale.data_out -> { 1'0 \u_interface.u_compute_core.u_scale.data_out [30:0] }
  Analyzing evaluation results.
Removed 0 multiplexer ports.
<suppressed ~13 debug messages>

30.4. Executing OPT_REDUCE pass (consolidate $*mux and $reduce_* inputs).
  Optimizing cells in module \top.
Performed a total of 0 changes.

30.5. Executing OPT_MERGE pass (detect identical cells).
Finding identical cells in module `\top'.
Removed a total of 0 cells.

30.6. Executing OPT_DFF pass (perform DFF optimizations).

30.7. Executing OPT_CLEAN pass (remove unused cells and wires).
Finding unused cells or wires in module \top..

30.8. Executing OPT_EXPR pass (perform const folding).
Optimizing module top.

30.9. Finished OPT passes. (There is nothing left to do.)

31. Executing FSM pass (extract and optimize FSM).

31.1. Executing FSM_DETECT pass (finding FSMs in design).

31.2. Executing FSM_EXTRACT pass (extracting FSM from design).

31.3. Executing FSM_OPT pass (simple optimizations of FSMs).

31.4. Executing OPT_CLEAN pass (remove unused cells and wires).
Finding unused cells or wires in module \top..

31.5. Executing FSM_OPT pass (simple optimizations of FSMs).

31.6. Executing FSM_RECODE pass (re-assigning FSM state encoding).

31.7. Executing FSM_INFO pass (dumping all available information on FSM cells).

31.8. Executing FSM_MAP pass (mapping FSMs to basic logic).

32. Executing OPT pass (performing simple optimizations).

32.1. Executing OPT_EXPR pass (perform const folding).
Optimizing module top.

32.2. Executing OPT_MERGE pass (detect identical cells).
Finding identical cells in module `\top'.
Removed a total of 0 cells.

32.3. Executing OPT_MUXTREE pass (detect dead branches in mux trees).
Running muxtree optimizer on module \top..
  Creating internal representation of mux trees.
  Evaluating internal representation of mux trees.
  Analyzing evaluation results.
Removed 0 multiplexer ports.
<suppressed ~13 debug messages>

32.4. Executing OPT_REDUCE pass (consolidate $*mux and $reduce_* inputs).
  Optimizing cells in module \top.
Performed a total of 0 changes.

32.5. Executing OPT_MERGE pass (detect identical cells).
Finding identical cells in module `\top'.
Removed a total of 0 cells.

32.6. Executing OPT_DFF pass (perform DFF optimizations).
Adding SRST signal on $flatten\u_interface.\u_compute_core.\u_scale.$procdff$105 ($dff) from module top (D = $flatten\u_interface.\u_compute_core.\u_scale.$procmux$25_Y, Q = \u_interface.u_compute_core.u_scale.data_out, rval = 0).
Adding EN signal on $auto$ff.cc:266:slice$118 ($sdff) from module top (D = { \u_interface.u_compute_core.u_mac.accum_reg [31] \u_interface.u_compute_core.u_mac.accum_reg [31] \u_interface.u_compute_core.u_mac.accum_reg [31] \u_interface.u_compute_core.u_mac.accum_reg [31:3] }, Q = \u_interface.u_compute_core.u_scale.data_out).
Adding SRST signal on $flatten\u_interface.\u_compute_core.\u_scale.$procdff$104 ($dff) from module top (D = $flatten\u_interface.\u_compute_core.\u_scale.$procmux$19_Y, Q = \u_interface.u_compute_core.u_scale.valid_out, rval = 1'0).
Adding SRST signal on $flatten\u_interface.\u_compute_core.\u_relu.$procdff$107 ($dff) from module top (D = $flatten\u_interface.\u_compute_core.\u_relu.$procmux$37_Y, Q = \u_interface.u_compute_core.u_relu.data_out, rval = 0).
Adding EN signal on $auto$ff.cc:266:slice$121 ($sdff) from module top (D = $flatten\u_interface.\u_compute_core.\u_relu.$ternary$/design/rtl/relu_approx.sv:43$12_Y, Q = \u_interface.u_compute_core.u_relu.data_out).
Adding SRST signal on $flatten\u_interface.\u_compute_core.\u_relu.$procdff$106 ($dff) from module top (D = $flatten\u_interface.\u_compute_core.\u_relu.$procmux$31_Y, Q = \u_interface.u_compute_core.u_relu.valid_out, rval = 1'0).
Adding SRST signal on $flatten\u_interface.\u_compute_core.\u_mac.$procdff$117 ($dff) from module top (D = \u_interface.u_compute_core.u_mac.seq_last, Q = \u_interface.u_compute_core.u_mac.last_reg, rval = 1'0).
Adding SRST signal on $flatten\u_interface.\u_compute_core.\u_mac.$procdff$116 ($dff) from module top (D = $flatten\u_interface.\u_compute_core.\u_mac.$procmux$93_Y, Q = \u_interface.u_compute_core.u_mac.accum_reg, rval = 0).
Adding EN signal on $auto$ff.cc:266:slice$129 ($sdff) from module top (D = $flatten\u_interface.\u_compute_core.\u_mac.$add$/design/rtl/mac_unit.sv:50$17_Y, Q = \u_interface.u_compute_core.u_mac.accum_reg).
Adding SRST signal on $flatten\u_interface.\u_compute_core.\u_mac.$procdff$115 ($dff) from module top (D = $flatten\u_interface.\u_compute_core.\u_mac.$procmux$99_Y, Q = \u_interface.u_compute_core.u_mac.product_reg, rval = 16'0000000000000000).
Adding EN signal on $auto$ff.cc:266:slice$131 ($sdff) from module top (D = $flatten\u_interface.\u_compute_core.\u_mac.$mul$/design/rtl/mac_unit.sv:49$16_Y, Q = \u_interface.u_compute_core.u_mac.product_reg).
Adding SRST signal on $flatten\u_interface.\u_compute_core.\u_av.$procdff$112 ($dff) from module top (D = $flatten\u_interface.\u_compute_core.\u_av.$procmux$55_Y, Q = \u_interface.u_compute_core.u_av.valid_a, rval = 1'0).
Adding SRST signal on $flatten\u_interface.\u_compute_core.\u_av.$procdff$111 ($dff) from module top (D = $flatten\u_interface.\u_compute_core.\u_av.$procmux$61_Y, Q = \u_interface.u_compute_core.u_av.product_reg, rval = 0).
Adding EN signal on $auto$ff.cc:266:slice$134 ($sdff) from module top (D = $flatten\u_interface.\u_compute_core.\u_av.$mul$/design/rtl/av_unit.sv:58$7_Y, Q = \u_interface.u_compute_core.u_av.product_reg).
Adding SRST signal on $flatten\u_interface.\u_compute_core.\u_av.$procdff$109 ($dff) from module top (D = $flatten\u_interface.\u_compute_core.\u_av.$procmux$49_Y, Q = \u_interface.u_compute_core.u_av.av_accum, rval = 0).
Adding EN signal on $auto$ff.cc:266:slice$136 ($sdff) from module top (D = $flatten\u_interface.\u_compute_core.\u_av.$add$/design/rtl/av_unit.sv:74$10_Y, Q = \u_interface.u_compute_core.u_av.av_accum).
Adding SRST signal on $flatten\u_interface.\u_compute_core.\u_av.$procdff$108 ($dff) from module top (D = $flatten\u_interface.\u_compute_core.\u_av.$procmux$43_Y, Q = \u_interface.u_compute_core.u_av.valid_out, rval = 1'0).
Adding SRST signal on $flatten\u_interface.$procdff$114 ($dff) from module top (D = $flatten\u_interface.$procmux$75_Y, Q = \u_interface.result_valid, rval = 1'0).
Adding EN signal on $auto$ff.cc:266:slice$139 ($sdff) from module top (D = $flatten\u_interface.$procmux$75_Y, Q = \u_interface.result_valid).
Adding SRST signal on $flatten\u_interface.$procdff$113 ($dff) from module top (D = $flatten\u_interface.$procmux$81_Y, Q = \u_interface.result_reg, rval = 0).
Adding EN signal on $auto$ff.cc:266:slice$143 ($sdff) from module top (D = \u_interface.u_compute_core.u_av.av_accum, Q = \u_interface.result_reg).

32.7. Executing OPT_CLEAN pass (remove unused cells and wires).
Finding unused cells or wires in module \top..
Removed 21 unused cells and 21 unused wires.
<suppressed ~22 debug messages>

32.8. Executing OPT_EXPR pass (perform const folding).
Optimizing module top.
<suppressed ~1 debug messages>

32.9. Rerunning OPT passes. (Maybe there is more to do..)

32.10. Executing OPT_MUXTREE pass (detect dead branches in mux trees).
Running muxtree optimizer on module \top..
  Creating internal representation of mux trees.
  Evaluating internal representation of mux trees.
  Analyzing evaluation results.
Removed 0 multiplexer ports.
<suppressed ~6 debug messages>

32.11. Executing OPT_REDUCE pass (consolidate $*mux and $reduce_* inputs).
  Optimizing cells in module \top.
Performed a total of 0 changes.

32.12. Executing OPT_MERGE pass (detect identical cells).
Finding identical cells in module `\top'.
Removed a total of 0 cells.

32.13. Executing OPT_DFF pass (perform DFF optimizations).

32.14. Executing OPT_CLEAN pass (remove unused cells and wires).
Finding unused cells or wires in module \top..

32.15. Executing OPT_EXPR pass (perform const folding).
Optimizing module top.

32.16. Finished OPT passes. (There is nothing left to do.)

33. Executing WREDUCE pass (reducing word size of cells).
Removed top 3 bits (of 32) from FF cell top.$auto$ff.cc:266:slice$119 ($sdffe).
Removed top 1 bits (of 32) from mux cell top.$flatten\u_interface.\u_compute_core.\u_relu.$ternary$/design/rtl/relu_approx.sv:43$12 ($mux).
Removed top 1 bits (of 32) from FF cell top.$auto$ff.cc:266:slice$122 ($sdffe).
Removed top 3 bits (of 32) from port B of cell top.$flatten\u_interface.\u_compute_core.\u_av.$add$/design/rtl/av_unit.sv:74$10 ($add).
Removed top 1 bits (of 32) from port A of cell top.$flatten\u_interface.\u_compute_core.\u_av.$mul$/design/rtl/av_unit.sv:58$7 ($mul).
Removed top 1 bits (of 32) from wire top.$flatten\u_interface.\u_compute_core.\u_relu.$ternary$/design/rtl/relu_approx.sv:43$12_Y.

34. Executing PEEPOPT pass (run peephole optimizers).

35. Executing OPT_CLEAN pass (remove unused cells and wires).
Finding unused cells or wires in module \top..
Removed 0 unused cells and 1 unused wires.
<suppressed ~1 debug messages>

36. Executing ALUMACC pass (create $alu and $macc cells).
Extracting $alu and $macc cells in module top:
  creating $macc model for $flatten\u_interface.\u_compute_core.\u_av.$add$/design/rtl/av_unit.sv:74$10 ($add).
  creating $macc model for $flatten\u_interface.\u_compute_core.\u_av.$mul$/design/rtl/av_unit.sv:58$7 ($mul).
  creating $macc model for $flatten\u_interface.\u_compute_core.\u_mac.$add$/design/rtl/mac_unit.sv:50$17 ($add).
  creating $macc model for $flatten\u_interface.\u_compute_core.\u_mac.$mul$/design/rtl/mac_unit.sv:49$16 ($mul).
  creating $alu model for $macc $flatten\u_interface.\u_compute_core.\u_mac.$add$/design/rtl/mac_unit.sv:50$17.
  creating $alu model for $macc $flatten\u_interface.\u_compute_core.\u_av.$add$/design/rtl/av_unit.sv:74$10.
  creating $macc cell for $flatten\u_interface.\u_compute_core.\u_av.$mul$/design/rtl/av_unit.sv:58$7: $auto$alumacc.cc:365:replace_macc$146
  creating $macc cell for $flatten\u_interface.\u_compute_core.\u_mac.$mul$/design/rtl/mac_unit.sv:49$16: $auto$alumacc.cc:365:replace_macc$147
  creating $alu cell for $flatten\u_interface.\u_compute_core.\u_av.$add$/design/rtl/av_unit.sv:74$10: $auto$alumacc.cc:485:replace_alu$148
  creating $alu cell for $flatten\u_interface.\u_compute_core.\u_mac.$add$/design/rtl/mac_unit.sv:50$17: $auto$alumacc.cc:485:replace_alu$151
  created 2 $alu and 2 $macc cells.

37. Executing SHARE pass (SAT-based resource sharing).

38. Executing OPT pass (performing simple optimizations).

38.1. Executing OPT_EXPR pass (perform const folding).
Optimizing module top.

38.2. Executing OPT_MERGE pass (detect identical cells).
Finding identical cells in module `\top'.
Removed a total of 0 cells.

38.3. Executing OPT_MUXTREE pass (detect dead branches in mux trees).
Running muxtree optimizer on module \top..
  Creating internal representation of mux trees.
  Evaluating internal representation of mux trees.
      Replacing known input bits on port A of cell $flatten\u_interface.\u_compute_core.\u_relu.$ternary$/design/rtl/relu_approx.sv:43$12: { \u_interface.u_compute_core.u_scale.data_out [28] \u_interface.u_compute_core.u_scale.data_out [28] \u_interface.u_compute_core.u_scale.data_out [28:0] } -> { 3'000 \u_interface.u_compute_core.u_scale.data_out [27:0] }
  Analyzing evaluation results.
Removed 0 multiplexer ports.
<suppressed ~6 debug messages>

38.4. Executing OPT_REDUCE pass (consolidate $*mux and $reduce_* inputs).
  Optimizing cells in module \top.
Performed a total of 0 changes.

38.5. Executing OPT_MERGE pass (detect identical cells).
Finding identical cells in module `\top'.
Removed a total of 0 cells.

38.6. Executing OPT_DFF pass (perform DFF optimizations).

38.7. Executing OPT_CLEAN pass (remove unused cells and wires).
Finding unused cells or wires in module \top..

38.8. Executing OPT_EXPR pass (perform const folding).
Optimizing module top.

38.9. Finished OPT passes. (There is nothing left to do.)

39. Executing MEMORY pass.

39.1. Executing OPT_MEM pass (optimize memories).
Performed a total of 0 transformations.

39.2. Executing OPT_MEM_PRIORITY pass (removing unnecessary memory write priority relations).
Performed a total of 0 transformations.

39.3. Executing OPT_MEM_FEEDBACK pass (finding memory read-to-write feedback paths).

39.4. Executing MEMORY_BMUX2ROM pass (converting muxes to ROMs).

39.5. Executing MEMORY_DFF pass (merging $dff cells to $memrd).

39.6. Executing OPT_CLEAN pass (remove unused cells and wires).
Finding unused cells or wires in module \top..

39.7. Executing MEMORY_SHARE pass (consolidating $memrd/$memwr cells).

39.8. Executing OPT_MEM_WIDEN pass (optimize memories where all ports are wide).
Performed a total of 0 transformations.

39.9. Executing OPT_CLEAN pass (remove unused cells and wires).
Finding unused cells or wires in module \top..

39.10. Executing MEMORY_COLLECT pass (generating $mem cells).

40. Executing OPT_CLEAN pass (remove unused cells and wires).
Finding unused cells or wires in module \top..

41. Executing OPT pass (performing simple optimizations).

41.1. Executing OPT_EXPR pass (perform const folding).
Optimizing module top.
<suppressed ~7 debug messages>

41.2. Executing OPT_MERGE pass (detect identical cells).
Finding identical cells in module `\top'.
Removed a total of 0 cells.

41.3. Executing OPT_DFF pass (perform DFF optimizations).

41.4. Executing OPT_CLEAN pass (remove unused cells and wires).
Finding unused cells or wires in module \top..
Removed 0 unused cells and 6 unused wires.
<suppressed ~1 debug messages>

41.5. Finished fast OPT passes.

42. Executing MEMORY_MAP pass (converting memories to logic and flip-flops).

43. Executing OPT pass (performing simple optimizations).

43.1. Executing OPT_EXPR pass (perform const folding).
Optimizing module top.

43.2. Executing OPT_MERGE pass (detect identical cells).
Finding identical cells in module `\top'.
Removed a total of 0 cells.

43.3. Executing OPT_MUXTREE pass (detect dead branches in mux trees).
Running muxtree optimizer on module \top..
  Creating internal representation of mux trees.
  Evaluating internal representation of mux trees.
  Analyzing evaluation results.
Removed 0 multiplexer ports.
<suppressed ~1 debug messages>

43.4. Executing OPT_REDUCE pass (consolidate $*mux and $reduce_* inputs).
  Optimizing cells in module \top.
    Consolidated identical input bits for $mux cell $flatten\u_interface.\u_compute_core.\u_relu.$ternary$/design/rtl/relu_approx.sv:43$12:
      Old ports: A={ 3'000 \u_interface.u_compute_core.u_scale.data_out [27:0] }, B=31'0000000000000000000000000000000, Y=$auto$wreduce.cc:461:run$145 [30:0]
      New ports: A=\u_interface.u_compute_core.u_scale.data_out [27:0], B=28'0000000000000000000000000000, Y=$auto$wreduce.cc:461:run$145 [27:0]
      New connections: $auto$wreduce.cc:461:run$145 [30:28] = 3'000
  Optimizing cells in module \top.
Performed a total of 1 changes.

43.5. Executing OPT_MERGE pass (detect identical cells).
Finding identical cells in module `\top'.
Removed a total of 0 cells.

43.6. Executing OPT_SHARE pass.

43.7. Executing OPT_DFF pass (perform DFF optimizations).

43.8. Executing OPT_CLEAN pass (remove unused cells and wires).
Finding unused cells or wires in module \top..

43.9. Executing OPT_EXPR pass (perform const folding).
Optimizing module top.

43.10. Rerunning OPT passes. (Maybe there is more to do..)

43.11. Executing OPT_MUXTREE pass (detect dead branches in mux trees).
Running muxtree optimizer on module \top..
  Creating internal representation of mux trees.
  Evaluating internal representation of mux trees.
  Analyzing evaluation results.
Removed 0 multiplexer ports.
<suppressed ~1 debug messages>

43.12. Executing OPT_REDUCE pass (consolidate $*mux and $reduce_* inputs).
  Optimizing cells in module \top.
Performed a total of 0 changes.

43.13. Executing OPT_MERGE pass (detect identical cells).
Finding identical cells in module `\top'.
Removed a total of 0 cells.

43.14. Executing OPT_SHARE pass.

43.15. Executing OPT_DFF pass (perform DFF optimizations).
Setting constant 0-bit at position 28 on $auto$ff.cc:266:slice$122 ($sdffe) from module top.
Setting constant 0-bit at position 29 on $auto$ff.cc:266:slice$122 ($sdffe) from module top.
Setting constant 0-bit at position 30 on $auto$ff.cc:266:slice$122 ($sdffe) from module top.

43.16. Executing OPT_CLEAN pass (remove unused cells and wires).
Finding unused cells or wires in module \top..

43.17. Executing OPT_EXPR pass (perform const folding).
Optimizing module top.

43.18. Rerunning OPT passes. (Maybe there is more to do..)

43.19. Executing OPT_MUXTREE pass (detect dead branches in mux trees).
Running muxtree optimizer on module \top..
  Creating internal representation of mux trees.
  Evaluating internal representation of mux trees.
  Analyzing evaluation results.
Removed 0 multiplexer ports.
<suppressed ~1 debug messages>

43.20. Executing OPT_REDUCE pass (consolidate $*mux and $reduce_* inputs).
  Optimizing cells in module \top.
Performed a total of 0 changes.

43.21. Executing OPT_MERGE pass (detect identical cells).
Finding identical cells in module `\top'.
Removed a total of 0 cells.

43.22. Executing OPT_SHARE pass.

43.23. Executing OPT_DFF pass (perform DFF optimizations).

43.24. Executing OPT_CLEAN pass (remove unused cells and wires).
Finding unused cells or wires in module \top..

43.25. Executing OPT_EXPR pass (perform const folding).
Optimizing module top.

43.26. Finished OPT passes. (There is nothing left to do.)

44. Executing TECHMAP pass (map to technology primitives).

44.1. Executing Verilog-2005 frontend: /nix/store/sx2v0i73mn1ih2z1nk61pm9n5gjgpidy-yosys/bin/../share/yosys/techmap.v
Parsing Verilog input from `/nix/store/sx2v0i73mn1ih2z1nk61pm9n5gjgpidy-yosys/bin/../share/yosys/techmap.v' to AST representation.
Generating RTLIL representation for module `\_90_simplemap_bool_ops'.
Generating RTLIL representation for module `\_90_simplemap_reduce_ops'.
Generating RTLIL representation for module `\_90_simplemap_logic_ops'.
Generating RTLIL representation for module `\_90_simplemap_compare_ops'.
Generating RTLIL representation for module `\_90_simplemap_various'.
Generating RTLIL representation for module `\_90_simplemap_registers'.
Generating RTLIL representation for module `\_90_shift_ops_shr_shl_sshl_sshr'.
Generating RTLIL representation for module `\_90_shift_shiftx'.
Generating RTLIL representation for module `\_90_fa'.
Generating RTLIL representation for module `\_90_lcu'.
Generating RTLIL representation for module `\_90_alu'.
Generating RTLIL representation for module `\_90_macc'.
Generating RTLIL representation for module `\_90_alumacc'.
Generating RTLIL representation for module `\$__div_mod_u'.
Generating RTLIL representation for module `\$__div_mod_trunc'.
Generating RTLIL representation for module `\_90_div'.
Generating RTLIL representation for module `\_90_mod'.
Generating RTLIL representation for module `\$__div_mod_floor'.
Generating RTLIL representation for module `\_90_divfloor'.
Generating RTLIL representation for module `\_90_modfloor'.
Generating RTLIL representation for module `\_90_pow'.
Generating RTLIL representation for module `\_90_pmux'.
Generating RTLIL representation for module `\_90_demux'.
Generating RTLIL representation for module `\_90_lut'.
Successfully finished Verilog frontend.

44.2. Continuing TECHMAP pass.
Using extmapper maccmap for cells of type $macc.
  add { \s_tdata [7] \s_tdata [7] \s_tdata [7] \s_tdata [7] \s_tdata [7] \s_tdata [7] \s_tdata [7] \s_tdata [7] \s_tdata [7] \s_tdata [7] \s_tdata [7] \s_tdata [7] \s_tdata [7] \s_tdata [7] \s_tdata [7] \s_tdata [7] \s_tdata [7] \s_tdata [7] \s_tdata [7] \s_tdata [7] \s_tdata [7] \s_tdata [7] \s_tdata [7] \s_tdata [7] \s_tdata [7:0] } * { 3'000 \u_interface.u_compute_core.u_relu.data_out [27:0] } (32x31 bits, unsigned)
Using extmapper simplemap for cells of type $reduce_bool.
Using extmapper simplemap for cells of type $reduce_or.
Using extmapper simplemap for cells of type $sdffe.
Using extmapper simplemap for cells of type $not.
Using extmapper simplemap for cells of type $sdff.
Using extmapper simplemap for cells of type $mux.
  add \s_tdata [23:16] * \s_tdata [15:8] (8x8 bits, signed)
Using template $paramod$fbc7873bff55778c0b3173955b7e4bce1d9d6834\_90_alu for cells of type $alu.
Using extmapper simplemap for cells of type $and.
Using template $paramod$1df2966beb883ef1f7a620dbf2842c5d6450c0eb\_90_alu for cells of type $alu.
Using template $paramod\_90_fa\WIDTH=32'00000000000000000000000000010000 for cells of type $fa.
Using template $paramod\_90_fa\WIDTH=32'00000000000000000000000000100000 for cells of type $fa.
Using template $paramod$6df0329addda9228fcc2546de2aaf14ad26c98e1\_90_alu for cells of type $alu.
Using extmapper simplemap for cells of type $xor.
Using template $paramod\_90_lcu\WIDTH=32'00000000000000000000000000100000 for cells of type $lcu.
Using extmapper simplemap for cells of type $pos.
Using extmapper simplemap for cells of type $or.
Using template $paramod\_90_lcu\WIDTH=32'00000000000000000000000000010000 for cells of type $lcu.
No more expansions possible.
<suppressed ~1216 debug messages>

45. Executing OPT pass (performing simple optimizations).

45.1. Executing OPT_EXPR pass (perform const folding).
Optimizing module top.
<suppressed ~3160 debug messages>

45.2. Executing OPT_MERGE pass (detect identical cells).
Finding identical cells in module `\top'.
<suppressed ~3516 debug messages>
Removed a total of 1172 cells.

45.3. Executing OPT_DFF pass (perform DFF optimizations).

45.4. Executing OPT_CLEAN pass (remove unused cells and wires).
Finding unused cells or wires in module \top..
Removed 199 unused cells and 548 unused wires.
<suppressed ~200 debug messages>

45.5. Finished fast OPT passes.

46. Executing ABC pass (technology mapping using ABC).

46.1. Extracting gate netlist of module `\top' to `<abc-temp-dir>/input.blif'..
Extracted 2891 gates and 3088 wires to a netlist network with 196 inputs and 142 outputs.

46.1.1. Executing ABC.
Running ABC command: "/nix/store/wq2q0njg3sx8wvj2akz7x1qxwyrv9xlr-yosys-abc/bin/abc" -s -f <abc-temp-dir>/abc.script 2>&1
ABC: ABC command line: "source <abc-temp-dir>/abc.script".
ABC: 
ABC: + read_blif <abc-temp-dir>/input.blif 
ABC: + read_library <abc-temp-dir>/stdcells.genlib 
ABC: Entered genlib library with 13 gates from file "<abc-temp-dir>/stdcells.genlib".
ABC: + strash 
ABC: + dretime 
ABC: + map 
ABC: + write_blif <abc-temp-dir>/output.blif 

46.1.2. Re-integrating ABC results.
ABC RESULTS:               MUX cells:        1
ABC RESULTS:               AND cells:      242
ABC RESULTS:              NAND cells:      169
ABC RESULTS:               NOT cells:       74
ABC RESULTS:             ORNOT cells:       69
ABC RESULTS:                OR cells:      372
ABC RESULTS:               NOR cells:      217
ABC RESULTS:            ANDNOT cells:      825
ABC RESULTS:               XOR cells:      659
ABC RESULTS:              XNOR cells:      326
ABC RESULTS:        internal signals:     2750
ABC RESULTS:           input signals:      196
ABC RESULTS:          output signals:      142
Removing temp directory.

47. Executing OPT pass (performing simple optimizations).

47.1. Executing OPT_EXPR pass (perform const folding).
Optimizing module top.

47.2. Executing OPT_MERGE pass (detect identical cells).
Finding identical cells in module `\top'.
Removed a total of 0 cells.

47.3. Executing OPT_DFF pass (perform DFF optimizations).

47.4. Executing OPT_CLEAN pass (remove unused cells and wires).
Finding unused cells or wires in module \top..
Removed 0 unused cells and 828 unused wires.
<suppressed ~1 debug messages>

47.5. Finished fast OPT passes.

48. Executing HIERARCHY pass (managing design hierarchy).

48.1. Analyzing design hierarchy..
Top module:  \top

48.2. Analyzing design hierarchy..
Top module:  \top
Removed 0 unused modules.

49. Printing statistics.

=== top ===

   Number of wires:               2929
   Number of wire bits:           3887
   Number of public wires:          75
   Number of public wire bits:     757
   Number of memories:               0
   Number of memory bits:            0
   Number of processes:              0
   Number of cells:               3158
     $_ANDNOT_                     825
     $_AND_                        242
     $_MUX_                          1
     $_NAND_                       169
     $_NOR_                        217
     $_NOT_                         74
     $_ORNOT_                       69
     $_OR_                         372
     $_SDFFE_PP0P_                 199
     $_SDFF_PP0_                     5
     $_XNOR_                       326
     $_XOR_                        659

50. Executing CHECK pass (checking for obvious problems).
Checking module top...
Found and reported 0 problems.

51. Generating Graphviz representation of design.
Writing dot description to `/design/runs/full_run/tmp/synthesis/post_techmap.dot'.
Dumping module top to page 1.

52. Executing SHARE pass (SAT-based resource sharing).

53. Executing OPT pass (performing simple optimizations).

53.1. Executing OPT_EXPR pass (perform const folding).
Optimizing module top.

53.2. Executing OPT_MERGE pass (detect identical cells).
Finding identical cells in module `\top'.
Removed a total of 0 cells.

53.3. Executing OPT_MUXTREE pass (detect dead branches in mux trees).
Running muxtree optimizer on module \top..
  Creating internal representation of mux trees.
  No muxes found in this module.
Removed 0 multiplexer ports.

53.4. Executing OPT_REDUCE pass (consolidate $*mux and $reduce_* inputs).
  Optimizing cells in module \top.
Performed a total of 0 changes.

53.5. Executing OPT_MERGE pass (detect identical cells).
Finding identical cells in module `\top'.
Removed a total of 0 cells.

53.6. Executing OPT_DFF pass (perform DFF optimizations).

53.7. Executing OPT_CLEAN pass (remove unused cells and wires).
Finding unused cells or wires in module \top..

53.8. Executing OPT_EXPR pass (perform const folding).
Optimizing module top.

53.9. Finished OPT passes. (There is nothing left to do.)

54. Executing OPT_CLEAN pass (remove unused cells and wires).
Finding unused cells or wires in module \top..
Removed 0 unused cells and 53 unused wires.
<suppressed ~53 debug messages>

55. Printing statistics.

=== top ===

   Number of wires:               2876
   Number of wire bits:           3376
   Number of public wires:          22
   Number of public wire bits:     246
   Number of memories:               0
   Number of memory bits:            0
   Number of processes:              0
   Number of cells:               3158
     $_ANDNOT_                     825
     $_AND_                        242
     $_MUX_                          1
     $_NAND_                       169
     $_NOR_                        217
     $_NOT_                         74
     $_ORNOT_                       69
     $_OR_                         372
     $_SDFFE_PP0P_                 199
     $_SDFF_PP0_                     5
     $_XNOR_                       326
     $_XOR_                        659

mapping tbuf

56. Executing TECHMAP pass (map to technology primitives).

56.1. Executing Verilog-2005 frontend: /root/.volare/volare/sky130/versions/bdc9412b3e468c102d01b7cf6337be06ec6e9c9a/sky130A/libs.tech/openlane/sky130_fd_sc_hd/tribuff_map.v
Parsing Verilog input from `/root/.volare/volare/sky130/versions/bdc9412b3e468c102d01b7cf6337be06ec6e9c9a/sky130A/libs.tech/openlane/sky130_fd_sc_hd/tribuff_map.v' to AST representation.
Generating RTLIL representation for module `\$_TBUF_'.
Successfully finished Verilog frontend.

56.2. Continuing TECHMAP pass.
No more expansions possible.
<suppressed ~3 debug messages>

57. Executing SIMPLEMAP pass (map simple cells to gate primitives).

58. Executing TECHMAP pass (map to technology primitives).

58.1. Executing Verilog-2005 frontend: /root/.volare/volare/sky130/versions/bdc9412b3e468c102d01b7cf6337be06ec6e9c9a/sky130A/libs.tech/openlane/sky130_fd_sc_hd/latch_map.v
Parsing Verilog input from `/root/.volare/volare/sky130/versions/bdc9412b3e468c102d01b7cf6337be06ec6e9c9a/sky130A/libs.tech/openlane/sky130_fd_sc_hd/latch_map.v' to AST representation.
Generating RTLIL representation for module `\$_DLATCH_P_'.
Generating RTLIL representation for module `\$_DLATCH_N_'.
Successfully finished Verilog frontend.

58.2. Continuing TECHMAP pass.
No more expansions possible.
<suppressed ~4 debug messages>

59. Executing SIMPLEMAP pass (map simple cells to gate primitives).

60. Executing DFFLIBMAP pass (mapping DFF cells to sequential cells from liberty file).
  cell sky130_fd_sc_hd__dfxtp_2 (noninv, pins=3, area=21.27) is a direct match for cell type $_DFF_P_.
  cell sky130_fd_sc_hd__dfrtp_2 (noninv, pins=4, area=26.28) is a direct match for cell type $_DFF_PN0_.
  cell sky130_fd_sc_hd__dfstp_2 (noninv, pins=4, area=26.28) is a direct match for cell type $_DFF_PN1_.
  cell sky130_fd_sc_hd__dfbbn_2 (noninv, pins=6, area=35.03) is a direct match for cell type $_DFFSR_NNN_.
  final dff cell mappings:
    unmapped dff cell: $_DFF_N_
    \sky130_fd_sc_hd__dfxtp_2 _DFF_P_ (.CLK( C), .D( D), .Q( Q));
    unmapped dff cell: $_DFF_NN0_
    unmapped dff cell: $_DFF_NN1_
    unmapped dff cell: $_DFF_NP0_
    unmapped dff cell: $_DFF_NP1_
    \sky130_fd_sc_hd__dfrtp_2 _DFF_PN0_ (.CLK( C), .D( D), .Q( Q), .RESET_B( R));
    \sky130_fd_sc_hd__dfstp_2 _DFF_PN1_ (.CLK( C), .D( D), .Q( Q), .SET_B( R));
    unmapped dff cell: $_DFF_PP0_
    unmapped dff cell: $_DFF_PP1_
    \sky130_fd_sc_hd__dfbbn_2 _DFFSR_NNN_ (.CLK_N( C), .D( D), .Q( Q), .Q_N(~Q), .RESET_B( R), .SET_B( S));
    unmapped dff cell: $_DFFSR_NNP_
    unmapped dff cell: $_DFFSR_NPN_
    unmapped dff cell: $_DFFSR_NPP_
    unmapped dff cell: $_DFFSR_PNN_
    unmapped dff cell: $_DFFSR_PNP_
    unmapped dff cell: $_DFFSR_PPN_
    unmapped dff cell: $_DFFSR_PPP_

60.1. Executing DFFLEGALIZE pass (convert FFs to types supported by the target).
Mapping DFF cells in module `\top':
  mapped 204 $_DFF_P_ cells to \sky130_fd_sc_hd__dfxtp_2 cells.

61. Printing statistics.

=== top ===

   Number of wires:               3279
   Number of wire bits:           3779
   Number of public wires:          22
   Number of public wire bits:     246
   Number of memories:               0
   Number of memory bits:            0
   Number of processes:              0
   Number of cells:               3561
     $_ANDNOT_                     825
     $_AND_                        242
     $_MUX_                        404
     $_NAND_                       169
     $_NOR_                        217
     $_NOT_                         74
     $_ORNOT_                       69
     $_OR_                         372
     $_XNOR_                       326
     $_XOR_                        659
     sky130_fd_sc_hd__dfxtp_2      204

[INFO]: USING STRATEGY AREA 0

62. Executing ABC pass (technology mapping using ABC).

62.1. Extracting gate netlist of module `\top' to `/tmp/yosys-abc-HFnpzF/input.blif'..
Extracted 3357 gates and 3590 wires to a netlist network with 232 inputs and 205 outputs.

62.1.1. Executing ABC.
Running ABC command: "/nix/store/wq2q0njg3sx8wvj2akz7x1qxwyrv9xlr-yosys-abc/bin/abc" -s -f /tmp/yosys-abc-HFnpzF/abc.script 2>&1
ABC: ABC command line: "source /tmp/yosys-abc-HFnpzF/abc.script".
ABC: 
ABC: + read_blif /tmp/yosys-abc-HFnpzF/input.blif 
ABC: + read_lib -w /design/runs/full_run/tmp/synthesis/trimmed.lib 
ABC: Parsing finished successfully.  Parsing time =     0.11 sec
ABC: Scl_LibertyReadGenlib() skipped sequential cell "sky130_fd_sc_hd__dfbbn_2".
ABC: Scl_LibertyReadGenlib() skipped sequential cell "sky130_fd_sc_hd__dfrbp_2".
ABC: Scl_LibertyReadGenlib() skipped sequential cell "sky130_fd_sc_hd__dfrtp_2".
ABC: Scl_LibertyReadGenlib() skipped sequential cell "sky130_fd_sc_hd__dfrtp_4".
ABC: Scl_LibertyReadGenlib() skipped sequential cell "sky130_fd_sc_hd__dfsbp_2".
ABC: Scl_LibertyReadGenlib() skipped sequential cell "sky130_fd_sc_hd__dfstp_2".
ABC: Scl_LibertyReadGenlib() skipped sequential cell "sky130_fd_sc_hd__dfstp_4".
ABC: Scl_LibertyReadGenlib() skipped sequential cell "sky130_fd_sc_hd__dfxbp_2".
ABC: Scl_LibertyReadGenlib() skipped sequential cell "sky130_fd_sc_hd__dfxtp_2".
ABC: Scl_LibertyReadGenlib() skipped sequential cell "sky130_fd_sc_hd__dfxtp_4".
ABC: Scl_LibertyReadGenlib() skipped sequential cell "sky130_fd_sc_hd__dlxtn_1".
ABC: Scl_LibertyReadGenlib() skipped sequential cell "sky130_fd_sc_hd__dlxtn_2".
ABC: Scl_LibertyReadGenlib() skipped sequential cell "sky130_fd_sc_hd__dlxtn_4".
ABC: Scl_LibertyReadGenlib() skipped sequential cell "sky130_fd_sc_hd__dlxtp_1".
ABC: Scl_LibertyReadGenlib() skipped three-state cell "sky130_fd_sc_hd__ebufn_2".
ABC: Scl_LibertyReadGenlib() skipped three-state cell "sky130_fd_sc_hd__ebufn_4".
ABC: Scl_LibertyReadGenlib() skipped three-state cell "sky130_fd_sc_hd__ebufn_8".
ABC: Library "sky130A_merged" from "/design/runs/full_run/tmp/synthesis/trimmed.lib" has 175 cells (17 skipped: 14 seq; 3 tri-state; 0 no func; 0 dont_use).  Time =     0.13 sec
ABC: Memory =    9.54 MB. Time =     0.13 sec
ABC: Warning: Detected 2 multi-output gates (for example, "sky130_fd_sc_hd__fa_1").
ABC: + read_constr -v /design/runs/full_run/tmp/synthesis/synthesis.sdc 
ABC: Setting driving cell to be "sky130_fd_sc_hd__inv_2".
ABC: Setting output load to be 33.442001.
ABC: + read_constr /design/runs/full_run/tmp/synthesis/synthesis.sdc 
ABC: + fx 
ABC: + mfs 
ABC: + strash 
ABC: + drf -l 
ABC: + balance 
ABC: + drw -l 
ABC: + drf -l 
ABC: + balance 
ABC: + drw -l 
ABC: + drw -l -z 
ABC: + balance 
ABC: + drf -l -z 
ABC: + drw -l -z 
ABC: + balance 
ABC: + retime -D -D 4000.0 -M 5 
ABC: + scleanup 
ABC: Error: The network is combinational.
ABC: + fraig_store 
ABC: + balance 
ABC: + fraig_store 
ABC: + balance 
ABC: + drw -l 
ABC: + drf -l 
ABC: + balance 
ABC: + drw -l 
ABC: + drw -l -z 
ABC: + balance 
ABC: + drf -l -z 
ABC: + drw -l -z 
ABC: + balance 
ABC: + fraig_store 
ABC: + balance 
ABC: + drw -l 
ABC: + drf -l 
ABC: + balance 
ABC: + drw -l 
ABC: + drw -l -z 
ABC: + balance 
ABC: + drf -l -z 
ABC: + drw -l -z 
ABC: + balance 
ABC: + fraig_store 
ABC: + balance 
ABC: + drw -l 
ABC: + drf -l 
ABC: + balance 
ABC: + drw -l 
ABC: + drw -l -z 
ABC: + balance 
ABC: + drf -l -z 
ABC: + drw -l -z 
ABC: + balance 
ABC: + fraig_store 
ABC: + fraig_restore 
ABC: + amap -m -Q 0.1 -F 20 -A 20 -C 5000 
ABC: + retime -D -D 4000.0 
ABC: + &get -n 
ABC: + &st 
ABC: + &dch 
ABC: + &nf 
ABC: + &put 
ABC: + buffer -N 10 -S 750.0 
ABC: + upsize -D 4000.0 
ABC: + dnsize -D 4000.0 
ABC: + stime -p 
ABC: WireLoad = "none"  Gates =   3044 (  9.5 %)   Cap = 10.2 ff (  3.2 %)   Area =    27729.09 ( 89.2 %)   Delay =  6694.68 ps  (  7.7 %)               
ABC: Path  0 --     211 : 0    3 pi                         A =   0.00  Df =  27.5  -15.6 ps  S =  43.8 ps  Cin =  0.0 ff  Cout =   8.0 ff  Cmax =   0.0 ff  G =    0  
ABC: Path  1 --    1405 : 1   10 sky130_fd_sc_hd__buf_6     A =  11.26  Df = 152.2  -17.2 ps  S =  78.5 ps  Cin =  4.6 ff  Cout =  34.0 ff  Cmax = 785.5 ff  G =  702  
ABC: Path  2 --    1635 : 1   10 sky130_fd_sc_hd__buf_6     A =  11.26  Df = 277.2  -14.7 ps  S =  62.8 ps  Cin =  4.6 ff  Cout =  25.6 ff  Cmax = 785.5 ff  G =  527  
ABC: Path  3 --    1875 : 4    2 sky130_fd_sc_hd__a22o_2    A =  10.01  Df = 511.1  -91.8 ps  S =  42.0 ps  Cin =  2.3 ff  Cout =   3.9 ff  Cmax = 301.2 ff  G =  158  
ABC: Path  4 --    1941 : 4    2 sky130_fd_sc_hd__a22o_2    A =  10.01  Df = 774.0 -147.8 ps  S =  56.8 ps  Cin =  2.3 ff  Cout =   7.3 ff  Cmax = 301.2 ff  G =  293  
ABC: Path  5 --    1943 : 3    2 sky130_fd_sc_hd__a21o_2    A =   8.76  Df = 969.0 -117.1 ps  S =  51.6 ps  Cin =  2.4 ff  Cout =   7.1 ff  Cmax = 309.5 ff  G =  289  
ABC: Path  6 --    1945 : 3    2 sky130_fd_sc_hd__a21o_2    A =   8.76  Df =1193.4 -177.2 ps  S =  61.7 ps  Cin =  2.4 ff  Cout =   9.6 ff  Cmax = 309.5 ff  G =  393  
ABC: Path  7 --    1948 : 3    3 sky130_fd_sc_hd__a21o_4    A =  15.01  Df =1415.0 -209.7 ps  S =  49.2 ps  Cin =  4.5 ff  Cout =  12.2 ff  Cmax = 568.6 ff  G =  257  
ABC: Path  8 --    1950 : 3    2 sky130_fd_sc_hd__a21o_4    A =  15.01  Df =1624.5 -218.8 ps  S =  36.6 ps  Cin =  4.5 ff  Cout =   7.1 ff  Cmax = 568.6 ff  G =  150  
ABC: Path  9 --    1952 : 3    2 sky130_fd_sc_hd__a21o_2    A =   8.76  Df =1837.7 -215.8 ps  S =  50.4 ps  Cin =  2.4 ff  Cout =   7.1 ff  Cmax = 309.5 ff  G =  289  
ABC: Path 10 --    1954 : 3    2 sky130_fd_sc_hd__a21o_2    A =   8.76  Df =2054.1 -203.1 ps  S =  53.3 ps  Cin =  2.4 ff  Cout =   7.1 ff  Cmax = 309.5 ff  G =  289  
ABC: Path 11 --    1956 : 3    2 sky130_fd_sc_hd__a21o_2    A =   8.76  Df =2270.6 -200.3 ps  S =  50.5 ps  Cin =  2.4 ff  Cout =   7.1 ff  Cmax = 309.5 ff  G =  289  
ABC: Path 12 --    1958 : 3    2 sky130_fd_sc_hd__a21o_2    A =   8.76  Df =2488.3 -189.4 ps  S =  52.2 ps  Cin =  2.4 ff  Cout =   7.5 ff  Cmax = 309.5 ff  G =  306  
ABC: Path 13 --    1991 : 3    5 sky130_fd_sc_hd__and3_4    A =  11.26  Df =2674.7  -84.0 ps  S =  83.4 ps  Cin =  2.4 ff  Cout =  18.8 ff  Cmax = 532.8 ff  G =  743  
ABC: Path 14 --    1994 : 3    2 sky130_fd_sc_hd__o21ba_2   A =  10.01  Df =2926.3  -32.9 ps  S =  59.0 ps  Cin =  2.1 ff  Cout =   7.2 ff  Cmax = 264.6 ff  G =  324  
ABC: Path 15 --    1996 : 4    2 sky130_fd_sc_hd__o211a_2   A =  10.01  Df =3208.6  -70.6 ps  S =  66.8 ps  Cin =  2.4 ff  Cout =   7.2 ff  Cmax = 268.3 ff  G =  281  
ABC: Path 16 --    1998 : 4    3 sky130_fd_sc_hd__o211a_2   A =  10.01  Df =3447.6  -47.1 ps  S =  91.7 ps  Cin =  2.4 ff  Cout =  11.9 ff  Cmax = 268.3 ff  G =  471  
ABC: Path 17 --    1999 : 3    2 sky130_fd_sc_hd__or3_4     A =  11.26  Df =3734.4 -157.4 ps  S =  70.2 ps  Cin =  2.4 ff  Cout =   7.1 ff  Cmax = 531.9 ff  G =  290  
ABC: Path 18 --    2001 : 3    4 sky130_fd_sc_hd__and3_4    A =  11.26  Df =3914.1 -159.3 ps  S =  54.6 ps  Cin =  2.4 ff  Cout =   7.9 ff  Cmax = 532.8 ff  G =  314  
ABC: Path 19 --    2154 : 4    2 sky130_fd_sc_hd__or4_4     A =  11.26  Df =4444.0 -342.1 ps  S =  88.5 ps  Cin =  2.4 ff  Cout =   7.2 ff  Cmax = 534.7 ff  G =  284  
ABC: Path 20 --    2305 : 4    2 sky130_fd_sc_hd__nand4bb_4 A =  27.53  Df =4675.6 -331.3 ps  S =  88.8 ps  Cin =  5.5 ff  Cout =   5.1 ff  Cmax = 356.1 ff  G =   87  
ABC: Path 21 --    2537 : 4    2 sky130_fd_sc_hd__or4_4     A =  11.26  Df =5191.3 -444.7 ps  S =  81.7 ps  Cin =  2.4 ff  Cout =   3.9 ff  Cmax = 534.7 ff  G =  159  
ABC: Path 22 --    2870 : 5    2 sky130_fd_sc_hd__a311o_2   A =  11.26  Df =5586.4 -221.7 ps  S =  73.3 ps  Cin =  2.3 ff  Cout =   9.8 ff  Cmax = 298.5 ff  G =  406  
ABC: Path 23 --    2951 : 3    5 sky130_fd_sc_hd__a21o_4    A =  15.01  Df =5820.7 -264.9 ps  S =  53.1 ps  Cin =  4.5 ff  Cout =  13.8 ff  Cmax = 568.6 ff  G =  292  
ABC: Path 24 --    3085 : 5    2 sky130_fd_sc_hd__a311o_2   A =  11.26  Df =6192.3 -457.4 ps  S =  66.8 ps  Cin =  2.3 ff  Cout =   7.5 ff  Cmax = 298.5 ff  G =  313  
ABC: Path 25 --    3136 : 4    1 sky130_fd_sc_hd__a31o_2    A =   8.76  Df =6430.6 -543.1 ps  S =  47.8 ps  Cin =  2.4 ff  Cout =   4.5 ff  Cmax = 271.9 ff  G =  181  
ABC: Path 26 --    3137 : 5    1 sky130_fd_sc_hd__o221a_4   A =  20.02  Df =6694.7  -91.6 ps  S = 128.1 ps  Cin =  4.5 ff  Cout =  33.4 ff  Cmax = 488.0 ff  G =  743  
ABC: Start-point = pi210 (\s_tdata [6]).  End-point = po138 ($auto$rtlil.cc:2684:MuxGate$11835).
ABC: + print_stats -m 
ABC: netlist                       : i/o =  232/  205  lat =    0  nd =  3044  edge =   7894  area =27733.69  delay =28.00  lev = 28
ABC: + write_blif /tmp/yosys-abc-HFnpzF/output.blif 

62.1.2. Re-integrating ABC results.
ABC RESULTS:   sky130_fd_sc_hd__nor4b_2 cells:        1
ABC RESULTS:   sky130_fd_sc_hd__o41a_2 cells:        1
ABC RESULTS:   sky130_fd_sc_hd__a2111o_2 cells:        1
ABC RESULTS:   sky130_fd_sc_hd__or4b_2 cells:        1
ABC RESULTS:   sky130_fd_sc_hd__buf_4 cells:        8
ABC RESULTS:   sky130_fd_sc_hd__o22ai_2 cells:        1
ABC RESULTS:   sky130_fd_sc_hd__nand4bb_2 cells:        1
ABC RESULTS:   sky130_fd_sc_hd__a221o_2 cells:        2
ABC RESULTS:   sky130_fd_sc_hd__and2_4 cells:        1
ABC RESULTS:   sky130_fd_sc_hd__and3b_4 cells:        1
ABC RESULTS:   sky130_fd_sc_hd__a22o_4 cells:        1
ABC RESULTS:   sky130_fd_sc_hd__o2111ai_2 cells:        1
ABC RESULTS:   sky130_fd_sc_hd__or2_4 cells:        1
ABC RESULTS:   sky130_fd_sc_hd__a31o_4 cells:        1
ABC RESULTS:   sky130_fd_sc_hd__a211o_4 cells:        1
ABC RESULTS:   sky130_fd_sc_hd__buf_6 cells:        9
ABC RESULTS:   sky130_fd_sc_hd__a311o_4 cells:        1
ABC RESULTS:   sky130_fd_sc_hd__or3b_4 cells:        2
ABC RESULTS:   sky130_fd_sc_hd__and4b_2 cells:        5
ABC RESULTS:   sky130_fd_sc_hd__and4_4 cells:        2
ABC RESULTS:   sky130_fd_sc_hd__nand2b_2 cells:        1
ABC RESULTS:   sky130_fd_sc_hd__nand4bb_4 cells:        1
ABC RESULTS:   sky130_fd_sc_hd__xnor2_4 cells:        1
ABC RESULTS:   sky130_fd_sc_hd__buf_2 cells:       32
ABC RESULTS:   sky130_fd_sc_hd__and3_4 cells:       14
ABC RESULTS:   sky130_fd_sc_hd__or4_4 cells:        2
ABC RESULTS:   sky130_fd_sc_hd__a32o_2 cells:       27
ABC RESULTS:   sky130_fd_sc_hd__nand4_2 cells:       12
ABC RESULTS:   sky130_fd_sc_hd__o211ai_2 cells:       14
ABC RESULTS:   sky130_fd_sc_hd__and3b_2 cells:        4
ABC RESULTS:   sky130_fd_sc_hd__o21bai_2 cells:       20
ABC RESULTS:   sky130_fd_sc_hd__nor4_2 cells:        2
ABC RESULTS:   sky130_fd_sc_hd__o22a_2 cells:        3
ABC RESULTS:   sky130_fd_sc_hd__nor3b_2 cells:        4
ABC RESULTS:   sky130_fd_sc_hd__or4_2 cells:        2
ABC RESULTS:   sky130_fd_sc_hd__or3_4 cells:       29
ABC RESULTS:   sky130_fd_sc_hd__nor2b_2 cells:        6
ABC RESULTS:   sky130_fd_sc_hd__o2bb2a_2 cells:       39
ABC RESULTS:   sky130_fd_sc_hd__and4bb_2 cells:        3
ABC RESULTS:   sky130_fd_sc_hd__a21o_4 cells:        4
ABC RESULTS:   sky130_fd_sc_hd__nand3_2 cells:      124
ABC RESULTS:   sky130_fd_sc_hd__and4_2 cells:       62
ABC RESULTS:   sky130_fd_sc_hd__a22o_2 cells:       60
ABC RESULTS:   sky130_fd_sc_hd__nor3_2 cells:       20
ABC RESULTS:   sky130_fd_sc_hd__o31a_2 cells:        6
ABC RESULTS:   sky130_fd_sc_hd__o2bb2ai_2 cells:        1
ABC RESULTS:   sky130_fd_sc_hd__o21ba_2 cells:       32
ABC RESULTS:   sky130_fd_sc_hd__a2bb2o_2 cells:       11
ABC RESULTS:   sky130_fd_sc_hd__o32a_2 cells:        2
ABC RESULTS:   sky130_fd_sc_hd__o221a_4 cells:        1
ABC RESULTS:   sky130_fd_sc_hd__a21boi_2 cells:       10
ABC RESULTS:   sky130_fd_sc_hd__or2b_2 cells:       47
ABC RESULTS:   sky130_fd_sc_hd__a221oi_2 cells:        1
ABC RESULTS:   sky130_fd_sc_hd__o31ai_2 cells:        3
ABC RESULTS:   sky130_fd_sc_hd__or3_2 cells:       48
ABC RESULTS:   sky130_fd_sc_hd__o311a_2 cells:        8
ABC RESULTS:   sky130_fd_sc_hd__o311ai_2 cells:        1
ABC RESULTS:   sky130_fd_sc_hd__nand3b_2 cells:       11
ABC RESULTS:   sky130_fd_sc_hd__a22oi_2 cells:       37
ABC RESULTS:   sky130_fd_sc_hd__a21bo_2 cells:       45
ABC RESULTS:   sky130_fd_sc_hd__a211oi_2 cells:       28
ABC RESULTS:   sky130_fd_sc_hd__o221a_2 cells:       13
ABC RESULTS:   sky130_fd_sc_hd__xor2_2 cells:      102
ABC RESULTS:   sky130_fd_sc_hd__a311o_2 cells:        4
ABC RESULTS:   sky130_fd_sc_hd__or3b_2 cells:        6
ABC RESULTS:   sky130_fd_sc_hd__and3_2 cells:       94
ABC RESULTS:   sky130_fd_sc_hd__o21ai_2 cells:       94
ABC RESULTS:   sky130_fd_sc_hd__xnor2_2 cells:      235
ABC RESULTS:   sky130_fd_sc_hd__or2_2 cells:      165
ABC RESULTS:   sky130_fd_sc_hd__o211a_2 cells:       76
ABC RESULTS:   sky130_fd_sc_hd__inv_2 cells:       76
ABC RESULTS:   sky130_fd_sc_hd__a21o_2 cells:      183
ABC RESULTS:   sky130_fd_sc_hd__a211o_2 cells:       20
ABC RESULTS:   sky130_fd_sc_hd__nand2_2 cells:      289
ABC RESULTS:   sky130_fd_sc_hd__a31oi_2 cells:        6
ABC RESULTS:   sky130_fd_sc_hd__a41o_2 cells:        4
ABC RESULTS:   sky130_fd_sc_hd__a31o_2 cells:       55
ABC RESULTS:   sky130_fd_sc_hd__nor2_2 cells:      182
ABC RESULTS:   sky130_fd_sc_hd__and2b_2 cells:       68
ABC RESULTS:   sky130_fd_sc_hd__a21oi_2 cells:      113
ABC RESULTS:   sky130_fd_sc_hd__o21a_2 cells:       61
ABC RESULTS:   sky130_fd_sc_hd__mux2_2 cells:       62
ABC RESULTS:   sky130_fd_sc_hd__and2_2 cells:      151
ABC RESULTS:   sky130_fd_sc_hd__buf_1 cells:      165
ABC RESULTS:        internal signals:     3153
ABC RESULTS:           input signals:      232
ABC RESULTS:          output signals:      205
Removing temp directory.

63. Executing SETUNDEF pass (replace undef values with defined constants).

64. Executing HILOMAP pass (mapping to constant drivers).

65. Executing SPLITNETS pass (splitting up multi-bit signals).

66. Executing OPT_CLEAN pass (remove unused cells and wires).
Finding unused cells or wires in module \top..
Removed 4 unused cells and 3782 unused wires.
<suppressed ~17 debug messages>

67. Executing INSBUF pass (insert buffer cells for connected wires).

68. Executing CHECK pass (checking for obvious problems).
Checking module top...
Found and reported 0 problems.

69. Printing statistics.

=== top ===

   Number of wires:               3223
   Number of wire bits:           3277
   Number of public wires:         180
   Number of public wire bits:     234
   Number of memories:               0
   Number of memory bits:            0
   Number of processes:              0
   Number of cells:               3248
     sky130_fd_sc_hd__a2111o_2       1
     sky130_fd_sc_hd__a211o_2       20
     sky130_fd_sc_hd__a211o_4        1
     sky130_fd_sc_hd__a211oi_2      28
     sky130_fd_sc_hd__a21bo_2       45
     sky130_fd_sc_hd__a21boi_2      10
     sky130_fd_sc_hd__a21o_2       183
     sky130_fd_sc_hd__a21o_4         4
     sky130_fd_sc_hd__a21oi_2      113
     sky130_fd_sc_hd__a221o_2        2
     sky130_fd_sc_hd__a221oi_2       1
     sky130_fd_sc_hd__a22o_2        60
     sky130_fd_sc_hd__a22o_4         1
     sky130_fd_sc_hd__a22oi_2       37
     sky130_fd_sc_hd__a2bb2o_2      11
     sky130_fd_sc_hd__a311o_2        4
     sky130_fd_sc_hd__a311o_4        1
     sky130_fd_sc_hd__a31o_2        55
     sky130_fd_sc_hd__a31o_4         1
     sky130_fd_sc_hd__a31oi_2        6
     sky130_fd_sc_hd__a32o_2        27
     sky130_fd_sc_hd__a41o_2         4
     sky130_fd_sc_hd__and2_2       151
     sky130_fd_sc_hd__and2_4         1
     sky130_fd_sc_hd__and2b_2       68
     sky130_fd_sc_hd__and3_2        94
     sky130_fd_sc_hd__and3_4        14
     sky130_fd_sc_hd__and3b_2        4
     sky130_fd_sc_hd__and3b_4        1
     sky130_fd_sc_hd__and4_2        62
     sky130_fd_sc_hd__and4_4         2
     sky130_fd_sc_hd__and4b_2        5
     sky130_fd_sc_hd__and4bb_2       3
     sky130_fd_sc_hd__buf_1        165
     sky130_fd_sc_hd__buf_2         32
     sky130_fd_sc_hd__buf_4          8
     sky130_fd_sc_hd__buf_6          9
     sky130_fd_sc_hd__dfxtp_2      204
     sky130_fd_sc_hd__inv_2         76
     sky130_fd_sc_hd__mux2_2        62
     sky130_fd_sc_hd__nand2_2      289
     sky130_fd_sc_hd__nand2b_2       1
     sky130_fd_sc_hd__nand3_2      124
     sky130_fd_sc_hd__nand3b_2      11
     sky130_fd_sc_hd__nand4_2       12
     sky130_fd_sc_hd__nand4bb_2      1
     sky130_fd_sc_hd__nand4bb_4      1
     sky130_fd_sc_hd__nor2_2       182
     sky130_fd_sc_hd__nor2b_2        6
     sky130_fd_sc_hd__nor3_2        20
     sky130_fd_sc_hd__nor3b_2        4
     sky130_fd_sc_hd__nor4_2         2
     sky130_fd_sc_hd__nor4b_2        1
     sky130_fd_sc_hd__o2111ai_2      1
     sky130_fd_sc_hd__o211a_2       76
     sky130_fd_sc_hd__o211ai_2      14
     sky130_fd_sc_hd__o21a_2        61
     sky130_fd_sc_hd__o21ai_2       94
     sky130_fd_sc_hd__o21ba_2       32
     sky130_fd_sc_hd__o21bai_2      20
     sky130_fd_sc_hd__o221a_2       13
     sky130_fd_sc_hd__o221a_4        1
     sky130_fd_sc_hd__o22a_2         3
     sky130_fd_sc_hd__o22ai_2        1
     sky130_fd_sc_hd__o2bb2a_2      39
     sky130_fd_sc_hd__o2bb2ai_2      1
     sky130_fd_sc_hd__o311a_2        8
     sky130_fd_sc_hd__o311ai_2       1
     sky130_fd_sc_hd__o31a_2         6
     sky130_fd_sc_hd__o31ai_2        3
     sky130_fd_sc_hd__o32a_2         2
     sky130_fd_sc_hd__o41a_2         1
     sky130_fd_sc_hd__or2_2        165
     sky130_fd_sc_hd__or2_4          1
     sky130_fd_sc_hd__or2b_2        47
     sky130_fd_sc_hd__or3_2         48
     sky130_fd_sc_hd__or3_4         29
     sky130_fd_sc_hd__or3b_2         6
     sky130_fd_sc_hd__or3b_4         2
     sky130_fd_sc_hd__or4_2          2
     sky130_fd_sc_hd__or4_4          2
     sky130_fd_sc_hd__or4b_2         1
     sky130_fd_sc_hd__xnor2_2      235
     sky130_fd_sc_hd__xnor2_4        1
     sky130_fd_sc_hd__xor2_2       102

   Chip area for module '\top': 32068.256000

70. Executing Verilog backend.
Dumping module `\top'.

71. Executing JSON backend.

End of script. Logfile hash: c6cc9428ff, CPU: user 1.29s system 0.13s, MEM: 42.78 MB peak
Yosys 0.38 (git sha1 543faed9c8c, clang++ 17.0.6 -fPIC -Os)
Time spent: 75% 2x abc (4 sec), 3% 2x read_liberty (0 sec), ...
