OpenROAD b16bda7e82721d10566ff7e2b68f1ff0be9f9e38 
Features included (+) or not (-): +Charts +GPU +GUI +Python
This program is licensed under the BSD-3 license. See the LICENSE file for details.
Components of this program may be licensed under more restrictive licenses which must be honored.
define_corners Typical
read_liberty -corner Typical /root/.volare/volare/sky130/versions/bdc9412b3e468c102d01b7cf6337be06ec6e9c9a/sky130A/libs.ref/sky130_fd_sc_hd/lib/sky130_fd_sc_hd__tt_025C_1v80.lib
Using 1e-12 for capacitance...
Using 1e+03 for resistance...
Using 1e-09 for time...
Using 1e+00 for voltage...
Using 1e-03 for current...
Using 1e-09 for power...
Using 1e-06 for distance...
[INFO]: Reading ODB at '/design/runs/full_run/tmp/placement/9-io.odb'…
Reading design constraints file at '/nix/store/xpc7xd67rslanlqh566s6jph53bn830w-openlane1-1.1.1/bin/scripts/base.sdc'…
[INFO]: Setting output delay to: 0.8
[INFO]: Setting input delay to: 0.8
[INFO]: Setting load to: 0.033442
[INFO]: Setting clock uncertainty to: 0.25
[INFO]: Setting clock transition to: 0.15
[INFO]: Setting timing derate to: 5.0 %
[INFO]: Setting RC values...
[INFO]: Setting signal min routing layer to: met1 and clock min routing layer to met3. 
[INFO]: Setting signal max routing layer to: met5 and clock max routing layer to met5. 
[WARNING GPL-0150] -skip_io will disable timing driven mode.
[WARNING GPL-0151] -skip_io will disable routability driven mode.
[INFO GPL-0002] DBU: 1000
[INFO GPL-0003] SiteSize: (  0.460  2.720 ) um
[INFO GPL-0004] CoreBBox: (  5.520 10.880 ) ( 258.520 263.840 ) um
[INFO GPL-0006] NumInstances:              4336
[INFO GPL-0007] NumPlaceInstances:         3248
[INFO GPL-0008] NumFixedInstances:         1088
[INFO GPL-0009] NumDummyInstances:            0
[INFO GPL-0010] NumNets:                   3277
[INFO GPL-0011] NumPins:                  11550
[INFO GPL-0012] DieBBox:  (  0.000  0.000 ) ( 264.290 275.010 ) um
[INFO GPL-0013] CoreBBox: (  5.520 10.880 ) ( 258.520 263.840 ) um
[INFO GPL-0016] CoreArea:             63998.880 um^2
[INFO GPL-0017] NonPlaceInstsArea:     1826.752 um^2
[INFO GPL-0018] PlaceInstsArea:       32068.256 um^2
[INFO GPL-0019] Util:                    51.580 %
[INFO GPL-0020] StdInstsArea:         32068.256 um^2
[INFO GPL-0021] MacroInstsArea:           0.000 um^2
[INFO GPL-0031] FillerInit:NumGCells:      3794
[INFO GPL-0032] FillerInit:NumGNets:       3277
[INFO GPL-0033] FillerInit:NumGPins:      11550
[INFO GPL-0023] TargetDensity:            0.600
[INFO GPL-0024] AvrgPlaceInstArea:        9.873 um^2
[INFO GPL-0025] IdealBinArea:            16.455 um^2
[INFO GPL-0026] IdealBinCnt:               3889
[INFO GPL-0027] TotalBinArea:         63998.880 um^2
[INFO GPL-0028] BinCnt:        32     32
[INFO GPL-0029] BinSize: (  7.907  7.905 )
[INFO GPL-0030] NumBins: 1024
[NesterovSolve] Iter:    1 overflow: 0.995 HPWL: 9392469
[NesterovSolve] Iter:   10 overflow: 0.994 HPWL: 6320257
[NesterovSolve] Iter:   20 overflow: 0.992 HPWL: 6240291
[NesterovSolve] Iter:   30 overflow: 0.991 HPWL: 6206953
[NesterovSolve] Iter:   40 overflow: 0.991 HPWL: 6180254
[NesterovSolve] Iter:   50 overflow: 0.991 HPWL: 6159103
[NesterovSolve] Iter:   60 overflow: 0.991 HPWL: 6145826
[NesterovSolve] Iter:   70 overflow: 0.991 HPWL: 6138598
[NesterovSolve] Iter:   80 overflow: 0.991 HPWL: 6141483
[NesterovSolve] Iter:   90 overflow: 0.991 HPWL: 6162385
[NesterovSolve] Iter:  100 overflow: 0.988 HPWL: 6222199
[NesterovSolve] Iter:  110 overflow: 0.983 HPWL: 6375226
[NesterovSolve] Iter:  120 overflow: 0.980 HPWL: 6742218
[NesterovSolve] Iter:  130 overflow: 0.973 HPWL: 7444495
[NesterovSolve] Iter:  140 overflow: 0.967 HPWL: 8594523
[NesterovSolve] Iter:  150 overflow: 0.960 HPWL: 10370064
[NesterovSolve] Iter:  160 overflow: 0.935 HPWL: 13224636
[NesterovSolve] Iter:  170 overflow: 0.910 HPWL: 16906769
[NesterovSolve] Iter:  180 overflow: 0.875 HPWL: 20233250
[NesterovSolve] Iter:  190 overflow: 0.843 HPWL: 22779274
[NesterovSolve] Iter:  200 overflow: 0.809 HPWL: 25632389
[NesterovSolve] Iter:  210 overflow: 0.765 HPWL: 29272902
[NesterovSolve] Iter:  220 overflow: 0.723 HPWL: 32643155
[NesterovSolve] Iter:  230 overflow: 0.681 HPWL: 35660505
[NesterovSolve] Iter:  240 overflow: 0.633 HPWL: 39001839
[NesterovSolve] Iter:  250 overflow: 0.584 HPWL: 42087398
[NesterovSolve] Iter:  260 overflow: 0.539 HPWL: 44805746
[NesterovSolve] Iter:  270 overflow: 0.487 HPWL: 47504783
[NesterovSolve] Iter:  280 overflow: 0.439 HPWL: 49634781
[NesterovSolve] Iter:  290 overflow: 0.388 HPWL: 51635113
[NesterovSolve] Iter:  300 overflow: 0.331 HPWL: 53147407
[NesterovSolve] Iter:  310 overflow: 0.292 HPWL: 53357966
[NesterovSolve] Iter:  320 overflow: 0.261 HPWL: 53694250
[NesterovSolve] Iter:  330 overflow: 0.221 HPWL: 54048747
[NesterovSolve] Iter:  340 overflow: 0.196 HPWL: 54348149
[NesterovSolve] Iter:  350 overflow: 0.172 HPWL: 54584945
[NesterovSolve] Iter:  360 overflow: 0.149 HPWL: 54754833
[NesterovSolve] Iter:  370 overflow: 0.130 HPWL: 54957369
[NesterovSolve] Iter:  380 overflow: 0.112 HPWL: 55141099
[NesterovSolve] Finished with Overflow: 0.099906
Setting global connections for newly added cells…
Writing OpenROAD database to '/design/runs/full_run/tmp/placement/10-global.odb'…
Writing netlist to '/design/runs/full_run/tmp/placement/10-global.nl.v'…
Writing powered netlist to '/design/runs/full_run/tmp/placement/10-global.pnl.v'…
Writing layout to '/design/runs/full_run/tmp/placement/10-global.def'…
