
 /----------------------------------------------------------------------------\
 |                                                                            |
 |  yosys -- Yosys Open SYnthesis Suite                                       |
 |                                                                            |
 |  Copyright (C) 2012 - 2020  Claire Xenia Wolf <claire@yosyshq.com>         |
 |                                                                            |
 |  Permission to use, copy, modify, and/or distribute this software for any  |
 |  purpose with or without fee is hereby granted, provided that the above    |
 |  copyright notice and this permission notice appear in all copies.         |
 |                                                                            |
 |  THE SOFTWARE IS PROVIDED "AS IS" AND THE AUTHOR DISCLAIMS ALL WARRANTIES  |
 |  WITH REGARD TO THIS SOFTWARE INCLUDING ALL IMPLIED WARRANTIES OF          |
 |  MERCHANTABILITY AND FITNESS. IN NO EVENT SHALL THE AUTHOR BE LIABLE FOR   |
 |  ANY SPECIAL, DIRECT, INDIRECT, OR CONSEQUENTIAL DAMAGES OR ANY DAMAGES    |
 |  WHATSOEVER RESULTING FROM LOSS OF USE, DATA OR PROFITS, WHETHER IN AN     |
 |  ACTION OF CONTRACT, NEGLIGENCE OR OTHER TORTIOUS ACTION, ARISING OUT OF   |
 |  OR IN CONNECTION WITH THE USE OR PERFORMANCE OF THIS SOFTWARE.            |
 |                                                                            |
 \----------------------------------------------------------------------------/

 Yosys 0.38 (git sha1 543faed9c8c, clang++ 17.0.6 -fPIC -Os)

[TCL: yosys -import] Command name collision: found pre-existing command `cd' -> skip.
[TCL: yosys -import] Command name collision: found pre-existing command `eval' -> skip.
[TCL: yosys -import] Command name collision: found pre-existing command `exec' -> skip.
[TCL: yosys -import] Command name collision: found pre-existing command `read' -> skip.
[TCL: yosys -import] Command name collision: found pre-existing command `trace' -> skip.

1. Executing Liberty frontend: /root/.volare/volare/sky130/versions/bdc9412b3e468c102d01b7cf6337be06ec6e9c9a/sky130A/libs.ref/sky130_fd_sc_hd/lib/sky130_fd_sc_hd__tt_025C_1v80.lib
Imported 428 cell types from liberty file.

2. Executing Verilog-2005 frontend: /design/rtl/top.sv
Parsing SystemVerilog input from `/design/rtl/top.sv' to AST representation.
Storing AST representation for module `$abstract\top'.
Successfully finished Verilog frontend.

3. Executing Verilog-2005 frontend: /design/rtl/interface.sv
Parsing SystemVerilog input from `/design/rtl/interface.sv' to AST representation.
Storing AST representation for module `$abstract\interface_axi4s'.
Successfully finished Verilog frontend.

4. Executing Verilog-2005 frontend: /design/rtl/compute_core.sv
Parsing SystemVerilog input from `/design/rtl/compute_core.sv' to AST representation.
Storing AST representation for module `$abstract\compute_core'.
Successfully finished Verilog frontend.

5. Executing Verilog-2005 frontend: /design/rtl/mac_unit.sv
Parsing SystemVerilog input from `/design/rtl/mac_unit.sv' to AST representation.
Storing AST representation for module `$abstract\mac_unit'.
Successfully finished Verilog frontend.

6. Executing Verilog-2005 frontend: /design/rtl/scale_unit.sv
Parsing SystemVerilog input from `/design/rtl/scale_unit.sv' to AST representation.
Storing AST representation for module `$abstract\scale_unit'.
Successfully finished Verilog frontend.

7. Executing Verilog-2005 frontend: /design/rtl/relu_approx.sv
Parsing SystemVerilog input from `/design/rtl/relu_approx.sv' to AST representation.
Storing AST representation for module `$abstract\relu_approx'.
Successfully finished Verilog frontend.

8. Executing Verilog-2005 frontend: /design/rtl/av_unit.sv
Parsing SystemVerilog input from `/design/rtl/av_unit.sv' to AST representation.
Storing AST representation for module `$abstract\av_unit'.
Successfully finished Verilog frontend.

9. Executing HIERARCHY pass (managing design hierarchy).

10. Executing AST frontend in derive mode using pre-parsed AST for module `\top'.
Generating RTLIL representation for module `\top'.

10.1. Analyzing design hierarchy..
Top module:  \top
Parameter \DATA_WIDTH = 8
Parameter \ACCUM_WIDTH = 32

10.2. Executing AST frontend in derive mode using pre-parsed AST for module `\interface_axi4s'.
Parameter \DATA_WIDTH = 8
Parameter \ACCUM_WIDTH = 32
Generating RTLIL representation for module `$paramod$d7cdc7a86a89773c3f58cbd3e674af93a8edce42\interface_axi4s'.

10.3. Analyzing design hierarchy..
Top module:  \top
Used module:     $paramod$d7cdc7a86a89773c3f58cbd3e674af93a8edce42\interface_axi4s
Parameter \DATA_WIDTH = 8
Parameter \ACCUM_WIDTH = 32

10.4. Executing AST frontend in derive mode using pre-parsed AST for module `\compute_core'.
Parameter \DATA_WIDTH = 8
Parameter \ACCUM_WIDTH = 32
Generating RTLIL representation for module `$paramod$d7cdc7a86a89773c3f58cbd3e674af93a8edce42\compute_core'.

10.5. Analyzing design hierarchy..
Top module:  \top
Used module:     $paramod$d7cdc7a86a89773c3f58cbd3e674af93a8edce42\interface_axi4s
Used module:         $paramod$d7cdc7a86a89773c3f58cbd3e674af93a8edce42\compute_core
Parameter \DATA_WIDTH = 8
Parameter \ACCUM_WIDTH = 32
Parameter \SCALE_SHIFT = 3

10.6. Executing AST frontend in derive mode using pre-parsed AST for module `\av_unit'.
Parameter \DATA_WIDTH = 8
Parameter \ACCUM_WIDTH = 32
Parameter \SCALE_SHIFT = 3
Generating RTLIL representation for module `$paramod$6d560c1820a9bb09cc229ae43cc6a81b142ddd4c\av_unit'.
Parameter \DATA_WIDTH = 32

10.7. Executing AST frontend in derive mode using pre-parsed AST for module `\relu_approx'.
Parameter \DATA_WIDTH = 32
Generating RTLIL representation for module `$paramod\relu_approx\DATA_WIDTH=s32'00000000000000000000000000100000'.
Parameter \DATA_WIDTH = 32
Parameter \SCALE_SHIFT = 3

10.8. Executing AST frontend in derive mode using pre-parsed AST for module `\scale_unit'.
Parameter \DATA_WIDTH = 32
Parameter \SCALE_SHIFT = 3
Generating RTLIL representation for module `$paramod$e46acf841231e37899d2739fe199bb52cadbec51\scale_unit'.
Parameter \DATA_WIDTH = 8
Parameter \ACCUM_WIDTH = 32

10.9. Executing AST frontend in derive mode using pre-parsed AST for module `\mac_unit'.
Parameter \DATA_WIDTH = 8
Parameter \ACCUM_WIDTH = 32
Generating RTLIL representation for module `$paramod$d7cdc7a86a89773c3f58cbd3e674af93a8edce42\mac_unit'.

10.10. Analyzing design hierarchy..
Top module:  \top
Used module:     $paramod$d7cdc7a86a89773c3f58cbd3e674af93a8edce42\interface_axi4s
Used module:         $paramod$d7cdc7a86a89773c3f58cbd3e674af93a8edce42\compute_core
Used module:             $paramod$6d560c1820a9bb09cc229ae43cc6a81b142ddd4c\av_unit
Used module:             $paramod\relu_approx\DATA_WIDTH=s32'00000000000000000000000000100000
Used module:             $paramod$e46acf841231e37899d2739fe199bb52cadbec51\scale_unit
Used module:             $paramod$d7cdc7a86a89773c3f58cbd3e674af93a8edce42\mac_unit

10.11. Analyzing design hierarchy..
Top module:  \top
Used module:     $paramod$d7cdc7a86a89773c3f58cbd3e674af93a8edce42\interface_axi4s
Used module:         $paramod$d7cdc7a86a89773c3f58cbd3e674af93a8edce42\compute_core
Used module:             $paramod$6d560c1820a9bb09cc229ae43cc6a81b142ddd4c\av_unit
Used module:             $paramod\relu_approx\DATA_WIDTH=s32'00000000000000000000000000100000
Used module:             $paramod$e46acf841231e37899d2739fe199bb52cadbec51\scale_unit
Used module:             $paramod$d7cdc7a86a89773c3f58cbd3e674af93a8edce42\mac_unit
Removing unused module `$abstract\av_unit'.
Removing unused module `$abstract\relu_approx'.
Removing unused module `$abstract\scale_unit'.
Removing unused module `$abstract\mac_unit'.
Removing unused module `$abstract\compute_core'.
Removing unused module `$abstract\interface_axi4s'.
Removing unused module `$abstract\top'.
Removed 7 unused modules.

11. Generating Graphviz representation of design.
Writing dot description to `/design/runs/full_run/tmp/synthesis/hierarchy.dot'.
Dumping module top to page 1.
Renaming module top to top.

12. Executing TRIBUF pass.

13. Executing HIERARCHY pass (managing design hierarchy).

13.1. Analyzing design hierarchy..
Top module:  \top
Used module:     $paramod$d7cdc7a86a89773c3f58cbd3e674af93a8edce42\interface_axi4s
Used module:         $paramod$d7cdc7a86a89773c3f58cbd3e674af93a8edce42\compute_core
Used module:             $paramod$6d560c1820a9bb09cc229ae43cc6a81b142ddd4c\av_unit
Used module:             $paramod\relu_approx\DATA_WIDTH=s32'00000000000000000000000000100000
Used module:             $paramod$e46acf841231e37899d2739fe199bb52cadbec51\scale_unit
Used module:             $paramod$d7cdc7a86a89773c3f58cbd3e674af93a8edce42\mac_unit

13.2. Analyzing design hierarchy..
Top module:  \top
Used module:     $paramod$d7cdc7a86a89773c3f58cbd3e674af93a8edce42\interface_axi4s
Used module:         $paramod$d7cdc7a86a89773c3f58cbd3e674af93a8edce42\compute_core
Used module:             $paramod$6d560c1820a9bb09cc229ae43cc6a81b142ddd4c\av_unit
Used module:             $paramod\relu_approx\DATA_WIDTH=s32'00000000000000000000000000100000
Used module:             $paramod$e46acf841231e37899d2739fe199bb52cadbec51\scale_unit
Used module:             $paramod$d7cdc7a86a89773c3f58cbd3e674af93a8edce42\mac_unit
Removed 0 unused modules.

14. Executing PROC_CLEAN pass (remove empty switches from decision trees).
Cleaned up 0 empty switches.

15. Executing PROC_RMDEAD pass (remove dead branches from decision trees).
Marked 2 switch rules as full_case in process $proc$/design/rtl/scale_unit.sv:34$12 in module $paramod$e46acf841231e37899d2739fe199bb52cadbec51\scale_unit.
Marked 2 switch rules as full_case in process $proc$/design/rtl/relu_approx.sv:37$10 in module $paramod\relu_approx\DATA_WIDTH=s32'00000000000000000000000000100000.
Marked 2 switch rules as full_case in process $proc$/design/rtl/av_unit.sv:42$6 in module $paramod$6d560c1820a9bb09cc229ae43cc6a81b142ddd4c\av_unit.
Marked 2 switch rules as full_case in process $proc$/design/rtl/interface.sv:102$4 in module $paramod$d7cdc7a86a89773c3f58cbd3e674af93a8edce42\interface_axi4s.
Marked 2 switch rules as full_case in process $proc$/design/rtl/mac_unit.sv:43$14 in module $paramod$d7cdc7a86a89773c3f58cbd3e674af93a8edce42\mac_unit.
Removed a total of 0 dead cases.

16. Executing PROC_PRUNE pass (remove redundant assignments in processes).
Removed 4 redundant assignments.
Promoted 0 assignments to connections.

17. Executing PROC_INIT pass (extract init attributes).

18. Executing PROC_ARST pass (detect async resets in processes).

19. Executing PROC_ROM pass (convert switches to ROMs).
Converted 0 switches.
<suppressed ~11 debug messages>

20. Executing PROC_MUX pass (convert decision trees to multiplexers).
Creating decoders for process `$paramod$e46acf841231e37899d2739fe199bb52cadbec51\scale_unit.$proc$/design/rtl/scale_unit.sv:34$12'.
     1/2: $0\valid_out[0:0]
     2/2: $0\data_out[31:0]
Creating decoders for process `$paramod\relu_approx\DATA_WIDTH=s32'00000000000000000000000000100000.$proc$/design/rtl/relu_approx.sv:37$10'.
     1/2: $0\valid_out[0:0]
     2/2: $0\data_out[31:0]
Creating decoders for process `$paramod$6d560c1820a9bb09cc229ae43cc6a81b142ddd4c\av_unit.$proc$/design/rtl/av_unit.sv:42$6'.
     1/3: $0\valid_out[0:0]
     2/3: $0\av_accum[31:0]
     3/3: $0\v_extended[31:0]
Creating decoders for process `$paramod$d7cdc7a86a89773c3f58cbd3e674af93a8edce42\interface_axi4s.$proc$/design/rtl/interface.sv:102$4'.
     1/2: $0\result_valid[0:0]
     2/2: $0\result_reg[31:0]
Creating decoders for process `$paramod$d7cdc7a86a89773c3f58cbd3e674af93a8edce42\mac_unit.$proc$/design/rtl/mac_unit.sv:43$14'.
     1/3: $0\last_reg[0:0]
     2/3: $0\accum_reg[31:0]
     3/3: $0\product_reg[15:0]

21. Executing PROC_DLATCH pass (convert process syncs to latches).

22. Executing PROC_DFF pass (convert process syncs to FFs).
Creating register for signal `$paramod$e46acf841231e37899d2739fe199bb52cadbec51\scale_unit.\valid_out' using process `$paramod$e46acf841231e37899d2739fe199bb52cadbec51\scale_unit.$proc$/design/rtl/scale_unit.sv:34$12'.
  created $dff cell `$procdff$91' with positive edge clock.
Creating register for signal `$paramod$e46acf841231e37899d2739fe199bb52cadbec51\scale_unit.\data_out' using process `$paramod$e46acf841231e37899d2739fe199bb52cadbec51\scale_unit.$proc$/design/rtl/scale_unit.sv:34$12'.
  created $dff cell `$procdff$92' with positive edge clock.
Creating register for signal `$paramod\relu_approx\DATA_WIDTH=s32'00000000000000000000000000100000.\valid_out' using process `$paramod\relu_approx\DATA_WIDTH=s32'00000000000000000000000000100000.$proc$/design/rtl/relu_approx.sv:37$10'.
  created $dff cell `$procdff$93' with positive edge clock.
Creating register for signal `$paramod\relu_approx\DATA_WIDTH=s32'00000000000000000000000000100000.\data_out' using process `$paramod\relu_approx\DATA_WIDTH=s32'00000000000000000000000000100000.$proc$/design/rtl/relu_approx.sv:37$10'.
  created $dff cell `$procdff$94' with positive edge clock.
Creating register for signal `$paramod$6d560c1820a9bb09cc229ae43cc6a81b142ddd4c\av_unit.\valid_out' using process `$paramod$6d560c1820a9bb09cc229ae43cc6a81b142ddd4c\av_unit.$proc$/design/rtl/av_unit.sv:42$6'.
  created $dff cell `$procdff$95' with positive edge clock.
Creating register for signal `$paramod$6d560c1820a9bb09cc229ae43cc6a81b142ddd4c\av_unit.\v_extended' using process `$paramod$6d560c1820a9bb09cc229ae43cc6a81b142ddd4c\av_unit.$proc$/design/rtl/av_unit.sv:42$6'.
  created $dff cell `$procdff$96' with positive edge clock.
Creating register for signal `$paramod$6d560c1820a9bb09cc229ae43cc6a81b142ddd4c\av_unit.\av_accum' using process `$paramod$6d560c1820a9bb09cc229ae43cc6a81b142ddd4c\av_unit.$proc$/design/rtl/av_unit.sv:42$6'.
  created $dff cell `$procdff$97' with positive edge clock.
Creating register for signal `$paramod$d7cdc7a86a89773c3f58cbd3e674af93a8edce42\interface_axi4s.\result_reg' using process `$paramod$d7cdc7a86a89773c3f58cbd3e674af93a8edce42\interface_axi4s.$proc$/design/rtl/interface.sv:102$4'.
  created $dff cell `$procdff$98' with positive edge clock.
Creating register for signal `$paramod$d7cdc7a86a89773c3f58cbd3e674af93a8edce42\interface_axi4s.\result_valid' using process `$paramod$d7cdc7a86a89773c3f58cbd3e674af93a8edce42\interface_axi4s.$proc$/design/rtl/interface.sv:102$4'.
  created $dff cell `$procdff$99' with positive edge clock.
Creating register for signal `$paramod$d7cdc7a86a89773c3f58cbd3e674af93a8edce42\mac_unit.\product_reg' using process `$paramod$d7cdc7a86a89773c3f58cbd3e674af93a8edce42\mac_unit.$proc$/design/rtl/mac_unit.sv:43$14'.
  created $dff cell `$procdff$100' with positive edge clock.
Creating register for signal `$paramod$d7cdc7a86a89773c3f58cbd3e674af93a8edce42\mac_unit.\accum_reg' using process `$paramod$d7cdc7a86a89773c3f58cbd3e674af93a8edce42\mac_unit.$proc$/design/rtl/mac_unit.sv:43$14'.
  created $dff cell `$procdff$101' with positive edge clock.
Creating register for signal `$paramod$d7cdc7a86a89773c3f58cbd3e674af93a8edce42\mac_unit.\last_reg' using process `$paramod$d7cdc7a86a89773c3f58cbd3e674af93a8edce42\mac_unit.$proc$/design/rtl/mac_unit.sv:43$14'.
  created $dff cell `$procdff$102' with positive edge clock.

23. Executing PROC_MEMWR pass (convert process memory writes to cells).

24. Executing PROC_CLEAN pass (remove empty switches from decision trees).
Found and cleaned up 2 empty switches in `$paramod$e46acf841231e37899d2739fe199bb52cadbec51\scale_unit.$proc$/design/rtl/scale_unit.sv:34$12'.
Removing empty process `$paramod$e46acf841231e37899d2739fe199bb52cadbec51\scale_unit.$proc$/design/rtl/scale_unit.sv:34$12'.
Found and cleaned up 2 empty switches in `$paramod\relu_approx\DATA_WIDTH=s32'00000000000000000000000000100000.$proc$/design/rtl/relu_approx.sv:37$10'.
Removing empty process `$paramod\relu_approx\DATA_WIDTH=s32'00000000000000000000000000100000.$proc$/design/rtl/relu_approx.sv:37$10'.
Found and cleaned up 2 empty switches in `$paramod$6d560c1820a9bb09cc229ae43cc6a81b142ddd4c\av_unit.$proc$/design/rtl/av_unit.sv:42$6'.
Removing empty process `$paramod$6d560c1820a9bb09cc229ae43cc6a81b142ddd4c\av_unit.$proc$/design/rtl/av_unit.sv:42$6'.
Found and cleaned up 3 empty switches in `$paramod$d7cdc7a86a89773c3f58cbd3e674af93a8edce42\interface_axi4s.$proc$/design/rtl/interface.sv:102$4'.
Removing empty process `$paramod$d7cdc7a86a89773c3f58cbd3e674af93a8edce42\interface_axi4s.$proc$/design/rtl/interface.sv:102$4'.
Found and cleaned up 2 empty switches in `$paramod$d7cdc7a86a89773c3f58cbd3e674af93a8edce42\mac_unit.$proc$/design/rtl/mac_unit.sv:43$14'.
Removing empty process `$paramod$d7cdc7a86a89773c3f58cbd3e674af93a8edce42\mac_unit.$proc$/design/rtl/mac_unit.sv:43$14'.
Cleaned up 11 empty switches.

25. Executing CHECK pass (checking for obvious problems).
Checking module top...
Checking module $paramod$e46acf841231e37899d2739fe199bb52cadbec51\scale_unit...
Checking module $paramod\relu_approx\DATA_WIDTH=s32'00000000000000000000000000100000...
Checking module $paramod$6d560c1820a9bb09cc229ae43cc6a81b142ddd4c\av_unit...
Checking module $paramod$d7cdc7a86a89773c3f58cbd3e674af93a8edce42\compute_core...
Checking module $paramod$d7cdc7a86a89773c3f58cbd3e674af93a8edce42\interface_axi4s...
Checking module $paramod$d7cdc7a86a89773c3f58cbd3e674af93a8edce42\mac_unit...
Found and reported 0 problems.

26. Executing OPT_EXPR pass (perform const folding).
Optimizing module top.
Optimizing module $paramod$e46acf841231e37899d2739fe199bb52cadbec51\scale_unit.
<suppressed ~1 debug messages>
Optimizing module $paramod\relu_approx\DATA_WIDTH=s32'00000000000000000000000000100000.
Optimizing module $paramod$6d560c1820a9bb09cc229ae43cc6a81b142ddd4c\av_unit.
<suppressed ~1 debug messages>
Optimizing module $paramod$d7cdc7a86a89773c3f58cbd3e674af93a8edce42\compute_core.
Optimizing module $paramod$d7cdc7a86a89773c3f58cbd3e674af93a8edce42\interface_axi4s.
Optimizing module $paramod$d7cdc7a86a89773c3f58cbd3e674af93a8edce42\mac_unit.

27. Executing FLATTEN pass (flatten design).
Deleting now unused module $paramod$e46acf841231e37899d2739fe199bb52cadbec51\scale_unit.
Deleting now unused module $paramod\relu_approx\DATA_WIDTH=s32'00000000000000000000000000100000.
Deleting now unused module $paramod$6d560c1820a9bb09cc229ae43cc6a81b142ddd4c\av_unit.
Deleting now unused module $paramod$d7cdc7a86a89773c3f58cbd3e674af93a8edce42\compute_core.
Deleting now unused module $paramod$d7cdc7a86a89773c3f58cbd3e674af93a8edce42\interface_axi4s.
Deleting now unused module $paramod$d7cdc7a86a89773c3f58cbd3e674af93a8edce42\mac_unit.
<suppressed ~6 debug messages>

28. Executing OPT_EXPR pass (perform const folding).
Optimizing module top.

29. Executing OPT_CLEAN pass (remove unused cells and wires).
Finding unused cells or wires in module \top..
Removed 0 unused cells and 42 unused wires.
<suppressed ~1 debug messages>

30. Executing OPT pass (performing simple optimizations).

30.1. Executing OPT_EXPR pass (perform const folding).
Optimizing module top.

30.2. Executing OPT_MERGE pass (detect identical cells).
Finding identical cells in module `\top'.
Removed a total of 0 cells.

30.3. Executing OPT_MUXTREE pass (detect dead branches in mux trees).
Running muxtree optimizer on module \top..
  Creating internal representation of mux trees.
  Evaluating internal representation of mux trees.
      Replacing known input bits on port A of cell $flatten\u_interface.\u_compute_core.\u_relu.$ternary$/design/rtl/relu_approx.sv:43$11: \u_interface.u_compute_core.u_scale.data_out -> { 1'0 \u_interface.u_compute_core.u_scale.data_out [30:0] }
  Analyzing evaluation results.
Removed 0 multiplexer ports.
<suppressed ~12 debug messages>

30.4. Executing OPT_REDUCE pass (consolidate $*mux and $reduce_* inputs).
  Optimizing cells in module \top.
Performed a total of 0 changes.

30.5. Executing OPT_MERGE pass (detect identical cells).
Finding identical cells in module `\top'.
Removed a total of 0 cells.

30.6. Executing OPT_DFF pass (perform DFF optimizations).

30.7. Executing OPT_CLEAN pass (remove unused cells and wires).
Finding unused cells or wires in module \top..

30.8. Executing OPT_EXPR pass (perform const folding).
Optimizing module top.

30.9. Finished OPT passes. (There is nothing left to do.)

31. Executing FSM pass (extract and optimize FSM).

31.1. Executing FSM_DETECT pass (finding FSMs in design).

31.2. Executing FSM_EXTRACT pass (extracting FSM from design).

31.3. Executing FSM_OPT pass (simple optimizations of FSMs).

31.4. Executing OPT_CLEAN pass (remove unused cells and wires).
Finding unused cells or wires in module \top..

31.5. Executing FSM_OPT pass (simple optimizations of FSMs).

31.6. Executing FSM_RECODE pass (re-assigning FSM state encoding).

31.7. Executing FSM_INFO pass (dumping all available information on FSM cells).

31.8. Executing FSM_MAP pass (mapping FSMs to basic logic).

32. Executing OPT pass (performing simple optimizations).

32.1. Executing OPT_EXPR pass (perform const folding).
Optimizing module top.

32.2. Executing OPT_MERGE pass (detect identical cells).
Finding identical cells in module `\top'.
Removed a total of 0 cells.

32.3. Executing OPT_MUXTREE pass (detect dead branches in mux trees).
Running muxtree optimizer on module \top..
  Creating internal representation of mux trees.
  Evaluating internal representation of mux trees.
  Analyzing evaluation results.
Removed 0 multiplexer ports.
<suppressed ~12 debug messages>

32.4. Executing OPT_REDUCE pass (consolidate $*mux and $reduce_* inputs).
  Optimizing cells in module \top.
Performed a total of 0 changes.

32.5. Executing OPT_MERGE pass (detect identical cells).
Finding identical cells in module `\top'.
Removed a total of 0 cells.

32.6. Executing OPT_DFF pass (perform DFF optimizations).
Adding SRST signal on $flatten\u_interface.\u_compute_core.\u_scale.$procdff$92 ($dff) from module top (D = $flatten\u_interface.\u_compute_core.\u_scale.$procmux$24_Y, Q = \u_interface.u_compute_core.u_scale.data_out, rval = 0).
Adding EN signal on $auto$ff.cc:266:slice$103 ($sdff) from module top (D = { \u_interface.u_compute_core.u_mac.accum_reg [31] \u_interface.u_compute_core.u_mac.accum_reg [31] \u_interface.u_compute_core.u_mac.accum_reg [31] \u_interface.u_compute_core.u_mac.accum_reg [31:3] }, Q = \u_interface.u_compute_core.u_scale.data_out).
Adding SRST signal on $flatten\u_interface.\u_compute_core.\u_scale.$procdff$91 ($dff) from module top (D = $flatten\u_interface.\u_compute_core.\u_scale.$procmux$18_Y, Q = \u_interface.u_compute_core.u_scale.valid_out, rval = 1'0).
Adding SRST signal on $flatten\u_interface.\u_compute_core.\u_relu.$procdff$94 ($dff) from module top (D = $flatten\u_interface.\u_compute_core.\u_relu.$procmux$36_Y, Q = \u_interface.u_compute_core.u_relu.data_out, rval = 0).
Adding EN signal on $auto$ff.cc:266:slice$106 ($sdff) from module top (D = $flatten\u_interface.\u_compute_core.\u_relu.$ternary$/design/rtl/relu_approx.sv:43$11_Y, Q = \u_interface.u_compute_core.u_relu.data_out).
Adding SRST signal on $flatten\u_interface.\u_compute_core.\u_relu.$procdff$93 ($dff) from module top (D = $flatten\u_interface.\u_compute_core.\u_relu.$procmux$30_Y, Q = \u_interface.u_compute_core.u_relu.valid_out, rval = 1'0).
Adding SRST signal on $flatten\u_interface.\u_compute_core.\u_mac.$procdff$102 ($dff) from module top (D = \u_interface.u_compute_core.u_mac.seq_last, Q = \u_interface.u_compute_core.u_mac.last_reg, rval = 1'0).
Adding SRST signal on $flatten\u_interface.\u_compute_core.\u_mac.$procdff$101 ($dff) from module top (D = $flatten\u_interface.\u_compute_core.\u_mac.$procmux$80_Y, Q = \u_interface.u_compute_core.u_mac.accum_reg, rval = 0).
Adding EN signal on $auto$ff.cc:266:slice$114 ($sdff) from module top (D = $flatten\u_interface.\u_compute_core.\u_mac.$add$/design/rtl/mac_unit.sv:50$16_Y, Q = \u_interface.u_compute_core.u_mac.accum_reg).
Adding SRST signal on $flatten\u_interface.\u_compute_core.\u_mac.$procdff$100 ($dff) from module top (D = $flatten\u_interface.\u_compute_core.\u_mac.$procmux$86_Y, Q = \u_interface.u_compute_core.u_mac.product_reg, rval = 16'0000000000000000).
Adding EN signal on $auto$ff.cc:266:slice$116 ($sdff) from module top (D = $flatten\u_interface.\u_compute_core.\u_mac.$mul$/design/rtl/mac_unit.sv:49$15_Y, Q = \u_interface.u_compute_core.u_mac.product_reg).
Adding SRST signal on $flatten\u_interface.\u_compute_core.\u_av.$procdff$97 ($dff) from module top (D = $flatten\u_interface.\u_compute_core.\u_av.$procmux$48_Y, Q = \u_interface.u_compute_core.u_av.av_accum, rval = 0).
Adding EN signal on $auto$ff.cc:266:slice$118 ($sdff) from module top (D = $flatten\u_interface.\u_compute_core.\u_av.$add$/design/rtl/av_unit.sv:49$9_Y, Q = \u_interface.u_compute_core.u_av.av_accum).
Adding SRST signal on $flatten\u_interface.\u_compute_core.\u_av.$procdff$96 ($dff) from module top (D = $flatten\u_interface.\u_compute_core.\u_av.$procmux$54_Y, Q = \u_interface.u_compute_core.u_av.v_extended, rval = 0).
Adding EN signal on $auto$ff.cc:266:slice$120 ($sdff) from module top (D = { \s_tdata [7] \s_tdata [7] \s_tdata [7] \s_tdata [7] \s_tdata [7] \s_tdata [7] \s_tdata [7] \s_tdata [7] \s_tdata [7] \s_tdata [7] \s_tdata [7] \s_tdata [7] \s_tdata [7] \s_tdata [7] \s_tdata [7] \s_tdata [7] \s_tdata [7] \s_tdata [7] \s_tdata [7] \s_tdata [7] \s_tdata [7] \s_tdata [7] \s_tdata [7] \s_tdata [7] \s_tdata [7:0] }, Q = \u_interface.u_compute_core.u_av.v_extended).
Adding SRST signal on $flatten\u_interface.\u_compute_core.\u_av.$procdff$95 ($dff) from module top (D = $flatten\u_interface.\u_compute_core.\u_av.$procmux$42_Y, Q = \u_interface.u_compute_core.u_av.valid_out, rval = 1'0).
Adding SRST signal on $flatten\u_interface.$procdff$99 ($dff) from module top (D = $flatten\u_interface.$procmux$62_Y, Q = \u_interface.result_valid, rval = 1'0).
Adding EN signal on $auto$ff.cc:266:slice$123 ($sdff) from module top (D = $flatten\u_interface.$procmux$62_Y, Q = \u_interface.result_valid).
Adding SRST signal on $flatten\u_interface.$procdff$98 ($dff) from module top (D = $flatten\u_interface.$procmux$68_Y, Q = \u_interface.result_reg, rval = 0).
Adding EN signal on $auto$ff.cc:266:slice$127 ($sdff) from module top (D = \u_interface.u_compute_core.u_av.av_accum, Q = \u_interface.result_reg).

32.7. Executing OPT_CLEAN pass (remove unused cells and wires).
Finding unused cells or wires in module \top..
Removed 20 unused cells and 20 unused wires.
<suppressed ~21 debug messages>

32.8. Executing OPT_EXPR pass (perform const folding).
Optimizing module top.
<suppressed ~1 debug messages>

32.9. Rerunning OPT passes. (Maybe there is more to do..)

32.10. Executing OPT_MUXTREE pass (detect dead branches in mux trees).
Running muxtree optimizer on module \top..
  Creating internal representation of mux trees.
  Evaluating internal representation of mux trees.
  Analyzing evaluation results.
Removed 0 multiplexer ports.
<suppressed ~5 debug messages>

32.11. Executing OPT_REDUCE pass (consolidate $*mux and $reduce_* inputs).
  Optimizing cells in module \top.
Performed a total of 0 changes.

32.12. Executing OPT_MERGE pass (detect identical cells).
Finding identical cells in module `\top'.
Removed a total of 0 cells.

32.13. Executing OPT_DFF pass (perform DFF optimizations).

32.14. Executing OPT_CLEAN pass (remove unused cells and wires).
Finding unused cells or wires in module \top..

32.15. Executing OPT_EXPR pass (perform const folding).
Optimizing module top.

32.16. Finished OPT passes. (There is nothing left to do.)

33. Executing WREDUCE pass (reducing word size of cells).
Removed top 3 bits (of 32) from FF cell top.$auto$ff.cc:266:slice$104 ($sdffe).
Removed top 1 bits (of 32) from mux cell top.$flatten\u_interface.\u_compute_core.\u_relu.$ternary$/design/rtl/relu_approx.sv:43$11 ($mux).
Removed top 1 bits (of 32) from FF cell top.$auto$ff.cc:266:slice$107 ($sdffe).
Removed top 24 bits (of 32) from FF cell top.$auto$ff.cc:266:slice$121 ($sdffe).
Removed top 3 bits (of 32) from port B of cell top.$flatten\u_interface.\u_compute_core.\u_av.$add$/design/rtl/av_unit.sv:49$9 ($add).
Removed top 24 bits (of 32) from port B of cell top.$flatten\u_interface.\u_compute_core.\u_av.$mul$/design/rtl/av_unit.sv:50$7 ($mul).
Removed top 1 bits (of 32) from wire top.$flatten\u_interface.\u_compute_core.\u_relu.$ternary$/design/rtl/relu_approx.sv:43$11_Y.

34. Executing PEEPOPT pass (run peephole optimizers).

35. Executing OPT_CLEAN pass (remove unused cells and wires).
Finding unused cells or wires in module \top..
Removed 0 unused cells and 1 unused wires.
<suppressed ~1 debug messages>

36. Executing ALUMACC pass (create $alu and $macc cells).
Extracting $alu and $macc cells in module top:
  creating $macc model for $flatten\u_interface.\u_compute_core.\u_av.$add$/design/rtl/av_unit.sv:49$9 ($add).
  creating $macc model for $flatten\u_interface.\u_compute_core.\u_av.$mul$/design/rtl/av_unit.sv:50$7 ($mul).
  creating $macc model for $flatten\u_interface.\u_compute_core.\u_mac.$add$/design/rtl/mac_unit.sv:50$16 ($add).
  creating $macc model for $flatten\u_interface.\u_compute_core.\u_mac.$mul$/design/rtl/mac_unit.sv:49$15 ($mul).
  creating $alu model for $macc $flatten\u_interface.\u_compute_core.\u_mac.$add$/design/rtl/mac_unit.sv:50$16.
  creating $alu model for $macc $flatten\u_interface.\u_compute_core.\u_av.$add$/design/rtl/av_unit.sv:49$9.
  creating $macc cell for $flatten\u_interface.\u_compute_core.\u_av.$mul$/design/rtl/av_unit.sv:50$7: $auto$alumacc.cc:365:replace_macc$130
  creating $macc cell for $flatten\u_interface.\u_compute_core.\u_mac.$mul$/design/rtl/mac_unit.sv:49$15: $auto$alumacc.cc:365:replace_macc$131
  creating $alu cell for $flatten\u_interface.\u_compute_core.\u_av.$add$/design/rtl/av_unit.sv:49$9: $auto$alumacc.cc:485:replace_alu$132
  creating $alu cell for $flatten\u_interface.\u_compute_core.\u_mac.$add$/design/rtl/mac_unit.sv:50$16: $auto$alumacc.cc:485:replace_alu$135
  created 2 $alu and 2 $macc cells.

37. Executing SHARE pass (SAT-based resource sharing).

38. Executing OPT pass (performing simple optimizations).

38.1. Executing OPT_EXPR pass (perform const folding).
Optimizing module top.

38.2. Executing OPT_MERGE pass (detect identical cells).
Finding identical cells in module `\top'.
Removed a total of 0 cells.

38.3. Executing OPT_MUXTREE pass (detect dead branches in mux trees).
Running muxtree optimizer on module \top..
  Creating internal representation of mux trees.
  Evaluating internal representation of mux trees.
      Replacing known input bits on port A of cell $flatten\u_interface.\u_compute_core.\u_relu.$ternary$/design/rtl/relu_approx.sv:43$11: { \u_interface.u_compute_core.u_scale.data_out [28] \u_interface.u_compute_core.u_scale.data_out [28] \u_interface.u_compute_core.u_scale.data_out [28:0] } -> { 3'000 \u_interface.u_compute_core.u_scale.data_out [27:0] }
  Analyzing evaluation results.
Removed 0 multiplexer ports.
<suppressed ~5 debug messages>

38.4. Executing OPT_REDUCE pass (consolidate $*mux and $reduce_* inputs).
  Optimizing cells in module \top.
Performed a total of 0 changes.

38.5. Executing OPT_MERGE pass (detect identical cells).
Finding identical cells in module `\top'.
Removed a total of 0 cells.

38.6. Executing OPT_DFF pass (perform DFF optimizations).

38.7. Executing OPT_CLEAN pass (remove unused cells and wires).
Finding unused cells or wires in module \top..

38.8. Executing OPT_EXPR pass (perform const folding).
Optimizing module top.

38.9. Finished OPT passes. (There is nothing left to do.)

39. Executing MEMORY pass.

39.1. Executing OPT_MEM pass (optimize memories).
Performed a total of 0 transformations.

39.2. Executing OPT_MEM_PRIORITY pass (removing unnecessary memory write priority relations).
Performed a total of 0 transformations.

39.3. Executing OPT_MEM_FEEDBACK pass (finding memory read-to-write feedback paths).

39.4. Executing MEMORY_BMUX2ROM pass (converting muxes to ROMs).

39.5. Executing MEMORY_DFF pass (merging $dff cells to $memrd).

39.6. Executing OPT_CLEAN pass (remove unused cells and wires).
Finding unused cells or wires in module \top..

39.7. Executing MEMORY_SHARE pass (consolidating $memrd/$memwr cells).

39.8. Executing OPT_MEM_WIDEN pass (optimize memories where all ports are wide).
Performed a total of 0 transformations.

39.9. Executing OPT_CLEAN pass (remove unused cells and wires).
Finding unused cells or wires in module \top..

39.10. Executing MEMORY_COLLECT pass (generating $mem cells).

40. Executing OPT_CLEAN pass (remove unused cells and wires).
Finding unused cells or wires in module \top..

41. Executing OPT pass (performing simple optimizations).

41.1. Executing OPT_EXPR pass (perform const folding).
Optimizing module top.
<suppressed ~6 debug messages>

41.2. Executing OPT_MERGE pass (detect identical cells).
Finding identical cells in module `\top'.
Removed a total of 0 cells.

41.3. Executing OPT_DFF pass (perform DFF optimizations).

41.4. Executing OPT_CLEAN pass (remove unused cells and wires).
Finding unused cells or wires in module \top..
Removed 0 unused cells and 5 unused wires.
<suppressed ~1 debug messages>

41.5. Finished fast OPT passes.

42. Executing MEMORY_MAP pass (converting memories to logic and flip-flops).

43. Executing OPT pass (performing simple optimizations).

43.1. Executing OPT_EXPR pass (perform const folding).
Optimizing module top.

43.2. Executing OPT_MERGE pass (detect identical cells).
Finding identical cells in module `\top'.
Removed a total of 0 cells.

43.3. Executing OPT_MUXTREE pass (detect dead branches in mux trees).
Running muxtree optimizer on module \top..
  Creating internal representation of mux trees.
  Evaluating internal representation of mux trees.
  Analyzing evaluation results.
Removed 0 multiplexer ports.
<suppressed ~1 debug messages>

43.4. Executing OPT_REDUCE pass (consolidate $*mux and $reduce_* inputs).
  Optimizing cells in module \top.
    Consolidated identical input bits for $mux cell $flatten\u_interface.\u_compute_core.\u_relu.$ternary$/design/rtl/relu_approx.sv:43$11:
      Old ports: A={ 3'000 \u_interface.u_compute_core.u_scale.data_out [27:0] }, B=31'0000000000000000000000000000000, Y=$auto$wreduce.cc:461:run$129 [30:0]
      New ports: A=\u_interface.u_compute_core.u_scale.data_out [27:0], B=28'0000000000000000000000000000, Y=$auto$wreduce.cc:461:run$129 [27:0]
      New connections: $auto$wreduce.cc:461:run$129 [30:28] = 3'000
  Optimizing cells in module \top.
Performed a total of 1 changes.

43.5. Executing OPT_MERGE pass (detect identical cells).
Finding identical cells in module `\top'.
Removed a total of 0 cells.

43.6. Executing OPT_SHARE pass.

43.7. Executing OPT_DFF pass (perform DFF optimizations).

43.8. Executing OPT_CLEAN pass (remove unused cells and wires).
Finding unused cells or wires in module \top..

43.9. Executing OPT_EXPR pass (perform const folding).
Optimizing module top.

43.10. Rerunning OPT passes. (Maybe there is more to do..)

43.11. Executing OPT_MUXTREE pass (detect dead branches in mux trees).
Running muxtree optimizer on module \top..
  Creating internal representation of mux trees.
  Evaluating internal representation of mux trees.
  Analyzing evaluation results.
Removed 0 multiplexer ports.
<suppressed ~1 debug messages>

43.12. Executing OPT_REDUCE pass (consolidate $*mux and $reduce_* inputs).
  Optimizing cells in module \top.
Performed a total of 0 changes.

43.13. Executing OPT_MERGE pass (detect identical cells).
Finding identical cells in module `\top'.
Removed a total of 0 cells.

43.14. Executing OPT_SHARE pass.

43.15. Executing OPT_DFF pass (perform DFF optimizations).
Setting constant 0-bit at position 28 on $auto$ff.cc:266:slice$107 ($sdffe) from module top.
Setting constant 0-bit at position 29 on $auto$ff.cc:266:slice$107 ($sdffe) from module top.
Setting constant 0-bit at position 30 on $auto$ff.cc:266:slice$107 ($sdffe) from module top.

43.16. Executing OPT_CLEAN pass (remove unused cells and wires).
Finding unused cells or wires in module \top..

43.17. Executing OPT_EXPR pass (perform const folding).
Optimizing module top.

43.18. Rerunning OPT passes. (Maybe there is more to do..)

43.19. Executing OPT_MUXTREE pass (detect dead branches in mux trees).
Running muxtree optimizer on module \top..
  Creating internal representation of mux trees.
  Evaluating internal representation of mux trees.
  Analyzing evaluation results.
Removed 0 multiplexer ports.
<suppressed ~1 debug messages>

43.20. Executing OPT_REDUCE pass (consolidate $*mux and $reduce_* inputs).
  Optimizing cells in module \top.
Performed a total of 0 changes.

43.21. Executing OPT_MERGE pass (detect identical cells).
Finding identical cells in module `\top'.
Removed a total of 0 cells.

43.22. Executing OPT_SHARE pass.

43.23. Executing OPT_DFF pass (perform DFF optimizations).

43.24. Executing OPT_CLEAN pass (remove unused cells and wires).
Finding unused cells or wires in module \top..

43.25. Executing OPT_EXPR pass (perform const folding).
Optimizing module top.

43.26. Finished OPT passes. (There is nothing left to do.)

44. Executing TECHMAP pass (map to technology primitives).

44.1. Executing Verilog-2005 frontend: /nix/store/sx2v0i73mn1ih2z1nk61pm9n5gjgpidy-yosys/bin/../share/yosys/techmap.v
Parsing Verilog input from `/nix/store/sx2v0i73mn1ih2z1nk61pm9n5gjgpidy-yosys/bin/../share/yosys/techmap.v' to AST representation.
Generating RTLIL representation for module `\_90_simplemap_bool_ops'.
Generating RTLIL representation for module `\_90_simplemap_reduce_ops'.
Generating RTLIL representation for module `\_90_simplemap_logic_ops'.
Generating RTLIL representation for module `\_90_simplemap_compare_ops'.
Generating RTLIL representation for module `\_90_simplemap_various'.
Generating RTLIL representation for module `\_90_simplemap_registers'.
Generating RTLIL representation for module `\_90_shift_ops_shr_shl_sshl_sshr'.
Generating RTLIL representation for module `\_90_shift_shiftx'.
Generating RTLIL representation for module `\_90_fa'.
Generating RTLIL representation for module `\_90_lcu'.
Generating RTLIL representation for module `\_90_alu'.
Generating RTLIL representation for module `\_90_macc'.
Generating RTLIL representation for module `\_90_alumacc'.
Generating RTLIL representation for module `\$__div_mod_u'.
Generating RTLIL representation for module `\$__div_mod_trunc'.
Generating RTLIL representation for module `\_90_div'.
Generating RTLIL representation for module `\_90_mod'.
Generating RTLIL representation for module `\$__div_mod_floor'.
Generating RTLIL representation for module `\_90_divfloor'.
Generating RTLIL representation for module `\_90_modfloor'.
Generating RTLIL representation for module `\_90_pow'.
Generating RTLIL representation for module `\_90_pmux'.
Generating RTLIL representation for module `\_90_demux'.
Generating RTLIL representation for module `\_90_lut'.
Successfully finished Verilog frontend.

44.2. Continuing TECHMAP pass.
Using extmapper maccmap for cells of type $macc.
  add { 4'0000 \u_interface.u_compute_core.u_relu.data_out [27:0] } * \u_interface.u_compute_core.u_av.v_extended [7:0] (32x8 bits, signed)
Using extmapper simplemap for cells of type $reduce_bool.
Using extmapper simplemap for cells of type $reduce_or.
Using extmapper simplemap for cells of type $sdffe.
Using extmapper simplemap for cells of type $not.
Using extmapper simplemap for cells of type $sdff.
Using extmapper simplemap for cells of type $mux.
  add \s_tdata [23:16] * \s_tdata [15:8] (8x8 bits, signed)
Using template $paramod$fbc7873bff55778c0b3173955b7e4bce1d9d6834\_90_alu for cells of type $alu.
Using extmapper simplemap for cells of type $and.
Using template $paramod$1df2966beb883ef1f7a620dbf2842c5d6450c0eb\_90_alu for cells of type $alu.
Using template $paramod\_90_fa\WIDTH=32'00000000000000000000000000100000 for cells of type $fa.
Using extmapper simplemap for cells of type $pos.
Using template $paramod\_90_lcu\WIDTH=32'00000000000000000000000000100000 for cells of type $lcu.
Using extmapper simplemap for cells of type $xor.
Using template $paramod\_90_fa\WIDTH=32'00000000000000000000000000010000 for cells of type $fa.
Using template $paramod$6df0329addda9228fcc2546de2aaf14ad26c98e1\_90_alu for cells of type $alu.
Using extmapper simplemap for cells of type $or.
Using template $paramod\_90_lcu\WIDTH=32'00000000000000000000000000010000 for cells of type $lcu.
No more expansions possible.
<suppressed ~1061 debug messages>

45. Executing OPT pass (performing simple optimizations).

45.1. Executing OPT_EXPR pass (perform const folding).
Optimizing module top.
<suppressed ~700 debug messages>

45.2. Executing OPT_MERGE pass (detect identical cells).
Finding identical cells in module `\top'.
<suppressed ~327 debug messages>
Removed a total of 109 cells.

45.3. Executing OPT_DFF pass (perform DFF optimizations).

45.4. Executing OPT_CLEAN pass (remove unused cells and wires).
Finding unused cells or wires in module \top..
Removed 172 unused cells and 319 unused wires.
<suppressed ~173 debug messages>

45.5. Finished fast OPT passes.

46. Executing ABC pass (technology mapping using ABC).

46.1. Extracting gate netlist of module `\top' to `<abc-temp-dir>/input.blif'..
Extracted 2207 gates and 2375 wires to a netlist network with 167 inputs and 113 outputs.

46.1.1. Executing ABC.
Running ABC command: "/nix/store/wq2q0njg3sx8wvj2akz7x1qxwyrv9xlr-yosys-abc/bin/abc" -s -f <abc-temp-dir>/abc.script 2>&1
ABC: ABC command line: "source <abc-temp-dir>/abc.script".
ABC: 
ABC: + read_blif <abc-temp-dir>/input.blif 
ABC: + read_library <abc-temp-dir>/stdcells.genlib 
ABC: Entered genlib library with 13 gates from file "<abc-temp-dir>/stdcells.genlib".
ABC: + strash 
ABC: + dretime 
ABC: + map 
ABC: + write_blif <abc-temp-dir>/output.blif 

46.1.2. Re-integrating ABC results.
ABC RESULTS:             ORNOT cells:       57
ABC RESULTS:               NOT cells:       40
ABC RESULTS:               AND cells:      244
ABC RESULTS:                OR cells:      264
ABC RESULTS:              XNOR cells:      284
ABC RESULTS:              NAND cells:      119
ABC RESULTS:               NOR cells:      193
ABC RESULTS:            ANDNOT cells:      610
ABC RESULTS:               XOR cells:      401
ABC RESULTS:        internal signals:     2095
ABC RESULTS:           input signals:      167
ABC RESULTS:          output signals:      113
Removing temp directory.

47. Executing OPT pass (performing simple optimizations).

47.1. Executing OPT_EXPR pass (perform const folding).
Optimizing module top.

47.2. Executing OPT_MERGE pass (detect identical cells).
Finding identical cells in module `\top'.
Removed a total of 0 cells.

47.3. Executing OPT_DFF pass (perform DFF optimizations).

47.4. Executing OPT_CLEAN pass (remove unused cells and wires).
Finding unused cells or wires in module \top..
Removed 0 unused cells and 649 unused wires.
<suppressed ~1 debug messages>

47.5. Finished fast OPT passes.

48. Executing HIERARCHY pass (managing design hierarchy).

48.1. Analyzing design hierarchy..
Top module:  \top

48.2. Analyzing design hierarchy..
Top module:  \top
Removed 0 unused modules.

49. Printing statistics.

=== top ===

   Number of wires:               2213
   Number of wire bits:           3109
   Number of public wires:          74
   Number of public wire bits:     756
   Number of memories:               0
   Number of memory bits:            0
   Number of processes:              0
   Number of cells:               2394
     $_ANDNOT_                     610
     $_AND_                        244
     $_NAND_                       119
     $_NOR_                        193
     $_NOT_                         40
     $_ORNOT_                       57
     $_OR_                         264
     $_SDFFE_PP0P_                 178
     $_SDFF_PP0_                     4
     $_XNOR_                       284
     $_XOR_                        401

50. Executing CHECK pass (checking for obvious problems).
Checking module top...
Found and reported 0 problems.

51. Generating Graphviz representation of design.
Writing dot description to `/design/runs/full_run/tmp/synthesis/post_techmap.dot'.
Dumping module top to page 1.

52. Executing SHARE pass (SAT-based resource sharing).

53. Executing OPT pass (performing simple optimizations).

53.1. Executing OPT_EXPR pass (perform const folding).
Optimizing module top.

53.2. Executing OPT_MERGE pass (detect identical cells).
Finding identical cells in module `\top'.
Removed a total of 0 cells.

53.3. Executing OPT_MUXTREE pass (detect dead branches in mux trees).
Running muxtree optimizer on module \top..
  Creating internal representation of mux trees.
  No muxes found in this module.
Removed 0 multiplexer ports.

53.4. Executing OPT_REDUCE pass (consolidate $*mux and $reduce_* inputs).
  Optimizing cells in module \top.
Performed a total of 0 changes.

53.5. Executing OPT_MERGE pass (detect identical cells).
Finding identical cells in module `\top'.
Removed a total of 0 cells.

53.6. Executing OPT_DFF pass (perform DFF optimizations).

53.7. Executing OPT_CLEAN pass (remove unused cells and wires).
Finding unused cells or wires in module \top..

53.8. Executing OPT_EXPR pass (perform const folding).
Optimizing module top.

53.9. Finished OPT passes. (There is nothing left to do.)

54. Executing OPT_CLEAN pass (remove unused cells and wires).
Finding unused cells or wires in module \top..
Removed 0 unused cells and 53 unused wires.
<suppressed ~53 debug messages>

55. Printing statistics.

=== top ===

   Number of wires:               2160
   Number of wire bits:           2598
   Number of public wires:          21
   Number of public wire bits:     245
   Number of memories:               0
   Number of memory bits:            0
   Number of processes:              0
   Number of cells:               2394
     $_ANDNOT_                     610
     $_AND_                        244
     $_NAND_                       119
     $_NOR_                        193
     $_NOT_                         40
     $_ORNOT_                       57
     $_OR_                         264
     $_SDFFE_PP0P_                 178
     $_SDFF_PP0_                     4
     $_XNOR_                       284
     $_XOR_                        401

mapping tbuf

56. Executing TECHMAP pass (map to technology primitives).

56.1. Executing Verilog-2005 frontend: /root/.volare/volare/sky130/versions/bdc9412b3e468c102d01b7cf6337be06ec6e9c9a/sky130A/libs.tech/openlane/sky130_fd_sc_hd/tribuff_map.v
Parsing Verilog input from `/root/.volare/volare/sky130/versions/bdc9412b3e468c102d01b7cf6337be06ec6e9c9a/sky130A/libs.tech/openlane/sky130_fd_sc_hd/tribuff_map.v' to AST representation.
Generating RTLIL representation for module `\$_TBUF_'.
Successfully finished Verilog frontend.

56.2. Continuing TECHMAP pass.
No more expansions possible.
<suppressed ~3 debug messages>

57. Executing SIMPLEMAP pass (map simple cells to gate primitives).

58. Executing TECHMAP pass (map to technology primitives).

58.1. Executing Verilog-2005 frontend: /root/.volare/volare/sky130/versions/bdc9412b3e468c102d01b7cf6337be06ec6e9c9a/sky130A/libs.tech/openlane/sky130_fd_sc_hd/latch_map.v
Parsing Verilog input from `/root/.volare/volare/sky130/versions/bdc9412b3e468c102d01b7cf6337be06ec6e9c9a/sky130A/libs.tech/openlane/sky130_fd_sc_hd/latch_map.v' to AST representation.
Generating RTLIL representation for module `\$_DLATCH_P_'.
Generating RTLIL representation for module `\$_DLATCH_N_'.
Successfully finished Verilog frontend.

58.2. Continuing TECHMAP pass.
No more expansions possible.
<suppressed ~4 debug messages>

59. Executing SIMPLEMAP pass (map simple cells to gate primitives).

60. Executing DFFLIBMAP pass (mapping DFF cells to sequential cells from liberty file).
  cell sky130_fd_sc_hd__dfxtp_2 (noninv, pins=3, area=21.27) is a direct match for cell type $_DFF_P_.
  cell sky130_fd_sc_hd__dfrtp_2 (noninv, pins=4, area=26.28) is a direct match for cell type $_DFF_PN0_.
  cell sky130_fd_sc_hd__dfstp_2 (noninv, pins=4, area=26.28) is a direct match for cell type $_DFF_PN1_.
  cell sky130_fd_sc_hd__dfbbn_2 (noninv, pins=6, area=35.03) is a direct match for cell type $_DFFSR_NNN_.
  final dff cell mappings:
    unmapped dff cell: $_DFF_N_
    \sky130_fd_sc_hd__dfxtp_2 _DFF_P_ (.CLK( C), .D( D), .Q( Q));
    unmapped dff cell: $_DFF_NN0_
    unmapped dff cell: $_DFF_NN1_
    unmapped dff cell: $_DFF_NP0_
    unmapped dff cell: $_DFF_NP1_
    \sky130_fd_sc_hd__dfrtp_2 _DFF_PN0_ (.CLK( C), .D( D), .Q( Q), .RESET_B( R));
    \sky130_fd_sc_hd__dfstp_2 _DFF_PN1_ (.CLK( C), .D( D), .Q( Q), .SET_B( R));
    unmapped dff cell: $_DFF_PP0_
    unmapped dff cell: $_DFF_PP1_
    \sky130_fd_sc_hd__dfbbn_2 _DFFSR_NNN_ (.CLK_N( C), .D( D), .Q( Q), .Q_N(~Q), .RESET_B( R), .SET_B( S));
    unmapped dff cell: $_DFFSR_NNP_
    unmapped dff cell: $_DFFSR_NPN_
    unmapped dff cell: $_DFFSR_NPP_
    unmapped dff cell: $_DFFSR_PNN_
    unmapped dff cell: $_DFFSR_PNP_
    unmapped dff cell: $_DFFSR_PPN_
    unmapped dff cell: $_DFFSR_PPP_

60.1. Executing DFFLEGALIZE pass (convert FFs to types supported by the target).
Mapping DFF cells in module `\top':
  mapped 182 $_DFF_P_ cells to \sky130_fd_sc_hd__dfxtp_2 cells.

61. Printing statistics.

=== top ===

   Number of wires:               2520
   Number of wire bits:           2958
   Number of public wires:          21
   Number of public wire bits:     245
   Number of memories:               0
   Number of memory bits:            0
   Number of processes:              0
   Number of cells:               2754
     $_ANDNOT_                     610
     $_AND_                        244
     $_MUX_                        360
     $_NAND_                       119
     $_NOR_                        193
     $_NOT_                         40
     $_ORNOT_                       57
     $_OR_                         264
     $_XNOR_                       284
     $_XOR_                        401
     sky130_fd_sc_hd__dfxtp_2      182

[INFO]: USING STRATEGY AREA 0

62. Executing ABC pass (technology mapping using ABC).

62.1. Extracting gate netlist of module `\top' to `/tmp/yosys-abc-HGpnfM/input.blif'..
Extracted 2572 gates and 2783 wires to a netlist network with 210 inputs and 183 outputs.

62.1.1. Executing ABC.
Running ABC command: "/nix/store/wq2q0njg3sx8wvj2akz7x1qxwyrv9xlr-yosys-abc/bin/abc" -s -f /tmp/yosys-abc-HGpnfM/abc.script 2>&1
ABC: ABC command line: "source /tmp/yosys-abc-HGpnfM/abc.script".
ABC: 
ABC: + read_blif /tmp/yosys-abc-HGpnfM/input.blif 
ABC: + read_lib -w /design/runs/full_run/tmp/synthesis/trimmed.lib 
ABC: Parsing finished successfully.  Parsing time =     0.11 sec
ABC: Scl_LibertyReadGenlib() skipped sequential cell "sky130_fd_sc_hd__dfbbn_2".
ABC: Scl_LibertyReadGenlib() skipped sequential cell "sky130_fd_sc_hd__dfrbp_2".
ABC: Scl_LibertyReadGenlib() skipped sequential cell "sky130_fd_sc_hd__dfrtp_2".
ABC: Scl_LibertyReadGenlib() skipped sequential cell "sky130_fd_sc_hd__dfrtp_4".
ABC: Scl_LibertyReadGenlib() skipped sequential cell "sky130_fd_sc_hd__dfsbp_2".
ABC: Scl_LibertyReadGenlib() skipped sequential cell "sky130_fd_sc_hd__dfstp_2".
ABC: Scl_LibertyReadGenlib() skipped sequential cell "sky130_fd_sc_hd__dfstp_4".
ABC: Scl_LibertyReadGenlib() skipped sequential cell "sky130_fd_sc_hd__dfxbp_2".
ABC: Scl_LibertyReadGenlib() skipped sequential cell "sky130_fd_sc_hd__dfxtp_2".
ABC: Scl_LibertyReadGenlib() skipped sequential cell "sky130_fd_sc_hd__dfxtp_4".
ABC: Scl_LibertyReadGenlib() skipped sequential cell "sky130_fd_sc_hd__dlxtn_1".
ABC: Scl_LibertyReadGenlib() skipped sequential cell "sky130_fd_sc_hd__dlxtn_2".
ABC: Scl_LibertyReadGenlib() skipped sequential cell "sky130_fd_sc_hd__dlxtn_4".
ABC: Scl_LibertyReadGenlib() skipped sequential cell "sky130_fd_sc_hd__dlxtp_1".
ABC: Scl_LibertyReadGenlib() skipped three-state cell "sky130_fd_sc_hd__ebufn_2".
ABC: Scl_LibertyReadGenlib() skipped three-state cell "sky130_fd_sc_hd__ebufn_4".
ABC: Scl_LibertyReadGenlib() skipped three-state cell "sky130_fd_sc_hd__ebufn_8".
ABC: Library "sky130A_merged" from "/design/runs/full_run/tmp/synthesis/trimmed.lib" has 175 cells (17 skipped: 14 seq; 3 tri-state; 0 no func; 0 dont_use).  Time =     0.13 sec
ABC: Memory =    9.54 MB. Time =     0.13 sec
ABC: Warning: Detected 2 multi-output gates (for example, "sky130_fd_sc_hd__fa_1").
ABC: + read_constr -v /design/runs/full_run/tmp/synthesis/synthesis.sdc 
ABC: Setting driving cell to be "sky130_fd_sc_hd__inv_2".
ABC: Setting output load to be 33.442001.
ABC: + read_constr /design/runs/full_run/tmp/synthesis/synthesis.sdc 
ABC: + fx 
ABC: + mfs 
ABC: + strash 
ABC: + drf -l 
ABC: + balance 
ABC: + drw -l 
ABC: + drf -l 
ABC: + balance 
ABC: + drw -l 
ABC: + drw -l -z 
ABC: + balance 
ABC: + drf -l -z 
ABC: + drw -l -z 
ABC: + balance 
ABC: + retime -D -D 4000.0 -M 5 
ABC: + scleanup 
ABC: Error: The network is combinational.
ABC: + fraig_store 
ABC: + balance 
ABC: + fraig_store 
ABC: + balance 
ABC: + drw -l 
ABC: + drf -l 
ABC: + balance 
ABC: + drw -l 
ABC: + drw -l -z 
ABC: + balance 
ABC: + drf -l -z 
ABC: + drw -l -z 
ABC: + balance 
ABC: + fraig_store 
ABC: + balance 
ABC: + drw -l 
ABC: + drf -l 
ABC: + balance 
ABC: + drw -l 
ABC: + drw -l -z 
ABC: + balance 
ABC: + drf -l -z 
ABC: + drw -l -z 
ABC: + balance 
ABC: + fraig_store 
ABC: + balance 
ABC: + drw -l 
ABC: + drf -l 
ABC: + balance 
ABC: + drw -l 
ABC: + drw -l -z 
ABC: + balance 
ABC: + drf -l -z 
ABC: + drw -l -z 
ABC: + balance 
ABC: + fraig_store 
ABC: + fraig_restore 
ABC: + amap -m -Q 0.1 -F 20 -A 20 -C 5000 
ABC: + retime -D -D 4000.0 
ABC: + &get -n 
ABC: + &st 
ABC: + &dch 
ABC: + &nf 
ABC: + &put 
ABC: + buffer -N 10 -S 750.0 
ABC: + upsize -D 4000.0 
ABC: + dnsize -D 4000.0 
ABC: + stime -p 
ABC: WireLoad = "none"  Gates =   2318 ( 11.4 %)   Cap = 10.4 ff (  2.8 %)   Area =    21226.61 ( 88.6 %)   Delay =  6535.89 ps  (  3.8 %)               
ABC: Path  0 --      68 : 0    5 pi                        A =   0.00  Df =  38.3  -21.6 ps  S =  58.7 ps  Cin =  0.0 ff  Cout =  11.3 ff  Cmax =   0.0 ff  G =    0  
ABC: Path  1 --    1436 : 1   10 sky130_fd_sc_hd__buf_6    A =  11.26  Df = 147.4  -15.9 ps  S =  50.3 ps  Cin =  4.6 ff  Cout =  18.9 ff  Cmax = 785.5 ff  G =  390  
ABC: Path  2 --    1706 : 2    2 sky130_fd_sc_hd__and2b_2  A =   8.76  Df = 335.5  -24.4 ps  S =  70.8 ps  Cin =  1.6 ff  Cout =  10.6 ff  Cmax = 310.4 ff  G =  644  
ABC: Path  3 --    1708 : 2    2 sky130_fd_sc_hd__xnor2_2  A =  16.27  Df = 541.8  -68.9 ps  S = 194.3 ps  Cin =  8.5 ff  Cout =  10.9 ff  Cmax = 121.8 ff  G =  125  
ABC: Path  4 --    1709 : 2    2 sky130_fd_sc_hd__xnor2_2  A =  16.27  Df = 745.7  -86.1 ps  S = 193.3 ps  Cin =  8.5 ff  Cout =  10.9 ff  Cmax = 121.8 ff  G =  123  
ABC: Path  5 --    1712 : 2    2 sky130_fd_sc_hd__xor2_2   A =  16.27  Df = 947.9  -10.3 ps  S = 211.4 ps  Cin =  8.6 ff  Cout =  13.5 ff  Cmax = 130.0 ff  G =  152  
ABC: Path  6 --    1713 : 2    2 sky130_fd_sc_hd__xnor2_2  A =  16.27  Df =1147.0  -13.5 ps  S = 190.4 ps  Cin =  8.5 ff  Cout =  10.6 ff  Cmax = 121.8 ff  G =  120  
ABC: Path  7 --    1716 : 2    2 sky130_fd_sc_hd__xnor2_2  A =  16.27  Df =1382.9  -31.3 ps  S = 220.5 ps  Cin =  8.5 ff  Cout =  13.2 ff  Cmax = 121.8 ff  G =  148  
ABC: Path  8 --    1717 : 2    2 sky130_fd_sc_hd__xor2_2   A =  16.27  Df =1621.1  -98.4 ps  S = 183.0 ps  Cin =  8.6 ff  Cout =  10.7 ff  Cmax = 130.0 ff  G =  120  
ABC: Path  9 --    1720 : 2    2 sky130_fd_sc_hd__xnor2_2  A =  16.27  Df =1838.6  -35.0 ps  S = 223.7 ps  Cin =  8.5 ff  Cout =  13.5 ff  Cmax = 121.8 ff  G =  154  
ABC: Path 10 --    1721 : 2    3 sky130_fd_sc_hd__xnor2_2  A =  16.27  Df =2081.8  -45.6 ps  S = 263.0 ps  Cin =  8.5 ff  Cout =  16.9 ff  Cmax = 121.8 ff  G =  190  
ABC: Path 11 --    1724 : 2    3 sky130_fd_sc_hd__xor2_2   A =  16.27  Df =2385.2 -138.9 ps  S = 212.4 ps  Cin =  8.6 ff  Cout =  13.4 ff  Cmax = 130.0 ff  G =  150  
ABC: Path 12 --    1872 : 4    1 sky130_fd_sc_hd__and4_2   A =  10.01  Df =2641.8  -98.0 ps  S =  61.9 ps  Cin =  1.5 ff  Cout =   4.7 ff  Cmax = 300.3 ff  G =  284  
ABC: Path 13 --    1873 : 4    2 sky130_fd_sc_hd__a211oi_2 A =  12.51  Df =2734.0  -53.8 ps  S = 177.2 ps  Cin =  4.4 ff  Cout =   4.9 ff  Cmax =  88.8 ff  G =  105  
ABC: Path 14 --    1931 : 5    6 sky130_fd_sc_hd__a311o_2  A =  11.26  Df =3092.1  -17.3 ps  S = 117.4 ps  Cin =  2.3 ff  Cout =  19.1 ff  Cmax = 298.5 ff  G =  805  
ABC: Path 15 --    2232 : 5    4 sky130_fd_sc_hd__a2111o_2 A =  12.51  Df =3568.0 -304.3 ps  S =  95.9 ps  Cin =  2.4 ff  Cout =  14.7 ff  Cmax = 324.1 ff  G =  580  
ABC: Path 16 --    2322 : 4    5 sky130_fd_sc_hd__a211o_2  A =  10.01  Df =3958.0 -518.0 ps  S =  88.9 ps  Cin =  2.4 ff  Cout =  16.1 ff  Cmax = 325.0 ff  G =  665  
ABC: Path 17 --    2515 : 5    3 sky130_fd_sc_hd__a311o_4  A =  20.02  Df =4296.3 -653.5 ps  S =  70.1 ps  Cin =  4.3 ff  Cout =  11.6 ff  Cmax = 453.2 ff  G =  257  
ABC: Path 18 --    2548 : 5    3 sky130_fd_sc_hd__a311o_2  A =  11.26  Df =4693.9 -848.4 ps  S =  82.0 ps  Cin =  2.3 ff  Cout =  11.6 ff  Cmax = 298.5 ff  G =  489  
ABC: Path 19 --    2551 : 3    2 sky130_fd_sc_hd__and3_4   A =  11.26  Df =4876.1 -144.6 ps  S =  53.0 ps  Cin =  2.4 ff  Cout =   7.2 ff  Cmax = 532.8 ff  G =  283  
ABC: Path 20 --    2553 : 2    2 sky130_fd_sc_hd__or2_4    A =   8.76  Df =5130.0 -158.0 ps  S =  56.3 ps  Cin =  2.4 ff  Cout =  11.6 ff  Cmax = 514.5 ff  G =  462  
ABC: Path 21 --    2559 : 2    2 sky130_fd_sc_hd__or2_4    A =   8.76  Df =5356.6 -279.7 ps  S =  46.8 ps  Cin =  2.4 ff  Cout =   4.9 ff  Cmax = 514.5 ff  G =  196  
ABC: Path 22 --    2561 : 3    2 sky130_fd_sc_hd__or3_4    A =  11.26  Df =5729.2 -536.4 ps  S =  74.1 ps  Cin =  2.4 ff  Cout =   9.2 ff  Cmax = 531.9 ff  G =  377  
ABC: Path 23 --    2596 : 3    2 sky130_fd_sc_hd__a21oi_2  A =   8.76  Df =5873.7 -531.4 ps  S = 115.9 ps  Cin =  4.6 ff  Cout =   6.1 ff  Cmax = 128.2 ff  G =  124  
ABC: Path 24 --    2601 : 4    3 sky130_fd_sc_hd__o31ai_2  A =  12.51  Df =5961.4 -364.7 ps  S = 286.8 ps  Cin =  4.4 ff  Cout =  10.0 ff  Cmax =  80.6 ff  G =  218  
ABC: Path 25 --    2606 : 3    1 sky130_fd_sc_hd__and3_4   A =  11.26  Df =6134.0 -302.5 ps  S =  47.0 ps  Cin =  2.4 ff  Cout =   4.6 ff  Cmax = 532.8 ff  G =  178  
ABC: Path 26 --    2609 : 5    1 sky130_fd_sc_hd__o311a_4  A =  21.27  Df =6535.9 -195.9 ps  S = 119.6 ps  Cin =  4.4 ff  Cout =  33.4 ff  Cmax = 539.3 ff  G =  757  
ABC: Start-point = pi67 (\u_interface.u_compute_core.u_av.v_extended [31]).  End-point = po149 ($auto$rtlil.cc:2684:MuxGate$6755).
ABC: + print_stats -m 
ABC: netlist                       : i/o =  210/  183  lat =    0  nd =  2318  edge =   5702  area =21230.49  delay =28.00  lev = 28
ABC: + write_blif /tmp/yosys-abc-HGpnfM/output.blif 

62.1.2. Re-integrating ABC results.
ABC RESULTS:   sky130_fd_sc_hd__nor4b_2 cells:        1
ABC RESULTS:   sky130_fd_sc_hd__o41a_2 cells:        2
ABC RESULTS:   sky130_fd_sc_hd__and4b_2 cells:        2
ABC RESULTS:   sky130_fd_sc_hd__o211ai_2 cells:        2
ABC RESULTS:   sky130_fd_sc_hd__o22a_2 cells:        2
ABC RESULTS:   sky130_fd_sc_hd__buf_4 cells:        2
ABC RESULTS:   sky130_fd_sc_hd__and4bb_2 cells:        2
ABC RESULTS:   sky130_fd_sc_hd__nand3b_2 cells:        4
ABC RESULTS:   sky130_fd_sc_hd__buf_6 cells:        1
ABC RESULTS:   sky130_fd_sc_hd__o21bai_2 cells:        2
ABC RESULTS:   sky130_fd_sc_hd__nor4bb_2 cells:        1
ABC RESULTS:   sky130_fd_sc_hd__o2bb2a_2 cells:       32
ABC RESULTS:   sky130_fd_sc_hd__or3b_2 cells:        2
ABC RESULTS:   sky130_fd_sc_hd__buf_2 cells:       32
ABC RESULTS:   sky130_fd_sc_hd__a41o_2 cells:        1
ABC RESULTS:   sky130_fd_sc_hd__and2b_4 cells:        3
ABC RESULTS:   sky130_fd_sc_hd__a2bb2o_2 cells:       14
ABC RESULTS:   sky130_fd_sc_hd__or3_2 cells:       15
ABC RESULTS:   sky130_fd_sc_hd__o311a_2 cells:        3
ABC RESULTS:   sky130_fd_sc_hd__nor4_2 cells:        2
ABC RESULTS:   sky130_fd_sc_hd__or4b_2 cells:        1
ABC RESULTS:   sky130_fd_sc_hd__a21boi_2 cells:       10
ABC RESULTS:   sky130_fd_sc_hd__nor2b_2 cells:       14
ABC RESULTS:   sky130_fd_sc_hd__and3b_2 cells:        6
ABC RESULTS:   sky130_fd_sc_hd__a221o_2 cells:        2
ABC RESULTS:   sky130_fd_sc_hd__a2111o_2 cells:        2
ABC RESULTS:   sky130_fd_sc_hd__a31oi_2 cells:        3
ABC RESULTS:   sky130_fd_sc_hd__a211o_2 cells:        9
ABC RESULTS:   sky130_fd_sc_hd__nor3_2 cells:       11
ABC RESULTS:   sky130_fd_sc_hd__nor3b_2 cells:        1
ABC RESULTS:   sky130_fd_sc_hd__nand4_2 cells:       10
ABC RESULTS:   sky130_fd_sc_hd__a221oi_2 cells:        2
ABC RESULTS:   sky130_fd_sc_hd__nand3_2 cells:       33
ABC RESULTS:   sky130_fd_sc_hd__a22oi_2 cells:       50
ABC RESULTS:   sky130_fd_sc_hd__a31o_2 cells:       59
ABC RESULTS:   sky130_fd_sc_hd__o31a_2 cells:        3
ABC RESULTS:   sky130_fd_sc_hd__and4_2 cells:       64
ABC RESULTS:   sky130_fd_sc_hd__a311o_4 cells:        1
ABC RESULTS:   sky130_fd_sc_hd__a21bo_2 cells:       16
ABC RESULTS:   sky130_fd_sc_hd__and3_2 cells:       63
ABC RESULTS:   sky130_fd_sc_hd__a22o_2 cells:       36
ABC RESULTS:   sky130_fd_sc_hd__a311o_2 cells:        3
ABC RESULTS:   sky130_fd_sc_hd__o2111ai_2 cells:        1
ABC RESULTS:   sky130_fd_sc_hd__nor2_2 cells:      145
ABC RESULTS:   sky130_fd_sc_hd__a211oi_2 cells:        2
ABC RESULTS:   sky130_fd_sc_hd__or2_4 cells:        3
ABC RESULTS:   sky130_fd_sc_hd__or3_4 cells:        1
ABC RESULTS:   sky130_fd_sc_hd__o221a_2 cells:        3
ABC RESULTS:   sky130_fd_sc_hd__o21ai_2 cells:       31
ABC RESULTS:   sky130_fd_sc_hd__a32o_2 cells:       21
ABC RESULTS:   sky130_fd_sc_hd__o21ba_2 cells:       18
ABC RESULTS:   sky130_fd_sc_hd__xor2_2 cells:      113
ABC RESULTS:   sky130_fd_sc_hd__nand2b_2 cells:        6
ABC RESULTS:   sky130_fd_sc_hd__or2b_2 cells:       41
ABC RESULTS:   sky130_fd_sc_hd__nand2_2 cells:      239
ABC RESULTS:   sky130_fd_sc_hd__inv_2 cells:       74
ABC RESULTS:   sky130_fd_sc_hd__o31ai_2 cells:        5
ABC RESULTS:   sky130_fd_sc_hd__or4_2 cells:        1
ABC RESULTS:   sky130_fd_sc_hd__a21o_2 cells:       73
ABC RESULTS:   sky130_fd_sc_hd__o211a_2 cells:       47
ABC RESULTS:   sky130_fd_sc_hd__xnor2_2 cells:      251
ABC RESULTS:   sky130_fd_sc_hd__and3_4 cells:        2
ABC RESULTS:   sky130_fd_sc_hd__or2_2 cells:      156
ABC RESULTS:   sky130_fd_sc_hd__o311a_4 cells:        1
ABC RESULTS:   sky130_fd_sc_hd__and2b_2 cells:       53
ABC RESULTS:   sky130_fd_sc_hd__a21oi_2 cells:       98
ABC RESULTS:   sky130_fd_sc_hd__o21a_2 cells:       62
ABC RESULTS:   sky130_fd_sc_hd__mux2_2 cells:       60
ABC RESULTS:   sky130_fd_sc_hd__and2_2 cells:      132
ABC RESULTS:   sky130_fd_sc_hd__buf_1 cells:      155
ABC RESULTS:        internal signals:     2390
ABC RESULTS:           input signals:      210
ABC RESULTS:          output signals:      183
Removing temp directory.

63. Executing SETUNDEF pass (replace undef values with defined constants).

64. Executing HILOMAP pass (mapping to constant drivers).

65. Executing SPLITNETS pass (splitting up multi-bit signals).

66. Executing OPT_CLEAN pass (remove unused cells and wires).
Finding unused cells or wires in module \top..
Removed 4 unused cells and 2961 unused wires.
<suppressed ~38 debug messages>

67. Executing INSBUF pass (insert buffer cells for connected wires).

68. Executing CHECK pass (checking for obvious problems).
Checking module top...
Found and reported 0 problems.

69. Printing statistics.

=== top ===

   Number of wires:               2475
   Number of wire bits:           2529
   Number of public wires:         158
   Number of public wire bits:     212
   Number of memories:               0
   Number of memory bits:            0
   Number of processes:              0
   Number of cells:               2500
     sky130_fd_sc_hd__a2111o_2       2
     sky130_fd_sc_hd__a211o_2        9
     sky130_fd_sc_hd__a211oi_2       2
     sky130_fd_sc_hd__a21bo_2       16
     sky130_fd_sc_hd__a21boi_2      10
     sky130_fd_sc_hd__a21o_2        73
     sky130_fd_sc_hd__a21oi_2       98
     sky130_fd_sc_hd__a221o_2        2
     sky130_fd_sc_hd__a221oi_2       2
     sky130_fd_sc_hd__a22o_2        36
     sky130_fd_sc_hd__a22oi_2       50
     sky130_fd_sc_hd__a2bb2o_2      14
     sky130_fd_sc_hd__a311o_2        3
     sky130_fd_sc_hd__a311o_4        1
     sky130_fd_sc_hd__a31o_2        59
     sky130_fd_sc_hd__a31oi_2        3
     sky130_fd_sc_hd__a32o_2        21
     sky130_fd_sc_hd__a41o_2         1
     sky130_fd_sc_hd__and2_2       132
     sky130_fd_sc_hd__and2b_2       53
     sky130_fd_sc_hd__and2b_4        3
     sky130_fd_sc_hd__and3_2        63
     sky130_fd_sc_hd__and3_4         2
     sky130_fd_sc_hd__and3b_2        6
     sky130_fd_sc_hd__and4_2        64
     sky130_fd_sc_hd__and4b_2        2
     sky130_fd_sc_hd__and4bb_2       2
     sky130_fd_sc_hd__buf_1        155
     sky130_fd_sc_hd__buf_2         32
     sky130_fd_sc_hd__buf_4          2
     sky130_fd_sc_hd__buf_6          1
     sky130_fd_sc_hd__dfxtp_2      182
     sky130_fd_sc_hd__inv_2         74
     sky130_fd_sc_hd__mux2_2        60
     sky130_fd_sc_hd__nand2_2      239
     sky130_fd_sc_hd__nand2b_2       6
     sky130_fd_sc_hd__nand3_2       33
     sky130_fd_sc_hd__nand3b_2       4
     sky130_fd_sc_hd__nand4_2       10
     sky130_fd_sc_hd__nor2_2       145
     sky130_fd_sc_hd__nor2b_2       14
     sky130_fd_sc_hd__nor3_2        11
     sky130_fd_sc_hd__nor3b_2        1
     sky130_fd_sc_hd__nor4_2         2
     sky130_fd_sc_hd__nor4b_2        1
     sky130_fd_sc_hd__nor4bb_2       1
     sky130_fd_sc_hd__o2111ai_2      1
     sky130_fd_sc_hd__o211a_2       47
     sky130_fd_sc_hd__o211ai_2       2
     sky130_fd_sc_hd__o21a_2        62
     sky130_fd_sc_hd__o21ai_2       31
     sky130_fd_sc_hd__o21ba_2       18
     sky130_fd_sc_hd__o21bai_2       2
     sky130_fd_sc_hd__o221a_2        3
     sky130_fd_sc_hd__o22a_2         2
     sky130_fd_sc_hd__o2bb2a_2      32
     sky130_fd_sc_hd__o311a_2        3
     sky130_fd_sc_hd__o311a_4        1
     sky130_fd_sc_hd__o31a_2         3
     sky130_fd_sc_hd__o31ai_2        5
     sky130_fd_sc_hd__o41a_2         2
     sky130_fd_sc_hd__or2_2        156
     sky130_fd_sc_hd__or2_4          3
     sky130_fd_sc_hd__or2b_2        41
     sky130_fd_sc_hd__or3_2         15
     sky130_fd_sc_hd__or3_4          1
     sky130_fd_sc_hd__or3b_2         2
     sky130_fd_sc_hd__or4_2          1
     sky130_fd_sc_hd__or4b_2         1
     sky130_fd_sc_hd__xnor2_2      251
     sky130_fd_sc_hd__xor2_2       113

   Chip area for module '\top': 25097.820800

70. Executing Verilog backend.
Dumping module `\top'.

71. Executing JSON backend.

End of script. Logfile hash: bfdff43b68, CPU: user 0.95s system 0.19s, MEM: 42.50 MB peak
Yosys 0.38 (git sha1 543faed9c8c, clang++ 17.0.6 -fPIC -Os)
Time spent: 73% 2x abc (2 sec), 4% 2x read_liberty (0 sec), ...
